2024-11-29 06:55:55.670 +01:00 [INF] User profile is available. Using '/Users/yasminali/.aspnet/DataProtection-Keys' as key repository; keys will not be encrypted at rest.
2024-11-29 06:55:56.687 +01:00 [INF] Now listening on: https://localhost:7162
2024-11-29 06:55:56.734 +01:00 [INF] Now listening on: http://localhost:5000
2024-11-29 06:55:56.770 +01:00 [INF] Application started. Press Ctrl+C to shut down.
2024-11-29 06:55:56.813 +01:00 [INF] Hosting environment: Development
2024-11-29 06:55:56.819 +01:00 [INF] Content root path: /Users/yasminali/Downloads/photogram 6
2024-11-29 06:55:57.282 +01:00 [INF] Request starting HTTP/2 GET https://localhost:7162/ - null null
2024-11-29 06:55:57.364 +01:00 [INF] Executing endpoint 'photogram.Controllers.HomeController.Index (photogram)'
2024-11-29 06:55:57.395 +01:00 [INF] Route matched with {action = "Index", controller = "Home"}. Executing controller action with signature Microsoft.AspNetCore.Mvc.IActionResult Index() on controller photogram.Controllers.HomeController (photogram).
2024-11-29 06:55:57.422 +01:00 [INF] Executing ViewResult, running view Index.
2024-11-29 06:55:57.536 +01:00 [INF] Accessing expired session, Key:b89e8c98-6b40-71d0-2685-55dde9c16b1c
2024-11-29 06:55:57.564 +01:00 [INF] Executed ViewResult - view Index executed in 135.9184ms.
2024-11-29 06:55:57.571 +01:00 [INF] Executed action photogram.Controllers.HomeController.Index (photogram) in 174.6083ms
2024-11-29 06:55:57.571 +01:00 [INF] Executed endpoint 'photogram.Controllers.HomeController.Index (photogram)'
2024-11-29 06:55:57.640 +01:00 [INF] Request finished HTTP/2 GET https://localhost:7162/ - 200 null text/html; charset=utf-8 362.8517ms
2024-11-29 06:56:41.538 +01:00 [INF] Request starting HTTP/2 GET https://localhost:7162/User/Login - null null
2024-11-29 06:56:41.583 +01:00 [INF] Executing endpoint 'photogram.Controllers.UserController.Login (photogram)'
2024-11-29 06:56:41.589 +01:00 [INF] Route matched with {action = "Login", controller = "User"}. Executing controller action with signature Microsoft.AspNetCore.Mvc.IActionResult Login() on controller photogram.Controllers.UserController (photogram).
2024-11-29 06:56:41.651 +01:00 [INF] Executing ViewResult, running view Login.
2024-11-29 06:56:41.715 +01:00 [INF] Accessing expired session, Key:b89e8c98-6b40-71d0-2685-55dde9c16b1c
2024-11-29 06:56:41.731 +01:00 [INF] Executed ViewResult - view Login executed in 81.2419ms.
2024-11-29 06:56:41.731 +01:00 [INF] Executed action photogram.Controllers.UserController.Login (photogram) in 141.2742ms
2024-11-29 06:56:41.731 +01:00 [INF] Executed endpoint 'photogram.Controllers.UserController.Login (photogram)'
2024-11-29 06:56:41.745 +01:00 [INF] Request finished HTTP/2 GET https://localhost:7162/User/Login - 200 null text/html; charset=utf-8 206.6407ms
2024-11-29 06:56:43.756 +01:00 [INF] Request starting HTTP/2 POST https://localhost:7162/User/Login - application/x-www-form-urlencoded 221
2024-11-29 06:56:43.762 +01:00 [INF] Executing endpoint 'photogram.Controllers.UserController.Login (photogram)'
2024-11-29 06:56:43.776 +01:00 [INF] Route matched with {action = "Login", controller = "User"}. Executing controller action with signature Microsoft.AspNetCore.Mvc.IActionResult Login(photogram.ViewModels.LoginViewModel) on controller photogram.Controllers.UserController (photogram).
2024-11-29 06:56:43.947 +01:00 [INF] Attempting to login
2024-11-29 06:56:44.396 +01:00 [INF] Accessing expired session, Key:b89e8c98-6b40-71d0-2685-55dde9c16b1c
2024-11-29 06:56:44.398 +01:00 [INF] Executing RedirectResult, redirecting to /.
2024-11-29 06:56:44.398 +01:00 [INF] Executed action photogram.Controllers.UserController.Login (photogram) in 621.7521ms
2024-11-29 06:56:44.398 +01:00 [INF] Executed endpoint 'photogram.Controllers.UserController.Login (photogram)'
2024-11-29 06:56:44.406 +01:00 [INF] Session started; Key:b89e8c98-6b40-71d0-2685-55dde9c16b1c, Id:9d68ecf0-d087-b70e-39a1-0145804f1786
2024-11-29 06:56:44.421 +01:00 [INF] Request starting HTTP/2 GET https://localhost:7162/ - null null
2024-11-29 06:56:44.422 +01:00 [INF] Executing endpoint 'photogram.Controllers.HomeController.Index (photogram)'
2024-11-29 06:56:44.423 +01:00 [INF] Route matched with {action = "Index", controller = "Home"}. Executing controller action with signature Microsoft.AspNetCore.Mvc.IActionResult Index() on controller photogram.Controllers.HomeController (photogram).
2024-11-29 06:56:44.425 +01:00 [INF] Executing ViewResult, running view Index.
2024-11-29 06:56:44.427 +01:00 [INF] Request finished HTTP/2 POST https://localhost:7162/User/Login - 302 0 null 670.8046ms
2024-11-29 06:56:44.483 +01:00 [INF] Executed ViewResult - view Index executed in 58.9917ms.
2024-11-29 06:56:44.505 +01:00 [INF] Executed action photogram.Controllers.HomeController.Index (photogram) in 82.0089ms
2024-11-29 06:56:44.515 +01:00 [INF] Executed endpoint 'photogram.Controllers.HomeController.Index (photogram)'
2024-11-29 06:56:44.526 +01:00 [INF] Request finished HTTP/2 GET https://localhost:7162/ - 200 null text/html; charset=utf-8 104.6216ms
2024-11-29 06:56:45.744 +01:00 [INF] Request starting HTTP/2 GET https://localhost:7162/Home/Feed - null null
2024-11-29 06:56:45.746 +01:00 [INF] Executing endpoint 'photogram.Controllers.HomeController.Feed (photogram)'
2024-11-29 06:56:45.749 +01:00 [INF] Route matched with {action = "Feed", controller = "Home"}. Executing controller action with signature Microsoft.AspNetCore.Mvc.IActionResult Feed() on controller photogram.Controllers.HomeController (photogram).
2024-11-29 06:56:45.751 +01:00 [INF] Executing RedirectResult, redirecting to /Post/Feed.
2024-11-29 06:56:45.751 +01:00 [INF] Executed action photogram.Controllers.HomeController.Feed (photogram) in 2.2921ms
2024-11-29 06:56:45.752 +01:00 [INF] Executed endpoint 'photogram.Controllers.HomeController.Feed (photogram)'
2024-11-29 06:56:45.752 +01:00 [INF] Request finished HTTP/2 GET https://localhost:7162/Home/Feed - 302 0 null 7.6974ms
2024-11-29 06:56:45.787 +01:00 [INF] Request starting HTTP/2 GET https://localhost:7162/Post/Feed - null null
2024-11-29 06:56:45.789 +01:00 [INF] Executing endpoint 'photogram.Controllers.PostController.Feed (photogram)'
2024-11-29 06:56:45.798 +01:00 [INF] Route matched with {action = "Feed", controller = "Post"}. Executing controller action with signature System.Threading.Tasks.Task`1[Microsoft.AspNetCore.Mvc.IActionResult] Feed(System.Nullable`1[System.Int32], System.Nullable`1[System.Int32]) on controller photogram.Controllers.PostController (photogram).
2024-11-29 06:56:45.946 +01:00 [INF] Executing ViewResult, running view Feed.
2024-11-29 06:56:46.968 +01:00 [INF] Executed action photogram.Controllers.PostController.Feed (photogram) in 1169.1649ms
2024-11-29 06:56:47.052 +01:00 [INF] Executed endpoint 'photogram.Controllers.PostController.Feed (photogram)'
2024-11-29 06:56:47.282 +01:00 [ERR] An unhandled exception has occurred while executing the request.
System.InvalidOperationException: Section 'Scripts' is already defined.
   at Microsoft.AspNetCore.Mvc.Razor.RazorPage.DefineSection(String name, RenderAsyncDelegate section)
   at AspNetCoreGeneratedDocument.Views_Post_Feed.ExecuteAsync() in /Users/yasminali/Downloads/photogram 6/Views/Post/Feed.cshtml:line 51
   at Microsoft.AspNetCore.Mvc.Razor.RazorView.RenderPageCoreAsync(IRazorPage page, ViewContext context)
   at Microsoft.AspNetCore.Mvc.Razor.RazorView.RenderPageAsync(IRazorPage page, ViewContext context, Boolean invokeViewStarts)
   at Microsoft.AspNetCore.Mvc.Razor.RazorView.RenderAsync(ViewContext context)
   at Microsoft.AspNetCore.Mvc.ViewFeatures.ViewExecutor.ExecuteAsync(ViewContext viewContext, String contentType, Nullable`1 statusCode)
   at Microsoft.AspNetCore.Mvc.ViewFeatures.ViewExecutor.ExecuteAsync(ViewContext viewContext, String contentType, Nullable`1 statusCode)
   at Microsoft.AspNetCore.Mvc.ViewFeatures.ViewExecutor.ExecuteAsync(ActionContext actionContext, IView view, ViewDataDictionary viewData, ITempDataDictionary tempData, String contentType, Nullable`1 statusCode)
   at Microsoft.AspNetCore.Mvc.ViewFeatures.ViewResultExecutor.ExecuteAsync(ActionContext context, ViewResult result)
   at Microsoft.AspNetCore.Mvc.ViewResult.ExecuteResultAsync(ActionContext context)
   at Microsoft.AspNetCore.Mvc.Infrastructure.ResourceInvoker.<InvokeNextResultFilterAsync>g__Awaited|30_0[TFilter,TFilterAsync](ResourceInvoker invoker, Task lastTask, State next, Scope scope, Object state, Boolean isCompleted)
   at Microsoft.AspNetCore.Mvc.Infrastructure.ResourceInvoker.Rethrow(ResultExecutedContextSealed context)
   at Microsoft.AspNetCore.Mvc.Infrastructure.ResourceInvoker.ResultNext[TFilter,TFilterAsync](State& next, Scope& scope, Object& state, Boolean& isCompleted)
   at Microsoft.AspNetCore.Mvc.Infrastructure.ResourceInvoker.InvokeResultFilters()
--- End of stack trace from previous location ---
   at Microsoft.AspNetCore.Mvc.Infrastructure.ResourceInvoker.<InvokeNextResourceFilter>g__Awaited|25_0(ResourceInvoker invoker, Task lastTask, State next, Scope scope, Object state, Boolean isCompleted)
   at Microsoft.AspNetCore.Mvc.Infrastructure.ResourceInvoker.Rethrow(ResourceExecutedContextSealed context)
   at Microsoft.AspNetCore.Mvc.Infrastructure.ResourceInvoker.Next(State& next, Scope& scope, Object& state, Boolean& isCompleted)
   at Microsoft.AspNetCore.Mvc.Infrastructure.ResourceInvoker.InvokeFilterPipelineAsync()
--- End of stack trace from previous location ---
   at Microsoft.AspNetCore.Mvc.Infrastructure.ResourceInvoker.<InvokeAsync>g__Logged|17_1(ResourceInvoker invoker)
   at Microsoft.AspNetCore.Mvc.Infrastructure.ResourceInvoker.<InvokeAsync>g__Logged|17_1(ResourceInvoker invoker)
   at Microsoft.AspNetCore.Routing.EndpointMiddleware.<Invoke>g__AwaitRequestTask|7_0(Endpoint endpoint, Task requestTask, ILogger logger)
   at Microsoft.AspNetCore.Authorization.AuthorizationMiddleware.Invoke(HttpContext context)
   at Microsoft.AspNetCore.Session.SessionMiddleware.Invoke(HttpContext context)
   at Microsoft.AspNetCore.Session.SessionMiddleware.Invoke(HttpContext context)
   at Microsoft.AspNetCore.Diagnostics.DeveloperExceptionPageMiddlewareImpl.Invoke(HttpContext context)
2024-11-29 06:56:47.356 +01:00 [INF] Request finished HTTP/2 GET https://localhost:7162/Post/Feed - 500 null text/html; charset=utf-8 1568.8138ms
