2024-11-29 07:44:12.709 +01:00 [INF] User profile is available. Using '/Users/yasminali/.aspnet/DataProtection-Keys' as key repository; keys will not be encrypted at rest.
2024-11-29 07:44:14.032 +01:00 [INF] Now listening on: https://localhost:7162
2024-11-29 07:44:14.039 +01:00 [INF] Now listening on: http://localhost:5000
2024-11-29 07:44:14.103 +01:00 [INF] Application started. Press Ctrl+C to shut down.
2024-11-29 07:44:14.125 +01:00 [INF] Hosting environment: Development
2024-11-29 07:44:14.183 +01:00 [INF] Content root path: /Users/yasminali/Downloads/photogram 6
2024-11-29 07:44:14.973 +01:00 [INF] Request starting HTTP/2 GET https://localhost:7162/ - null null
2024-11-29 07:44:15.087 +01:00 [INF] Executing endpoint 'photogram.Controllers.HomeController.Index (photogram)'
2024-11-29 07:44:15.135 +01:00 [INF] Route matched with {action = "Index", controller = "Home"}. Executing controller action with signature Microsoft.AspNetCore.Mvc.IActionResult Index() on controller photogram.Controllers.HomeController (photogram).
2024-11-29 07:44:15.175 +01:00 [INF] Executing ViewResult, running view Index.
2024-11-29 07:44:15.276 +01:00 [INF] Accessing expired session, Key:b89e8c98-6b40-71d0-2685-55dde9c16b1c
2024-11-29 07:44:15.308 +01:00 [INF] Executed ViewResult - view Index executed in 134.4902ms.
2024-11-29 07:44:15.313 +01:00 [INF] Executed action photogram.Controllers.HomeController.Index (photogram) in 176.6941ms
2024-11-29 07:44:15.313 +01:00 [INF] Executed endpoint 'photogram.Controllers.HomeController.Index (photogram)'
2024-11-29 07:44:15.416 +01:00 [INF] Request finished HTTP/2 GET https://localhost:7162/ - 200 null text/html; charset=utf-8 449.3811ms
2024-11-29 07:44:16.658 +01:00 [INF] Request starting HTTP/2 GET https://localhost:7162/User/Login - null null
2024-11-29 07:44:16.720 +01:00 [INF] Executing endpoint 'photogram.Controllers.UserController.Login (photogram)'
2024-11-29 07:44:16.726 +01:00 [INF] Route matched with {action = "Login", controller = "User"}. Executing controller action with signature Microsoft.AspNetCore.Mvc.IActionResult Login() on controller photogram.Controllers.UserController (photogram).
2024-11-29 07:44:16.859 +01:00 [INF] Executing ViewResult, running view Login.
2024-11-29 07:44:16.951 +01:00 [INF] Accessing expired session, Key:b89e8c98-6b40-71d0-2685-55dde9c16b1c
2024-11-29 07:44:16.968 +01:00 [INF] Executed ViewResult - view Login executed in 110.7518ms.
2024-11-29 07:44:16.969 +01:00 [INF] Executed action photogram.Controllers.UserController.Login (photogram) in 242.5713ms
2024-11-29 07:44:16.969 +01:00 [INF] Executed endpoint 'photogram.Controllers.UserController.Login (photogram)'
2024-11-29 07:44:16.986 +01:00 [INF] Request finished HTTP/2 GET https://localhost:7162/User/Login - 200 null text/html; charset=utf-8 326.3847ms
2024-11-29 07:44:19.227 +01:00 [INF] Request starting HTTP/2 POST https://localhost:7162/User/Login - application/x-www-form-urlencoded 221
2024-11-29 07:44:19.235 +01:00 [INF] Executing endpoint 'photogram.Controllers.UserController.Login (photogram)'
2024-11-29 07:44:19.260 +01:00 [INF] Route matched with {action = "Login", controller = "User"}. Executing controller action with signature Microsoft.AspNetCore.Mvc.IActionResult Login(photogram.ViewModels.LoginViewModel) on controller photogram.Controllers.UserController (photogram).
2024-11-29 07:44:19.518 +01:00 [INF] Attempting to login
2024-11-29 07:44:20.011 +01:00 [INF] Accessing expired session, Key:b89e8c98-6b40-71d0-2685-55dde9c16b1c
2024-11-29 07:44:20.012 +01:00 [INF] Executing RedirectResult, redirecting to /.
2024-11-29 07:44:20.013 +01:00 [INF] Executed action photogram.Controllers.UserController.Login (photogram) in 752.4021ms
2024-11-29 07:44:20.013 +01:00 [INF] Executed endpoint 'photogram.Controllers.UserController.Login (photogram)'
2024-11-29 07:44:20.023 +01:00 [INF] Session started; Key:b89e8c98-6b40-71d0-2685-55dde9c16b1c, Id:1b73660f-dd3a-8f94-dc6d-7e7ae89e07b2
2024-11-29 07:44:20.066 +01:00 [INF] Request starting HTTP/2 GET https://localhost:7162/ - null null
2024-11-29 07:44:20.068 +01:00 [INF] Executing endpoint 'photogram.Controllers.HomeController.Index (photogram)'
2024-11-29 07:44:20.069 +01:00 [INF] Route matched with {action = "Index", controller = "Home"}. Executing controller action with signature Microsoft.AspNetCore.Mvc.IActionResult Index() on controller photogram.Controllers.HomeController (photogram).
2024-11-29 07:44:20.072 +01:00 [INF] Executing ViewResult, running view Index.
2024-11-29 07:44:20.077 +01:00 [INF] Request finished HTTP/2 POST https://localhost:7162/User/Login - 302 0 null 849.8411ms
2024-11-29 07:44:20.129 +01:00 [INF] Executed ViewResult - view Index executed in 57.557ms.
2024-11-29 07:44:20.159 +01:00 [INF] Executed action photogram.Controllers.HomeController.Index (photogram) in 90.2625ms
2024-11-29 07:44:20.165 +01:00 [INF] Executed endpoint 'photogram.Controllers.HomeController.Index (photogram)'
2024-11-29 07:44:20.180 +01:00 [INF] Request finished HTTP/2 GET https://localhost:7162/ - 200 null text/html; charset=utf-8 114.4309ms
2024-11-29 07:44:21.553 +01:00 [INF] Request starting HTTP/2 GET https://localhost:7162/Home/Feed - null null
2024-11-29 07:44:21.554 +01:00 [INF] Executing endpoint 'photogram.Controllers.HomeController.Feed (photogram)'
2024-11-29 07:44:21.558 +01:00 [INF] Route matched with {action = "Feed", controller = "Home"}. Executing controller action with signature Microsoft.AspNetCore.Mvc.IActionResult Feed() on controller photogram.Controllers.HomeController (photogram).
2024-11-29 07:44:21.560 +01:00 [INF] Executing RedirectResult, redirecting to /Post/Feed.
2024-11-29 07:44:21.560 +01:00 [INF] Executed action photogram.Controllers.HomeController.Feed (photogram) in 2.3013ms
2024-11-29 07:44:21.560 +01:00 [INF] Executed endpoint 'photogram.Controllers.HomeController.Feed (photogram)'
2024-11-29 07:44:21.561 +01:00 [INF] Request finished HTTP/2 GET https://localhost:7162/Home/Feed - 302 0 null 7.6866ms
2024-11-29 07:44:21.574 +01:00 [INF] Request starting HTTP/2 GET https://localhost:7162/Post/Feed - null null
2024-11-29 07:44:21.576 +01:00 [INF] Executing endpoint 'photogram.Controllers.PostController.Feed (photogram)'
2024-11-29 07:44:21.588 +01:00 [INF] Route matched with {action = "Feed", controller = "Post"}. Executing controller action with signature System.Threading.Tasks.Task`1[Microsoft.AspNetCore.Mvc.IActionResult] Feed(System.Nullable`1[System.Int32], System.Nullable`1[System.Int32]) on controller photogram.Controllers.PostController (photogram).
2024-11-29 07:44:21.762 +01:00 [INF] Executing ViewResult, running view Feed.
2024-11-29 07:44:21.968 +01:00 [INF] Executed ViewResult - view Feed executed in 206.6752ms.
2024-11-29 07:44:21.971 +01:00 [INF] Executed action photogram.Controllers.PostController.Feed (photogram) in 382.2756ms
2024-11-29 07:44:21.971 +01:00 [INF] Executed endpoint 'photogram.Controllers.PostController.Feed (photogram)'
2024-11-29 07:44:21.978 +01:00 [INF] Request finished HTTP/2 GET https://localhost:7162/Post/Feed - 200 null text/html; charset=utf-8 402.5871ms
2024-11-29 07:44:49.092 +01:00 [INF] Request starting HTTP/2 POST https://localhost:7162/Comments/AddComment - application/x-www-form-urlencoded 205
2024-11-29 07:44:49.095 +01:00 [INF] Executing endpoint 'photogram.Controllers.CommentsController.AddComment (photogram)'
2024-11-29 07:44:49.103 +01:00 [INF] Route matched with {action = "AddComment", controller = "Comments"}. Executing controller action with signature System.Threading.Tasks.Task`1[Microsoft.AspNetCore.Mvc.IActionResult] AddComment(Int32, System.String) on controller photogram.Controllers.CommentsController (photogram).
2024-11-29 07:44:49.377 +01:00 [INF] Comment added successfully for PostId 6 by User hei@gmail.com.
2024-11-29 07:44:49.378 +01:00 [INF] Executing RedirectResult, redirecting to /Post/Feed.
2024-11-29 07:44:49.378 +01:00 [INF] Executed action photogram.Controllers.CommentsController.AddComment (photogram) in 275.0091ms
2024-11-29 07:44:49.378 +01:00 [INF] Executed endpoint 'photogram.Controllers.CommentsController.AddComment (photogram)'
2024-11-29 07:44:49.379 +01:00 [INF] Request finished HTTP/2 POST https://localhost:7162/Comments/AddComment - 302 0 null 296.8607ms
2024-11-29 07:44:49.397 +01:00 [INF] Request starting HTTP/2 GET https://localhost:7162/Post/Feed - null null
2024-11-29 07:44:49.400 +01:00 [INF] Executing endpoint 'photogram.Controllers.PostController.Feed (photogram)'
2024-11-29 07:44:49.401 +01:00 [INF] Route matched with {action = "Feed", controller = "Post"}. Executing controller action with signature System.Threading.Tasks.Task`1[Microsoft.AspNetCore.Mvc.IActionResult] Feed(System.Nullable`1[System.Int32], System.Nullable`1[System.Int32]) on controller photogram.Controllers.PostController (photogram).
2024-11-29 07:44:49.411 +01:00 [INF] Executing ViewResult, running view Feed.
2024-11-29 07:44:49.469 +01:00 [INF] Executed ViewResult - view Feed executed in 57.9254ms.
2024-11-29 07:44:49.512 +01:00 [INF] Executed action photogram.Controllers.PostController.Feed (photogram) in 111.3746ms
2024-11-29 07:44:49.512 +01:00 [INF] Executed endpoint 'photogram.Controllers.PostController.Feed (photogram)'
2024-11-29 07:44:49.515 +01:00 [INF] Request finished HTTP/2 GET https://localhost:7162/Post/Feed - 200 null text/html; charset=utf-8 116.2712ms
2024-11-29 07:45:36.770 +01:00 [INF] Request starting HTTP/2 POST https://localhost:7162/Comments/AddComment - application/x-www-form-urlencoded 209
2024-11-29 07:45:36.781 +01:00 [INF] Executing endpoint 'photogram.Controllers.CommentsController.AddComment (photogram)'
2024-11-29 07:45:36.788 +01:00 [INF] Route matched with {action = "AddComment", controller = "Comments"}. Executing controller action with signature System.Threading.Tasks.Task`1[Microsoft.AspNetCore.Mvc.IActionResult] AddComment(Int32, System.String) on controller photogram.Controllers.CommentsController (photogram).
2024-11-29 07:45:36.817 +01:00 [INF] Comment added successfully for PostId 8 by User hei@gmail.com.
2024-11-29 07:45:36.818 +01:00 [INF] Executing RedirectResult, redirecting to /Post/Feed.
2024-11-29 07:45:36.818 +01:00 [INF] Executed action photogram.Controllers.CommentsController.AddComment (photogram) in 29.8564ms
2024-11-29 07:45:36.818 +01:00 [INF] Executed endpoint 'photogram.Controllers.CommentsController.AddComment (photogram)'
2024-11-29 07:45:36.819 +01:00 [INF] Request finished HTTP/2 POST https://localhost:7162/Comments/AddComment - 302 0 null 48.9802ms
2024-11-29 07:45:36.830 +01:00 [INF] Request starting HTTP/2 GET https://localhost:7162/Post/Feed - null null
2024-11-29 07:45:36.830 +01:00 [INF] Executing endpoint 'photogram.Controllers.PostController.Feed (photogram)'
2024-11-29 07:45:36.830 +01:00 [INF] Route matched with {action = "Feed", controller = "Post"}. Executing controller action with signature System.Threading.Tasks.Task`1[Microsoft.AspNetCore.Mvc.IActionResult] Feed(System.Nullable`1[System.Int32], System.Nullable`1[System.Int32]) on controller photogram.Controllers.PostController (photogram).
2024-11-29 07:45:36.841 +01:00 [INF] Executing ViewResult, running view Feed.
2024-11-29 07:45:36.913 +01:00 [INF] Executed ViewResult - view Feed executed in 72.1367ms.
2024-11-29 07:45:36.953 +01:00 [INF] Executed action photogram.Controllers.PostController.Feed (photogram) in 122.3198ms
2024-11-29 07:45:36.953 +01:00 [INF] Executed endpoint 'photogram.Controllers.PostController.Feed (photogram)'
2024-11-29 07:45:36.953 +01:00 [INF] Request finished HTTP/2 GET https://localhost:7162/Post/Feed - 200 null text/html; charset=utf-8 124.0423ms
2024-11-29 07:46:59.620 +01:00 [INF] Request starting HTTP/2 POST https://localhost:7162/Comments/EditComment - application/x-www-form-urlencoded 187
2024-11-29 07:46:59.621 +01:00 [INF] Executing endpoint 'photogram.Controllers.CommentsController.EditComment (photogram)'
2024-11-29 07:46:59.628 +01:00 [INF] Route matched with {action = "EditComment", controller = "Comments"}. Executing controller action with signature System.Threading.Tasks.Task`1[Microsoft.AspNetCore.Mvc.IActionResult] EditComment(Int32, System.String) on controller photogram.Controllers.CommentsController (photogram).
2024-11-29 07:47:00.014 +01:00 [ERR] Failed executing DbCommand (338ms) [Parameters=[@p4='?' (DbType = Int32), @p0='?', @p1='?' (DbType = DateTime), @p2='?' (DbType = Int32), @p3='?' (Size = 13)], CommandType='"Text"', CommandTimeout='30']
UPDATE "Comments" SET "Content" = @p0, "CreatedAt" = @p1, "PostId" = @p2, "UserName" = @p3
WHERE "Id" = @p4
RETURNING 1;
2024-11-29 07:47:00.757 +01:00 [ERR] An exception occurred in the database while saving changes for context type 'photogram.DAL.PostDbContext'.
Microsoft.EntityFrameworkCore.DbUpdateException: An error occurred while saving the entity changes. See the inner exception for details.
 ---> Microsoft.Data.Sqlite.SqliteException (0x80004005): SQLite Error 19: 'NOT NULL constraint failed: Comments.Content'.
   at Microsoft.Data.Sqlite.SqliteException.ThrowExceptionForRC(Int32 rc, sqlite3 db)
   at Microsoft.Data.Sqlite.SqliteDataReader.NextResult()
   at Microsoft.Data.Sqlite.SqliteCommand.ExecuteReader(CommandBehavior behavior)
   at Microsoft.Data.Sqlite.SqliteCommand.ExecuteReaderAsync(CommandBehavior behavior, CancellationToken cancellationToken)
   at Microsoft.Data.Sqlite.SqliteCommand.ExecuteDbDataReaderAsync(CommandBehavior behavior, CancellationToken cancellationToken)
   at Microsoft.EntityFrameworkCore.Storage.RelationalCommand.ExecuteReaderAsync(RelationalCommandParameterObject parameterObject, CancellationToken cancellationToken)
   at Microsoft.EntityFrameworkCore.Storage.RelationalCommand.ExecuteReaderAsync(RelationalCommandParameterObject parameterObject, CancellationToken cancellationToken)
   at Microsoft.EntityFrameworkCore.Update.ReaderModificationCommandBatch.ExecuteAsync(IRelationalConnection connection, CancellationToken cancellationToken)
   --- End of inner exception stack trace ---
   at Microsoft.EntityFrameworkCore.Update.ReaderModificationCommandBatch.ExecuteAsync(IRelationalConnection connection, CancellationToken cancellationToken)
   at Microsoft.EntityFrameworkCore.Update.Internal.BatchExecutor.ExecuteAsync(IEnumerable`1 commandBatches, IRelationalConnection connection, CancellationToken cancellationToken)
   at Microsoft.EntityFrameworkCore.Update.Internal.BatchExecutor.ExecuteAsync(IEnumerable`1 commandBatches, IRelationalConnection connection, CancellationToken cancellationToken)
   at Microsoft.EntityFrameworkCore.Update.Internal.BatchExecutor.ExecuteAsync(IEnumerable`1 commandBatches, IRelationalConnection connection, CancellationToken cancellationToken)
   at Microsoft.EntityFrameworkCore.Storage.RelationalDatabase.SaveChangesAsync(IList`1 entries, CancellationToken cancellationToken)
   at Microsoft.EntityFrameworkCore.ChangeTracking.Internal.StateManager.SaveChangesAsync(IList`1 entriesToSave, CancellationToken cancellationToken)
   at Microsoft.EntityFrameworkCore.ChangeTracking.Internal.StateManager.SaveChangesAsync(StateManager stateManager, Boolean acceptAllChangesOnSuccess, CancellationToken cancellationToken)
   at Microsoft.EntityFrameworkCore.DbContext.SaveChangesAsync(Boolean acceptAllChangesOnSuccess, CancellationToken cancellationToken)
Microsoft.EntityFrameworkCore.DbUpdateException: An error occurred while saving the entity changes. See the inner exception for details.
 ---> Microsoft.Data.Sqlite.SqliteException (0x80004005): SQLite Error 19: 'NOT NULL constraint failed: Comments.Content'.
   at Microsoft.Data.Sqlite.SqliteException.ThrowExceptionForRC(Int32 rc, sqlite3 db)
   at Microsoft.Data.Sqlite.SqliteDataReader.NextResult()
   at Microsoft.Data.Sqlite.SqliteCommand.ExecuteReader(CommandBehavior behavior)
   at Microsoft.Data.Sqlite.SqliteCommand.ExecuteReaderAsync(CommandBehavior behavior, CancellationToken cancellationToken)
   at Microsoft.Data.Sqlite.SqliteCommand.ExecuteDbDataReaderAsync(CommandBehavior behavior, CancellationToken cancellationToken)
   at Microsoft.EntityFrameworkCore.Storage.RelationalCommand.ExecuteReaderAsync(RelationalCommandParameterObject parameterObject, CancellationToken cancellationToken)
   at Microsoft.EntityFrameworkCore.Storage.RelationalCommand.ExecuteReaderAsync(RelationalCommandParameterObject parameterObject, CancellationToken cancellationToken)
   at Microsoft.EntityFrameworkCore.Update.ReaderModificationCommandBatch.ExecuteAsync(IRelationalConnection connection, CancellationToken cancellationToken)
   --- End of inner exception stack trace ---
   at Microsoft.EntityFrameworkCore.Update.ReaderModificationCommandBatch.ExecuteAsync(IRelationalConnection connection, CancellationToken cancellationToken)
   at Microsoft.EntityFrameworkCore.Update.Internal.BatchExecutor.ExecuteAsync(IEnumerable`1 commandBatches, IRelationalConnection connection, CancellationToken cancellationToken)
   at Microsoft.EntityFrameworkCore.Update.Internal.BatchExecutor.ExecuteAsync(IEnumerable`1 commandBatches, IRelationalConnection connection, CancellationToken cancellationToken)
   at Microsoft.EntityFrameworkCore.Update.Internal.BatchExecutor.ExecuteAsync(IEnumerable`1 commandBatches, IRelationalConnection connection, CancellationToken cancellationToken)
   at Microsoft.EntityFrameworkCore.Storage.RelationalDatabase.SaveChangesAsync(IList`1 entries, CancellationToken cancellationToken)
   at Microsoft.EntityFrameworkCore.ChangeTracking.Internal.StateManager.SaveChangesAsync(IList`1 entriesToSave, CancellationToken cancellationToken)
   at Microsoft.EntityFrameworkCore.ChangeTracking.Internal.StateManager.SaveChangesAsync(StateManager stateManager, Boolean acceptAllChangesOnSuccess, CancellationToken cancellationToken)
   at Microsoft.EntityFrameworkCore.DbContext.SaveChangesAsync(Boolean acceptAllChangesOnSuccess, CancellationToken cancellationToken)
2024-11-29 07:47:00.917 +01:00 [ERR] [CommentRepository] UpdateComment failed for Comment {"Post":{"Comments":[{"Post":{"Comments":[{"Post":{"Comments":[{"Post":null,"LazyLoader":null,"Id":null,"Content":null,"UserName":null,"CreatedAt":null,"PostId":null,"$type":"CommentProxy"}],"LazyLoader":{"$type":"LazyLoader"},"Id":8,"Content":"klopp","UserName":"hei@gmail.com","ImagePath":null,"CreatedAt":"2024-11-29T05:43:03.0739490","$type":"PostProxy"},"LazyLoader":{"$type":"LazyLoader"},"Id":5,"Content":null,"UserName":"hei@gmail.com","CreatedAt":"2024-11-29T07:45:36.7914590","PostId":8,"$type":"CommentProxy"}],"LazyLoader":{"$type":"LazyLoader"},"Id":8,"Content":"klopp","UserName":"hei@gmail.com","ImagePath":null,"CreatedAt":"2024-11-29T05:43:03.0739490","$type":"PostProxy"},"LazyLoader":{"$type":"LazyLoader"},"Id":5,"Content":null,"UserName":"hei@gmail.com","CreatedAt":"2024-11-29T07:45:36.7914590","PostId":8,"$type":"CommentProxy"}],"LazyLoader":{"$type":"LazyLoader"},"Id":8,"Content":"klopp","UserName":"hei@gmail.com","ImagePath":null,"CreatedAt":"2024-11-29T05:43:03.0739490","$type":"PostProxy"},"LazyLoader":{"$type":"LazyLoader"},"Id":5,"Content":null,"UserName":"hei@gmail.com","CreatedAt":"2024-11-29T07:45:36.7914590","PostId":8,"$type":"CommentProxy"}: An error occurred while saving the entity changes. See the inner exception for details.
2024-11-29 07:47:00.923 +01:00 [ERR] Failed to update comment with Id 5.
2024-11-29 07:47:00.942 +01:00 [INF] Executing ObjectResult, writing value of type 'System.String'.
2024-11-29 07:47:00.945 +01:00 [INF] Executed action photogram.Controllers.CommentsController.EditComment (photogram) in 1316.1366ms
2024-11-29 07:47:00.945 +01:00 [INF] Executed endpoint 'photogram.Controllers.CommentsController.EditComment (photogram)'
2024-11-29 07:47:01.019 +01:00 [INF] Request finished HTTP/2 POST https://localhost:7162/Comments/EditComment - 500 null text/plain; charset=utf-8 1399.0737ms
2024-11-29 07:47:02.128 +01:00 [INF] Request starting HTTP/2 GET https://localhost:7162/Post/Feed - null null
2024-11-29 07:47:02.129 +01:00 [INF] Executing endpoint 'photogram.Controllers.PostController.Feed (photogram)'
2024-11-29 07:47:02.129 +01:00 [INF] Route matched with {action = "Feed", controller = "Post"}. Executing controller action with signature System.Threading.Tasks.Task`1[Microsoft.AspNetCore.Mvc.IActionResult] Feed(System.Nullable`1[System.Int32], System.Nullable`1[System.Int32]) on controller photogram.Controllers.PostController (photogram).
2024-11-29 07:47:02.148 +01:00 [INF] Executing ViewResult, running view Feed.
2024-11-29 07:47:02.279 +01:00 [INF] Executed ViewResult - view Feed executed in 108.7328ms.
2024-11-29 07:47:02.279 +01:00 [INF] Executed action photogram.Controllers.PostController.Feed (photogram) in 149.6732ms
2024-11-29 07:47:02.281 +01:00 [INF] Executed endpoint 'photogram.Controllers.PostController.Feed (photogram)'
2024-11-29 07:47:02.297 +01:00 [INF] Request finished HTTP/2 GET https://localhost:7162/Post/Feed - 200 null text/html; charset=utf-8 168.4083ms
2024-11-29 07:47:34.324 +01:00 [INF] Request starting HTTP/2 POST https://localhost:7162/Comments/DeleteComment - application/x-www-form-urlencoded 187
2024-11-29 07:47:34.324 +01:00 [INF] Executing endpoint 'photogram.Controllers.CommentsController.DeleteComment (photogram)'
2024-11-29 07:47:34.331 +01:00 [INF] Route matched with {action = "DeleteComment", controller = "Comments"}. Executing controller action with signature System.Threading.Tasks.Task`1[Microsoft.AspNetCore.Mvc.IActionResult] DeleteComment(Int32) on controller photogram.Controllers.CommentsController (photogram).
2024-11-29 07:47:34.391 +01:00 [INF] Comment with Id 5 deleted successfully.
2024-11-29 07:47:34.392 +01:00 [INF] Executing RedirectResult, redirecting to /Post/Feed.
2024-11-29 07:47:34.392 +01:00 [INF] Executed action photogram.Controllers.CommentsController.DeleteComment (photogram) in 61.0088ms
2024-11-29 07:47:34.392 +01:00 [INF] Executed endpoint 'photogram.Controllers.CommentsController.DeleteComment (photogram)'
2024-11-29 07:47:34.392 +01:00 [INF] Request finished HTTP/2 POST https://localhost:7162/Comments/DeleteComment - 302 0 null 69.3057ms
2024-11-29 07:47:34.460 +01:00 [INF] Request starting HTTP/2 GET https://localhost:7162/Post/Feed - null null
2024-11-29 07:47:34.460 +01:00 [INF] Executing endpoint 'photogram.Controllers.PostController.Feed (photogram)'
2024-11-29 07:47:34.460 +01:00 [INF] Route matched with {action = "Feed", controller = "Post"}. Executing controller action with signature System.Threading.Tasks.Task`1[Microsoft.AspNetCore.Mvc.IActionResult] Feed(System.Nullable`1[System.Int32], System.Nullable`1[System.Int32]) on controller photogram.Controllers.PostController (photogram).
2024-11-29 07:47:34.472 +01:00 [INF] Executing ViewResult, running view Feed.
2024-11-29 07:47:34.514 +01:00 [INF] Executed ViewResult - view Feed executed in 42.3293ms.
2024-11-29 07:47:34.548 +01:00 [INF] Executed action photogram.Controllers.PostController.Feed (photogram) in 87.535ms
2024-11-29 07:47:34.548 +01:00 [INF] Executed endpoint 'photogram.Controllers.PostController.Feed (photogram)'
2024-11-29 07:47:34.549 +01:00 [INF] Request finished HTTP/2 GET https://localhost:7162/Post/Feed - 200 null text/html; charset=utf-8 89.3687ms
