2024-11-30 12:01:15.843 +01:00 [INF] User profile is available. Using '/Users/yasminali/.aspnet/DataProtection-Keys' as key repository; keys will not be encrypted at rest.
2024-11-30 12:01:19.290 +01:00 [INF] Now listening on: https://localhost:7160
2024-11-30 12:01:19.295 +01:00 [INF] Now listening on: http://localhost:5001
2024-11-30 12:01:19.481 +01:00 [INF] Application started. Press Ctrl+C to shut down.
2024-11-30 12:01:19.487 +01:00 [INF] Hosting environment: Development
2024-11-30 12:01:19.492 +01:00 [INF] Content root path: /Users/yasminali/Downloads/photogram 7
2024-11-30 12:01:20.297 +01:00 [INF] Request starting HTTP/2 GET https://localhost:7160/ - null null
2024-11-30 12:01:20.623 +01:00 [INF] Executing endpoint 'photogram.Controllers.HomeController.Index (photogram)'
2024-11-30 12:01:20.718 +01:00 [INF] Route matched with {action = "Index", controller = "Home", page = "", area = ""}. Executing controller action with signature Microsoft.AspNetCore.Mvc.IActionResult Index() on controller photogram.Controllers.HomeController (photogram).
2024-11-30 12:01:20.773 +01:00 [INF] Executing ViewResult, running view Index.
2024-11-30 12:01:21.454 +01:00 [INF] Executed ViewResult - view Index executed in 697.2485ms.
2024-11-30 12:01:21.477 +01:00 [INF] Executed action photogram.Controllers.HomeController.Index (photogram) in 754.1161ms
2024-11-30 12:01:21.478 +01:00 [INF] Executed endpoint 'photogram.Controllers.HomeController.Index (photogram)'
2024-11-30 12:01:21.509 +01:00 [INF] Request finished HTTP/2 GET https://localhost:7160/ - 200 null text/html; charset=utf-8 1218.2686ms
2024-11-30 12:01:23.483 +01:00 [INF] Request starting HTTP/2 GET https://localhost:7160/Post/CreatePost - null null
2024-11-30 12:01:23.501 +01:00 [INF] Executing endpoint 'photogram.Controllers.PostController.CreatePost (photogram)'
2024-11-30 12:01:23.507 +01:00 [INF] Route matched with {action = "CreatePost", controller = "Post", page = "", area = ""}. Executing controller action with signature Microsoft.AspNetCore.Mvc.IActionResult CreatePost() on controller photogram.Controllers.PostController (photogram).
2024-11-30 12:01:23.517 +01:00 [INF] Executing ViewResult, running view CreatePost.
2024-11-30 12:01:23.616 +01:00 [INF] Executed ViewResult - view CreatePost executed in 105.4337ms.
2024-11-30 12:01:23.619 +01:00 [INF] Executed action photogram.Controllers.PostController.CreatePost (photogram) in 110.5827ms
2024-11-30 12:01:23.619 +01:00 [INF] Executed endpoint 'photogram.Controllers.PostController.CreatePost (photogram)'
2024-11-30 12:01:23.664 +01:00 [INF] Request finished HTTP/2 GET https://localhost:7160/Post/CreatePost - 200 null text/html; charset=utf-8 180.4ms
2024-11-30 12:01:24.774 +01:00 [INF] Request starting HTTP/2 GET https://localhost:7160/Home/Feed - null null
2024-11-30 12:01:24.813 +01:00 [INF] Executing endpoint 'photogram.Controllers.HomeController.Feed (photogram)'
2024-11-30 12:01:24.818 +01:00 [INF] Route matched with {action = "Feed", controller = "Home", page = "", area = ""}. Executing controller action with signature Microsoft.AspNetCore.Mvc.IActionResult Feed() on controller photogram.Controllers.HomeController (photogram).
2024-11-30 12:01:24.822 +01:00 [INF] Executing RedirectResult, redirecting to /Post/Feed.
2024-11-30 12:01:24.823 +01:00 [INF] Executed action photogram.Controllers.HomeController.Feed (photogram) in 5.3452ms
2024-11-30 12:01:24.824 +01:00 [INF] Executed endpoint 'photogram.Controllers.HomeController.Feed (photogram)'
2024-11-30 12:01:24.825 +01:00 [INF] Request finished HTTP/2 GET https://localhost:7160/Home/Feed - 302 0 null 50.6851ms
2024-11-30 12:01:24.896 +01:00 [INF] Request starting HTTP/2 GET https://localhost:7160/Post/Feed - null null
2024-11-30 12:01:24.905 +01:00 [INF] Executing endpoint 'photogram.Controllers.PostController.Feed (photogram)'
2024-11-30 12:01:24.950 +01:00 [INF] Route matched with {action = "Feed", controller = "Post", page = "", area = ""}. Executing controller action with signature System.Threading.Tasks.Task`1[Microsoft.AspNetCore.Mvc.IActionResult] Feed(System.Nullable`1[System.Int32], System.Nullable`1[System.Int32]) on controller photogram.Controllers.PostController (photogram).
2024-11-30 12:01:26.318 +01:00 [INF] Executing ViewResult, running view Feed.
2024-11-30 12:01:26.527 +01:00 [INF] Request starting HTTP/2 GET https://localhost:7160/ - null null
2024-11-30 12:01:26.531 +01:00 [INF] Executing endpoint 'photogram.Controllers.HomeController.Index (photogram)'
2024-11-30 12:01:26.531 +01:00 [INF] Route matched with {action = "Index", controller = "Home", page = "", area = ""}. Executing controller action with signature Microsoft.AspNetCore.Mvc.IActionResult Index() on controller photogram.Controllers.HomeController (photogram).
2024-11-30 12:01:26.532 +01:00 [INF] Executing ViewResult, running view Index.
2024-11-30 12:01:26.654 +01:00 [INF] Executed ViewResult - view Index executed in 122.0933ms.
2024-11-30 12:01:26.654 +01:00 [INF] Executed action photogram.Controllers.HomeController.Index (photogram) in 122.5538ms
2024-11-30 12:01:26.677 +01:00 [INF] Executed endpoint 'photogram.Controllers.HomeController.Index (photogram)'
2024-11-30 12:01:26.680 +01:00 [INF] Request finished HTTP/2 GET https://localhost:7160/ - 200 null text/html; charset=utf-8 152.9648ms
2024-11-30 12:01:27.026 +01:00 [INF] Executed ViewResult - view Feed executed in 713.2475ms.
2024-11-30 12:01:27.026 +01:00 [INF] Executed action photogram.Controllers.PostController.Feed (photogram) in 2076.2163ms
2024-11-30 12:01:27.026 +01:00 [INF] Executed endpoint 'photogram.Controllers.PostController.Feed (photogram)'
2024-11-30 12:01:27.039 +01:00 [INF] Request finished HTTP/2 GET https://localhost:7160/Post/Feed - 200 null text/html; charset=utf-8 2143.0661ms
2024-11-30 12:01:29.971 +01:00 [INF] Request starting HTTP/2 GET https://localhost:7160/Post/CreatePost - null null
2024-11-30 12:01:29.975 +01:00 [INF] Executing endpoint 'photogram.Controllers.PostController.CreatePost (photogram)'
2024-11-30 12:01:29.975 +01:00 [INF] Route matched with {action = "CreatePost", controller = "Post", page = "", area = ""}. Executing controller action with signature Microsoft.AspNetCore.Mvc.IActionResult CreatePost() on controller photogram.Controllers.PostController (photogram).
2024-11-30 12:01:29.976 +01:00 [INF] Executing ViewResult, running view CreatePost.
2024-11-30 12:01:30.011 +01:00 [INF] Executed ViewResult - view CreatePost executed in 34.9053ms.
2024-11-30 12:01:30.011 +01:00 [INF] Executed action photogram.Controllers.PostController.CreatePost (photogram) in 35.3099ms
2024-11-30 12:01:30.011 +01:00 [INF] Executed endpoint 'photogram.Controllers.PostController.CreatePost (photogram)'
2024-11-30 12:01:30.014 +01:00 [INF] Request finished HTTP/2 GET https://localhost:7160/Post/CreatePost - 200 null text/html; charset=utf-8 42.8569ms
2024-11-30 12:01:44.908 +01:00 [INF] Request starting HTTP/2 GET https://localhost:7160/Home/Feed - null null
2024-11-30 12:01:44.916 +01:00 [INF] Executing endpoint 'photogram.Controllers.HomeController.Feed (photogram)'
2024-11-30 12:01:44.916 +01:00 [INF] Route matched with {action = "Feed", controller = "Home", page = "", area = ""}. Executing controller action with signature Microsoft.AspNetCore.Mvc.IActionResult Feed() on controller photogram.Controllers.HomeController (photogram).
2024-11-30 12:01:44.917 +01:00 [INF] Executing RedirectResult, redirecting to /Post/Feed.
2024-11-30 12:01:44.917 +01:00 [INF] Executed action photogram.Controllers.HomeController.Feed (photogram) in 0.8188ms
2024-11-30 12:01:44.917 +01:00 [INF] Executed endpoint 'photogram.Controllers.HomeController.Feed (photogram)'
2024-11-30 12:01:44.917 +01:00 [INF] Request finished HTTP/2 GET https://localhost:7160/Home/Feed - 302 0 null 9.9406ms
2024-11-30 12:01:44.984 +01:00 [INF] Request starting HTTP/2 GET https://localhost:7160/Post/Feed - null null
2024-11-30 12:01:44.986 +01:00 [INF] Executing endpoint 'photogram.Controllers.PostController.Feed (photogram)'
2024-11-30 12:01:44.987 +01:00 [INF] Route matched with {action = "Feed", controller = "Post", page = "", area = ""}. Executing controller action with signature System.Threading.Tasks.Task`1[Microsoft.AspNetCore.Mvc.IActionResult] Feed(System.Nullable`1[System.Int32], System.Nullable`1[System.Int32]) on controller photogram.Controllers.PostController (photogram).
2024-11-30 12:01:44.999 +01:00 [INF] Executing ViewResult, running view Feed.
2024-11-30 12:01:45.144 +01:00 [INF] Request starting HTTP/2 GET https://localhost:7160/uploads/d5f308d6-5e29-4c51-ab51-946e5939f892_concert.jpg - null null
2024-11-30 12:01:45.148 +01:00 [INF] Request starting HTTP/2 GET https://localhost:7160/uploads/892b7245-916c-4e39-ad08-e1f509e45f50_view.jpg - null null
2024-11-30 12:01:45.181 +01:00 [INF] Executed ViewResult - view Feed executed in 181.7694ms.
2024-11-30 12:01:45.181 +01:00 [INF] Request starting HTTP/2 GET https://localhost:7160/uploads/150c5aae-9839-45c1-a058-cec277bcafda_tacos.jpg - null null
2024-11-30 12:01:45.181 +01:00 [INF] Executed action photogram.Controllers.PostController.Feed (photogram) in 194.5568ms
2024-11-30 12:01:45.181 +01:00 [INF] Executed endpoint 'photogram.Controllers.PostController.Feed (photogram)'
2024-11-30 12:01:45.182 +01:00 [INF] Request finished HTTP/2 GET https://localhost:7160/Post/Feed - 200 null text/html; charset=utf-8 197.8555ms
2024-11-30 12:01:45.197 +01:00 [INF] The file /uploads/892b7245-916c-4e39-ad08-e1f509e45f50_view.jpg was not modified
2024-11-30 12:01:45.197 +01:00 [INF] The file /uploads/150c5aae-9839-45c1-a058-cec277bcafda_tacos.jpg was not modified
2024-11-30 12:01:45.201 +01:00 [INF] Request finished HTTP/2 GET https://localhost:7160/uploads/892b7245-916c-4e39-ad08-e1f509e45f50_view.jpg - 304 null image/jpeg 53.1394ms
2024-11-30 12:01:45.201 +01:00 [INF] Request finished HTTP/2 GET https://localhost:7160/uploads/150c5aae-9839-45c1-a058-cec277bcafda_tacos.jpg - 304 null image/jpeg 19.8694ms
2024-11-30 12:01:45.248 +01:00 [INF] Sending file. Request path: '/uploads/d5f308d6-5e29-4c51-ab51-946e5939f892_concert.jpg'. Physical path: '/Users/yasminali/Downloads/photogram 7/wwwroot/uploads/d5f308d6-5e29-4c51-ab51-946e5939f892_concert.jpg'
2024-11-30 12:01:45.250 +01:00 [INF] Request finished HTTP/2 GET https://localhost:7160/uploads/d5f308d6-5e29-4c51-ab51-946e5939f892_concert.jpg - 200 44382 image/jpeg 109.4703ms
2024-11-30 12:01:45.302 +01:00 [INF] Request starting HTTP/2 GET https://localhost:7160/images/recipes.jpg - null null
2024-11-30 12:01:45.307 +01:00 [INF] Request starting HTTP/2 GET https://localhost:7160/images/sunset.jpg - null null
2024-11-30 12:01:45.379 +01:00 [INF] Request starting HTTP/2 GET https://localhost:7160/images/norway.jpg - null null
2024-11-30 12:01:45.379 +01:00 [INF] The file /images/norway.jpg was not modified
2024-11-30 12:01:45.406 +01:00 [INF] Request finished HTTP/2 GET https://localhost:7160/images/norway.jpg - 304 null image/jpeg 25.9333ms
2024-11-30 12:01:45.430 +01:00 [INF] Request starting HTTP/2 GET https://localhost:7160/images/conference.jpg - null null
2024-11-30 12:01:45.488 +01:00 [INF] Sending file. Request path: '/images/conference.jpg'. Physical path: '/Users/yasminali/Downloads/photogram 7/wwwroot/images/conference.jpg'
2024-11-30 12:01:45.490 +01:00 [INF] Sending file. Request path: '/images/recipes.jpg'. Physical path: '/Users/yasminali/Downloads/photogram 7/wwwroot/images/recipes.jpg'
2024-11-30 12:01:45.490 +01:00 [INF] Request finished HTTP/2 GET https://localhost:7160/images/recipes.jpg - 200 78039 image/jpeg 188.5936ms
2024-11-30 12:01:45.490 +01:00 [INF] Request finished HTTP/2 GET https://localhost:7160/images/conference.jpg - 200 41219 image/jpeg 59.9935ms
2024-11-30 12:01:45.537 +01:00 [INF] Sending file. Request path: '/images/sunset.jpg'. Physical path: '/Users/yasminali/Downloads/photogram 7/wwwroot/images/sunset.jpg'
2024-11-30 12:01:45.538 +01:00 [INF] Request finished HTTP/2 GET https://localhost:7160/images/sunset.jpg - 200 524096 image/jpeg 233.1466ms
2024-11-30 12:02:01.918 +01:00 [INF] Request starting HTTP/2 POST https://localhost:7160/Identity/Account/Logout?returnUrl=%2F - application/x-www-form-urlencoded 225
2024-11-30 12:02:01.934 +01:00 [INF] Executing endpoint '/Account/Logout'
2024-11-30 12:02:01.952 +01:00 [INF] Route matched with {page = "/Account/Logout", area = "Identity", action = "", controller = ""}. Executing page /Account/Logout
2024-11-30 12:02:02.012 +01:00 [INF] Executing handler method photogram.Areas.Identity.Pages.Account.LogoutModel.OnPost - ModelState is "Valid"
2024-11-30 12:02:02.034 +01:00 [INF] AuthenticationScheme: Identity.Application signed out.
2024-11-30 12:02:02.036 +01:00 [INF] AuthenticationScheme: Identity.External signed out.
2024-11-30 12:02:02.037 +01:00 [INF] AuthenticationScheme: Identity.TwoFactorUserId signed out.
2024-11-30 12:02:02.044 +01:00 [INF] User logged out.
2024-11-30 12:02:02.046 +01:00 [INF] Executed handler method OnPost, returned result Microsoft.AspNetCore.Mvc.LocalRedirectResult.
2024-11-30 12:02:02.048 +01:00 [INF] Executing LocalRedirectResult, redirecting to /.
2024-11-30 12:02:02.049 +01:00 [INF] Executed page /Account/Logout in 96.5643ms
2024-11-30 12:02:02.049 +01:00 [INF] Executed endpoint '/Account/Logout'
2024-11-30 12:02:02.050 +01:00 [INF] Request finished HTTP/2 POST https://localhost:7160/Identity/Account/Logout?returnUrl=%2F - 302 0 null 131.7377ms
2024-11-30 12:02:02.085 +01:00 [INF] Request starting HTTP/2 GET https://localhost:7160/ - null null
2024-11-30 12:02:02.086 +01:00 [INF] Executing endpoint 'photogram.Controllers.HomeController.Index (photogram)'
2024-11-30 12:02:02.086 +01:00 [INF] Route matched with {action = "Index", controller = "Home", page = "", area = ""}. Executing controller action with signature Microsoft.AspNetCore.Mvc.IActionResult Index() on controller photogram.Controllers.HomeController (photogram).
2024-11-30 12:02:02.087 +01:00 [INF] Executing ViewResult, running view Index.
2024-11-30 12:02:02.091 +01:00 [INF] Executed ViewResult - view Index executed in 4.1049ms.
2024-11-30 12:02:02.091 +01:00 [INF] Executed action photogram.Controllers.HomeController.Index (photogram) in 4.7665ms
2024-11-30 12:02:02.091 +01:00 [INF] Executed endpoint 'photogram.Controllers.HomeController.Index (photogram)'
2024-11-30 12:02:02.091 +01:00 [INF] Request finished HTTP/2 GET https://localhost:7160/ - 200 null text/html; charset=utf-8 6.2091ms
2024-11-30 12:02:13.578 +01:00 [INF] Request starting HTTP/2 GET https://localhost:7160/Identity/Account/Register - null null
2024-11-30 12:02:13.589 +01:00 [INF] Executing endpoint '/Account/Register'
2024-11-30 12:02:13.612 +01:00 [INF] Route matched with {page = "/Account/Register", area = "Identity", action = "", controller = ""}. Executing page /Account/Register
2024-11-30 12:02:13.616 +01:00 [INF] Executing handler method photogram.Areas.Identity.Pages.Account.RegisterModel.OnGetAsync - ModelState is "Valid"
2024-11-30 12:02:13.622 +01:00 [INF] Executed handler method OnGetAsync, returned result .
2024-11-30 12:02:13.630 +01:00 [INF] Executing an implicit handler method - ModelState is "Valid"
2024-11-30 12:02:13.631 +01:00 [INF] Executed an implicit handler method, returned result Microsoft.AspNetCore.Mvc.RazorPages.PageResult.
2024-11-30 12:02:13.700 +01:00 [INF] Executed page /Account/Register in 87.0276ms
2024-11-30 12:02:13.700 +01:00 [INF] Executed endpoint '/Account/Register'
2024-11-30 12:02:13.701 +01:00 [INF] Request finished HTTP/2 GET https://localhost:7160/Identity/Account/Register - 200 null text/html; charset=utf-8 123.0363ms
2024-11-30 12:02:13.742 +01:00 [INF] Request starting HTTP/2 GET https://localhost:7160/lib/jquery-validation-unobtrusive/dist/jquery.validate.unobtrusive.min.js - null null
2024-11-30 12:02:13.748 +01:00 [INF] Request finished HTTP/2 GET https://localhost:7160/lib/jquery-validation-unobtrusive/dist/jquery.validate.unobtrusive.min.js - 404 0 null 5.2538ms
2024-11-30 12:02:13.749 +01:00 [INF] Request reached the end of the middleware pipeline without being handled by application code. Request path: GET https://localhost:7160/lib/jquery-validation-unobtrusive/dist/jquery.validate.unobtrusive.min.js, Response status code: 404
2024-11-30 12:02:53.499 +01:00 [INF] Request starting HTTP/2 POST https://localhost:7160/Identity/Account/Register - application/x-www-form-urlencoded 270
2024-11-30 12:02:53.517 +01:00 [INF] Executing endpoint '/Account/Register'
2024-11-30 12:02:53.524 +01:00 [INF] Route matched with {page = "/Account/Register", area = "Identity", action = "", controller = ""}. Executing page /Account/Register
2024-11-30 12:02:53.577 +01:00 [INF] Executing handler method photogram.Areas.Identity.Pages.Account.RegisterModel.OnPostAsync - ModelState is "Valid"
2024-11-30 12:02:54.877 +01:00 [INF] User created a new account with password.
2024-11-30 12:02:55.367 +01:00 [INF] AuthenticationScheme: Identity.Application signed in.
2024-11-30 12:02:55.367 +01:00 [INF] Executed handler method OnPostAsync, returned result Microsoft.AspNetCore.Mvc.LocalRedirectResult.
2024-11-30 12:02:55.367 +01:00 [INF] Executing LocalRedirectResult, redirecting to /.
2024-11-30 12:02:55.367 +01:00 [INF] Executed page /Account/Register in 1843.2145ms
2024-11-30 12:02:55.367 +01:00 [INF] Executed endpoint '/Account/Register'
2024-11-30 12:02:55.367 +01:00 [INF] Request finished HTTP/2 POST https://localhost:7160/Identity/Account/Register - 302 0 null 1867.8684ms
2024-11-30 12:02:55.397 +01:00 [INF] Request starting HTTP/2 GET https://localhost:7160/ - null null
2024-11-30 12:02:55.399 +01:00 [INF] Executing endpoint 'photogram.Controllers.HomeController.Index (photogram)'
2024-11-30 12:02:55.399 +01:00 [INF] Route matched with {action = "Index", controller = "Home", page = "", area = ""}. Executing controller action with signature Microsoft.AspNetCore.Mvc.IActionResult Index() on controller photogram.Controllers.HomeController (photogram).
2024-11-30 12:02:55.399 +01:00 [INF] Executing ViewResult, running view Index.
2024-11-30 12:02:55.403 +01:00 [INF] Executed ViewResult - view Index executed in 4.199ms.
2024-11-30 12:02:55.403 +01:00 [INF] Executed action photogram.Controllers.HomeController.Index (photogram) in 4.5504ms
2024-11-30 12:02:55.404 +01:00 [INF] Executed endpoint 'photogram.Controllers.HomeController.Index (photogram)'
2024-11-30 12:02:55.404 +01:00 [INF] Request finished HTTP/2 GET https://localhost:7160/ - 200 null text/html; charset=utf-8 12.5136ms
2024-11-30 12:03:03.213 +01:00 [INF] Request starting HTTP/2 GET https://localhost:7160/Home/Feed - null null
2024-11-30 12:03:03.222 +01:00 [INF] Executing endpoint 'photogram.Controllers.HomeController.Feed (photogram)'
2024-11-30 12:03:03.222 +01:00 [INF] Route matched with {action = "Feed", controller = "Home", page = "", area = ""}. Executing controller action with signature Microsoft.AspNetCore.Mvc.IActionResult Feed() on controller photogram.Controllers.HomeController (photogram).
2024-11-30 12:03:03.223 +01:00 [INF] Executing RedirectResult, redirecting to /Post/Feed.
2024-11-30 12:03:03.223 +01:00 [INF] Executed action photogram.Controllers.HomeController.Feed (photogram) in 0.5416ms
2024-11-30 12:03:03.223 +01:00 [INF] Executed endpoint 'photogram.Controllers.HomeController.Feed (photogram)'
2024-11-30 12:03:03.224 +01:00 [INF] Request finished HTTP/2 GET https://localhost:7160/Home/Feed - 302 0 null 10.432ms
2024-11-30 12:03:03.241 +01:00 [INF] Request starting HTTP/2 GET https://localhost:7160/Post/Feed - null null
2024-11-30 12:03:03.243 +01:00 [INF] Executing endpoint 'photogram.Controllers.PostController.Feed (photogram)'
2024-11-30 12:03:03.243 +01:00 [INF] Route matched with {action = "Feed", controller = "Post", page = "", area = ""}. Executing controller action with signature System.Threading.Tasks.Task`1[Microsoft.AspNetCore.Mvc.IActionResult] Feed(System.Nullable`1[System.Int32], System.Nullable`1[System.Int32]) on controller photogram.Controllers.PostController (photogram).
2024-11-30 12:03:03.255 +01:00 [INF] Executing ViewResult, running view Feed.
2024-11-30 12:03:03.390 +01:00 [INF] Executed ViewResult - view Feed executed in 134.4329ms.
2024-11-30 12:03:03.390 +01:00 [INF] Executed action photogram.Controllers.PostController.Feed (photogram) in 146.1032ms
2024-11-30 12:03:03.390 +01:00 [INF] Executed endpoint 'photogram.Controllers.PostController.Feed (photogram)'
2024-11-30 12:03:03.390 +01:00 [INF] Request finished HTTP/2 GET https://localhost:7160/Post/Feed - 200 null text/html; charset=utf-8 149.3339ms
2024-11-30 12:03:23.740 +01:00 [INF] Request starting HTTP/2 POST https://localhost:7160/Comments/AddComment - application/x-www-form-urlencoded 262
2024-11-30 12:03:23.750 +01:00 [INF] Executing endpoint 'photogram.Controllers.CommentsController.AddComment (photogram)'
2024-11-30 12:03:23.760 +01:00 [INF] Route matched with {action = "AddComment", controller = "Comments", page = "", area = ""}. Executing controller action with signature System.Threading.Tasks.Task`1[Microsoft.AspNetCore.Mvc.IActionResult] AddComment(Int32, System.String) on controller photogram.Controllers.CommentsController (photogram).
2024-11-30 12:03:23.938 +01:00 [INF] Comment added successfully for PostId 10 by User eple@gmail.com.
2024-11-30 12:03:23.939 +01:00 [INF] Executing RedirectResult, redirecting to /Post/Feed.
2024-11-30 12:03:23.939 +01:00 [INF] Executed action photogram.Controllers.CommentsController.AddComment (photogram) in 178.7585ms
2024-11-30 12:03:23.939 +01:00 [INF] Executed endpoint 'photogram.Controllers.CommentsController.AddComment (photogram)'
2024-11-30 12:03:23.939 +01:00 [INF] Request finished HTTP/2 POST https://localhost:7160/Comments/AddComment - 302 0 null 198.8357ms
2024-11-30 12:03:23.950 +01:00 [INF] Request starting HTTP/2 GET https://localhost:7160/Post/Feed - null null
2024-11-30 12:03:23.951 +01:00 [INF] Executing endpoint 'photogram.Controllers.PostController.Feed (photogram)'
2024-11-30 12:03:23.952 +01:00 [INF] Route matched with {action = "Feed", controller = "Post", page = "", area = ""}. Executing controller action with signature System.Threading.Tasks.Task`1[Microsoft.AspNetCore.Mvc.IActionResult] Feed(System.Nullable`1[System.Int32], System.Nullable`1[System.Int32]) on controller photogram.Controllers.PostController (photogram).
2024-11-30 12:03:23.960 +01:00 [INF] Executing ViewResult, running view Feed.
2024-11-30 12:03:24.082 +01:00 [INF] Executed ViewResult - view Feed executed in 121.655ms.
2024-11-30 12:03:24.083 +01:00 [INF] Executed action photogram.Controllers.PostController.Feed (photogram) in 130.7867ms
2024-11-30 12:03:24.083 +01:00 [INF] Executed endpoint 'photogram.Controllers.PostController.Feed (photogram)'
2024-11-30 12:03:24.083 +01:00 [INF] Request finished HTTP/2 GET https://localhost:7160/Post/Feed - 200 null text/html; charset=utf-8 133.2179ms
2024-11-30 12:03:41.662 +01:00 [INF] Request starting HTTP/2 POST https://localhost:7160/Comments/EditComment - application/x-www-form-urlencoded 268
2024-11-30 12:03:41.665 +01:00 [INF] Executing endpoint 'photogram.Controllers.CommentsController.EditComment (photogram)'
2024-11-30 12:03:41.672 +01:00 [INF] Route matched with {action = "EditComment", controller = "Comments", page = "", area = ""}. Executing controller action with signature System.Threading.Tasks.Task`1[Microsoft.AspNetCore.Mvc.IActionResult] EditComment(Int32, System.String) on controller photogram.Controllers.CommentsController (photogram).
2024-11-30 12:03:41.732 +01:00 [INF] Comment with Id 10 updated successfully.
2024-11-30 12:03:41.732 +01:00 [INF] Executing RedirectResult, redirecting to /Post/Feed.
2024-11-30 12:03:41.732 +01:00 [INF] Executed action photogram.Controllers.CommentsController.EditComment (photogram) in 59.9447ms
2024-11-30 12:03:41.732 +01:00 [INF] Executed endpoint 'photogram.Controllers.CommentsController.EditComment (photogram)'
2024-11-30 12:03:41.733 +01:00 [INF] Request finished HTTP/2 POST https://localhost:7160/Comments/EditComment - 302 0 null 71.4439ms
2024-11-30 12:03:41.765 +01:00 [INF] Request starting HTTP/2 GET https://localhost:7160/Post/Feed - null null
2024-11-30 12:03:41.766 +01:00 [INF] Executing endpoint 'photogram.Controllers.PostController.Feed (photogram)'
2024-11-30 12:03:41.766 +01:00 [INF] Route matched with {action = "Feed", controller = "Post", page = "", area = ""}. Executing controller action with signature System.Threading.Tasks.Task`1[Microsoft.AspNetCore.Mvc.IActionResult] Feed(System.Nullable`1[System.Int32], System.Nullable`1[System.Int32]) on controller photogram.Controllers.PostController (photogram).
2024-11-30 12:03:41.775 +01:00 [INF] Executing ViewResult, running view Feed.
2024-11-30 12:03:41.905 +01:00 [INF] Executed ViewResult - view Feed executed in 129.9458ms.
2024-11-30 12:03:41.948 +01:00 [INF] Request starting HTTP/2 GET https://localhost:7160/uploads/d5f308d6-5e29-4c51-ab51-946e5939f892_concert.jpg - null null
2024-11-30 12:03:41.949 +01:00 [INF] Executed action photogram.Controllers.PostController.Feed (photogram) in 183.3063ms
2024-11-30 12:03:41.950 +01:00 [INF] Executed endpoint 'photogram.Controllers.PostController.Feed (photogram)'
2024-11-30 12:03:41.954 +01:00 [INF] The file /uploads/d5f308d6-5e29-4c51-ab51-946e5939f892_concert.jpg was not modified
2024-11-30 12:03:41.955 +01:00 [INF] Request finished HTTP/2 GET https://localhost:7160/uploads/d5f308d6-5e29-4c51-ab51-946e5939f892_concert.jpg - 304 null image/jpeg 6.1445ms
2024-11-30 12:03:41.957 +01:00 [INF] Request finished HTTP/2 GET https://localhost:7160/Post/Feed - 200 null text/html; charset=utf-8 191.7704ms
2024-11-30 12:03:47.758 +01:00 [INF] Request starting HTTP/2 POST https://localhost:7160/Comments/DeleteComment - application/x-www-form-urlencoded 231
2024-11-30 12:03:47.761 +01:00 [INF] Executing endpoint 'photogram.Controllers.CommentsController.DeleteComment (photogram)'
2024-11-30 12:03:47.769 +01:00 [INF] Route matched with {action = "DeleteComment", controller = "Comments", page = "", area = ""}. Executing controller action with signature System.Threading.Tasks.Task`1[Microsoft.AspNetCore.Mvc.IActionResult] DeleteComment(Int32) on controller photogram.Controllers.CommentsController (photogram).
2024-11-30 12:03:47.828 +01:00 [INF] Comment with Id 10 deleted successfully.
2024-11-30 12:03:47.828 +01:00 [INF] Executing RedirectResult, redirecting to /Post/Feed.
2024-11-30 12:03:47.828 +01:00 [INF] Executed action photogram.Controllers.CommentsController.DeleteComment (photogram) in 59.2879ms
2024-11-30 12:03:47.828 +01:00 [INF] Executed endpoint 'photogram.Controllers.CommentsController.DeleteComment (photogram)'
2024-11-30 12:03:47.829 +01:00 [INF] Request finished HTTP/2 POST https://localhost:7160/Comments/DeleteComment - 302 0 null 71.119ms
2024-11-30 12:03:47.862 +01:00 [INF] Request starting HTTP/2 GET https://localhost:7160/Post/Feed - null null
2024-11-30 12:03:47.864 +01:00 [INF] Executing endpoint 'photogram.Controllers.PostController.Feed (photogram)'
2024-11-30 12:03:47.864 +01:00 [INF] Route matched with {action = "Feed", controller = "Post", page = "", area = ""}. Executing controller action with signature System.Threading.Tasks.Task`1[Microsoft.AspNetCore.Mvc.IActionResult] Feed(System.Nullable`1[System.Int32], System.Nullable`1[System.Int32]) on controller photogram.Controllers.PostController (photogram).
2024-11-30 12:03:47.874 +01:00 [INF] Executing ViewResult, running view Feed.
2024-11-30 12:03:47.957 +01:00 [INF] Executed ViewResult - view Feed executed in 83.7718ms.
2024-11-30 12:03:47.958 +01:00 [INF] Executed action photogram.Controllers.PostController.Feed (photogram) in 93.6005ms
2024-11-30 12:03:47.958 +01:00 [INF] Executed endpoint 'photogram.Controllers.PostController.Feed (photogram)'
2024-11-30 12:03:47.958 +01:00 [INF] Request finished HTTP/2 GET https://localhost:7160/Post/Feed - 200 null text/html; charset=utf-8 95.7553ms
2024-11-30 12:03:59.394 +01:00 [INF] Request starting HTTP/2 GET https://localhost:7160/Post/CreatePost - null null
2024-11-30 12:03:59.396 +01:00 [INF] Executing endpoint 'photogram.Controllers.PostController.CreatePost (photogram)'
2024-11-30 12:03:59.396 +01:00 [INF] Route matched with {action = "CreatePost", controller = "Post", page = "", area = ""}. Executing controller action with signature Microsoft.AspNetCore.Mvc.IActionResult CreatePost() on controller photogram.Controllers.PostController (photogram).
2024-11-30 12:03:59.397 +01:00 [INF] Executing ViewResult, running view CreatePost.
2024-11-30 12:03:59.406 +01:00 [INF] Executed ViewResult - view CreatePost executed in 8.7211ms.
2024-11-30 12:03:59.470 +01:00 [INF] Executed action photogram.Controllers.PostController.CreatePost (photogram) in 73.3314ms
2024-11-30 12:03:59.470 +01:00 [INF] Executed endpoint 'photogram.Controllers.PostController.CreatePost (photogram)'
2024-11-30 12:03:59.470 +01:00 [INF] Request finished HTTP/2 GET https://localhost:7160/Post/CreatePost - 200 null text/html; charset=utf-8 77.0588ms
2024-11-30 12:04:01.340 +01:00 [INF] Request starting HTTP/2 GET https://localhost:7160/Home/Friends - null null
2024-11-30 12:04:01.342 +01:00 [INF] Executing endpoint 'photogram.Controllers.HomeController.Friends (photogram)'
2024-11-30 12:04:01.345 +01:00 [INF] Route matched with {action = "Friends", controller = "Home", page = "", area = ""}. Executing controller action with signature Microsoft.AspNetCore.Mvc.IActionResult Friends() on controller photogram.Controllers.HomeController (photogram).
2024-11-30 12:04:01.345 +01:00 [INF] Executing RedirectResult, redirecting to /Post/Friends.
2024-11-30 12:04:01.345 +01:00 [INF] Executed action photogram.Controllers.HomeController.Friends (photogram) in 0.5994ms
2024-11-30 12:04:01.345 +01:00 [INF] Executed endpoint 'photogram.Controllers.HomeController.Friends (photogram)'
2024-11-30 12:04:01.346 +01:00 [INF] Request finished HTTP/2 GET https://localhost:7160/Home/Friends - 302 0 null 5.1714ms
2024-11-30 12:04:01.358 +01:00 [INF] Request starting HTTP/2 GET https://localhost:7160/Post/Friends - null null
2024-11-30 12:04:01.361 +01:00 [INF] Executing endpoint 'photogram.Controllers.PostController.Friends (photogram)'
2024-11-30 12:04:01.369 +01:00 [INF] Route matched with {action = "Friends", controller = "Post", page = "", area = ""}. Executing controller action with signature System.Threading.Tasks.Task`1[Microsoft.AspNetCore.Mvc.IActionResult] Friends() on controller photogram.Controllers.PostController (photogram).
2024-11-30 12:04:01.453 +01:00 [INF] Executing ViewResult, running view Friends.
2024-11-30 12:04:01.540 +01:00 [INF] Executed ViewResult - view Friends executed in 89.6903ms.
2024-11-30 12:04:01.549 +01:00 [INF] Executed action photogram.Controllers.PostController.Friends (photogram) in 180.3396ms
2024-11-30 12:04:01.558 +01:00 [INF] Executed endpoint 'photogram.Controllers.PostController.Friends (photogram)'
2024-11-30 12:04:01.561 +01:00 [INF] Request finished HTTP/2 GET https://localhost:7160/Post/Friends - 200 null text/html; charset=utf-8 202.6015ms
2024-11-30 12:04:06.730 +01:00 [INF] Request starting HTTP/2 POST https://localhost:7160/Post/AddFriend - application/x-www-form-urlencoded 255
2024-11-30 12:04:06.732 +01:00 [INF] Executing endpoint 'photogram.Controllers.PostController.AddFriend (photogram)'
2024-11-30 12:04:06.742 +01:00 [INF] Route matched with {action = "AddFriend", controller = "Post", page = "", area = ""}. Executing controller action with signature System.Threading.Tasks.Task`1[Microsoft.AspNetCore.Mvc.IActionResult] AddFriend(System.String) on controller photogram.Controllers.PostController (photogram).
2024-11-30 12:04:06.805 +01:00 [INF] Executing RedirectResult, redirecting to /Post/Friends.
2024-11-30 12:04:06.805 +01:00 [INF] Executed action photogram.Controllers.PostController.AddFriend (photogram) in 62.3768ms
2024-11-30 12:04:06.805 +01:00 [INF] Executed endpoint 'photogram.Controllers.PostController.AddFriend (photogram)'
2024-11-30 12:04:06.805 +01:00 [INF] Request finished HTTP/2 POST https://localhost:7160/Post/AddFriend - 302 0 null 75.547ms
2024-11-30 12:04:06.864 +01:00 [INF] Request starting HTTP/2 GET https://localhost:7160/Post/Friends - null null
2024-11-30 12:04:06.865 +01:00 [INF] Executing endpoint 'photogram.Controllers.PostController.Friends (photogram)'
2024-11-30 12:04:06.866 +01:00 [INF] Route matched with {action = "Friends", controller = "Post", page = "", area = ""}. Executing controller action with signature System.Threading.Tasks.Task`1[Microsoft.AspNetCore.Mvc.IActionResult] Friends() on controller photogram.Controllers.PostController (photogram).
2024-11-30 12:04:06.882 +01:00 [INF] Executing ViewResult, running view Friends.
2024-11-30 12:04:06.891 +01:00 [INF] Executed ViewResult - view Friends executed in 9.5362ms.
2024-11-30 12:04:06.892 +01:00 [INF] Executed action photogram.Controllers.PostController.Friends (photogram) in 26.2888ms
2024-11-30 12:04:06.893 +01:00 [INF] Executed endpoint 'photogram.Controllers.PostController.Friends (photogram)'
2024-11-30 12:04:06.895 +01:00 [INF] Request finished HTTP/2 GET https://localhost:7160/Post/Friends - 200 null text/html; charset=utf-8 31.1456ms
2024-11-30 12:04:08.025 +01:00 [INF] Request starting HTTP/2 POST https://localhost:7160/Post/AddFriend - application/x-www-form-urlencoded 260
2024-11-30 12:04:08.026 +01:00 [INF] Executing endpoint 'photogram.Controllers.PostController.AddFriend (photogram)'
2024-11-30 12:04:08.026 +01:00 [INF] Route matched with {action = "AddFriend", controller = "Post", page = "", area = ""}. Executing controller action with signature System.Threading.Tasks.Task`1[Microsoft.AspNetCore.Mvc.IActionResult] AddFriend(System.String) on controller photogram.Controllers.PostController (photogram).
2024-11-30 12:04:08.049 +01:00 [INF] Executing RedirectResult, redirecting to /Post/Friends.
2024-11-30 12:04:08.050 +01:00 [INF] Executed action photogram.Controllers.PostController.AddFriend (photogram) in 23.0331ms
2024-11-30 12:04:08.050 +01:00 [INF] Executed endpoint 'photogram.Controllers.PostController.AddFriend (photogram)'
2024-11-30 12:04:08.050 +01:00 [INF] Request finished HTTP/2 POST https://localhost:7160/Post/AddFriend - 302 0 null 25.1724ms
2024-11-30 12:04:08.091 +01:00 [INF] Request starting HTTP/2 GET https://localhost:7160/Post/Friends - null null
2024-11-30 12:04:08.092 +01:00 [INF] Executing endpoint 'photogram.Controllers.PostController.Friends (photogram)'
2024-11-30 12:04:08.092 +01:00 [INF] Route matched with {action = "Friends", controller = "Post", page = "", area = ""}. Executing controller action with signature System.Threading.Tasks.Task`1[Microsoft.AspNetCore.Mvc.IActionResult] Friends() on controller photogram.Controllers.PostController (photogram).
2024-11-30 12:04:08.108 +01:00 [INF] Executing ViewResult, running view Friends.
2024-11-30 12:04:08.144 +01:00 [INF] Executed ViewResult - view Friends executed in 5.9514ms.
2024-11-30 12:04:08.176 +01:00 [INF] Executed action photogram.Controllers.PostController.Friends (photogram) in 83.039ms
2024-11-30 12:04:08.176 +01:00 [INF] Executed endpoint 'photogram.Controllers.PostController.Friends (photogram)'
2024-11-30 12:04:08.176 +01:00 [INF] Request finished HTTP/2 GET https://localhost:7160/Post/Friends - 200 null text/html; charset=utf-8 84.9643ms
2024-11-30 12:04:08.527 +01:00 [INF] Request starting HTTP/2 POST https://localhost:7160/Post/AddFriend - application/x-www-form-urlencoded 261
2024-11-30 12:04:08.529 +01:00 [INF] Executing endpoint 'photogram.Controllers.PostController.AddFriend (photogram)'
2024-11-30 12:04:08.529 +01:00 [INF] Route matched with {action = "AddFriend", controller = "Post", page = "", area = ""}. Executing controller action with signature System.Threading.Tasks.Task`1[Microsoft.AspNetCore.Mvc.IActionResult] AddFriend(System.String) on controller photogram.Controllers.PostController (photogram).
2024-11-30 12:04:08.618 +01:00 [INF] Executing RedirectResult, redirecting to /Post/Friends.
2024-11-30 12:04:08.618 +01:00 [INF] Executed action photogram.Controllers.PostController.AddFriend (photogram) in 89.3962ms
2024-11-30 12:04:08.619 +01:00 [INF] Executed endpoint 'photogram.Controllers.PostController.AddFriend (photogram)'
2024-11-30 12:04:08.619 +01:00 [INF] Request finished HTTP/2 POST https://localhost:7160/Post/AddFriend - 302 0 null 91.362ms
2024-11-30 12:04:08.633 +01:00 [INF] Request starting HTTP/2 GET https://localhost:7160/Post/Friends - null null
2024-11-30 12:04:08.634 +01:00 [INF] Executing endpoint 'photogram.Controllers.PostController.Friends (photogram)'
2024-11-30 12:04:08.634 +01:00 [INF] Route matched with {action = "Friends", controller = "Post", page = "", area = ""}. Executing controller action with signature System.Threading.Tasks.Task`1[Microsoft.AspNetCore.Mvc.IActionResult] Friends() on controller photogram.Controllers.PostController (photogram).
2024-11-30 12:04:08.651 +01:00 [INF] Executing ViewResult, running view Friends.
2024-11-30 12:04:08.655 +01:00 [INF] Executed ViewResult - view Friends executed in 3.1027ms.
2024-11-30 12:04:08.706 +01:00 [INF] Executed action photogram.Controllers.PostController.Friends (photogram) in 71.6825ms
2024-11-30 12:04:08.706 +01:00 [INF] Executed endpoint 'photogram.Controllers.PostController.Friends (photogram)'
2024-11-30 12:04:08.706 +01:00 [INF] Request finished HTTP/2 GET https://localhost:7160/Post/Friends - 200 null text/html; charset=utf-8 73.7974ms
2024-11-30 12:04:09.991 +01:00 [INF] Request starting HTTP/2 GET https://localhost:7160/Post/MyPosts - null null
2024-11-30 12:04:09.994 +01:00 [INF] Executing endpoint 'photogram.Controllers.PostController.MyPosts (photogram)'
2024-11-30 12:04:10.001 +01:00 [INF] Route matched with {action = "MyPosts", controller = "Post", page = "", area = ""}. Executing controller action with signature System.Threading.Tasks.Task`1[Microsoft.AspNetCore.Mvc.IActionResult] MyPosts(System.Nullable`1[System.Int32]) on controller photogram.Controllers.PostController (photogram).
2024-11-30 12:04:10.472 +01:00 [INF] Executing ViewResult, running view MyPosts.
2024-11-30 12:04:10.485 +01:00 [INF] Executed ViewResult - view MyPosts executed in 14.1492ms.
2024-11-30 12:04:10.485 +01:00 [INF] Executed action photogram.Controllers.PostController.MyPosts (photogram) in 483.6286ms
2024-11-30 12:04:10.485 +01:00 [INF] Executed endpoint 'photogram.Controllers.PostController.MyPosts (photogram)'
2024-11-30 12:04:10.486 +01:00 [INF] Request finished HTTP/2 GET https://localhost:7160/Post/MyPosts - 200 null text/html; charset=utf-8 494.27ms
2024-11-30 12:04:12.505 +01:00 [INF] Request starting HTTP/2 GET https://localhost:7160/Identity/Account/Manage - null null
2024-11-30 12:04:12.511 +01:00 [INF] Executing endpoint '/Account/Manage/Index'
2024-11-30 12:04:12.524 +01:00 [INF] Route matched with {page = "/Account/Manage/Index", area = "Identity", action = "", controller = ""}. Executing page /Account/Manage/Index
2024-11-30 12:04:12.532 +01:00 [INF] Executing handler method photogram.Areas.Identity.Pages.Account.Manage.IndexModel.OnGetAsync - ModelState is "Valid"
2024-11-30 12:04:12.567 +01:00 [INF] Executed handler method OnGetAsync, returned result Microsoft.AspNetCore.Mvc.RazorPages.PageResult.
2024-11-30 12:04:12.648 +01:00 [INF] Executed page /Account/Manage/Index in 124.5172ms
2024-11-30 12:04:12.649 +01:00 [INF] Executed endpoint '/Account/Manage/Index'
2024-11-30 12:04:12.652 +01:00 [INF] Request finished HTTP/2 GET https://localhost:7160/Identity/Account/Manage - 200 null text/html; charset=utf-8 146.9044ms
2024-11-30 12:04:12.694 +01:00 [INF] Request starting HTTP/2 GET https://localhost:7160/lib/jquery-validation-unobtrusive/dist/jquery.validate.unobtrusive.min.js - null null
2024-11-30 12:04:12.695 +01:00 [INF] Request finished HTTP/2 GET https://localhost:7160/lib/jquery-validation-unobtrusive/dist/jquery.validate.unobtrusive.min.js - 404 0 null 1.1619ms
2024-11-30 12:04:12.695 +01:00 [INF] Request reached the end of the middleware pipeline without being handled by application code. Request path: GET https://localhost:7160/lib/jquery-validation-unobtrusive/dist/jquery.validate.unobtrusive.min.js, Response status code: 404
2024-11-30 12:04:16.805 +01:00 [INF] Request starting HTTP/2 GET https://localhost:7160/Identity/Account/Manage/TwoFactorAuthentication - null null
2024-11-30 12:04:16.809 +01:00 [INF] Executing endpoint '/Account/Manage/TwoFactorAuthentication'
2024-11-30 12:04:16.815 +01:00 [INF] Route matched with {page = "/Account/Manage/TwoFactorAuthentication", area = "Identity", action = "", controller = ""}. Executing page /Account/Manage/TwoFactorAuthentication
2024-11-30 12:04:16.817 +01:00 [INF] Executing handler method photogram.Areas.Identity.Pages.Account.Manage.TwoFactorAuthenticationModel.OnGetAsync - ModelState is "Valid"
2024-11-30 12:04:16.953 +01:00 [INF] Executed handler method OnGetAsync, returned result Microsoft.AspNetCore.Mvc.RazorPages.PageResult.
2024-11-30 12:04:17.017 +01:00 [INF] Executed page /Account/Manage/TwoFactorAuthentication in 200.8931ms
2024-11-30 12:04:17.017 +01:00 [INF] Executed endpoint '/Account/Manage/TwoFactorAuthentication'
2024-11-30 12:04:17.017 +01:00 [INF] Request finished HTTP/2 GET https://localhost:7160/Identity/Account/Manage/TwoFactorAuthentication - 200 null text/html; charset=utf-8 212.5925ms
2024-11-30 12:04:17.034 +01:00 [INF] Request starting HTTP/2 GET https://localhost:7160/lib/jquery-validation-unobtrusive/dist/jquery.validate.unobtrusive.min.js - null null
2024-11-30 12:04:17.036 +01:00 [INF] Request finished HTTP/2 GET https://localhost:7160/lib/jquery-validation-unobtrusive/dist/jquery.validate.unobtrusive.min.js - 404 0 null 3.1344ms
2024-11-30 12:04:17.037 +01:00 [INF] Request reached the end of the middleware pipeline without being handled by application code. Request path: GET https://localhost:7160/lib/jquery-validation-unobtrusive/dist/jquery.validate.unobtrusive.min.js, Response status code: 404
2024-11-30 12:04:20.063 +01:00 [INF] Request starting HTTP/2 GET https://localhost:7160/Identity/Account/Manage/PersonalData - null null
2024-11-30 12:04:20.070 +01:00 [INF] Executing endpoint '/Account/Manage/PersonalData'
2024-11-30 12:04:20.077 +01:00 [INF] Route matched with {page = "/Account/Manage/PersonalData", area = "Identity", action = "", controller = ""}. Executing page /Account/Manage/PersonalData
2024-11-30 12:04:20.078 +01:00 [INF] Executing handler method photogram.Areas.Identity.Pages.Account.Manage.PersonalDataModel.OnGet - ModelState is "Valid"
2024-11-30 12:04:20.085 +01:00 [INF] Executed handler method OnGet, returned result Microsoft.AspNetCore.Mvc.RazorPages.PageResult.
2024-11-30 12:04:20.113 +01:00 [INF] Executed page /Account/Manage/PersonalData in 36.1426ms
2024-11-30 12:04:20.113 +01:00 [INF] Executed endpoint '/Account/Manage/PersonalData'
2024-11-30 12:04:20.114 +01:00 [INF] Request finished HTTP/2 GET https://localhost:7160/Identity/Account/Manage/PersonalData - 200 null text/html; charset=utf-8 51.0757ms
2024-11-30 12:04:20.147 +01:00 [INF] Request starting HTTP/2 GET https://localhost:7160/lib/jquery-validation-unobtrusive/dist/jquery.validate.unobtrusive.min.js - null null
2024-11-30 12:04:20.148 +01:00 [INF] Request finished HTTP/2 GET https://localhost:7160/lib/jquery-validation-unobtrusive/dist/jquery.validate.unobtrusive.min.js - 404 0 null 1.0837ms
2024-11-30 12:04:20.149 +01:00 [INF] Request reached the end of the middleware pipeline without being handled by application code. Request path: GET https://localhost:7160/lib/jquery-validation-unobtrusive/dist/jquery.validate.unobtrusive.min.js, Response status code: 404
2024-11-30 12:05:15.423 +01:00 [INF] Request starting HTTP/2 GET https://localhost:7160/Home/Feed - null null
2024-11-30 12:05:15.426 +01:00 [INF] Executing endpoint 'photogram.Controllers.HomeController.Feed (photogram)'
2024-11-30 12:05:15.426 +01:00 [INF] Route matched with {action = "Feed", controller = "Home", page = "", area = ""}. Executing controller action with signature Microsoft.AspNetCore.Mvc.IActionResult Feed() on controller photogram.Controllers.HomeController (photogram).
2024-11-30 12:05:15.426 +01:00 [INF] Executing RedirectResult, redirecting to /Post/Feed.
2024-11-30 12:05:15.426 +01:00 [INF] Executed action photogram.Controllers.HomeController.Feed (photogram) in 0.2355ms
2024-11-30 12:05:15.426 +01:00 [INF] Executed endpoint 'photogram.Controllers.HomeController.Feed (photogram)'
2024-11-30 12:05:15.426 +01:00 [INF] Request finished HTTP/2 GET https://localhost:7160/Home/Feed - 302 0 null 3.6826ms
2024-11-30 12:05:15.514 +01:00 [INF] Request starting HTTP/2 GET https://localhost:7160/Post/Feed - null null
2024-11-30 12:05:15.532 +01:00 [INF] Executing endpoint 'photogram.Controllers.PostController.Feed (photogram)'
2024-11-30 12:05:15.532 +01:00 [INF] Route matched with {action = "Feed", controller = "Post", page = "", area = ""}. Executing controller action with signature System.Threading.Tasks.Task`1[Microsoft.AspNetCore.Mvc.IActionResult] Feed(System.Nullable`1[System.Int32], System.Nullable`1[System.Int32]) on controller photogram.Controllers.PostController (photogram).
2024-11-30 12:05:15.542 +01:00 [INF] Executing ViewResult, running view Feed.
2024-11-30 12:05:15.828 +01:00 [INF] Executed ViewResult - view Feed executed in 286.5025ms.
2024-11-30 12:05:15.831 +01:00 [INF] Executed action photogram.Controllers.PostController.Feed (photogram) in 298.6701ms
2024-11-30 12:05:15.832 +01:00 [INF] Executed endpoint 'photogram.Controllers.PostController.Feed (photogram)'
2024-11-30 12:05:15.837 +01:00 [INF] Request finished HTTP/2 GET https://localhost:7160/Post/Feed - 200 null text/html; charset=utf-8 322.2764ms
