2024-12-01 06:46:23.701 +01:00 [INF] User profile is available. Using '/Users/yasminali/.aspnet/DataProtection-Keys' as key repository; keys will not be encrypted at rest.
2024-12-01 06:46:24.142 +01:00 [INF] Now listening on: http://localhost:5001
2024-12-01 06:46:24.159 +01:00 [INF] Application started. Press Ctrl+C to shut down.
2024-12-01 06:46:24.166 +01:00 [INF] Hosting environment: Development
2024-12-01 06:46:24.166 +01:00 [INF] Content root path: /Users/yasminali/Desktop/ExamITPE3100/photogram7
2024-12-01 06:46:34.144 +01:00 [INF] Request starting HTTP/1.1 GET http://localhost:5001/ - null null
2024-12-01 06:46:34.171 +01:00 [WRN] Failed to determine the https port for redirect.
2024-12-01 06:46:34.351 +01:00 [INF] Executing endpoint 'photogram.Controllers.HomeController.Index (photogram)'
2024-12-01 06:46:34.449 +01:00 [INF] Route matched with {action = "Index", controller = "Home", page = "", area = ""}. Executing controller action with signature Microsoft.AspNetCore.Mvc.IActionResult Index() on controller photogram.Controllers.HomeController (photogram).
2024-12-01 06:46:34.527 +01:00 [INF] Executing ViewResult, running view Index.
2024-12-01 06:46:34.981 +01:00 [INF] Executed ViewResult - view Index executed in 466.7637ms.
2024-12-01 06:46:35.002 +01:00 [INF] Executed action photogram.Controllers.HomeController.Index (photogram) in 546.5561ms
2024-12-01 06:46:35.003 +01:00 [INF] Executed endpoint 'photogram.Controllers.HomeController.Index (photogram)'
2024-12-01 06:46:35.064 +01:00 [INF] Request finished HTTP/1.1 GET http://localhost:5001/ - 200 null text/html; charset=utf-8 925.1597ms
2024-12-01 06:46:42.620 +01:00 [INF] Request starting HTTP/1.1 GET http://localhost:5001/Home/Feed - null null
2024-12-01 06:46:42.638 +01:00 [INF] Executing endpoint 'photogram.Controllers.HomeController.Feed (photogram)'
2024-12-01 06:46:42.643 +01:00 [INF] Route matched with {action = "Feed", controller = "Home", page = "", area = ""}. Executing controller action with signature Microsoft.AspNetCore.Mvc.IActionResult Feed() on controller photogram.Controllers.HomeController (photogram).
2024-12-01 06:46:42.647 +01:00 [INF] Executing RedirectResult, redirecting to /Post/Feed.
2024-12-01 06:46:42.648 +01:00 [INF] Executed action photogram.Controllers.HomeController.Feed (photogram) in 4.5948ms
2024-12-01 06:46:42.648 +01:00 [INF] Executed endpoint 'photogram.Controllers.HomeController.Feed (photogram)'
2024-12-01 06:46:42.649 +01:00 [INF] Request finished HTTP/1.1 GET http://localhost:5001/Home/Feed - 302 0 null 28.602ms
2024-12-01 06:46:42.675 +01:00 [INF] Request starting HTTP/1.1 GET http://localhost:5001/Post/Feed - null null
2024-12-01 06:46:42.713 +01:00 [INF] Executing endpoint 'photogram.Controllers.PostController.Feed (photogram)'
2024-12-01 06:46:42.742 +01:00 [INF] Route matched with {action = "Feed", controller = "Post", page = "", area = ""}. Executing controller action with signature System.Threading.Tasks.Task`1[Microsoft.AspNetCore.Mvc.IActionResult] Feed(System.Nullable`1[System.Int32], System.Nullable`1[System.Int32]) on controller photogram.Controllers.PostController (photogram).
2024-12-01 06:46:43.360 +01:00 [INF] Executing ViewResult, running view Feed.
2024-12-01 06:46:43.698 +01:00 [INF] Executed ViewResult - view Feed executed in 339.7919ms.
2024-12-01 06:46:43.698 +01:00 [INF] Executed action photogram.Controllers.PostController.Feed (photogram) in 955.6422ms
2024-12-01 06:46:43.698 +01:00 [INF] Executed endpoint 'photogram.Controllers.PostController.Feed (photogram)'
2024-12-01 06:46:43.717 +01:00 [INF] Request finished HTTP/1.1 GET http://localhost:5001/Post/Feed - 200 null text/html; charset=utf-8 1041.9846ms
2024-12-01 06:46:43.847 +01:00 [INF] Request starting HTTP/1.1 GET http://localhost:5001/uploads/150c5aae-9839-45c1-a058-cec277bcafda_tacos.jpg - null null
2024-12-01 06:46:43.874 +01:00 [INF] The file /uploads/150c5aae-9839-45c1-a058-cec277bcafda_tacos.jpg was not modified
2024-12-01 06:46:43.877 +01:00 [INF] Request finished HTTP/1.1 GET http://localhost:5001/uploads/150c5aae-9839-45c1-a058-cec277bcafda_tacos.jpg - 304 null image/jpeg 29.4347ms
2024-12-01 06:46:47.516 +01:00 [INF] Request starting HTTP/1.1 POST http://localhost:5001/Comments/AddComment - application/x-www-form-urlencoded 244
2024-12-01 06:46:47.534 +01:00 [INF] Executing endpoint 'photogram.Controllers.CommentsController.AddComment (photogram)'
2024-12-01 06:46:47.544 +01:00 [INF] Route matched with {action = "AddComment", controller = "Comments", page = "", area = ""}. Executing controller action with signature System.Threading.Tasks.Task`1[Microsoft.AspNetCore.Mvc.IActionResult] AddComment(Int32, System.String) on controller photogram.Controllers.CommentsController (photogram).
2024-12-01 06:46:47.582 +01:00 [INF] Executing RedirectResult, redirecting to /Comments/Feed.
2024-12-01 06:46:47.594 +01:00 [INF] Executed action photogram.Controllers.CommentsController.AddComment (photogram) in 49.501ms
2024-12-01 06:46:47.594 +01:00 [INF] Executed endpoint 'photogram.Controllers.CommentsController.AddComment (photogram)'
2024-12-01 06:46:47.594 +01:00 [INF] Request finished HTTP/1.1 POST http://localhost:5001/Comments/AddComment - 302 0 null 77.4711ms
2024-12-01 06:46:47.606 +01:00 [INF] Request starting HTTP/1.1 GET http://localhost:5001/Comments/Feed - null null
2024-12-01 06:46:47.610 +01:00 [INF] Request finished HTTP/1.1 GET http://localhost:5001/Comments/Feed - 404 0 null 4.1935ms
2024-12-01 06:46:47.611 +01:00 [INF] Request reached the end of the middleware pipeline without being handled by application code. Request path: GET http://localhost:5001/Comments/Feed, Response status code: 404
2024-12-01 06:46:58.035 +01:00 [INF] Request starting HTTP/1.1 POST http://localhost:5001/Comments/AddComment - application/x-www-form-urlencoded 244
2024-12-01 06:46:58.044 +01:00 [INF] Executing endpoint 'photogram.Controllers.CommentsController.AddComment (photogram)'
2024-12-01 06:46:58.045 +01:00 [INF] Route matched with {action = "AddComment", controller = "Comments", page = "", area = ""}. Executing controller action with signature System.Threading.Tasks.Task`1[Microsoft.AspNetCore.Mvc.IActionResult] AddComment(Int32, System.String) on controller photogram.Controllers.CommentsController (photogram).
2024-12-01 06:46:58.093 +01:00 [INF] Executing RedirectResult, redirecting to /Comments/Feed.
2024-12-01 06:46:58.095 +01:00 [INF] Executed action photogram.Controllers.CommentsController.AddComment (photogram) in 50.5438ms
2024-12-01 06:46:58.096 +01:00 [INF] Executed endpoint 'photogram.Controllers.CommentsController.AddComment (photogram)'
2024-12-01 06:46:58.102 +01:00 [INF] Request finished HTTP/1.1 POST http://localhost:5001/Comments/AddComment - 302 0 null 66.8281ms
2024-12-01 06:46:58.116 +01:00 [INF] Request starting HTTP/1.1 GET http://localhost:5001/Comments/Feed - null null
2024-12-01 06:46:58.118 +01:00 [INF] Request finished HTTP/1.1 GET http://localhost:5001/Comments/Feed - 404 0 null 1.8767ms
2024-12-01 06:46:58.118 +01:00 [INF] Request reached the end of the middleware pipeline without being handled by application code. Request path: GET http://localhost:5001/Comments/Feed, Response status code: 404
2024-12-01 06:47:04.903 +01:00 [INF] Request starting HTTP/1.1 POST http://localhost:5001/Comments/AddComment - application/x-www-form-urlencoded 248
2024-12-01 06:47:04.913 +01:00 [INF] Executing endpoint 'photogram.Controllers.CommentsController.AddComment (photogram)'
2024-12-01 06:47:04.913 +01:00 [INF] Route matched with {action = "AddComment", controller = "Comments", page = "", area = ""}. Executing controller action with signature System.Threading.Tasks.Task`1[Microsoft.AspNetCore.Mvc.IActionResult] AddComment(Int32, System.String) on controller photogram.Controllers.CommentsController (photogram).
2024-12-01 06:47:05.246 +01:00 [INF] Executing RedirectResult, redirecting to /Comments/Feed.
2024-12-01 06:47:05.246 +01:00 [INF] Executed action photogram.Controllers.CommentsController.AddComment (photogram) in 333.3276ms
2024-12-01 06:47:05.246 +01:00 [INF] Executed endpoint 'photogram.Controllers.CommentsController.AddComment (photogram)'
2024-12-01 06:47:05.247 +01:00 [INF] Request finished HTTP/1.1 POST http://localhost:5001/Comments/AddComment - 302 0 null 343.8152ms
2024-12-01 06:47:05.260 +01:00 [INF] Request starting HTTP/1.1 GET http://localhost:5001/Comments/Feed - null null
2024-12-01 06:47:05.262 +01:00 [INF] Request finished HTTP/1.1 GET http://localhost:5001/Comments/Feed - 404 0 null 1.5632ms
2024-12-01 06:47:05.262 +01:00 [INF] Request reached the end of the middleware pipeline without being handled by application code. Request path: GET http://localhost:5001/Comments/Feed, Response status code: 404
2024-12-01 06:51:07.521 +01:00 [INF] Application is shutting down...
