2024-11-30 13:19:10.757 +01:00 [INF] User profile is available. Using '/Users/yasminali/.aspnet/DataProtection-Keys' as key repository; keys will not be encrypted at rest.
2024-11-30 13:19:11.758 +01:00 [INF] Now listening on: http://localhost:5001
2024-11-30 13:19:11.785 +01:00 [INF] Application started. Press Ctrl+C to shut down.
2024-11-30 13:19:11.790 +01:00 [INF] Hosting environment: Development
2024-11-30 13:19:11.791 +01:00 [INF] Content root path: /Users/yasminali/Downloads/photogram 7
2024-11-30 13:19:17.918 +01:00 [INF] Request starting HTTP/1.1 GET http://localhost:5001/ - null null
2024-11-30 13:19:18.001 +01:00 [WRN] Failed to determine the https port for redirect.
2024-11-30 13:19:18.076 +01:00 [WRN] Error unprotecting the session cookie.
System.Security.Cryptography.CryptographicException: The payload was invalid. For more information go to https://aka.ms/aspnet/dataprotectionwarning
   at Microsoft.AspNetCore.DataProtection.Managed.ManagedAuthenticatedEncryptor.Decrypt(ArraySegment`1 protectedPayload, ArraySegment`1 additionalAuthenticatedData)
   at Microsoft.AspNetCore.DataProtection.KeyManagement.KeyRingBasedDataProtector.UnprotectCore(Byte[] protectedData, Boolean allowOperationsOnRevokedKeys, UnprotectStatus& status)
   at Microsoft.AspNetCore.DataProtection.KeyManagement.KeyRingBasedDataProtector.Unprotect(Byte[] protectedData)
   at Microsoft.AspNetCore.Session.CookieProtection.Unprotect(IDataProtector protector, String protectedText, ILogger logger)
2024-11-30 13:19:18.309 +01:00 [INF] Executing endpoint 'photogram.Controllers.HomeController.Index (photogram)'
2024-11-30 13:19:18.367 +01:00 [INF] Route matched with {action = "Index", controller = "Home", page = "", area = ""}. Executing controller action with signature Microsoft.AspNetCore.Mvc.IActionResult Index() on controller photogram.Controllers.HomeController (photogram).
2024-11-30 13:19:18.410 +01:00 [INF] Executing ViewResult, running view Index.
2024-11-30 13:19:18.779 +01:00 [INF] Request starting HTTP/1.1 GET http://localhost:5001/css/layout.css - null null
2024-11-30 13:19:18.785 +01:00 [INF] Executed ViewResult - view Index executed in 289.3564ms.
2024-11-30 13:19:18.791 +01:00 [INF] Executed action photogram.Controllers.HomeController.Index (photogram) in 420.8123ms
2024-11-30 13:19:18.791 +01:00 [INF] Executed endpoint 'photogram.Controllers.HomeController.Index (photogram)'
2024-11-30 13:19:18.792 +01:00 [INF] The file /css/layout.css was not modified
2024-11-30 13:19:18.795 +01:00 [INF] Request finished HTTP/1.1 GET http://localhost:5001/css/layout.css - 304 null text/css 15.0079ms
2024-11-30 13:19:18.819 +01:00 [INF] Request finished HTTP/1.1 GET http://localhost:5001/ - 200 null text/html; charset=utf-8 916.9288ms
2024-11-30 13:20:25.796 +01:00 [INF] Request starting HTTP/1.1 GET http://localhost:5001/ - null null
2024-11-30 13:20:25.799 +01:00 [WRN] Error unprotecting the session cookie.
System.Security.Cryptography.CryptographicException: The payload was invalid. For more information go to https://aka.ms/aspnet/dataprotectionwarning
   at Microsoft.AspNetCore.DataProtection.Managed.ManagedAuthenticatedEncryptor.Decrypt(ArraySegment`1 protectedPayload, ArraySegment`1 additionalAuthenticatedData)
   at Microsoft.AspNetCore.DataProtection.KeyManagement.KeyRingBasedDataProtector.UnprotectCore(Byte[] protectedData, Boolean allowOperationsOnRevokedKeys, UnprotectStatus& status)
   at Microsoft.AspNetCore.DataProtection.KeyManagement.KeyRingBasedDataProtector.Unprotect(Byte[] protectedData)
   at Microsoft.AspNetCore.Session.CookieProtection.Unprotect(IDataProtector protector, String protectedText, ILogger logger)
2024-11-30 13:20:25.823 +01:00 [INF] Executing endpoint 'photogram.Controllers.HomeController.Index (photogram)'
2024-11-30 13:20:25.824 +01:00 [INF] Route matched with {action = "Index", controller = "Home", page = "", area = ""}. Executing controller action with signature Microsoft.AspNetCore.Mvc.IActionResult Index() on controller photogram.Controllers.HomeController (photogram).
2024-11-30 13:20:25.831 +01:00 [INF] Executing ViewResult, running view Index.
2024-11-30 13:20:25.849 +01:00 [INF] Executed ViewResult - view Index executed in 19.7224ms.
2024-11-30 13:20:25.849 +01:00 [INF] Executed action photogram.Controllers.HomeController.Index (photogram) in 25.2451ms
2024-11-30 13:20:25.849 +01:00 [INF] Executed endpoint 'photogram.Controllers.HomeController.Index (photogram)'
2024-11-30 13:20:25.850 +01:00 [INF] Request finished HTTP/1.1 GET http://localhost:5001/ - 200 null text/html; charset=utf-8 53.1886ms
2024-11-30 13:22:38.804 +01:00 [INF] Application is shutting down...
