2024-11-29 10:40:17.664 +01:00 [INF] User profile is available. Using '/Users/yasminali/.aspnet/DataProtection-Keys' as key repository; keys will not be encrypted at rest.
2024-11-29 10:40:18.730 +01:00 [INF] Now listening on: https://localhost:7162
2024-11-29 10:40:18.912 +01:00 [INF] Now listening on: http://localhost:5000
2024-11-29 10:40:18.944 +01:00 [INF] Application started. Press Ctrl+C to shut down.
2024-11-29 10:40:18.956 +01:00 [INF] Hosting environment: Development
2024-11-29 10:40:18.964 +01:00 [INF] Content root path: /Users/yasminali/Downloads/photogram 6
2024-11-29 10:40:19.723 +01:00 [INF] Request starting HTTP/2 GET https://localhost:7162/ - null null
2024-11-29 10:40:19.909 +01:00 [INF] Executing endpoint 'photogram.Controllers.HomeController.Index (photogram)'
2024-11-29 10:40:19.947 +01:00 [INF] Route matched with {action = "Index", controller = "Home"}. Executing controller action with signature Microsoft.AspNetCore.Mvc.IActionResult Index() on controller photogram.Controllers.HomeController (photogram).
2024-11-29 10:40:19.992 +01:00 [INF] Executing ViewResult, running view Index.
2024-11-29 10:40:20.104 +01:00 [INF] Accessing expired session, Key:b89e8c98-6b40-71d0-2685-55dde9c16b1c
2024-11-29 10:40:20.136 +01:00 [INF] Executed ViewResult - view Index executed in 153.3765ms.
2024-11-29 10:40:20.141 +01:00 [INF] Executed action photogram.Controllers.HomeController.Index (photogram) in 192.646ms
2024-11-29 10:40:20.141 +01:00 [INF] Executed endpoint 'photogram.Controllers.HomeController.Index (photogram)'
2024-11-29 10:40:20.190 +01:00 [INF] Request starting HTTP/2 GET https://localhost:7162/css/layout.css - null null
2024-11-29 10:40:20.190 +01:00 [INF] Request starting HTTP/2 GET https://localhost:7162/css/layout.css - null null
2024-11-29 10:40:20.197 +01:00 [INF] Request finished HTTP/2 GET https://localhost:7162/ - 200 null text/html; charset=utf-8 482.8187ms
2024-11-29 10:40:20.216 +01:00 [INF] The file /css/layout.css was not modified
2024-11-29 10:40:20.216 +01:00 [INF] The file /css/layout.css was not modified
2024-11-29 10:40:20.219 +01:00 [INF] Request finished HTTP/2 GET https://localhost:7162/css/layout.css - 304 null text/css 28.6619ms
2024-11-29 10:40:20.219 +01:00 [INF] Request finished HTTP/2 GET https://localhost:7162/css/layout.css - 304 null text/css 28.6323ms
2024-11-29 10:40:34.739 +01:00 [INF] Request starting HTTP/2 GET https://localhost:7162/User/Login - null null
2024-11-29 10:40:34.774 +01:00 [INF] Executing endpoint 'photogram.Controllers.UserController.Login (photogram)'
2024-11-29 10:40:34.780 +01:00 [INF] Route matched with {action = "Login", controller = "User"}. Executing controller action with signature Microsoft.AspNetCore.Mvc.IActionResult Login() on controller photogram.Controllers.UserController (photogram).
2024-11-29 10:40:34.848 +01:00 [INF] Executing ViewResult, running view Login.
2024-11-29 10:40:34.910 +01:00 [INF] Accessing expired session, Key:b89e8c98-6b40-71d0-2685-55dde9c16b1c
2024-11-29 10:40:34.921 +01:00 [INF] Executed ViewResult - view Login executed in 75.5146ms.
2024-11-29 10:40:34.922 +01:00 [INF] Executed action photogram.Controllers.UserController.Login (photogram) in 141.489ms
2024-11-29 10:40:34.922 +01:00 [INF] Executed endpoint 'photogram.Controllers.UserController.Login (photogram)'
2024-11-29 10:40:34.929 +01:00 [INF] Request finished HTTP/2 GET https://localhost:7162/User/Login - 200 null text/html; charset=utf-8 189.9218ms
2024-11-29 10:40:36.596 +01:00 [INF] Request starting HTTP/2 POST https://localhost:7162/User/Login - application/x-www-form-urlencoded 221
2024-11-29 10:40:36.600 +01:00 [INF] Executing endpoint 'photogram.Controllers.UserController.Login (photogram)'
2024-11-29 10:40:36.614 +01:00 [INF] Route matched with {action = "Login", controller = "User"}. Executing controller action with signature Microsoft.AspNetCore.Mvc.IActionResult Login(photogram.ViewModels.LoginViewModel) on controller photogram.Controllers.UserController (photogram).
2024-11-29 10:40:36.785 +01:00 [INF] Attempting to login
2024-11-29 10:40:37.195 +01:00 [INF] Accessing expired session, Key:b89e8c98-6b40-71d0-2685-55dde9c16b1c
2024-11-29 10:40:37.198 +01:00 [INF] Executing RedirectResult, redirecting to /.
2024-11-29 10:40:37.199 +01:00 [INF] Executed action photogram.Controllers.UserController.Login (photogram) in 583.7547ms
2024-11-29 10:40:37.199 +01:00 [INF] Executed endpoint 'photogram.Controllers.UserController.Login (photogram)'
2024-11-29 10:40:37.205 +01:00 [INF] Session started; Key:b89e8c98-6b40-71d0-2685-55dde9c16b1c, Id:b8b18740-5e9b-54a2-c253-d594bd996d74
2024-11-29 10:40:37.218 +01:00 [INF] Request starting HTTP/2 GET https://localhost:7162/ - null null
2024-11-29 10:40:37.219 +01:00 [INF] Executing endpoint 'photogram.Controllers.HomeController.Index (photogram)'
2024-11-29 10:40:37.219 +01:00 [INF] Route matched with {action = "Index", controller = "Home"}. Executing controller action with signature Microsoft.AspNetCore.Mvc.IActionResult Index() on controller photogram.Controllers.HomeController (photogram).
2024-11-29 10:40:37.221 +01:00 [INF] Executing ViewResult, running view Index.
2024-11-29 10:40:37.224 +01:00 [INF] Request finished HTTP/2 POST https://localhost:7162/User/Login - 302 0 null 628.8789ms
2024-11-29 10:40:37.281 +01:00 [INF] Executed ViewResult - view Index executed in 60.6594ms.
2024-11-29 10:40:37.311 +01:00 [INF] Executed action photogram.Controllers.HomeController.Index (photogram) in 91.5156ms
2024-11-29 10:40:37.317 +01:00 [INF] Executed endpoint 'photogram.Controllers.HomeController.Index (photogram)'
2024-11-29 10:40:37.330 +01:00 [INF] Request finished HTTP/2 GET https://localhost:7162/ - 200 null text/html; charset=utf-8 111.5753ms
2024-11-29 10:40:38.492 +01:00 [INF] Request starting HTTP/2 GET https://localhost:7162/Post/MyPosts - null null
2024-11-29 10:40:38.493 +01:00 [INF] Executing endpoint 'photogram.Controllers.PostController.MyPosts (photogram)'
2024-11-29 10:40:38.504 +01:00 [INF] Route matched with {action = "MyPosts", controller = "Post"}. Executing controller action with signature System.Threading.Tasks.Task`1[Microsoft.AspNetCore.Mvc.IActionResult] MyPosts(System.Nullable`1[System.Int32]) on controller photogram.Controllers.PostController (photogram).
2024-11-29 10:40:38.928 +01:00 [INF] Executing ViewResult, running view MyPosts.
2024-11-29 10:40:39.143 +01:00 [INF] Executed ViewResult - view MyPosts executed in 216.3822ms.
2024-11-29 10:40:39.145 +01:00 [INF] Executed action photogram.Controllers.PostController.MyPosts (photogram) in 640.9881ms
2024-11-29 10:40:39.145 +01:00 [INF] Executed endpoint 'photogram.Controllers.PostController.MyPosts (photogram)'
2024-11-29 10:40:39.158 +01:00 [INF] Request finished HTTP/2 GET https://localhost:7162/Post/MyPosts - 200 null text/html; charset=utf-8 665.677ms
