2024-11-29 09:08:47.592 +01:00 [INF] User profile is available. Using '/Users/yasminali/.aspnet/DataProtection-Keys' as key repository; keys will not be encrypted at rest.
2024-11-29 09:08:48.708 +01:00 [INF] Now listening on: https://localhost:7162
2024-11-29 09:08:48.715 +01:00 [INF] Now listening on: http://localhost:5000
2024-11-29 09:08:48.889 +01:00 [INF] Application started. Press Ctrl+C to shut down.
2024-11-29 09:08:48.909 +01:00 [INF] Hosting environment: Development
2024-11-29 09:08:48.930 +01:00 [INF] Content root path: /Users/yasminali/Downloads/photogram 6
2024-11-29 09:08:49.381 +01:00 [INF] Request starting HTTP/2 GET https://localhost:7162/ - null null
2024-11-29 09:08:49.452 +01:00 [INF] Executing endpoint 'photogram.Controllers.HomeController.Index (photogram)'
2024-11-29 09:08:49.478 +01:00 [INF] Route matched with {action = "Index", controller = "Home"}. Executing controller action with signature Microsoft.AspNetCore.Mvc.IActionResult Index() on controller photogram.Controllers.HomeController (photogram).
2024-11-29 09:08:49.514 +01:00 [INF] Executing ViewResult, running view Index.
2024-11-29 09:08:49.854 +01:00 [INF] Accessing expired session, Key:b89e8c98-6b40-71d0-2685-55dde9c16b1c
2024-11-29 09:08:49.887 +01:00 [INF] Executed ViewResult - view Index executed in 372.6913ms.
2024-11-29 09:08:49.892 +01:00 [INF] Executed action photogram.Controllers.HomeController.Index (photogram) in 412.2605ms
2024-11-29 09:08:49.892 +01:00 [INF] Executed endpoint 'photogram.Controllers.HomeController.Index (photogram)'
2024-11-29 09:08:49.933 +01:00 [INF] Request finished HTTP/2 GET https://localhost:7162/ - 200 null text/html; charset=utf-8 557.2471ms
2024-11-29 09:10:00.450 +01:00 [INF] Request starting HTTP/2 GET https://localhost:7162/User/Login - null null
2024-11-29 09:10:00.493 +01:00 [INF] Executing endpoint 'photogram.Controllers.UserController.Login (photogram)'
2024-11-29 09:10:00.533 +01:00 [INF] Route matched with {action = "Login", controller = "User"}. Executing controller action with signature Microsoft.AspNetCore.Mvc.IActionResult Login() on controller photogram.Controllers.UserController (photogram).
2024-11-29 09:10:00.642 +01:00 [INF] Executing ViewResult, running view Login.
2024-11-29 09:10:00.721 +01:00 [INF] Accessing expired session, Key:b89e8c98-6b40-71d0-2685-55dde9c16b1c
2024-11-29 09:10:00.739 +01:00 [INF] Executed ViewResult - view Login executed in 102.8628ms.
2024-11-29 09:10:00.739 +01:00 [INF] Executed action photogram.Controllers.UserController.Login (photogram) in 205.4527ms
2024-11-29 09:10:00.739 +01:00 [INF] Executed endpoint 'photogram.Controllers.UserController.Login (photogram)'
2024-11-29 09:10:00.752 +01:00 [INF] Request finished HTTP/2 GET https://localhost:7162/User/Login - 200 null text/html; charset=utf-8 302.4421ms
2024-11-29 09:10:02.982 +01:00 [INF] Request starting HTTP/2 POST https://localhost:7162/User/Login - application/x-www-form-urlencoded 221
2024-11-29 09:10:03.016 +01:00 [INF] Executing endpoint 'photogram.Controllers.UserController.Login (photogram)'
2024-11-29 09:10:03.032 +01:00 [INF] Route matched with {action = "Login", controller = "User"}. Executing controller action with signature Microsoft.AspNetCore.Mvc.IActionResult Login(photogram.ViewModels.LoginViewModel) on controller photogram.Controllers.UserController (photogram).
2024-11-29 09:10:03.202 +01:00 [INF] Attempting to login
2024-11-29 09:10:03.608 +01:00 [INF] Accessing expired session, Key:b89e8c98-6b40-71d0-2685-55dde9c16b1c
2024-11-29 09:10:03.610 +01:00 [INF] Executing RedirectResult, redirecting to /.
2024-11-29 09:10:03.611 +01:00 [INF] Executed action photogram.Controllers.UserController.Login (photogram) in 578.208ms
2024-11-29 09:10:03.611 +01:00 [INF] Executed endpoint 'photogram.Controllers.UserController.Login (photogram)'
2024-11-29 09:10:03.617 +01:00 [INF] Session started; Key:b89e8c98-6b40-71d0-2685-55dde9c16b1c, Id:37f92c1d-a503-b1e6-cdd6-2a6543546d3c
2024-11-29 09:10:03.657 +01:00 [INF] Request starting HTTP/2 GET https://localhost:7162/ - null null
2024-11-29 09:10:03.659 +01:00 [INF] Executing endpoint 'photogram.Controllers.HomeController.Index (photogram)'
2024-11-29 09:10:03.661 +01:00 [INF] Route matched with {action = "Index", controller = "Home"}. Executing controller action with signature Microsoft.AspNetCore.Mvc.IActionResult Index() on controller photogram.Controllers.HomeController (photogram).
2024-11-29 09:10:03.664 +01:00 [INF] Executing ViewResult, running view Index.
2024-11-29 09:10:03.668 +01:00 [INF] Request finished HTTP/2 POST https://localhost:7162/User/Login - 302 0 null 685.5095ms
2024-11-29 09:10:03.715 +01:00 [INF] Executed ViewResult - view Index executed in 51.3156ms.
2024-11-29 09:10:03.716 +01:00 [INF] Executed action photogram.Controllers.HomeController.Index (photogram) in 55.3255ms
2024-11-29 09:10:03.717 +01:00 [INF] Executed endpoint 'photogram.Controllers.HomeController.Index (photogram)'
2024-11-29 09:10:03.717 +01:00 [INF] Request finished HTTP/2 GET https://localhost:7162/ - 200 null text/html; charset=utf-8 86.5971ms
2024-11-29 09:10:04.983 +01:00 [INF] Request starting HTTP/2 GET https://localhost:7162/Home/Feed - null null
2024-11-29 09:10:05.010 +01:00 [INF] Executing endpoint 'photogram.Controllers.HomeController.Feed (photogram)'
2024-11-29 09:10:05.017 +01:00 [INF] Route matched with {action = "Feed", controller = "Home"}. Executing controller action with signature Microsoft.AspNetCore.Mvc.IActionResult Feed() on controller photogram.Controllers.HomeController (photogram).
2024-11-29 09:10:05.020 +01:00 [INF] Executing RedirectResult, redirecting to /Post/Feed.
2024-11-29 09:10:05.020 +01:00 [INF] Executed action photogram.Controllers.HomeController.Feed (photogram) in 2.5864ms
2024-11-29 09:10:05.020 +01:00 [INF] Executed endpoint 'photogram.Controllers.HomeController.Feed (photogram)'
2024-11-29 09:10:05.020 +01:00 [INF] Request finished HTTP/2 GET https://localhost:7162/Home/Feed - 302 0 null 37.8019ms
2024-11-29 09:10:05.057 +01:00 [INF] Request starting HTTP/2 GET https://localhost:7162/Post/Feed - null null
2024-11-29 09:10:05.059 +01:00 [INF] Executing endpoint 'photogram.Controllers.PostController.Feed (photogram)'
2024-11-29 09:10:05.068 +01:00 [INF] Route matched with {action = "Feed", controller = "Post"}. Executing controller action with signature System.Threading.Tasks.Task`1[Microsoft.AspNetCore.Mvc.IActionResult] Feed(System.Nullable`1[System.Int32], System.Nullable`1[System.Int32]) on controller photogram.Controllers.PostController (photogram).
2024-11-29 09:10:05.226 +01:00 [INF] Executing ViewResult, running view Feed.
2024-11-29 09:10:05.504 +01:00 [INF] Executed ViewResult - view Feed executed in 279.7568ms.
2024-11-29 09:10:05.557 +01:00 [INF] Request starting HTTP/2 GET https://localhost:7162/uploads/5e421b25-4a07-447b-ab3f-e65c4fe2e3fb_image.jpg - null null
2024-11-29 09:10:05.585 +01:00 [INF] Executed action photogram.Controllers.PostController.Feed (photogram) in 516.2313ms
2024-11-29 09:10:05.587 +01:00 [INF] Executed endpoint 'photogram.Controllers.PostController.Feed (photogram)'
2024-11-29 09:10:05.625 +01:00 [INF] The file /uploads/5e421b25-4a07-447b-ab3f-e65c4fe2e3fb_image.jpg was not modified
2024-11-29 09:10:05.652 +01:00 [INF] Request finished HTTP/2 GET https://localhost:7162/Post/Feed - 200 null text/html; charset=utf-8 619.6807ms
2024-11-29 09:10:05.653 +01:00 [INF] Request finished HTTP/2 GET https://localhost:7162/uploads/5e421b25-4a07-447b-ab3f-e65c4fe2e3fb_image.jpg - 304 null image/jpeg 95.6992ms
