2024-11-29 12:42:21.706 +01:00 [INF] User profile is available. Using '/Users/yasminali/.aspnet/DataProtection-Keys' as key repository; keys will not be encrypted at rest.
2024-11-29 12:42:22.662 +01:00 [INF] Now listening on: https://localhost:7162
2024-11-29 12:42:22.669 +01:00 [INF] Now listening on: http://localhost:5000
2024-11-29 12:42:22.699 +01:00 [INF] Application started. Press Ctrl+C to shut down.
2024-11-29 12:42:22.858 +01:00 [INF] Hosting environment: Development
2024-11-29 12:42:22.864 +01:00 [INF] Content root path: /Users/yasminali/Downloads/photogram 6
2024-11-29 12:42:23.638 +01:00 [INF] Request starting HTTP/2 GET https://localhost:7162/ - null null
2024-11-29 12:42:23.711 +01:00 [INF] Executing endpoint 'photogram.Controllers.HomeController.Index (photogram)'
2024-11-29 12:42:23.740 +01:00 [INF] Route matched with {action = "Index", controller = "Home"}. Executing controller action with signature Microsoft.AspNetCore.Mvc.IActionResult Index() on controller photogram.Controllers.HomeController (photogram).
2024-11-29 12:42:23.773 +01:00 [INF] Executing ViewResult, running view Index.
2024-11-29 12:42:23.875 +01:00 [INF] Accessing expired session, Key:b89e8c98-6b40-71d0-2685-55dde9c16b1c
2024-11-29 12:42:23.891 +01:00 [INF] Executed ViewResult - view Index executed in 129.3724ms.
2024-11-29 12:42:23.909 +01:00 [INF] Executed action photogram.Controllers.HomeController.Index (photogram) in 166.9318ms
2024-11-29 12:42:23.909 +01:00 [INF] Executed endpoint 'photogram.Controllers.HomeController.Index (photogram)'
2024-11-29 12:42:23.928 +01:00 [INF] Request finished HTTP/2 GET https://localhost:7162/ - 200 null text/html; charset=utf-8 290.5736ms
2024-11-29 12:42:25.808 +01:00 [INF] Request starting HTTP/2 GET https://localhost:7162/User/Login - null null
2024-11-29 12:42:25.824 +01:00 [INF] Executing endpoint 'photogram.Controllers.UserController.Login (photogram)'
2024-11-29 12:42:25.829 +01:00 [INF] Route matched with {action = "Login", controller = "User"}. Executing controller action with signature Microsoft.AspNetCore.Mvc.IActionResult Login() on controller photogram.Controllers.UserController (photogram).
2024-11-29 12:42:25.913 +01:00 [INF] Executing ViewResult, running view Login.
2024-11-29 12:42:25.980 +01:00 [INF] Accessing expired session, Key:b89e8c98-6b40-71d0-2685-55dde9c16b1c
2024-11-29 12:42:25.993 +01:00 [INF] Executed ViewResult - view Login executed in 82.2398ms.
2024-11-29 12:42:25.994 +01:00 [INF] Executed action photogram.Controllers.UserController.Login (photogram) in 164.3221ms
2024-11-29 12:42:25.994 +01:00 [INF] Executed endpoint 'photogram.Controllers.UserController.Login (photogram)'
2024-11-29 12:42:26.004 +01:00 [INF] Request finished HTTP/2 GET https://localhost:7162/User/Login - 200 null text/html; charset=utf-8 195.3216ms
2024-11-29 12:42:28.128 +01:00 [INF] Request starting HTTP/2 POST https://localhost:7162/User/Login - application/x-www-form-urlencoded 221
2024-11-29 12:42:28.136 +01:00 [INF] Executing endpoint 'photogram.Controllers.UserController.Login (photogram)'
2024-11-29 12:42:28.152 +01:00 [INF] Route matched with {action = "Login", controller = "User"}. Executing controller action with signature Microsoft.AspNetCore.Mvc.IActionResult Login(photogram.ViewModels.LoginViewModel) on controller photogram.Controllers.UserController (photogram).
2024-11-29 12:42:28.334 +01:00 [INF] Attempting to login
2024-11-29 12:42:28.775 +01:00 [INF] Accessing expired session, Key:b89e8c98-6b40-71d0-2685-55dde9c16b1c
2024-11-29 12:42:28.778 +01:00 [INF] Executing RedirectResult, redirecting to /.
2024-11-29 12:42:28.778 +01:00 [INF] Executed action photogram.Controllers.UserController.Login (photogram) in 626.2336ms
2024-11-29 12:42:28.778 +01:00 [INF] Executed endpoint 'photogram.Controllers.UserController.Login (photogram)'
2024-11-29 12:42:28.787 +01:00 [INF] Session started; Key:b89e8c98-6b40-71d0-2685-55dde9c16b1c, Id:581d50c0-47b8-b207-0097-940c34b399ca
2024-11-29 12:42:28.854 +01:00 [INF] Request starting HTTP/2 GET https://localhost:7162/ - null null
2024-11-29 12:42:28.855 +01:00 [INF] Executing endpoint 'photogram.Controllers.HomeController.Index (photogram)'
2024-11-29 12:42:28.856 +01:00 [INF] Route matched with {action = "Index", controller = "Home"}. Executing controller action with signature Microsoft.AspNetCore.Mvc.IActionResult Index() on controller photogram.Controllers.HomeController (photogram).
2024-11-29 12:42:28.857 +01:00 [INF] Executing ViewResult, running view Index.
2024-11-29 12:42:28.860 +01:00 [INF] Request finished HTTP/2 POST https://localhost:7162/User/Login - 302 0 null 731.6961ms
2024-11-29 12:42:28.906 +01:00 [INF] Executed ViewResult - view Index executed in 49.0892ms.
2024-11-29 12:42:28.936 +01:00 [INF] Executed action photogram.Controllers.HomeController.Index (photogram) in 80.3936ms
2024-11-29 12:42:28.942 +01:00 [INF] Executed endpoint 'photogram.Controllers.HomeController.Index (photogram)'
2024-11-29 12:42:28.960 +01:00 [INF] Request finished HTTP/2 GET https://localhost:7162/ - 200 null text/html; charset=utf-8 105.9853ms
2024-11-29 12:42:30.471 +01:00 [INF] Request starting HTTP/2 GET https://localhost:7162/Home/Feed - null null
2024-11-29 12:42:30.499 +01:00 [INF] Executing endpoint 'photogram.Controllers.HomeController.Feed (photogram)'
2024-11-29 12:42:30.502 +01:00 [INF] Route matched with {action = "Feed", controller = "Home"}. Executing controller action with signature Microsoft.AspNetCore.Mvc.IActionResult Feed() on controller photogram.Controllers.HomeController (photogram).
2024-11-29 12:42:30.508 +01:00 [INF] Executing RedirectResult, redirecting to /Post/Feed.
2024-11-29 12:42:30.509 +01:00 [INF] Executed action photogram.Controllers.HomeController.Feed (photogram) in 6.149ms
2024-11-29 12:42:30.509 +01:00 [INF] Executed endpoint 'photogram.Controllers.HomeController.Feed (photogram)'
2024-11-29 12:42:30.510 +01:00 [INF] Request finished HTTP/2 GET https://localhost:7162/Home/Feed - 302 0 null 38.3834ms
2024-11-29 12:42:30.523 +01:00 [INF] Request starting HTTP/2 GET https://localhost:7162/Post/Feed - null null
2024-11-29 12:42:30.524 +01:00 [INF] Executing endpoint 'photogram.Controllers.PostController.Feed (photogram)'
2024-11-29 12:42:30.533 +01:00 [INF] Route matched with {action = "Feed", controller = "Post"}. Executing controller action with signature System.Threading.Tasks.Task`1[Microsoft.AspNetCore.Mvc.IActionResult] Feed(System.Nullable`1[System.Int32], System.Nullable`1[System.Int32]) on controller photogram.Controllers.PostController (photogram).
2024-11-29 12:42:30.690 +01:00 [INF] Executing ViewResult, running view Feed.
2024-11-29 12:42:30.960 +01:00 [INF] Executed ViewResult - view Feed executed in 271.5778ms.
2024-11-29 12:42:30.961 +01:00 [INF] Executed action photogram.Controllers.PostController.Feed (photogram) in 427.9709ms
2024-11-29 12:42:30.962 +01:00 [INF] Executed endpoint 'photogram.Controllers.PostController.Feed (photogram)'
2024-11-29 12:42:30.968 +01:00 [INF] Request finished HTTP/2 GET https://localhost:7162/Post/Feed - 200 null text/html; charset=utf-8 445.0831ms
2024-11-29 12:42:32.831 +01:00 [INF] Request starting HTTP/2 GET https://localhost:7162/Post/MyPosts - null null
2024-11-29 12:42:32.836 +01:00 [INF] Executing endpoint 'photogram.Controllers.PostController.MyPosts (photogram)'
2024-11-29 12:42:32.841 +01:00 [INF] Route matched with {action = "MyPosts", controller = "Post"}. Executing controller action with signature System.Threading.Tasks.Task`1[Microsoft.AspNetCore.Mvc.IActionResult] MyPosts(System.Nullable`1[System.Int32]) on controller photogram.Controllers.PostController (photogram).
2024-11-29 12:42:33.161 +01:00 [INF] Executing ViewResult, running view MyPosts.
2024-11-29 12:42:33.404 +01:00 [INF] Executed ViewResult - view MyPosts executed in 243.3551ms.
2024-11-29 12:42:33.415 +01:00 [INF] Executed action photogram.Controllers.PostController.MyPosts (photogram) in 573.3422ms
2024-11-29 12:42:33.415 +01:00 [INF] Executed endpoint 'photogram.Controllers.PostController.MyPosts (photogram)'
2024-11-29 12:42:33.417 +01:00 [INF] Request finished HTTP/2 GET https://localhost:7162/Post/MyPosts - 200 null text/html; charset=utf-8 585.8264ms
2024-11-29 12:42:37.149 +01:00 [INF] Request starting HTTP/2 GET https://localhost:7162/Home/Feed - null null
2024-11-29 12:42:37.152 +01:00 [INF] Executing endpoint 'photogram.Controllers.HomeController.Feed (photogram)'
2024-11-29 12:42:37.152 +01:00 [INF] Route matched with {action = "Feed", controller = "Home"}. Executing controller action with signature Microsoft.AspNetCore.Mvc.IActionResult Feed() on controller photogram.Controllers.HomeController (photogram).
2024-11-29 12:42:37.153 +01:00 [INF] Executing RedirectResult, redirecting to /Post/Feed.
2024-11-29 12:42:37.153 +01:00 [INF] Executed action photogram.Controllers.HomeController.Feed (photogram) in 0.6008ms
2024-11-29 12:42:37.154 +01:00 [INF] Executed endpoint 'photogram.Controllers.HomeController.Feed (photogram)'
2024-11-29 12:42:37.154 +01:00 [INF] Request finished HTTP/2 GET https://localhost:7162/Home/Feed - 302 0 null 5.0003ms
2024-11-29 12:42:37.163 +01:00 [INF] Request starting HTTP/2 GET https://localhost:7162/Post/Feed - null null
2024-11-29 12:42:37.185 +01:00 [INF] Executing endpoint 'photogram.Controllers.PostController.Feed (photogram)'
2024-11-29 12:42:37.185 +01:00 [INF] Route matched with {action = "Feed", controller = "Post"}. Executing controller action with signature System.Threading.Tasks.Task`1[Microsoft.AspNetCore.Mvc.IActionResult] Feed(System.Nullable`1[System.Int32], System.Nullable`1[System.Int32]) on controller photogram.Controllers.PostController (photogram).
2024-11-29 12:42:37.198 +01:00 [INF] Executing ViewResult, running view Feed.
2024-11-29 12:42:37.278 +01:00 [INF] Executed ViewResult - view Feed executed in 80.5153ms.
2024-11-29 12:42:37.286 +01:00 [INF] Executed action photogram.Controllers.PostController.Feed (photogram) in 100.6843ms
2024-11-29 12:42:37.287 +01:00 [INF] Executed endpoint 'photogram.Controllers.PostController.Feed (photogram)'
2024-11-29 12:42:37.289 +01:00 [INF] Request finished HTTP/2 GET https://localhost:7162/Post/Feed - 200 null text/html; charset=utf-8 126.6697ms
2024-11-29 12:42:53.940 +01:00 [INF] Request starting HTTP/2 POST https://localhost:7162/Comments/EditComment - application/x-www-form-urlencoded 220
2024-11-29 12:42:53.942 +01:00 [INF] Executing endpoint 'photogram.Controllers.CommentsController.EditComment (photogram)'
2024-11-29 12:42:53.973 +01:00 [INF] Route matched with {action = "EditComment", controller = "Comments"}. Executing controller action with signature System.Threading.Tasks.Task`1[Microsoft.AspNetCore.Mvc.IActionResult] EditComment(Int32, System.String) on controller photogram.Controllers.CommentsController (photogram).
2024-11-29 12:42:54.176 +01:00 [INF] Comment with Id 13 updated successfully.
2024-11-29 12:42:54.177 +01:00 [INF] Executing RedirectResult, redirecting to /Post/Feed.
2024-11-29 12:42:54.178 +01:00 [INF] Executed action photogram.Controllers.CommentsController.EditComment (photogram) in 204.9155ms
2024-11-29 12:42:54.178 +01:00 [INF] Executed endpoint 'photogram.Controllers.CommentsController.EditComment (photogram)'
2024-11-29 12:42:54.178 +01:00 [INF] Request finished HTTP/2 POST https://localhost:7162/Comments/EditComment - 302 0 null 238.2687ms
2024-11-29 12:42:54.189 +01:00 [INF] Request starting HTTP/2 GET https://localhost:7162/Post/Feed - null null
2024-11-29 12:42:54.190 +01:00 [INF] Executing endpoint 'photogram.Controllers.PostController.Feed (photogram)'
2024-11-29 12:42:54.190 +01:00 [INF] Route matched with {action = "Feed", controller = "Post"}. Executing controller action with signature System.Threading.Tasks.Task`1[Microsoft.AspNetCore.Mvc.IActionResult] Feed(System.Nullable`1[System.Int32], System.Nullable`1[System.Int32]) on controller photogram.Controllers.PostController (photogram).
2024-11-29 12:42:54.199 +01:00 [INF] Executing ViewResult, running view Feed.
2024-11-29 12:42:54.304 +01:00 [INF] Executed ViewResult - view Feed executed in 105.268ms.
2024-11-29 12:42:54.326 +01:00 [INF] Executed action photogram.Controllers.PostController.Feed (photogram) in 136.3369ms
2024-11-29 12:42:54.327 +01:00 [INF] Executed endpoint 'photogram.Controllers.PostController.Feed (photogram)'
2024-11-29 12:42:54.327 +01:00 [INF] Request finished HTTP/2 GET https://localhost:7162/Post/Feed - 200 null text/html; charset=utf-8 138.0406ms
2024-11-29 12:43:00.786 +01:00 [INF] Request starting HTTP/2 GET https://localhost:7162/Post/MyPosts - null null
2024-11-29 12:43:00.787 +01:00 [INF] Executing endpoint 'photogram.Controllers.PostController.MyPosts (photogram)'
2024-11-29 12:43:00.787 +01:00 [INF] Route matched with {action = "MyPosts", controller = "Post"}. Executing controller action with signature System.Threading.Tasks.Task`1[Microsoft.AspNetCore.Mvc.IActionResult] MyPosts(System.Nullable`1[System.Int32]) on controller photogram.Controllers.PostController (photogram).
2024-11-29 12:43:00.796 +01:00 [INF] Executing ViewResult, running view MyPosts.
2024-11-29 12:43:00.878 +01:00 [INF] Executed ViewResult - view MyPosts executed in 81.1593ms.
2024-11-29 12:43:00.927 +01:00 [INF] Executed action photogram.Controllers.PostController.MyPosts (photogram) in 139.8169ms
2024-11-29 12:43:00.930 +01:00 [INF] Executed endpoint 'photogram.Controllers.PostController.MyPosts (photogram)'
2024-11-29 12:43:00.930 +01:00 [INF] Request finished HTTP/2 GET https://localhost:7162/Post/MyPosts - 200 null text/html; charset=utf-8 144.9739ms
2024-11-29 12:43:03.102 +01:00 [INF] Request starting HTTP/2 GET https://localhost:7162/Post/EditPost/8 - null null
2024-11-29 12:43:03.102 +01:00 [INF] Executing endpoint 'photogram.Controllers.PostController.EditPost (photogram)'
2024-11-29 12:43:03.139 +01:00 [INF] Route matched with {action = "EditPost", controller = "Post"}. Executing controller action with signature System.Threading.Tasks.Task`1[Microsoft.AspNetCore.Mvc.IActionResult] EditPost(Int32) on controller photogram.Controllers.PostController (photogram).
2024-11-29 12:43:03.148 +01:00 [INF] EditPost GET called with ID: 8
2024-11-29 12:43:03.179 +01:00 [INF] Executing RedirectResult, redirecting to /Post/MyPosts?editingPostId=8.
2024-11-29 12:43:03.179 +01:00 [INF] Executed action photogram.Controllers.PostController.EditPost (photogram) in 40.205ms
2024-11-29 12:43:03.179 +01:00 [INF] Executed endpoint 'photogram.Controllers.PostController.EditPost (photogram)'
2024-11-29 12:43:03.179 +01:00 [INF] Request finished HTTP/2 GET https://localhost:7162/Post/EditPost/8 - 302 0 null 77.8526ms
2024-11-29 12:43:03.213 +01:00 [INF] Request starting HTTP/2 GET https://localhost:7162/Post/MyPosts?editingPostId=8 - null null
2024-11-29 12:43:03.213 +01:00 [INF] Executing endpoint 'photogram.Controllers.PostController.MyPosts (photogram)'
2024-11-29 12:43:03.213 +01:00 [INF] Route matched with {action = "MyPosts", controller = "Post"}. Executing controller action with signature System.Threading.Tasks.Task`1[Microsoft.AspNetCore.Mvc.IActionResult] MyPosts(System.Nullable`1[System.Int32]) on controller photogram.Controllers.PostController (photogram).
2024-11-29 12:43:03.373 +01:00 [INF] Executing ViewResult, running view MyPosts.
2024-11-29 12:43:03.413 +01:00 [INF] Executed ViewResult - view MyPosts executed in 39.4073ms.
2024-11-29 12:43:03.416 +01:00 [INF] Executed action photogram.Controllers.PostController.MyPosts (photogram) in 201.5402ms
2024-11-29 12:43:03.419 +01:00 [INF] Executed endpoint 'photogram.Controllers.PostController.MyPosts (photogram)'
2024-11-29 12:43:03.495 +01:00 [INF] Request finished HTTP/2 GET https://localhost:7162/Post/MyPosts?editingPostId=8 - 200 null text/html; charset=utf-8 281.5799ms
2024-11-29 12:43:06.596 +01:00 [INF] Request starting HTTP/2 POST https://localhost:7162/Post/UpdatePost - application/x-www-form-urlencoded 207
2024-11-29 12:43:06.671 +01:00 [INF] Executing endpoint 'photogram.Controllers.PostController.UpdatePost (photogram)'
2024-11-29 12:43:06.679 +01:00 [INF] Route matched with {action = "UpdatePost", controller = "Post"}. Executing controller action with signature System.Threading.Tasks.Task`1[Microsoft.AspNetCore.Mvc.IActionResult] UpdatePost(photogram.Models.UpdatePostRequestModel) on controller photogram.Controllers.PostController (photogram).
2024-11-29 12:43:06.690 +01:00 [INF] EditPost POST called with ID: 8
2024-11-29 12:43:06.724 +01:00 [INF] Post with ID 8 successfully updated
2024-11-29 12:43:06.724 +01:00 [INF] Executing RedirectResult, redirecting to /Post/MyPosts.
2024-11-29 12:43:06.725 +01:00 [INF] Executed action photogram.Controllers.PostController.UpdatePost (photogram) in 45.339ms
2024-11-29 12:43:06.725 +01:00 [INF] Executed endpoint 'photogram.Controllers.PostController.UpdatePost (photogram)'
2024-11-29 12:43:06.725 +01:00 [INF] Request finished HTTP/2 POST https://localhost:7162/Post/UpdatePost - 302 0 null 130.0372ms
2024-11-29 12:43:06.736 +01:00 [INF] Request starting HTTP/2 GET https://localhost:7162/Post/MyPosts - null null
2024-11-29 12:43:06.760 +01:00 [INF] Executing endpoint 'photogram.Controllers.PostController.MyPosts (photogram)'
2024-11-29 12:43:06.761 +01:00 [INF] Route matched with {action = "MyPosts", controller = "Post"}. Executing controller action with signature System.Threading.Tasks.Task`1[Microsoft.AspNetCore.Mvc.IActionResult] MyPosts(System.Nullable`1[System.Int32]) on controller photogram.Controllers.PostController (photogram).
2024-11-29 12:43:06.774 +01:00 [INF] Executing ViewResult, running view MyPosts.
2024-11-29 12:43:06.780 +01:00 [INF] Executed ViewResult - view MyPosts executed in 5.9431ms.
2024-11-29 12:43:06.781 +01:00 [INF] Executed action photogram.Controllers.PostController.MyPosts (photogram) in 19.8298ms
2024-11-29 12:43:06.792 +01:00 [INF] Executed endpoint 'photogram.Controllers.PostController.MyPosts (photogram)'
2024-11-29 12:43:06.808 +01:00 [INF] Request finished HTTP/2 GET https://localhost:7162/Post/MyPosts - 200 null text/html; charset=utf-8 72.4801ms
2024-11-29 12:43:07.982 +01:00 [INF] Request starting HTTP/2 GET https://localhost:7162/Home/Feed - null null
2024-11-29 12:43:07.983 +01:00 [INF] Executing endpoint 'photogram.Controllers.HomeController.Feed (photogram)'
2024-11-29 12:43:07.984 +01:00 [INF] Route matched with {action = "Feed", controller = "Home"}. Executing controller action with signature Microsoft.AspNetCore.Mvc.IActionResult Feed() on controller photogram.Controllers.HomeController (photogram).
2024-11-29 12:43:07.984 +01:00 [INF] Executing RedirectResult, redirecting to /Post/Feed.
2024-11-29 12:43:07.985 +01:00 [INF] Executed action photogram.Controllers.HomeController.Feed (photogram) in 0.8414ms
2024-11-29 12:43:07.985 +01:00 [INF] Executed endpoint 'photogram.Controllers.HomeController.Feed (photogram)'
2024-11-29 12:43:07.985 +01:00 [INF] Request finished HTTP/2 GET https://localhost:7162/Home/Feed - 302 0 null 2.8738ms
2024-11-29 12:43:08.021 +01:00 [INF] Request starting HTTP/2 GET https://localhost:7162/Post/Feed - null null
2024-11-29 12:43:08.022 +01:00 [INF] Executing endpoint 'photogram.Controllers.PostController.Feed (photogram)'
2024-11-29 12:43:08.022 +01:00 [INF] Route matched with {action = "Feed", controller = "Post"}. Executing controller action with signature System.Threading.Tasks.Task`1[Microsoft.AspNetCore.Mvc.IActionResult] Feed(System.Nullable`1[System.Int32], System.Nullable`1[System.Int32]) on controller photogram.Controllers.PostController (photogram).
2024-11-29 12:43:08.032 +01:00 [INF] Executing ViewResult, running view Feed.
2024-11-29 12:43:08.118 +01:00 [INF] Executed ViewResult - view Feed executed in 86.3548ms.
2024-11-29 12:43:08.119 +01:00 [INF] Executed action photogram.Controllers.PostController.Feed (photogram) in 96.8303ms
2024-11-29 12:43:08.119 +01:00 [INF] Executed endpoint 'photogram.Controllers.PostController.Feed (photogram)'
2024-11-29 12:43:08.125 +01:00 [INF] Request finished HTTP/2 GET https://localhost:7162/Post/Feed - 200 null text/html; charset=utf-8 130.0722ms
2024-11-29 12:43:12.171 +01:00 [INF] Request starting HTTP/2 GET https://localhost:7162/Post/CreatePost - null null
2024-11-29 12:43:12.172 +01:00 [INF] Executing endpoint 'photogram.Controllers.PostController.CreatePost (photogram)'
2024-11-29 12:43:12.175 +01:00 [INF] Route matched with {action = "CreatePost", controller = "Post"}. Executing controller action with signature Microsoft.AspNetCore.Mvc.IActionResult CreatePost() on controller photogram.Controllers.PostController (photogram).
2024-11-29 12:43:12.176 +01:00 [INF] Executing ViewResult, running view CreatePost.
2024-11-29 12:43:12.235 +01:00 [INF] Executed ViewResult - view CreatePost executed in 59.2125ms.
2024-11-29 12:43:12.240 +01:00 [INF] Executed action photogram.Controllers.PostController.CreatePost (photogram) in 63.7846ms
2024-11-29 12:43:12.241 +01:00 [INF] Executed endpoint 'photogram.Controllers.PostController.CreatePost (photogram)'
2024-11-29 12:43:12.243 +01:00 [INF] Request finished HTTP/2 GET https://localhost:7162/Post/CreatePost - 200 null text/html; charset=utf-8 71.7568ms
