2024-12-01 04:02:48.207 +01:00 [INF] User profile is available. Using '/Users/yasminali/.aspnet/DataProtection-Keys' as key repository; keys will not be encrypted at rest.
2024-12-01 04:02:49.384 +01:00 [INF] Now listening on: http://localhost:5001
2024-12-01 04:02:49.407 +01:00 [INF] Application started. Press Ctrl+C to shut down.
2024-12-01 04:02:49.417 +01:00 [INF] Hosting environment: Development
2024-12-01 04:02:49.421 +01:00 [INF] Content root path: /Users/yasminali/Desktop/ExamITPE3100/photogram7
2024-12-01 04:04:35.879 +01:00 [INF] Request starting HTTP/1.1 GET http://localhost:5001/ - null null
2024-12-01 04:04:35.927 +01:00 [WRN] Failed to determine the https port for redirect.
2024-12-01 04:04:35.998 +01:00 [WRN] Error unprotecting the session cookie.
System.Security.Cryptography.CryptographicException: The payload was invalid. For more information go to https://aka.ms/aspnet/dataprotectionwarning
   at Microsoft.AspNetCore.DataProtection.Managed.ManagedAuthenticatedEncryptor.Decrypt(ArraySegment`1 protectedPayload, ArraySegment`1 additionalAuthenticatedData)
   at Microsoft.AspNetCore.DataProtection.KeyManagement.KeyRingBasedDataProtector.UnprotectCore(Byte[] protectedData, Boolean allowOperationsOnRevokedKeys, UnprotectStatus& status)
   at Microsoft.AspNetCore.DataProtection.KeyManagement.KeyRingBasedDataProtector.Unprotect(Byte[] protectedData)
   at Microsoft.AspNetCore.Session.CookieProtection.Unprotect(IDataProtector protector, String protectedText, ILogger logger)
2024-12-01 04:04:36.278 +01:00 [INF] Executing endpoint 'photogram.Controllers.HomeController.Index (photogram)'
2024-12-01 04:04:36.352 +01:00 [INF] Route matched with {action = "Index", controller = "Home", page = "", area = ""}. Executing controller action with signature Microsoft.AspNetCore.Mvc.IActionResult Index() on controller photogram.Controllers.HomeController (photogram).
2024-12-01 04:04:36.417 +01:00 [INF] Executing ViewResult, running view Index.
2024-12-01 04:04:36.798 +01:00 [INF] Executed ViewResult - view Index executed in 392.7256ms.
2024-12-01 04:04:36.990 +01:00 [INF] Executed action photogram.Controllers.HomeController.Index (photogram) in 632.8242ms
2024-12-01 04:04:36.990 +01:00 [INF] Executed endpoint 'photogram.Controllers.HomeController.Index (photogram)'
2024-12-01 04:04:37.288 +01:00 [INF] Request finished HTTP/1.1 GET http://localhost:5001/ - 200 null text/html; charset=utf-8 1405.377ms
2024-12-01 04:04:42.828 +01:00 [INF] Request starting HTTP/1.1 GET http://localhost:5001/Home/Feed - null null
2024-12-01 04:04:42.829 +01:00 [WRN] Error unprotecting the session cookie.
System.Security.Cryptography.CryptographicException: The payload was invalid. For more information go to https://aka.ms/aspnet/dataprotectionwarning
   at Microsoft.AspNetCore.DataProtection.Managed.ManagedAuthenticatedEncryptor.Decrypt(ArraySegment`1 protectedPayload, ArraySegment`1 additionalAuthenticatedData)
   at Microsoft.AspNetCore.DataProtection.KeyManagement.KeyRingBasedDataProtector.UnprotectCore(Byte[] protectedData, Boolean allowOperationsOnRevokedKeys, UnprotectStatus& status)
   at Microsoft.AspNetCore.DataProtection.KeyManagement.KeyRingBasedDataProtector.Unprotect(Byte[] protectedData)
   at Microsoft.AspNetCore.Session.CookieProtection.Unprotect(IDataProtector protector, String protectedText, ILogger logger)
2024-12-01 04:04:42.843 +01:00 [INF] Executing endpoint 'photogram.Controllers.HomeController.Feed (photogram)'
2024-12-01 04:04:42.846 +01:00 [INF] Route matched with {action = "Feed", controller = "Home", page = "", area = ""}. Executing controller action with signature Microsoft.AspNetCore.Mvc.IActionResult Feed() on controller photogram.Controllers.HomeController (photogram).
2024-12-01 04:04:42.849 +01:00 [INF] Executing RedirectResult, redirecting to /Post/Feed.
2024-12-01 04:04:42.850 +01:00 [INF] Executed action photogram.Controllers.HomeController.Feed (photogram) in 3.5678ms
2024-12-01 04:04:42.850 +01:00 [INF] Executed endpoint 'photogram.Controllers.HomeController.Feed (photogram)'
2024-12-01 04:04:42.850 +01:00 [INF] Request finished HTTP/1.1 GET http://localhost:5001/Home/Feed - 302 0 null 26.9843ms
2024-12-01 04:04:42.859 +01:00 [INF] Request starting HTTP/1.1 GET http://localhost:5001/Post/Feed - null null
2024-12-01 04:04:42.860 +01:00 [WRN] Error unprotecting the session cookie.
System.Security.Cryptography.CryptographicException: The payload was invalid. For more information go to https://aka.ms/aspnet/dataprotectionwarning
   at Microsoft.AspNetCore.DataProtection.Managed.ManagedAuthenticatedEncryptor.Decrypt(ArraySegment`1 protectedPayload, ArraySegment`1 additionalAuthenticatedData)
   at Microsoft.AspNetCore.DataProtection.KeyManagement.KeyRingBasedDataProtector.UnprotectCore(Byte[] protectedData, Boolean allowOperationsOnRevokedKeys, UnprotectStatus& status)
   at Microsoft.AspNetCore.DataProtection.KeyManagement.KeyRingBasedDataProtector.Unprotect(Byte[] protectedData)
   at Microsoft.AspNetCore.Session.CookieProtection.Unprotect(IDataProtector protector, String protectedText, ILogger logger)
2024-12-01 04:04:42.895 +01:00 [INF] Executing endpoint 'photogram.Controllers.PostController.Feed (photogram)'
2024-12-01 04:04:42.937 +01:00 [INF] Route matched with {action = "Feed", controller = "Post", page = "", area = ""}. Executing controller action with signature System.Threading.Tasks.Task`1[Microsoft.AspNetCore.Mvc.IActionResult] Feed(System.Nullable`1[System.Int32], System.Nullable`1[System.Int32]) on controller photogram.Controllers.PostController (photogram).
2024-12-01 04:04:44.383 +01:00 [INF] Executing ViewResult, running view Feed.
2024-12-01 04:04:45.069 +01:00 [INF] Executed ViewResult - view Feed executed in 689.5794ms.
2024-12-01 04:04:45.069 +01:00 [INF] Executed action photogram.Controllers.PostController.Feed (photogram) in 2131.8243ms
2024-12-01 04:04:45.069 +01:00 [INF] Executed endpoint 'photogram.Controllers.PostController.Feed (photogram)'
2024-12-01 04:04:45.173 +01:00 [INF] Request finished HTTP/1.1 GET http://localhost:5001/Post/Feed - 200 null text/html; charset=utf-8 2313.3859ms
2024-12-01 04:05:01.290 +01:00 [INF] Request starting HTTP/1.1 POST http://localhost:5001/Comments/EditComment - application/x-www-form-urlencoded 247
2024-12-01 04:05:01.297 +01:00 [WRN] Error unprotecting the session cookie.
System.Security.Cryptography.CryptographicException: The payload was invalid. For more information go to https://aka.ms/aspnet/dataprotectionwarning
   at Microsoft.AspNetCore.DataProtection.Managed.ManagedAuthenticatedEncryptor.Decrypt(ArraySegment`1 protectedPayload, ArraySegment`1 additionalAuthenticatedData)
   at Microsoft.AspNetCore.DataProtection.KeyManagement.KeyRingBasedDataProtector.UnprotectCore(Byte[] protectedData, Boolean allowOperationsOnRevokedKeys, UnprotectStatus& status)
   at Microsoft.AspNetCore.DataProtection.KeyManagement.KeyRingBasedDataProtector.Unprotect(Byte[] protectedData)
   at Microsoft.AspNetCore.Session.CookieProtection.Unprotect(IDataProtector protector, String protectedText, ILogger logger)
2024-12-01 04:05:01.316 +01:00 [INF] Executing endpoint 'photogram.Controllers.CommentsController.EditComment (photogram)'
2024-12-01 04:05:01.326 +01:00 [INF] Route matched with {action = "EditComment", controller = "Comments", page = "", area = ""}. Executing controller action with signature System.Threading.Tasks.Task`1[Microsoft.AspNetCore.Mvc.IActionResult] EditComment(Int32, System.String) on controller photogram.Controllers.CommentsController (photogram).
2024-12-01 04:05:01.856 +01:00 [ERR] Failed executing DbCommand (18ms) [Parameters=[@p4='?' (DbType = Int32), @p0='?', @p1='?' (DbType = DateTime), @p2='?' (DbType = Int32), @p3='?' (Size = 15)], CommandType='"Text"', CommandTimeout='30']
UPDATE "Comments" SET "Content" = @p0, "CreatedAt" = @p1, "PostId" = @p2, "UserName" = @p3
WHERE "Id" = @p4
RETURNING 1;
2024-12-01 04:05:01.920 +01:00 [ERR] An exception occurred in the database while saving changes for context type 'photogram.DAL.PostDbContext'.
Microsoft.EntityFrameworkCore.DbUpdateException: An error occurred while saving the entity changes. See the inner exception for details.
 ---> Microsoft.Data.Sqlite.SqliteException (0x80004005): SQLite Error 19: 'NOT NULL constraint failed: Comments.Content'.
   at Microsoft.Data.Sqlite.SqliteException.ThrowExceptionForRC(Int32 rc, sqlite3 db)
   at Microsoft.Data.Sqlite.SqliteDataReader.NextResult()
   at Microsoft.Data.Sqlite.SqliteCommand.ExecuteReader(CommandBehavior behavior)
   at Microsoft.Data.Sqlite.SqliteCommand.ExecuteReaderAsync(CommandBehavior behavior, CancellationToken cancellationToken)
   at Microsoft.Data.Sqlite.SqliteCommand.ExecuteDbDataReaderAsync(CommandBehavior behavior, CancellationToken cancellationToken)
   at Microsoft.EntityFrameworkCore.Storage.RelationalCommand.ExecuteReaderAsync(RelationalCommandParameterObject parameterObject, CancellationToken cancellationToken)
   at Microsoft.EntityFrameworkCore.Storage.RelationalCommand.ExecuteReaderAsync(RelationalCommandParameterObject parameterObject, CancellationToken cancellationToken)
   at Microsoft.EntityFrameworkCore.Update.ReaderModificationCommandBatch.ExecuteAsync(IRelationalConnection connection, CancellationToken cancellationToken)
   --- End of inner exception stack trace ---
   at Microsoft.EntityFrameworkCore.Update.ReaderModificationCommandBatch.ExecuteAsync(IRelationalConnection connection, CancellationToken cancellationToken)
   at Microsoft.EntityFrameworkCore.Update.Internal.BatchExecutor.ExecuteAsync(IEnumerable`1 commandBatches, IRelationalConnection connection, CancellationToken cancellationToken)
   at Microsoft.EntityFrameworkCore.Update.Internal.BatchExecutor.ExecuteAsync(IEnumerable`1 commandBatches, IRelationalConnection connection, CancellationToken cancellationToken)
   at Microsoft.EntityFrameworkCore.Update.Internal.BatchExecutor.ExecuteAsync(IEnumerable`1 commandBatches, IRelationalConnection connection, CancellationToken cancellationToken)
   at Microsoft.EntityFrameworkCore.Storage.RelationalDatabase.SaveChangesAsync(IList`1 entries, CancellationToken cancellationToken)
   at Microsoft.EntityFrameworkCore.ChangeTracking.Internal.StateManager.SaveChangesAsync(IList`1 entriesToSave, CancellationToken cancellationToken)
   at Microsoft.EntityFrameworkCore.ChangeTracking.Internal.StateManager.SaveChangesAsync(StateManager stateManager, Boolean acceptAllChangesOnSuccess, CancellationToken cancellationToken)
   at Microsoft.EntityFrameworkCore.DbContext.SaveChangesAsync(Boolean acceptAllChangesOnSuccess, CancellationToken cancellationToken)
Microsoft.EntityFrameworkCore.DbUpdateException: An error occurred while saving the entity changes. See the inner exception for details.
 ---> Microsoft.Data.Sqlite.SqliteException (0x80004005): SQLite Error 19: 'NOT NULL constraint failed: Comments.Content'.
   at Microsoft.Data.Sqlite.SqliteException.ThrowExceptionForRC(Int32 rc, sqlite3 db)
   at Microsoft.Data.Sqlite.SqliteDataReader.NextResult()
   at Microsoft.Data.Sqlite.SqliteCommand.ExecuteReader(CommandBehavior behavior)
   at Microsoft.Data.Sqlite.SqliteCommand.ExecuteReaderAsync(CommandBehavior behavior, CancellationToken cancellationToken)
   at Microsoft.Data.Sqlite.SqliteCommand.ExecuteDbDataReaderAsync(CommandBehavior behavior, CancellationToken cancellationToken)
   at Microsoft.EntityFrameworkCore.Storage.RelationalCommand.ExecuteReaderAsync(RelationalCommandParameterObject parameterObject, CancellationToken cancellationToken)
   at Microsoft.EntityFrameworkCore.Storage.RelationalCommand.ExecuteReaderAsync(RelationalCommandParameterObject parameterObject, CancellationToken cancellationToken)
   at Microsoft.EntityFrameworkCore.Update.ReaderModificationCommandBatch.ExecuteAsync(IRelationalConnection connection, CancellationToken cancellationToken)
   --- End of inner exception stack trace ---
   at Microsoft.EntityFrameworkCore.Update.ReaderModificationCommandBatch.ExecuteAsync(IRelationalConnection connection, CancellationToken cancellationToken)
   at Microsoft.EntityFrameworkCore.Update.Internal.BatchExecutor.ExecuteAsync(IEnumerable`1 commandBatches, IRelationalConnection connection, CancellationToken cancellationToken)
   at Microsoft.EntityFrameworkCore.Update.Internal.BatchExecutor.ExecuteAsync(IEnumerable`1 commandBatches, IRelationalConnection connection, CancellationToken cancellationToken)
   at Microsoft.EntityFrameworkCore.Update.Internal.BatchExecutor.ExecuteAsync(IEnumerable`1 commandBatches, IRelationalConnection connection, CancellationToken cancellationToken)
   at Microsoft.EntityFrameworkCore.Storage.RelationalDatabase.SaveChangesAsync(IList`1 entries, CancellationToken cancellationToken)
   at Microsoft.EntityFrameworkCore.ChangeTracking.Internal.StateManager.SaveChangesAsync(IList`1 entriesToSave, CancellationToken cancellationToken)
   at Microsoft.EntityFrameworkCore.ChangeTracking.Internal.StateManager.SaveChangesAsync(StateManager stateManager, Boolean acceptAllChangesOnSuccess, CancellationToken cancellationToken)
   at Microsoft.EntityFrameworkCore.DbContext.SaveChangesAsync(Boolean acceptAllChangesOnSuccess, CancellationToken cancellationToken)
2024-12-01 04:05:02.038 +01:00 [ERR] [CommentRepository] UpdateComment failed for Comment {"Post":{"Comments":[{"Post":{"Comments":[{"Post":{"Comments":[{"Post":null,"LazyLoader":null,"Id":null,"Content":null,"UserName":null,"CreatedAt":null,"PostId":null,"$type":"CommentProxy"},{"Post":null,"LazyLoader":null,"Id":null,"Content":null,"UserName":null,"CreatedAt":null,"PostId":null,"$type":"CommentProxy"}],"LazyLoader":{"$type":"LazyLoader"},"Id":11,"Content":"Jeg gleder meg til 17.maiii","UserName":"potet@gmail.com","ImagePath":null,"CreatedAt":"2024-11-30T12:35:46.1146280","$type":"PostProxy"},"LazyLoader":{"$type":"LazyLoader"},"Id":14,"Content":null,"UserName":"potet@gmail.com","CreatedAt":"2024-12-01T02:26:46.4038670","PostId":11,"$type":"CommentProxy"},{"Post":{"Comments":[{"Post":null,"LazyLoader":null,"Id":null,"Content":null,"UserName":null,"CreatedAt":null,"PostId":null,"$type":"CommentProxy"},{"Post":null,"LazyLoader":null,"Id":null,"Content":null,"UserName":null,"CreatedAt":null,"PostId":null,"$type":"CommentProxy"}],"LazyLoader":{"$type":"LazyLoader"},"Id":11,"Content":"Jeg gleder meg til 17.maiii","UserName":"potet@gmail.com","ImagePath":null,"CreatedAt":"2024-11-30T12:35:46.1146280","$type":"PostProxy"},"LazyLoader":{"$type":"LazyLoader"},"Id":12,"Content":"Noo 4th of july!!!","UserName":"Billclinton@gmail.com","CreatedAt":"2024-12-01T01:25:03.6394410","PostId":11,"$type":"CommentProxy"}],"LazyLoader":{"$type":"LazyLoader"},"Id":11,"Content":"Jeg gleder meg til 17.maiii","UserName":"potet@gmail.com","ImagePath":null,"CreatedAt":"2024-11-30T12:35:46.1146280","$type":"PostProxy"},"LazyLoader":{"$type":"LazyLoader"},"Id":14,"Content":null,"UserName":"potet@gmail.com","CreatedAt":"2024-12-01T02:26:46.4038670","PostId":11,"$type":"CommentProxy"},{"Post":{"Comments":[{"Post":{"Comments":[{"Post":null,"LazyLoader":null,"Id":null,"Content":null,"UserName":null,"CreatedAt":null,"PostId":null,"$type":"CommentProxy"},{"Post":null,"LazyLoader":null,"Id":null,"Content":null,"UserName":null,"CreatedAt":null,"PostId":null,"$type":"CommentProxy"}],"LazyLoader":{"$type":"LazyLoader"},"Id":11,"Content":"Jeg gleder meg til 17.maiii","UserName":"potet@gmail.com","ImagePath":null,"CreatedAt":"2024-11-30T12:35:46.1146280","$type":"PostProxy"},"LazyLoader":{"$type":"LazyLoader"},"Id":14,"Content":null,"UserName":"potet@gmail.com","CreatedAt":"2024-12-01T02:26:46.4038670","PostId":11,"$type":"CommentProxy"},{"Post":{"Comments":[{"Post":null,"LazyLoader":null,"Id":null,"Content":null,"UserName":null,"CreatedAt":null,"PostId":null,"$type":"CommentProxy"},{"Post":null,"LazyLoader":null,"Id":null,"Content":null,"UserName":null,"CreatedAt":null,"PostId":null,"$type":"CommentProxy"}],"LazyLoader":{"$type":"LazyLoader"},"Id":11,"Content":"Jeg gleder meg til 17.maiii","UserName":"potet@gmail.com","ImagePath":null,"CreatedAt":"2024-11-30T12:35:46.1146280","$type":"PostProxy"},"LazyLoader":{"$type":"LazyLoader"},"Id":12,"Content":"Noo 4th of july!!!","UserName":"Billclinton@gmail.com","CreatedAt":"2024-12-01T01:25:03.6394410","PostId":11,"$type":"CommentProxy"}],"LazyLoader":{"$type":"LazyLoader"},"Id":11,"Content":"Jeg gleder meg til 17.maiii","UserName":"potet@gmail.com","ImagePath":null,"CreatedAt":"2024-11-30T12:35:46.1146280","$type":"PostProxy"},"LazyLoader":{"$type":"LazyLoader"},"Id":12,"Content":"Noo 4th of july!!!","UserName":"Billclinton@gmail.com","CreatedAt":"2024-12-01T01:25:03.6394410","PostId":11,"$type":"CommentProxy"}],"LazyLoader":{"$type":"LazyLoader"},"Id":11,"Content":"Jeg gleder meg til 17.maiii","UserName":"potet@gmail.com","ImagePath":null,"CreatedAt":"2024-11-30T12:35:46.1146280","$type":"PostProxy"},"LazyLoader":{"$type":"LazyLoader"},"Id":14,"Content":null,"UserName":"potet@gmail.com","CreatedAt":"2024-12-01T02:26:46.4038670","PostId":11,"$type":"CommentProxy"}: An error occurred while saving the entity changes. See the inner exception for details.
2024-12-01 04:05:02.042 +01:00 [ERR] Failed to update comment with Id 14.
2024-12-01 04:05:02.112 +01:00 [INF] Executing ObjectResult, writing value of type 'System.String'.
2024-12-01 04:05:02.118 +01:00 [INF] Executed action photogram.Controllers.CommentsController.EditComment (photogram) in 787.8179ms
2024-12-01 04:05:02.118 +01:00 [INF] Executed endpoint 'photogram.Controllers.CommentsController.EditComment (photogram)'
2024-12-01 04:05:02.123 +01:00 [INF] Request finished HTTP/1.1 POST http://localhost:5001/Comments/EditComment - 500 null text/plain; charset=utf-8 832.8804ms
2024-12-01 04:05:11.440 +01:00 [INF] Request starting HTTP/1.1 POST http://localhost:5001/Comments/EditComment - application/x-www-form-urlencoded 288
2024-12-01 04:05:11.448 +01:00 [WRN] Error unprotecting the session cookie.
System.Security.Cryptography.CryptographicException: The payload was invalid. For more information go to https://aka.ms/aspnet/dataprotectionwarning
   at Microsoft.AspNetCore.DataProtection.Managed.ManagedAuthenticatedEncryptor.Decrypt(ArraySegment`1 protectedPayload, ArraySegment`1 additionalAuthenticatedData)
   at Microsoft.AspNetCore.DataProtection.KeyManagement.KeyRingBasedDataProtector.UnprotectCore(Byte[] protectedData, Boolean allowOperationsOnRevokedKeys, UnprotectStatus& status)
   at Microsoft.AspNetCore.DataProtection.KeyManagement.KeyRingBasedDataProtector.Unprotect(Byte[] protectedData)
   at Microsoft.AspNetCore.Session.CookieProtection.Unprotect(IDataProtector protector, String protectedText, ILogger logger)
2024-12-01 04:05:11.460 +01:00 [INF] Executing endpoint 'photogram.Controllers.CommentsController.EditComment (photogram)'
2024-12-01 04:05:11.465 +01:00 [INF] Route matched with {action = "EditComment", controller = "Comments", page = "", area = ""}. Executing controller action with signature System.Threading.Tasks.Task`1[Microsoft.AspNetCore.Mvc.IActionResult] EditComment(Int32, System.String) on controller photogram.Controllers.CommentsController (photogram).
2024-12-01 04:05:11.500 +01:00 [INF] Comment with Id 14 updated successfully.
2024-12-01 04:05:11.501 +01:00 [INF] Executing RedirectResult, redirecting to /Post/Feed.
2024-12-01 04:05:11.501 +01:00 [INF] Executed action photogram.Controllers.CommentsController.EditComment (photogram) in 36.3548ms
2024-12-01 04:05:11.501 +01:00 [INF] Executed endpoint 'photogram.Controllers.CommentsController.EditComment (photogram)'
2024-12-01 04:05:11.502 +01:00 [INF] Request finished HTTP/1.1 POST http://localhost:5001/Comments/EditComment - 302 0 null 61.2446ms
2024-12-01 04:05:11.518 +01:00 [INF] Request starting HTTP/1.1 GET http://localhost:5001/Post/Feed - null null
2024-12-01 04:05:11.519 +01:00 [WRN] Error unprotecting the session cookie.
System.Security.Cryptography.CryptographicException: The payload was invalid. For more information go to https://aka.ms/aspnet/dataprotectionwarning
   at Microsoft.AspNetCore.DataProtection.Managed.ManagedAuthenticatedEncryptor.Decrypt(ArraySegment`1 protectedPayload, ArraySegment`1 additionalAuthenticatedData)
   at Microsoft.AspNetCore.DataProtection.KeyManagement.KeyRingBasedDataProtector.UnprotectCore(Byte[] protectedData, Boolean allowOperationsOnRevokedKeys, UnprotectStatus& status)
   at Microsoft.AspNetCore.DataProtection.KeyManagement.KeyRingBasedDataProtector.Unprotect(Byte[] protectedData)
   at Microsoft.AspNetCore.Session.CookieProtection.Unprotect(IDataProtector protector, String protectedText, ILogger logger)
2024-12-01 04:05:11.523 +01:00 [INF] Executing endpoint 'photogram.Controllers.PostController.Feed (photogram)'
2024-12-01 04:05:11.523 +01:00 [INF] Route matched with {action = "Feed", controller = "Post", page = "", area = ""}. Executing controller action with signature System.Threading.Tasks.Task`1[Microsoft.AspNetCore.Mvc.IActionResult] Feed(System.Nullable`1[System.Int32], System.Nullable`1[System.Int32]) on controller photogram.Controllers.PostController (photogram).
2024-12-01 04:05:11.529 +01:00 [INF] Executing ViewResult, running view Feed.
2024-12-01 04:05:11.558 +01:00 [INF] Executed ViewResult - view Feed executed in 28.9973ms.
2024-12-01 04:05:11.558 +01:00 [INF] Executed action photogram.Controllers.PostController.Feed (photogram) in 34.6647ms
2024-12-01 04:05:11.558 +01:00 [INF] Executed endpoint 'photogram.Controllers.PostController.Feed (photogram)'
2024-12-01 04:05:11.558 +01:00 [INF] Request finished HTTP/1.1 GET http://localhost:5001/Post/Feed - 200 null text/html; charset=utf-8 40.1859ms
2024-12-01 04:08:26.666 +01:00 [INF] Application is shutting down...
