2024-11-28 23:19:45.005 +01:00 [INF] User profile is available. Using '/Users/kadijayasminbulale/.aspnet/DataProtection-Keys' as key repository; keys will not be encrypted at rest.
2024-11-28 23:19:45.270 +01:00 [INF] Now listening on: https://localhost:7162
2024-11-28 23:19:45.271 +01:00 [INF] Now listening on: http://localhost:5000
2024-11-28 23:19:45.274 +01:00 [INF] Application started. Press Ctrl+C to shut down.
2024-11-28 23:19:45.275 +01:00 [INF] Hosting environment: Development
2024-11-28 23:19:45.276 +01:00 [INF] Content root path: /Users/kadijayasminbulale/Downloads/photogram 2
2024-11-28 23:19:46.190 +01:00 [INF] Request starting HTTP/2 GET https://localhost:7162/ - null null
2024-11-28 23:19:46.221 +01:00 [INF] Executing endpoint 'photogram.Controllers.HomeController.Index (photogram)'
2024-11-28 23:19:46.231 +01:00 [INF] Route matched with {action = "Index", controller = "Home"}. Executing controller action with signature Microsoft.AspNetCore.Mvc.IActionResult Index() on controller photogram.Controllers.HomeController (photogram).
2024-11-28 23:19:46.237 +01:00 [INF] Executing ViewResult, running view Index.
2024-11-28 23:19:46.273 +01:00 [INF] Accessing expired session, Key:a4f56e15-ea08-68c8-7a7a-ea649e256234
2024-11-28 23:19:46.278 +01:00 [INF] Executed ViewResult - view Index executed in 41.2604ms.
2024-11-28 23:19:46.280 +01:00 [INF] Executed action photogram.Controllers.HomeController.Index (photogram) in 48.5894ms
2024-11-28 23:19:46.280 +01:00 [INF] Executed endpoint 'photogram.Controllers.HomeController.Index (photogram)'
2024-11-28 23:19:46.282 +01:00 [INF] Request finished HTTP/2 GET https://localhost:7162/ - 200 null text/html; charset=utf-8 93.3059ms
2024-11-28 23:19:47.763 +01:00 [INF] Request starting HTTP/2 GET https://localhost:7162/User/Login - null null
2024-11-28 23:19:47.767 +01:00 [INF] Executing endpoint 'photogram.Controllers.UserController.Login (photogram)'
2024-11-28 23:19:47.771 +01:00 [INF] Route matched with {action = "Login", controller = "User"}. Executing controller action with signature Microsoft.AspNetCore.Mvc.IActionResult Login() on controller photogram.Controllers.UserController (photogram).
2024-11-28 23:19:47.799 +01:00 [INF] Executing ViewResult, running view Login.
2024-11-28 23:19:47.826 +01:00 [INF] Accessing expired session, Key:a4f56e15-ea08-68c8-7a7a-ea649e256234
2024-11-28 23:19:47.829 +01:00 [INF] Executed ViewResult - view Login executed in 31.2242ms.
2024-11-28 23:19:47.830 +01:00 [INF] Executed action photogram.Controllers.UserController.Login (photogram) in 58.9315ms
2024-11-28 23:19:47.830 +01:00 [INF] Executed endpoint 'photogram.Controllers.UserController.Login (photogram)'
2024-11-28 23:19:47.831 +01:00 [INF] Request finished HTTP/2 GET https://localhost:7162/User/Login - 200 null text/html; charset=utf-8 68.0774ms
2024-11-28 23:20:35.956 +01:00 [INF] Request starting HTTP/2 POST https://localhost:7162/User/Login - application/x-www-form-urlencoded 221
2024-11-28 23:20:35.965 +01:00 [INF] Executing endpoint 'photogram.Controllers.UserController.Login (photogram)'
2024-11-28 23:20:35.986 +01:00 [INF] Route matched with {action = "Login", controller = "User"}. Executing controller action with signature Microsoft.AspNetCore.Mvc.IActionResult Login(photogram.ViewModels.LoginViewModel) on controller photogram.Controllers.UserController (photogram).
2024-11-28 23:20:36.047 +01:00 [INF] Attempting to login
2024-11-28 23:20:36.188 +01:00 [INF] Accessing expired session, Key:a4f56e15-ea08-68c8-7a7a-ea649e256234
2024-11-28 23:20:36.189 +01:00 [INF] Executing RedirectResult, redirecting to /.
2024-11-28 23:20:36.189 +01:00 [INF] Executed action photogram.Controllers.UserController.Login (photogram) in 203.6843ms
2024-11-28 23:20:36.189 +01:00 [INF] Executed endpoint 'photogram.Controllers.UserController.Login (photogram)'
2024-11-28 23:20:36.191 +01:00 [INF] Session started; Key:a4f56e15-ea08-68c8-7a7a-ea649e256234, Id:d1f04737-e46a-46e3-e5b2-a1b47bf9293a
2024-11-28 23:20:36.198 +01:00 [INF] Request finished HTTP/2 POST https://localhost:7162/User/Login - 302 0 null 242.1512ms
2024-11-28 23:20:36.200 +01:00 [INF] Request starting HTTP/2 GET https://localhost:7162/ - null null
2024-11-28 23:20:36.200 +01:00 [INF] Executing endpoint 'photogram.Controllers.HomeController.Index (photogram)'
2024-11-28 23:20:36.200 +01:00 [INF] Route matched with {action = "Index", controller = "Home"}. Executing controller action with signature Microsoft.AspNetCore.Mvc.IActionResult Index() on controller photogram.Controllers.HomeController (photogram).
2024-11-28 23:20:36.201 +01:00 [INF] Executing ViewResult, running view Index.
2024-11-28 23:20:36.207 +01:00 [INF] Executed ViewResult - view Index executed in 6.9618ms.
2024-11-28 23:20:36.208 +01:00 [INF] Executed action photogram.Controllers.HomeController.Index (photogram) in 7.8772ms
2024-11-28 23:20:36.208 +01:00 [INF] Executed endpoint 'photogram.Controllers.HomeController.Index (photogram)'
2024-11-28 23:20:36.208 +01:00 [INF] Request finished HTTP/2 GET https://localhost:7162/ - 200 null text/html; charset=utf-8 8.5946ms
2024-11-28 23:20:38.511 +01:00 [INF] Request starting HTTP/2 GET https://localhost:7162/Post/MyPosts - null null
2024-11-28 23:20:38.513 +01:00 [INF] Executing endpoint 'photogram.Controllers.PostController.MyPosts (photogram)'
2024-11-28 23:20:38.519 +01:00 [INF] Route matched with {action = "MyPosts", controller = "Post"}. Executing controller action with signature System.Threading.Tasks.Task`1[Microsoft.AspNetCore.Mvc.IActionResult] MyPosts(System.Nullable`1[System.Int32]) on controller photogram.Controllers.PostController (photogram).
2024-11-28 23:20:38.605 +01:00 [INF] Executing ViewResult, running view MyPosts.
2024-11-28 23:20:38.643 +01:00 [INF] Executed ViewResult - view MyPosts executed in 38.9495ms.
2024-11-28 23:20:38.646 +01:00 [INF] Executed action photogram.Controllers.PostController.MyPosts (photogram) in 126.0862ms
2024-11-28 23:20:38.646 +01:00 [INF] Executed endpoint 'photogram.Controllers.PostController.MyPosts (photogram)'
2024-11-28 23:20:38.649 +01:00 [INF] Request finished HTTP/2 GET https://localhost:7162/Post/MyPosts - 200 null text/html; charset=utf-8 137.7516ms
2024-11-28 23:20:38.712 +01:00 [INF] Request starting HTTP/2 GET https://localhost:7162/uploads/f646c156-a4eb-4076-9b62-c70624463b55_chickenleg.jpg - null null
2024-11-28 23:20:38.719 +01:00 [INF] The file /uploads/f646c156-a4eb-4076-9b62-c70624463b55_chickenleg.jpg was not modified
2024-11-28 23:20:38.719 +01:00 [INF] Request finished HTTP/2 GET https://localhost:7162/uploads/f646c156-a4eb-4076-9b62-c70624463b55_chickenleg.jpg - 304 null image/jpeg 6.8016ms
2024-11-28 23:20:39.870 +01:00 [INF] Request starting HTTP/2 GET https://localhost:7162/Post/CreatePost - null null
2024-11-28 23:20:39.875 +01:00 [INF] Executing endpoint 'photogram.Controllers.PostController.CreatePost (photogram)'
2024-11-28 23:20:39.877 +01:00 [INF] Route matched with {action = "CreatePost", controller = "Post"}. Executing controller action with signature Microsoft.AspNetCore.Mvc.IActionResult CreatePost() on controller photogram.Controllers.PostController (photogram).
2024-11-28 23:20:39.879 +01:00 [INF] Executing ViewResult, running view CreatePost.
2024-11-28 23:20:39.918 +01:00 [INF] Executed ViewResult - view CreatePost executed in 39.8216ms.
2024-11-28 23:20:39.919 +01:00 [INF] Executed action photogram.Controllers.PostController.CreatePost (photogram) in 41.8434ms
2024-11-28 23:20:39.919 +01:00 [INF] Executed endpoint 'photogram.Controllers.PostController.CreatePost (photogram)'
2024-11-28 23:20:39.920 +01:00 [INF] Request finished HTTP/2 GET https://localhost:7162/Post/CreatePost - 200 null text/html; charset=utf-8 70.7562ms
2024-11-28 23:20:44.279 +01:00 [INF] Request starting HTTP/2 POST https://localhost:7162/Post/CreatePost - multipart/form-data; boundary=----WebKitFormBoundary50qNrTBTMGyAtuma 553
2024-11-28 23:20:44.280 +01:00 [INF] Executing endpoint 'photogram.Controllers.PostController.CreatePost (photogram)'
2024-11-28 23:20:44.284 +01:00 [INF] Route matched with {action = "CreatePost", controller = "Post"}. Executing controller action with signature System.Threading.Tasks.Task`1[Microsoft.AspNetCore.Mvc.IActionResult] CreatePost(photogram.Models.CreatePostModel) on controller photogram.Controllers.PostController (photogram).
2024-11-28 23:20:44.296 +01:00 [INF] Creating a new post in PostController
2024-11-28 23:20:44.380 +01:00 [INF] Executing RedirectResult, redirecting to /Post/MyPosts.
2024-11-28 23:20:44.380 +01:00 [INF] Executed action photogram.Controllers.PostController.CreatePost (photogram) in 95.5994ms
2024-11-28 23:20:44.380 +01:00 [INF] Executed endpoint 'photogram.Controllers.PostController.CreatePost (photogram)'
2024-11-28 23:20:44.380 +01:00 [INF] Request finished HTTP/2 POST https://localhost:7162/Post/CreatePost - 302 0 null 101.5564ms
2024-11-28 23:20:44.391 +01:00 [INF] Request starting HTTP/2 GET https://localhost:7162/Post/MyPosts - null null
2024-11-28 23:20:44.391 +01:00 [INF] Executing endpoint 'photogram.Controllers.PostController.MyPosts (photogram)'
2024-11-28 23:20:44.391 +01:00 [INF] Route matched with {action = "MyPosts", controller = "Post"}. Executing controller action with signature System.Threading.Tasks.Task`1[Microsoft.AspNetCore.Mvc.IActionResult] MyPosts(System.Nullable`1[System.Int32]) on controller photogram.Controllers.PostController (photogram).
2024-11-28 23:20:44.395 +01:00 [INF] Executing ViewResult, running view MyPosts.
2024-11-28 23:20:44.421 +01:00 [INF] Executed ViewResult - view MyPosts executed in 26.0562ms.
2024-11-28 23:20:44.422 +01:00 [INF] Executed action photogram.Controllers.PostController.MyPosts (photogram) in 30.0932ms
2024-11-28 23:20:44.422 +01:00 [INF] Executed endpoint 'photogram.Controllers.PostController.MyPosts (photogram)'
2024-11-28 23:20:44.422 +01:00 [INF] Request finished HTTP/2 GET https://localhost:7162/Post/MyPosts - 200 null text/html; charset=utf-8 31.1411ms
2024-11-28 23:20:45.737 +01:00 [INF] Request starting HTTP/2 POST https://localhost:7162/Post/DeletePost - application/x-www-form-urlencoded 188
2024-11-28 23:20:45.738 +01:00 [INF] Executing endpoint 'photogram.Controllers.PostController.DeletePost (photogram)'
2024-11-28 23:20:45.742 +01:00 [INF] Route matched with {action = "DeletePost", controller = "Post"}. Executing controller action with signature System.Threading.Tasks.Task`1[Microsoft.AspNetCore.Mvc.IActionResult] DeletePost(Int32) on controller photogram.Controllers.PostController (photogram).
2024-11-28 23:20:45.781 +01:00 [INF] Post with ID 15 successfully deleted.
2024-11-28 23:20:45.781 +01:00 [INF] Executing RedirectResult, redirecting to /Post/MyPosts.
2024-11-28 23:20:45.781 +01:00 [INF] Executed action photogram.Controllers.PostController.DeletePost (photogram) in 38.9316ms
2024-11-28 23:20:45.781 +01:00 [INF] Executed endpoint 'photogram.Controllers.PostController.DeletePost (photogram)'
2024-11-28 23:20:45.781 +01:00 [INF] Request finished HTTP/2 POST https://localhost:7162/Post/DeletePost - 302 0 null 44.8096ms
2024-11-28 23:20:45.794 +01:00 [INF] Request starting HTTP/2 GET https://localhost:7162/Post/MyPosts - null null
2024-11-28 23:20:45.794 +01:00 [INF] Executing endpoint 'photogram.Controllers.PostController.MyPosts (photogram)'
2024-11-28 23:20:45.794 +01:00 [INF] Route matched with {action = "MyPosts", controller = "Post"}. Executing controller action with signature System.Threading.Tasks.Task`1[Microsoft.AspNetCore.Mvc.IActionResult] MyPosts(System.Nullable`1[System.Int32]) on controller photogram.Controllers.PostController (photogram).
2024-11-28 23:20:45.797 +01:00 [INF] Executing ViewResult, running view MyPosts.
2024-11-28 23:20:45.799 +01:00 [INF] Executed ViewResult - view MyPosts executed in 2.1975ms.
2024-11-28 23:20:45.799 +01:00 [INF] Executed action photogram.Controllers.PostController.MyPosts (photogram) in 4.6936ms
2024-11-28 23:20:45.852 +01:00 [INF] Executed endpoint 'photogram.Controllers.PostController.MyPosts (photogram)'
2024-11-28 23:20:45.853 +01:00 [INF] Request finished HTTP/2 GET https://localhost:7162/Post/MyPosts - 200 null text/html; charset=utf-8 59.5937ms
2024-11-28 23:20:48.276 +01:00 [INF] Request starting HTTP/2 GET https://localhost:7162/Post/CreatePost - null null
2024-11-28 23:20:48.276 +01:00 [INF] Executing endpoint 'photogram.Controllers.PostController.CreatePost (photogram)'
2024-11-28 23:20:48.277 +01:00 [INF] Route matched with {action = "CreatePost", controller = "Post"}. Executing controller action with signature Microsoft.AspNetCore.Mvc.IActionResult CreatePost() on controller photogram.Controllers.PostController (photogram).
2024-11-28 23:20:48.277 +01:00 [INF] Executing ViewResult, running view CreatePost.
2024-11-28 23:20:48.377 +01:00 [INF] Executed ViewResult - view CreatePost executed in 99.4674ms.
2024-11-28 23:20:48.403 +01:00 [INF] Executed action photogram.Controllers.PostController.CreatePost (photogram) in 126.1119ms
2024-11-28 23:20:48.403 +01:00 [INF] Executed endpoint 'photogram.Controllers.PostController.CreatePost (photogram)'
2024-11-28 23:20:48.403 +01:00 [INF] Request finished HTTP/2 GET https://localhost:7162/Post/CreatePost - 200 null text/html; charset=utf-8 127.9634ms
2024-11-28 23:20:50.493 +01:00 [INF] Request starting HTTP/2 POST https://localhost:7162/Post/CreatePost - multipart/form-data; boundary=----WebKitFormBoundaryIx4eBrgFTHDzCGpZ 553
2024-11-28 23:20:50.516 +01:00 [INF] Executing endpoint 'photogram.Controllers.PostController.CreatePost (photogram)'
2024-11-28 23:20:50.516 +01:00 [INF] Route matched with {action = "CreatePost", controller = "Post"}. Executing controller action with signature System.Threading.Tasks.Task`1[Microsoft.AspNetCore.Mvc.IActionResult] CreatePost(photogram.Models.CreatePostModel) on controller photogram.Controllers.PostController (photogram).
2024-11-28 23:20:50.522 +01:00 [INF] Creating a new post in PostController
2024-11-28 23:20:50.530 +01:00 [INF] Executing RedirectResult, redirecting to /Post/MyPosts.
2024-11-28 23:20:50.530 +01:00 [INF] Executed action photogram.Controllers.PostController.CreatePost (photogram) in 13.6604ms
2024-11-28 23:20:50.530 +01:00 [INF] Executed endpoint 'photogram.Controllers.PostController.CreatePost (photogram)'
2024-11-28 23:20:50.530 +01:00 [INF] Request finished HTTP/2 POST https://localhost:7162/Post/CreatePost - 302 0 null 37.6858ms
2024-11-28 23:20:50.543 +01:00 [INF] Request starting HTTP/2 GET https://localhost:7162/Post/MyPosts - null null
2024-11-28 23:20:50.543 +01:00 [INF] Executing endpoint 'photogram.Controllers.PostController.MyPosts (photogram)'
2024-11-28 23:20:50.543 +01:00 [INF] Route matched with {action = "MyPosts", controller = "Post"}. Executing controller action with signature System.Threading.Tasks.Task`1[Microsoft.AspNetCore.Mvc.IActionResult] MyPosts(System.Nullable`1[System.Int32]) on controller photogram.Controllers.PostController (photogram).
2024-11-28 23:20:50.549 +01:00 [INF] Executing ViewResult, running view MyPosts.
2024-11-28 23:20:50.679 +01:00 [INF] Executed ViewResult - view MyPosts executed in 129.4513ms.
2024-11-28 23:20:50.726 +01:00 [INF] Executed action photogram.Controllers.PostController.MyPosts (photogram) in 182.2899ms
2024-11-28 23:20:50.726 +01:00 [INF] Executed endpoint 'photogram.Controllers.PostController.MyPosts (photogram)'
2024-11-28 23:20:50.726 +01:00 [INF] Request finished HTTP/2 GET https://localhost:7162/Post/MyPosts - 200 null text/html; charset=utf-8 183.5677ms
2024-11-28 23:20:51.254 +01:00 [INF] Request starting HTTP/2 GET https://localhost:7162/Post/MyPosts - null null
2024-11-28 23:20:51.255 +01:00 [INF] Executing endpoint 'photogram.Controllers.PostController.MyPosts (photogram)'
2024-11-28 23:20:51.255 +01:00 [INF] Route matched with {action = "MyPosts", controller = "Post"}. Executing controller action with signature System.Threading.Tasks.Task`1[Microsoft.AspNetCore.Mvc.IActionResult] MyPosts(System.Nullable`1[System.Int32]) on controller photogram.Controllers.PostController (photogram).
2024-11-28 23:20:51.260 +01:00 [INF] Executing ViewResult, running view MyPosts.
2024-11-28 23:20:51.289 +01:00 [INF] Executed ViewResult - view MyPosts executed in 28.3531ms.
2024-11-28 23:20:51.314 +01:00 [INF] Executed action photogram.Controllers.PostController.MyPosts (photogram) in 58.2178ms
2024-11-28 23:20:51.314 +01:00 [INF] Executed endpoint 'photogram.Controllers.PostController.MyPosts (photogram)'
2024-11-28 23:20:51.314 +01:00 [INF] Request finished HTTP/2 GET https://localhost:7162/Post/MyPosts - 200 null text/html; charset=utf-8 60.5713ms
2024-11-28 23:20:54.415 +01:00 [INF] Request starting HTTP/2 POST https://localhost:7162/Post/DeletePost - application/x-www-form-urlencoded 188
2024-11-28 23:20:54.417 +01:00 [INF] Executing endpoint 'photogram.Controllers.PostController.DeletePost (photogram)'
2024-11-28 23:20:54.417 +01:00 [INF] Route matched with {action = "DeletePost", controller = "Post"}. Executing controller action with signature System.Threading.Tasks.Task`1[Microsoft.AspNetCore.Mvc.IActionResult] DeletePost(Int32) on controller photogram.Controllers.PostController (photogram).
2024-11-28 23:20:54.425 +01:00 [INF] Post with ID 16 successfully deleted.
2024-11-28 23:20:54.425 +01:00 [INF] Executing RedirectResult, redirecting to /Post/MyPosts.
2024-11-28 23:20:54.425 +01:00 [INF] Executed action photogram.Controllers.PostController.DeletePost (photogram) in 7.9842ms
2024-11-28 23:20:54.425 +01:00 [INF] Executed endpoint 'photogram.Controllers.PostController.DeletePost (photogram)'
2024-11-28 23:20:54.426 +01:00 [INF] Request finished HTTP/2 POST https://localhost:7162/Post/DeletePost - 302 0 null 10.4612ms
2024-11-28 23:20:54.433 +01:00 [INF] Request starting HTTP/2 GET https://localhost:7162/Post/MyPosts - null null
2024-11-28 23:20:54.433 +01:00 [INF] Executing endpoint 'photogram.Controllers.PostController.MyPosts (photogram)'
2024-11-28 23:20:54.433 +01:00 [INF] Route matched with {action = "MyPosts", controller = "Post"}. Executing controller action with signature System.Threading.Tasks.Task`1[Microsoft.AspNetCore.Mvc.IActionResult] MyPosts(System.Nullable`1[System.Int32]) on controller photogram.Controllers.PostController (photogram).
2024-11-28 23:20:54.436 +01:00 [INF] Executing ViewResult, running view MyPosts.
2024-11-28 23:20:54.463 +01:00 [INF] Executed ViewResult - view MyPosts executed in 1.6885ms.
2024-11-28 23:20:54.485 +01:00 [INF] Executed action photogram.Controllers.PostController.MyPosts (photogram) in 51.6263ms
2024-11-28 23:20:54.485 +01:00 [INF] Executed endpoint 'photogram.Controllers.PostController.MyPosts (photogram)'
2024-11-28 23:20:54.486 +01:00 [INF] Request finished HTTP/2 GET https://localhost:7162/Post/MyPosts - 200 null text/html; charset=utf-8 52.866ms
2024-11-28 23:20:55.409 +01:00 [INF] Request starting HTTP/2 GET https://localhost:7162/Home/Feed - null null
2024-11-28 23:20:55.410 +01:00 [INF] Executing endpoint 'photogram.Controllers.HomeController.Feed (photogram)'
2024-11-28 23:20:55.413 +01:00 [INF] Route matched with {action = "Feed", controller = "Home"}. Executing controller action with signature Microsoft.AspNetCore.Mvc.IActionResult Feed() on controller photogram.Controllers.HomeController (photogram).
2024-11-28 23:20:55.414 +01:00 [INF] Executing RedirectResult, redirecting to /Post/Feed.
2024-11-28 23:20:55.414 +01:00 [INF] Executed action photogram.Controllers.HomeController.Feed (photogram) in 0.7316ms
2024-11-28 23:20:55.414 +01:00 [INF] Executed endpoint 'photogram.Controllers.HomeController.Feed (photogram)'
2024-11-28 23:20:55.414 +01:00 [INF] Request finished HTTP/2 GET https://localhost:7162/Home/Feed - 302 0 null 5.3583ms
2024-11-28 23:20:55.443 +01:00 [INF] Request starting HTTP/2 GET https://localhost:7162/Post/Feed - null null
2024-11-28 23:20:55.444 +01:00 [INF] Executing endpoint 'photogram.Controllers.PostController.Feed (photogram)'
2024-11-28 23:20:55.449 +01:00 [INF] Route matched with {action = "Feed", controller = "Post"}. Executing controller action with signature System.Threading.Tasks.Task`1[Microsoft.AspNetCore.Mvc.IActionResult] Feed(System.Nullable`1[System.Int32], System.Nullable`1[System.Int32]) on controller photogram.Controllers.PostController (photogram).
2024-11-28 23:20:55.459 +01:00 [INF] Executing ViewResult, running view Feed.
2024-11-28 23:20:55.524 +01:00 [INF] Executed ViewResult - view Feed executed in 65.4092ms.
2024-11-28 23:20:55.524 +01:00 [INF] Executed action photogram.Controllers.PostController.Feed (photogram) in 74.892ms
2024-11-28 23:20:55.524 +01:00 [INF] Executed endpoint 'photogram.Controllers.PostController.Feed (photogram)'
2024-11-28 23:20:55.525 +01:00 [INF] Request finished HTTP/2 GET https://localhost:7162/Post/Feed - 200 null text/html; charset=utf-8 82.1134ms
2024-11-28 23:20:56.454 +01:00 [INF] Request starting HTTP/2 GET https://localhost:7162/Post/CreatePost - null null
2024-11-28 23:20:56.455 +01:00 [INF] Executing endpoint 'photogram.Controllers.PostController.CreatePost (photogram)'
2024-11-28 23:20:56.455 +01:00 [INF] Route matched with {action = "CreatePost", controller = "Post"}. Executing controller action with signature Microsoft.AspNetCore.Mvc.IActionResult CreatePost() on controller photogram.Controllers.PostController (photogram).
2024-11-28 23:20:56.455 +01:00 [INF] Executing ViewResult, running view CreatePost.
2024-11-28 23:20:56.458 +01:00 [INF] Executed ViewResult - view CreatePost executed in 2.8882ms.
2024-11-28 23:20:56.505 +01:00 [INF] Executed action photogram.Controllers.PostController.CreatePost (photogram) in 49.628ms
2024-11-28 23:20:56.527 +01:00 [INF] Executed endpoint 'photogram.Controllers.PostController.CreatePost (photogram)'
2024-11-28 23:20:56.528 +01:00 [INF] Request finished HTTP/2 GET https://localhost:7162/Post/CreatePost - 200 null text/html; charset=utf-8 73.7163ms
2024-11-28 23:20:57.705 +01:00 [INF] Request starting HTTP/2 GET https://localhost:7162/Home/Friends - null null
2024-11-28 23:20:57.706 +01:00 [INF] Executing endpoint 'photogram.Controllers.HomeController.Friends (photogram)'
2024-11-28 23:20:57.707 +01:00 [INF] Route matched with {action = "Friends", controller = "Home"}. Executing controller action with signature Microsoft.AspNetCore.Mvc.IActionResult Friends() on controller photogram.Controllers.HomeController (photogram).
2024-11-28 23:20:57.708 +01:00 [INF] Executing RedirectResult, redirecting to /Post/Friends.
2024-11-28 23:20:57.708 +01:00 [INF] Executed action photogram.Controllers.HomeController.Friends (photogram) in 0.5114ms
2024-11-28 23:20:57.708 +01:00 [INF] Executed endpoint 'photogram.Controllers.HomeController.Friends (photogram)'
2024-11-28 23:20:57.708 +01:00 [INF] Request finished HTTP/2 GET https://localhost:7162/Home/Friends - 302 0 null 3.5294ms
2024-11-28 23:20:57.737 +01:00 [INF] Request starting HTTP/2 GET https://localhost:7162/Post/Friends - null null
2024-11-28 23:20:57.738 +01:00 [INF] Executing endpoint 'photogram.Controllers.PostController.Friends (photogram)'
2024-11-28 23:20:57.743 +01:00 [INF] Route matched with {action = "Friends", controller = "Post"}. Executing controller action with signature System.Threading.Tasks.Task`1[Microsoft.AspNetCore.Mvc.IActionResult] Friends() on controller photogram.Controllers.PostController (photogram).
2024-11-28 23:20:57.775 +01:00 [INF] Executing ViewResult, running view Friends.
2024-11-28 23:20:57.781 +01:00 [INF] Executed ViewResult - view Friends executed in 5.9906ms.
2024-11-28 23:20:57.781 +01:00 [INF] Executed action photogram.Controllers.PostController.Friends (photogram) in 37.853ms
2024-11-28 23:20:57.781 +01:00 [INF] Executed endpoint 'photogram.Controllers.PostController.Friends (photogram)'
2024-11-28 23:20:57.784 +01:00 [INF] Request finished HTTP/2 GET https://localhost:7162/Post/Friends - 200 null text/html; charset=utf-8 47.2377ms
2024-11-28 23:20:58.987 +01:00 [INF] Request starting HTTP/2 POST https://localhost:7162/Post/RemoveFriend - application/x-www-form-urlencoded 188
2024-11-28 23:20:58.987 +01:00 [INF] Executing endpoint 'photogram.Controllers.PostController.RemoveFriend (photogram)'
2024-11-28 23:20:58.992 +01:00 [INF] Route matched with {action = "RemoveFriend", controller = "Post"}. Executing controller action with signature System.Threading.Tasks.Task`1[Microsoft.AspNetCore.Mvc.IActionResult] RemoveFriend(Int32) on controller photogram.Controllers.PostController (photogram).
2024-11-28 23:20:59.009 +01:00 [INF] Executing RedirectResult, redirecting to /Post/Friends.
2024-11-28 23:20:59.009 +01:00 [INF] Executed action photogram.Controllers.PostController.RemoveFriend (photogram) in 16.8657ms
2024-11-28 23:20:59.009 +01:00 [INF] Executed endpoint 'photogram.Controllers.PostController.RemoveFriend (photogram)'
2024-11-28 23:20:59.009 +01:00 [INF] Request finished HTTP/2 POST https://localhost:7162/Post/RemoveFriend - 302 0 null 22.525ms
2024-11-28 23:20:59.017 +01:00 [INF] Request starting HTTP/2 GET https://localhost:7162/Post/Friends - null null
2024-11-28 23:20:59.017 +01:00 [INF] Executing endpoint 'photogram.Controllers.PostController.Friends (photogram)'
2024-11-28 23:20:59.017 +01:00 [INF] Route matched with {action = "Friends", controller = "Post"}. Executing controller action with signature System.Threading.Tasks.Task`1[Microsoft.AspNetCore.Mvc.IActionResult] Friends() on controller photogram.Controllers.PostController (photogram).
2024-11-28 23:20:59.021 +01:00 [INF] Executing ViewResult, running view Friends.
2024-11-28 23:20:59.048 +01:00 [INF] Executed ViewResult - view Friends executed in 26.5967ms.
2024-11-28 23:20:59.049 +01:00 [INF] Executed action photogram.Controllers.PostController.Friends (photogram) in 31.2249ms
2024-11-28 23:20:59.075 +01:00 [INF] Executed endpoint 'photogram.Controllers.PostController.Friends (photogram)'
2024-11-28 23:20:59.075 +01:00 [INF] Request finished HTTP/2 GET https://localhost:7162/Post/Friends - 200 null text/html; charset=utf-8 58.1538ms
2024-11-28 23:20:59.709 +01:00 [INF] Request starting HTTP/2 POST https://localhost:7162/Post/RemoveFriend - application/x-www-form-urlencoded 188
2024-11-28 23:20:59.710 +01:00 [INF] Executing endpoint 'photogram.Controllers.PostController.RemoveFriend (photogram)'
2024-11-28 23:20:59.710 +01:00 [INF] Route matched with {action = "RemoveFriend", controller = "Post"}. Executing controller action with signature System.Threading.Tasks.Task`1[Microsoft.AspNetCore.Mvc.IActionResult] RemoveFriend(Int32) on controller photogram.Controllers.PostController (photogram).
2024-11-28 23:20:59.717 +01:00 [INF] Executing RedirectResult, redirecting to /Post/Friends.
2024-11-28 23:20:59.717 +01:00 [INF] Executed action photogram.Controllers.PostController.RemoveFriend (photogram) in 6.7973ms
2024-11-28 23:20:59.717 +01:00 [INF] Executed endpoint 'photogram.Controllers.PostController.RemoveFriend (photogram)'
2024-11-28 23:20:59.717 +01:00 [INF] Request finished HTTP/2 POST https://localhost:7162/Post/RemoveFriend - 302 0 null 7.728ms
2024-11-28 23:20:59.749 +01:00 [INF] Request starting HTTP/2 GET https://localhost:7162/Post/Friends - null null
2024-11-28 23:20:59.750 +01:00 [INF] Executing endpoint 'photogram.Controllers.PostController.Friends (photogram)'
2024-11-28 23:20:59.750 +01:00 [INF] Route matched with {action = "Friends", controller = "Post"}. Executing controller action with signature System.Threading.Tasks.Task`1[Microsoft.AspNetCore.Mvc.IActionResult] Friends() on controller photogram.Controllers.PostController (photogram).
2024-11-28 23:20:59.755 +01:00 [INF] Executing ViewResult, running view Friends.
2024-11-28 23:20:59.808 +01:00 [INF] Executed ViewResult - view Friends executed in 52.5586ms.
2024-11-28 23:20:59.809 +01:00 [INF] Executed action photogram.Controllers.PostController.Friends (photogram) in 59.3084ms
2024-11-28 23:20:59.809 +01:00 [INF] Executed endpoint 'photogram.Controllers.PostController.Friends (photogram)'
2024-11-28 23:20:59.810 +01:00 [INF] Request finished HTTP/2 GET https://localhost:7162/Post/Friends - 200 null text/html; charset=utf-8 61.3665ms
2024-11-28 23:21:00.895 +01:00 [INF] Request starting HTTP/2 GET https://localhost:7162/Post/CreatePost - null null
2024-11-28 23:21:00.896 +01:00 [INF] Executing endpoint 'photogram.Controllers.PostController.CreatePost (photogram)'
2024-11-28 23:21:00.896 +01:00 [INF] Route matched with {action = "CreatePost", controller = "Post"}. Executing controller action with signature Microsoft.AspNetCore.Mvc.IActionResult CreatePost() on controller photogram.Controllers.PostController (photogram).
2024-11-28 23:21:00.896 +01:00 [INF] Executing ViewResult, running view CreatePost.
2024-11-28 23:21:00.899 +01:00 [INF] Executed ViewResult - view CreatePost executed in 2.7484ms.
2024-11-28 23:21:00.924 +01:00 [INF] Executed action photogram.Controllers.PostController.CreatePost (photogram) in 27.5485ms
2024-11-28 23:21:00.948 +01:00 [INF] Executed endpoint 'photogram.Controllers.PostController.CreatePost (photogram)'
2024-11-28 23:21:00.948 +01:00 [INF] Request finished HTTP/2 GET https://localhost:7162/Post/CreatePost - 200 null text/html; charset=utf-8 53.378ms
2024-11-28 23:21:03.709 +01:00 [INF] Request starting HTTP/2 POST https://localhost:7162/Post/CreatePost - multipart/form-data; boundary=----WebKitFormBoundary7d4o1Fvg3uPPgTwI 553
2024-11-28 23:21:03.710 +01:00 [INF] Executing endpoint 'photogram.Controllers.PostController.CreatePost (photogram)'
2024-11-28 23:21:03.710 +01:00 [INF] Route matched with {action = "CreatePost", controller = "Post"}. Executing controller action with signature System.Threading.Tasks.Task`1[Microsoft.AspNetCore.Mvc.IActionResult] CreatePost(photogram.Models.CreatePostModel) on controller photogram.Controllers.PostController (photogram).
2024-11-28 23:21:03.713 +01:00 [INF] Creating a new post in PostController
2024-11-28 23:21:03.718 +01:00 [INF] Executing RedirectResult, redirecting to /Post/MyPosts.
2024-11-28 23:21:03.718 +01:00 [INF] Executed action photogram.Controllers.PostController.CreatePost (photogram) in 7.75ms
2024-11-28 23:21:03.718 +01:00 [INF] Executed endpoint 'photogram.Controllers.PostController.CreatePost (photogram)'
2024-11-28 23:21:03.718 +01:00 [INF] Request finished HTTP/2 POST https://localhost:7162/Post/CreatePost - 302 0 null 9.6733ms
2024-11-28 23:21:03.725 +01:00 [INF] Request starting HTTP/2 GET https://localhost:7162/Post/MyPosts - null null
2024-11-28 23:21:03.726 +01:00 [INF] Executing endpoint 'photogram.Controllers.PostController.MyPosts (photogram)'
2024-11-28 23:21:03.726 +01:00 [INF] Route matched with {action = "MyPosts", controller = "Post"}. Executing controller action with signature System.Threading.Tasks.Task`1[Microsoft.AspNetCore.Mvc.IActionResult] MyPosts(System.Nullable`1[System.Int32]) on controller photogram.Controllers.PostController (photogram).
2024-11-28 23:21:03.728 +01:00 [INF] Executing ViewResult, running view MyPosts.
2024-11-28 23:21:03.730 +01:00 [INF] Executed ViewResult - view MyPosts executed in 1.4187ms.
2024-11-28 23:21:03.730 +01:00 [INF] Executed action photogram.Controllers.PostController.MyPosts (photogram) in 4.465ms
2024-11-28 23:21:03.730 +01:00 [INF] Executed endpoint 'photogram.Controllers.PostController.MyPosts (photogram)'
2024-11-28 23:21:03.731 +01:00 [INF] Request finished HTTP/2 GET https://localhost:7162/Post/MyPosts - 200 null text/html; charset=utf-8 6.0554ms
2024-11-28 23:21:06.730 +01:00 [INF] Request starting HTTP/2 POST https://localhost:7162/Post/DeletePost - application/x-www-form-urlencoded 188
2024-11-28 23:21:06.730 +01:00 [INF] Executing endpoint 'photogram.Controllers.PostController.DeletePost (photogram)'
2024-11-28 23:21:06.731 +01:00 [INF] Route matched with {action = "DeletePost", controller = "Post"}. Executing controller action with signature System.Threading.Tasks.Task`1[Microsoft.AspNetCore.Mvc.IActionResult] DeletePost(Int32) on controller photogram.Controllers.PostController (photogram).
2024-11-28 23:21:06.738 +01:00 [INF] Post with ID 17 successfully deleted.
2024-11-28 23:21:06.738 +01:00 [INF] Executing RedirectResult, redirecting to /Post/MyPosts.
2024-11-28 23:21:06.738 +01:00 [INF] Executed action photogram.Controllers.PostController.DeletePost (photogram) in 7.5498ms
2024-11-28 23:21:06.738 +01:00 [INF] Executed endpoint 'photogram.Controllers.PostController.DeletePost (photogram)'
2024-11-28 23:21:06.739 +01:00 [INF] Request finished HTTP/2 POST https://localhost:7162/Post/DeletePost - 302 0 null 8.9709ms
2024-11-28 23:21:06.746 +01:00 [INF] Request starting HTTP/2 GET https://localhost:7162/Post/MyPosts - null null
2024-11-28 23:21:06.746 +01:00 [INF] Executing endpoint 'photogram.Controllers.PostController.MyPosts (photogram)'
2024-11-28 23:21:06.746 +01:00 [INF] Route matched with {action = "MyPosts", controller = "Post"}. Executing controller action with signature System.Threading.Tasks.Task`1[Microsoft.AspNetCore.Mvc.IActionResult] MyPosts(System.Nullable`1[System.Int32]) on controller photogram.Controllers.PostController (photogram).
2024-11-28 23:21:06.749 +01:00 [INF] Executing ViewResult, running view MyPosts.
2024-11-28 23:21:06.773 +01:00 [INF] Executed ViewResult - view MyPosts executed in 1.3602ms.
2024-11-28 23:21:06.799 +01:00 [INF] Executed action photogram.Controllers.PostController.MyPosts (photogram) in 52.446ms
2024-11-28 23:21:06.823 +01:00 [INF] Executed endpoint 'photogram.Controllers.PostController.MyPosts (photogram)'
2024-11-28 23:21:06.824 +01:00 [INF] Request finished HTTP/2 GET https://localhost:7162/Post/MyPosts - 200 null text/html; charset=utf-8 77.8596ms
2024-11-28 23:21:07.476 +01:00 [INF] Request starting HTTP/2 GET https://localhost:7162/Post/CreatePost - null null
2024-11-28 23:21:07.477 +01:00 [INF] Executing endpoint 'photogram.Controllers.PostController.CreatePost (photogram)'
2024-11-28 23:21:07.478 +01:00 [INF] Route matched with {action = "CreatePost", controller = "Post"}. Executing controller action with signature Microsoft.AspNetCore.Mvc.IActionResult CreatePost() on controller photogram.Controllers.PostController (photogram).
2024-11-28 23:21:07.479 +01:00 [INF] Executing ViewResult, running view CreatePost.
2024-11-28 23:21:07.482 +01:00 [INF] Executed ViewResult - view CreatePost executed in 3.5051ms.
2024-11-28 23:21:07.508 +01:00 [INF] Executed action photogram.Controllers.PostController.CreatePost (photogram) in 30.0292ms
2024-11-28 23:21:07.508 +01:00 [INF] Executed endpoint 'photogram.Controllers.PostController.CreatePost (photogram)'
2024-11-28 23:21:07.531 +01:00 [INF] Request finished HTTP/2 GET https://localhost:7162/Post/CreatePost - 200 null text/html; charset=utf-8 55.1454ms
