2024-11-29 08:27:04.515 +01:00 [INF] User profile is available. Using '/Users/yasminali/.aspnet/DataProtection-Keys' as key repository; keys will not be encrypted at rest.
2024-11-29 08:27:05.564 +01:00 [INF] Now listening on: https://localhost:7162
2024-11-29 08:27:05.570 +01:00 [INF] Now listening on: http://localhost:5000
2024-11-29 08:27:05.600 +01:00 [INF] Application started. Press Ctrl+C to shut down.
2024-11-29 08:27:05.608 +01:00 [INF] Hosting environment: Development
2024-11-29 08:27:05.615 +01:00 [INF] Content root path: /Users/yasminali/Downloads/photogram 6
2024-11-29 08:27:06.466 +01:00 [INF] Request starting HTTP/2 GET https://localhost:7162/ - null null
2024-11-29 08:27:06.527 +01:00 [INF] Executing endpoint 'photogram.Controllers.HomeController.Index (photogram)'
2024-11-29 08:27:06.553 +01:00 [INF] Route matched with {action = "Index", controller = "Home"}. Executing controller action with signature Microsoft.AspNetCore.Mvc.IActionResult Index() on controller photogram.Controllers.HomeController (photogram).
2024-11-29 08:27:06.577 +01:00 [INF] Executing ViewResult, running view Index.
2024-11-29 08:27:06.676 +01:00 [INF] Accessing expired session, Key:b89e8c98-6b40-71d0-2685-55dde9c16b1c
2024-11-29 08:27:06.749 +01:00 [INF] Executed ViewResult - view Index executed in 153.4762ms.
2024-11-29 08:27:06.794 +01:00 [INF] Executed action photogram.Controllers.HomeController.Index (photogram) in 240.2415ms
2024-11-29 08:27:06.796 +01:00 [INF] Executed endpoint 'photogram.Controllers.HomeController.Index (photogram)'
2024-11-29 08:27:06.813 +01:00 [INF] Request finished HTTP/2 GET https://localhost:7162/ - 200 null text/html; charset=utf-8 349.9303ms
2024-11-29 08:27:32.841 +01:00 [INF] Request starting HTTP/2 GET https://localhost:7162/User/Login - null null
2024-11-29 08:27:32.862 +01:00 [INF] Executing endpoint 'photogram.Controllers.UserController.Login (photogram)'
2024-11-29 08:27:32.874 +01:00 [INF] Route matched with {action = "Login", controller = "User"}. Executing controller action with signature Microsoft.AspNetCore.Mvc.IActionResult Login() on controller photogram.Controllers.UserController (photogram).
2024-11-29 08:27:32.932 +01:00 [INF] Executing ViewResult, running view Login.
2024-11-29 08:27:32.988 +01:00 [INF] Accessing expired session, Key:b89e8c98-6b40-71d0-2685-55dde9c16b1c
2024-11-29 08:27:33.002 +01:00 [INF] Executed ViewResult - view Login executed in 71.7792ms.
2024-11-29 08:27:33.033 +01:00 [INF] Executed action photogram.Controllers.UserController.Login (photogram) in 159.0532ms
2024-11-29 08:27:33.033 +01:00 [INF] Executed endpoint 'photogram.Controllers.UserController.Login (photogram)'
2024-11-29 08:27:33.041 +01:00 [INF] Request finished HTTP/2 GET https://localhost:7162/User/Login - 200 null text/html; charset=utf-8 198.9588ms
