2024-11-30 13:41:33.678 +01:00 [INF] User profile is available. Using '/Users/yasminali/.aspnet/DataProtection-Keys' as key repository; keys will not be encrypted at rest.
2024-11-30 13:41:36.245 +01:00 [INF] Now listening on: https://localhost:7160
2024-11-30 13:41:36.251 +01:00 [INF] Now listening on: http://localhost:5001
2024-11-30 13:41:36.435 +01:00 [INF] Application started. Press Ctrl+C to shut down.
2024-11-30 13:41:36.446 +01:00 [INF] Hosting environment: Development
2024-11-30 13:41:36.461 +01:00 [INF] Content root path: /Users/yasminali/Downloads/photogram 7
2024-11-30 13:41:37.273 +01:00 [INF] Request starting HTTP/2 GET https://localhost:7160/ - null null
2024-11-30 13:41:37.587 +01:00 [INF] Executing endpoint 'photogram.Controllers.HomeController.Index (photogram)'
2024-11-30 13:41:37.640 +01:00 [INF] Route matched with {action = "Index", controller = "Home", page = "", area = ""}. Executing controller action with signature Microsoft.AspNetCore.Mvc.IActionResult Index() on controller photogram.Controllers.HomeController (photogram).
2024-11-30 13:41:37.681 +01:00 [INF] Executing ViewResult, running view Index.
2024-11-30 13:41:38.301 +01:00 [INF] Request starting HTTP/2 GET https://localhost:7160/css/layout.css - null null
2024-11-30 13:41:38.362 +01:00 [INF] The file /css/layout.css was not modified
2024-11-30 13:41:38.373 +01:00 [INF] Request finished HTTP/2 GET https://localhost:7160/css/layout.css - 304 null text/css 83.3733ms
2024-11-30 13:41:38.387 +01:00 [INF] Executed ViewResult - view Index executed in 718.7696ms.
2024-11-30 13:41:38.399 +01:00 [INF] Executed action photogram.Controllers.HomeController.Index (photogram) in 757.4876ms
2024-11-30 13:41:38.399 +01:00 [INF] Executed endpoint 'photogram.Controllers.HomeController.Index (photogram)'
2024-11-30 13:41:38.438 +01:00 [INF] Request finished HTTP/2 GET https://localhost:7160/ - 200 null text/html; charset=utf-8 1183.9242ms
2024-11-30 13:41:40.584 +01:00 [INF] Request starting HTTP/2 GET https://localhost:7160/Home/Friends - null null
2024-11-30 13:41:40.628 +01:00 [INF] Executing endpoint 'photogram.Controllers.HomeController.Friends (photogram)'
2024-11-30 13:41:40.633 +01:00 [INF] Route matched with {action = "Friends", controller = "Home", page = "", area = ""}. Executing controller action with signature Microsoft.AspNetCore.Mvc.IActionResult Friends() on controller photogram.Controllers.HomeController (photogram).
2024-11-30 13:41:40.637 +01:00 [INF] Executing RedirectResult, redirecting to /Post/Friends.
2024-11-30 13:41:40.638 +01:00 [INF] Executed action photogram.Controllers.HomeController.Friends (photogram) in 4.8412ms
2024-11-30 13:41:40.638 +01:00 [INF] Executed endpoint 'photogram.Controllers.HomeController.Friends (photogram)'
2024-11-30 13:41:40.640 +01:00 [INF] Request finished HTTP/2 GET https://localhost:7160/Home/Friends - 302 0 null 56.3278ms
2024-11-30 13:41:40.656 +01:00 [INF] Request starting HTTP/2 GET https://localhost:7160/Post/Friends - null null
2024-11-30 13:41:40.713 +01:00 [INF] Executing endpoint 'photogram.Controllers.PostController.Friends (photogram)'
2024-11-30 13:41:40.744 +01:00 [INF] Route matched with {action = "Friends", controller = "Post", page = "", area = ""}. Executing controller action with signature System.Threading.Tasks.Task`1[Microsoft.AspNetCore.Mvc.IActionResult] Friends() on controller photogram.Controllers.PostController (photogram).
2024-11-30 13:41:43.672 +01:00 [INF] Executing ViewResult, running view Friends.
2024-11-30 13:41:43.745 +01:00 [INF] Executed ViewResult - view Friends executed in 84.8238ms.
2024-11-30 13:41:43.937 +01:00 [INF] Executed action photogram.Controllers.PostController.Friends (photogram) in 3185.5143ms
2024-11-30 13:41:43.938 +01:00 [INF] Executed endpoint 'photogram.Controllers.PostController.Friends (photogram)'
2024-11-30 13:41:44.060 +01:00 [INF] Request finished HTTP/2 GET https://localhost:7160/Post/Friends - 200 null text/html; charset=utf-8 3404.4606ms
2024-11-30 13:41:57.942 +01:00 [INF] Request starting HTTP/2 GET https://localhost:7160/Home/Feed - null null
2024-11-30 13:41:57.949 +01:00 [INF] Executing endpoint 'photogram.Controllers.HomeController.Feed (photogram)'
2024-11-30 13:41:57.952 +01:00 [INF] Route matched with {action = "Feed", controller = "Home", page = "", area = ""}. Executing controller action with signature Microsoft.AspNetCore.Mvc.IActionResult Feed() on controller photogram.Controllers.HomeController (photogram).
2024-11-30 13:41:57.954 +01:00 [INF] Executing RedirectResult, redirecting to /Post/Feed.
2024-11-30 13:41:57.955 +01:00 [INF] Executed action photogram.Controllers.HomeController.Feed (photogram) in 2.4281ms
2024-11-30 13:41:57.955 +01:00 [INF] Executed endpoint 'photogram.Controllers.HomeController.Feed (photogram)'
2024-11-30 13:41:57.955 +01:00 [INF] Request finished HTTP/2 GET https://localhost:7160/Home/Feed - 302 0 null 14.3988ms
2024-11-30 13:41:57.968 +01:00 [INF] Request starting HTTP/2 GET https://localhost:7160/Post/Feed - null null
2024-11-30 13:41:57.974 +01:00 [INF] Executing endpoint 'photogram.Controllers.PostController.Feed (photogram)'
2024-11-30 13:41:58.007 +01:00 [INF] Route matched with {action = "Feed", controller = "Post", page = "", area = ""}. Executing controller action with signature System.Threading.Tasks.Task`1[Microsoft.AspNetCore.Mvc.IActionResult] Feed(System.Nullable`1[System.Int32], System.Nullable`1[System.Int32]) on controller photogram.Controllers.PostController (photogram).
2024-11-30 13:41:58.232 +01:00 [INF] Executing ViewResult, running view Feed.
2024-11-30 13:41:59.241 +01:00 [INF] Request starting HTTP/2 GET https://localhost:7160/uploads/d5f308d6-5e29-4c51-ab51-946e5939f892_concert.jpg - null null
2024-11-30 13:41:59.305 +01:00 [INF] The file /uploads/d5f308d6-5e29-4c51-ab51-946e5939f892_concert.jpg was not modified
2024-11-30 13:41:59.306 +01:00 [INF] Request finished HTTP/2 GET https://localhost:7160/uploads/d5f308d6-5e29-4c51-ab51-946e5939f892_concert.jpg - 304 null image/jpeg 64.5729ms
2024-11-30 13:41:59.395 +01:00 [INF] Executed ViewResult - view Feed executed in 1165.3603ms.
2024-11-30 13:41:59.435 +01:00 [INF] Executed action photogram.Controllers.PostController.Feed (photogram) in 1427.0192ms
2024-11-30 13:41:59.437 +01:00 [INF] Executed endpoint 'photogram.Controllers.PostController.Feed (photogram)'
2024-11-30 13:41:59.468 +01:00 [INF] Request finished HTTP/2 GET https://localhost:7160/Post/Feed - 200 null text/html; charset=utf-8 1500.356ms
2024-11-30 13:42:05.856 +01:00 [INF] Request starting HTTP/2 GET https://localhost:7160/Home/Friends - null null
2024-11-30 13:42:05.858 +01:00 [INF] Executing endpoint 'photogram.Controllers.HomeController.Friends (photogram)'
2024-11-30 13:42:05.858 +01:00 [INF] Route matched with {action = "Friends", controller = "Home", page = "", area = ""}. Executing controller action with signature Microsoft.AspNetCore.Mvc.IActionResult Friends() on controller photogram.Controllers.HomeController (photogram).
2024-11-30 13:42:05.858 +01:00 [INF] Executing RedirectResult, redirecting to /Post/Friends.
2024-11-30 13:42:05.859 +01:00 [INF] Executed action photogram.Controllers.HomeController.Friends (photogram) in 0.3689ms
2024-11-30 13:42:05.859 +01:00 [INF] Executed endpoint 'photogram.Controllers.HomeController.Friends (photogram)'
2024-11-30 13:42:05.859 +01:00 [INF] Request finished HTTP/2 GET https://localhost:7160/Home/Friends - 302 0 null 2.9479ms
2024-11-30 13:42:05.871 +01:00 [INF] Request starting HTTP/2 GET https://localhost:7160/Post/Friends - null null
2024-11-30 13:42:05.873 +01:00 [INF] Executing endpoint 'photogram.Controllers.PostController.Friends (photogram)'
2024-11-30 13:42:05.873 +01:00 [INF] Route matched with {action = "Friends", controller = "Post", page = "", area = ""}. Executing controller action with signature System.Threading.Tasks.Task`1[Microsoft.AspNetCore.Mvc.IActionResult] Friends() on controller photogram.Controllers.PostController (photogram).
2024-11-30 13:42:05.897 +01:00 [INF] Executing ViewResult, running view Friends.
2024-11-30 13:42:05.909 +01:00 [INF] Executed ViewResult - view Friends executed in 11.4479ms.
2024-11-30 13:42:05.911 +01:00 [INF] Executed action photogram.Controllers.PostController.Friends (photogram) in 37.9046ms
2024-11-30 13:42:05.911 +01:00 [INF] Executed endpoint 'photogram.Controllers.PostController.Friends (photogram)'
2024-11-30 13:42:05.912 +01:00 [INF] Request finished HTTP/2 GET https://localhost:7160/Post/Friends - 200 null text/html; charset=utf-8 40.7145ms
2024-11-30 13:42:11.060 +01:00 [INF] Request starting HTTP/2 GET https://localhost:7160/Post/CreatePost - null null
2024-11-30 13:42:11.062 +01:00 [INF] Executing endpoint 'photogram.Controllers.PostController.CreatePost (photogram)'
2024-11-30 13:42:11.065 +01:00 [INF] Route matched with {action = "CreatePost", controller = "Post", page = "", area = ""}. Executing controller action with signature Microsoft.AspNetCore.Mvc.IActionResult CreatePost() on controller photogram.Controllers.PostController (photogram).
2024-11-30 13:42:11.067 +01:00 [INF] Executing ViewResult, running view CreatePost.
2024-11-30 13:42:11.147 +01:00 [INF] Executed ViewResult - view CreatePost executed in 80.5409ms.
2024-11-30 13:42:11.150 +01:00 [INF] Executed action photogram.Controllers.PostController.CreatePost (photogram) in 84.9401ms
2024-11-30 13:42:11.163 +01:00 [INF] Executed endpoint 'photogram.Controllers.PostController.CreatePost (photogram)'
2024-11-30 13:42:11.182 +01:00 [INF] Request finished HTTP/2 GET https://localhost:7160/Post/CreatePost - 200 null text/html; charset=utf-8 121.4562ms
2024-11-30 13:42:13.538 +01:00 [INF] Request starting HTTP/2 GET https://localhost:7160/Post/MyPosts - null null
2024-11-30 13:42:13.539 +01:00 [INF] Executing endpoint 'photogram.Controllers.PostController.MyPosts (photogram)'
2024-11-30 13:42:13.550 +01:00 [INF] Route matched with {action = "MyPosts", controller = "Post", page = "", area = ""}. Executing controller action with signature System.Threading.Tasks.Task`1[Microsoft.AspNetCore.Mvc.IActionResult] MyPosts(System.Nullable`1[System.Int32]) on controller photogram.Controllers.PostController (photogram).
2024-11-30 13:42:14.408 +01:00 [INF] Executing ViewResult, running view MyPosts.
2024-11-30 13:42:15.010 +01:00 [INF] Executed ViewResult - view MyPosts executed in 608.0036ms.
2024-11-30 13:42:15.012 +01:00 [INF] Executed action photogram.Controllers.PostController.MyPosts (photogram) in 1461.9732ms
2024-11-30 13:42:15.013 +01:00 [INF] Executed endpoint 'photogram.Controllers.PostController.MyPosts (photogram)'
2024-11-30 13:42:15.042 +01:00 [INF] Request finished HTTP/2 GET https://localhost:7160/Post/MyPosts - 200 null text/html; charset=utf-8 1504.0939ms
2024-11-30 13:42:28.441 +01:00 [INF] Request starting HTTP/2 GET https://localhost:7160/Home/Friends - null null
2024-11-30 13:42:28.448 +01:00 [INF] Executing endpoint 'photogram.Controllers.HomeController.Friends (photogram)'
2024-11-30 13:42:28.449 +01:00 [INF] Route matched with {action = "Friends", controller = "Home", page = "", area = ""}. Executing controller action with signature Microsoft.AspNetCore.Mvc.IActionResult Friends() on controller photogram.Controllers.HomeController (photogram).
2024-11-30 13:42:28.449 +01:00 [INF] Executing RedirectResult, redirecting to /Post/Friends.
2024-11-30 13:42:28.449 +01:00 [INF] Executed action photogram.Controllers.HomeController.Friends (photogram) in 0.3504ms
2024-11-30 13:42:28.449 +01:00 [INF] Executed endpoint 'photogram.Controllers.HomeController.Friends (photogram)'
2024-11-30 13:42:28.450 +01:00 [INF] Request finished HTTP/2 GET https://localhost:7160/Home/Friends - 302 0 null 9.1956ms
2024-11-30 13:42:28.512 +01:00 [INF] Request starting HTTP/2 GET https://localhost:7160/Post/Friends - null null
2024-11-30 13:42:28.513 +01:00 [INF] Executing endpoint 'photogram.Controllers.PostController.Friends (photogram)'
2024-11-30 13:42:28.513 +01:00 [INF] Route matched with {action = "Friends", controller = "Post", page = "", area = ""}. Executing controller action with signature System.Threading.Tasks.Task`1[Microsoft.AspNetCore.Mvc.IActionResult] Friends() on controller photogram.Controllers.PostController (photogram).
2024-11-30 13:42:28.534 +01:00 [INF] Executing ViewResult, running view Friends.
2024-11-30 13:42:28.581 +01:00 [INF] Executed ViewResult - view Friends executed in 47.3781ms.
2024-11-30 13:42:28.619 +01:00 [INF] Executed action photogram.Controllers.PostController.Friends (photogram) in 105.0269ms
2024-11-30 13:42:28.619 +01:00 [INF] Executed endpoint 'photogram.Controllers.PostController.Friends (photogram)'
2024-11-30 13:42:28.652 +01:00 [INF] Request finished HTTP/2 GET https://localhost:7160/Post/Friends - 200 null text/html; charset=utf-8 139.9891ms
2024-11-30 13:48:27.292 +01:00 [INF] Request starting HTTP/2 GET https://localhost:7160/Home/Feed - null null
2024-11-30 13:48:27.352 +01:00 [INF] Executing endpoint 'photogram.Controllers.HomeController.Feed (photogram)'
2024-11-30 13:48:27.352 +01:00 [INF] Route matched with {action = "Feed", controller = "Home", page = "", area = ""}. Executing controller action with signature Microsoft.AspNetCore.Mvc.IActionResult Feed() on controller photogram.Controllers.HomeController (photogram).
2024-11-30 13:48:27.353 +01:00 [INF] Executing RedirectResult, redirecting to /Post/Feed.
2024-11-30 13:48:27.354 +01:00 [INF] Executed action photogram.Controllers.HomeController.Feed (photogram) in 0.8985ms
2024-11-30 13:48:27.354 +01:00 [INF] Executed endpoint 'photogram.Controllers.HomeController.Feed (photogram)'
2024-11-30 13:48:27.354 +01:00 [INF] Request finished HTTP/2 GET https://localhost:7160/Home/Feed - 302 0 null 62.8559ms
2024-11-30 13:48:27.375 +01:00 [INF] Request starting HTTP/2 GET https://localhost:7160/Post/Feed - null null
2024-11-30 13:48:27.376 +01:00 [INF] Executing endpoint 'photogram.Controllers.PostController.Feed (photogram)'
2024-11-30 13:48:27.376 +01:00 [INF] Route matched with {action = "Feed", controller = "Post", page = "", area = ""}. Executing controller action with signature System.Threading.Tasks.Task`1[Microsoft.AspNetCore.Mvc.IActionResult] Feed(System.Nullable`1[System.Int32], System.Nullable`1[System.Int32]) on controller photogram.Controllers.PostController (photogram).
2024-11-30 13:48:27.408 +01:00 [INF] Executing ViewResult, running view Feed.
2024-11-30 13:48:27.565 +01:00 [INF] Executed ViewResult - view Feed executed in 158.3911ms.
2024-11-30 13:48:27.565 +01:00 [INF] Executed action photogram.Controllers.PostController.Feed (photogram) in 188.6202ms
2024-11-30 13:48:27.566 +01:00 [INF] Executed endpoint 'photogram.Controllers.PostController.Feed (photogram)'
2024-11-30 13:48:27.567 +01:00 [INF] Request finished HTTP/2 GET https://localhost:7160/Post/Feed - 200 null text/html; charset=utf-8 191.7327ms
2024-11-30 13:48:27.620 +01:00 [INF] Request starting HTTP/2 GET https://localhost:7160/images/conference.jpg - null null
2024-11-30 13:48:27.621 +01:00 [INF] The file /images/conference.jpg was not modified
2024-11-30 13:48:27.621 +01:00 [INF] Request finished HTTP/2 GET https://localhost:7160/images/conference.jpg - 304 null image/jpeg 1.1197ms
2024-11-30 13:48:27.622 +01:00 [INF] Request starting HTTP/2 GET https://localhost:7160/css/layout.css - null null
2024-11-30 13:48:27.622 +01:00 [INF] The file /css/layout.css was not modified
2024-11-30 13:48:27.622 +01:00 [INF] Request finished HTTP/2 GET https://localhost:7160/css/layout.css - 304 null text/css 0.2836ms
2024-11-30 13:48:27.622 +01:00 [INF] Request starting HTTP/2 GET https://localhost:7160/images/recipes.jpg - null null
2024-11-30 13:48:27.623 +01:00 [INF] Request starting HTTP/2 GET https://localhost:7160/images/conference.jpg - null null
2024-11-30 13:48:27.623 +01:00 [INF] The file /images/conference.jpg was not modified
2024-11-30 13:48:27.624 +01:00 [INF] Request finished HTTP/2 GET https://localhost:7160/images/conference.jpg - 304 null image/jpeg 0.5954ms
2024-11-30 13:48:27.624 +01:00 [INF] The file /images/recipes.jpg was not modified
2024-11-30 13:48:27.624 +01:00 [INF] Request finished HTTP/2 GET https://localhost:7160/images/recipes.jpg - 304 null image/jpeg 2.1687ms
2024-11-30 13:48:56.695 +01:00 [INF] Request starting HTTP/2 GET https://localhost:7160/Home/Friends - null null
2024-11-30 13:48:56.696 +01:00 [INF] Executing endpoint 'photogram.Controllers.HomeController.Friends (photogram)'
2024-11-30 13:48:56.697 +01:00 [INF] Route matched with {action = "Friends", controller = "Home", page = "", area = ""}. Executing controller action with signature Microsoft.AspNetCore.Mvc.IActionResult Friends() on controller photogram.Controllers.HomeController (photogram).
2024-11-30 13:48:56.697 +01:00 [INF] Executing RedirectResult, redirecting to /Post/Friends.
2024-11-30 13:48:56.697 +01:00 [INF] Executed action photogram.Controllers.HomeController.Friends (photogram) in 0.1797ms
2024-11-30 13:48:56.697 +01:00 [INF] Executed endpoint 'photogram.Controllers.HomeController.Friends (photogram)'
2024-11-30 13:48:56.697 +01:00 [INF] Request finished HTTP/2 GET https://localhost:7160/Home/Friends - 302 0 null 1.9906ms
2024-11-30 13:48:56.712 +01:00 [INF] Request starting HTTP/2 GET https://localhost:7160/Post/Friends - null null
2024-11-30 13:48:56.713 +01:00 [INF] Executing endpoint 'photogram.Controllers.PostController.Friends (photogram)'
2024-11-30 13:48:56.713 +01:00 [INF] Route matched with {action = "Friends", controller = "Post", page = "", area = ""}. Executing controller action with signature System.Threading.Tasks.Task`1[Microsoft.AspNetCore.Mvc.IActionResult] Friends() on controller photogram.Controllers.PostController (photogram).
2024-11-30 13:48:56.739 +01:00 [INF] Executing ViewResult, running view Friends.
2024-11-30 13:48:56.748 +01:00 [INF] Executed ViewResult - view Friends executed in 9.3026ms.
2024-11-30 13:48:56.749 +01:00 [INF] Executed action photogram.Controllers.PostController.Friends (photogram) in 35.7329ms
2024-11-30 13:48:56.749 +01:00 [INF] Executed endpoint 'photogram.Controllers.PostController.Friends (photogram)'
2024-11-30 13:48:56.749 +01:00 [INF] Request finished HTTP/2 GET https://localhost:7160/Post/Friends - 200 null text/html; charset=utf-8 37.546ms
