2024-11-28 23:16:25.601 +01:00 [INF] User profile is available. Using '/Users/kadijayasminbulale/.aspnet/DataProtection-Keys' as key repository; keys will not be encrypted at rest.
2024-11-28 23:16:25.942 +01:00 [INF] Now listening on: https://localhost:7162
2024-11-28 23:16:25.943 +01:00 [INF] Now listening on: http://localhost:5000
2024-11-28 23:16:25.947 +01:00 [INF] Application started. Press Ctrl+C to shut down.
2024-11-28 23:16:25.948 +01:00 [INF] Hosting environment: Development
2024-11-28 23:16:25.948 +01:00 [INF] Content root path: /Users/kadijayasminbulale/Downloads/photogram 2
2024-11-28 23:16:26.578 +01:00 [INF] Request starting HTTP/2 GET https://localhost:7162/ - null null
2024-11-28 23:16:26.593 +01:00 [INF] Executing endpoint 'photogram.Controllers.HomeController.Index (photogram)'
2024-11-28 23:16:26.601 +01:00 [INF] Route matched with {action = "Index", controller = "Home"}. Executing controller action with signature Microsoft.AspNetCore.Mvc.IActionResult Index() on controller photogram.Controllers.HomeController (photogram).
2024-11-28 23:16:26.607 +01:00 [INF] Executing ViewResult, running view Index.
2024-11-28 23:16:26.641 +01:00 [INF] Accessing expired session, Key:a4f56e15-ea08-68c8-7a7a-ea649e256234
2024-11-28 23:16:26.647 +01:00 [INF] Executed ViewResult - view Index executed in 40.951ms.
2024-11-28 23:16:26.648 +01:00 [INF] Executed action photogram.Controllers.HomeController.Index (photogram) in 46.6216ms
2024-11-28 23:16:26.648 +01:00 [INF] Executed endpoint 'photogram.Controllers.HomeController.Index (photogram)'
2024-11-28 23:16:26.650 +01:00 [INF] Request finished HTTP/2 GET https://localhost:7162/ - 200 null text/html; charset=utf-8 74.0068ms
2024-11-28 23:16:42.831 +01:00 [INF] Request starting HTTP/2 GET https://localhost:7162/User/Login - null null
2024-11-28 23:16:42.844 +01:00 [INF] Executing endpoint 'photogram.Controllers.UserController.Login (photogram)'
2024-11-28 23:16:42.849 +01:00 [INF] Route matched with {action = "Login", controller = "User"}. Executing controller action with signature Microsoft.AspNetCore.Mvc.IActionResult Login() on controller photogram.Controllers.UserController (photogram).
2024-11-28 23:16:42.919 +01:00 [INF] Executing ViewResult, running view Login.
2024-11-28 23:16:42.944 +01:00 [INF] Accessing expired session, Key:a4f56e15-ea08-68c8-7a7a-ea649e256234
2024-11-28 23:16:42.948 +01:00 [INF] Executed ViewResult - view Login executed in 29.4677ms.
2024-11-28 23:16:42.948 +01:00 [INF] Executed action photogram.Controllers.UserController.Login (photogram) in 98.8869ms
2024-11-28 23:16:42.948 +01:00 [INF] Executed endpoint 'photogram.Controllers.UserController.Login (photogram)'
2024-11-28 23:16:42.953 +01:00 [INF] Request finished HTTP/2 GET https://localhost:7162/User/Login - 200 null text/html; charset=utf-8 123.5138ms
2024-11-28 23:16:54.341 +01:00 [INF] Request starting HTTP/2 POST https://localhost:7162/User/Login - application/x-www-form-urlencoded 226
2024-11-28 23:16:54.347 +01:00 [INF] Executing endpoint 'photogram.Controllers.UserController.Login (photogram)'
2024-11-28 23:16:54.355 +01:00 [INF] Route matched with {action = "Login", controller = "User"}. Executing controller action with signature Microsoft.AspNetCore.Mvc.IActionResult Login(photogram.ViewModels.LoginViewModel) on controller photogram.Controllers.UserController (photogram).
2024-11-28 23:16:54.431 +01:00 [INF] Attempting to login
2024-11-28 23:16:54.560 +01:00 [INF] Accessing expired session, Key:a4f56e15-ea08-68c8-7a7a-ea649e256234
2024-11-28 23:16:54.560 +01:00 [INF] Executing RedirectResult, redirecting to /.
2024-11-28 23:16:54.561 +01:00 [INF] Executed action photogram.Controllers.UserController.Login (photogram) in 205.8226ms
2024-11-28 23:16:54.561 +01:00 [INF] Executed endpoint 'photogram.Controllers.UserController.Login (photogram)'
2024-11-28 23:16:54.562 +01:00 [INF] Session started; Key:a4f56e15-ea08-68c8-7a7a-ea649e256234, Id:5bab3994-d5d3-6ade-f519-6c49ef5e0df8
2024-11-28 23:16:54.566 +01:00 [INF] Request finished HTTP/2 POST https://localhost:7162/User/Login - 302 0 null 225.6052ms
2024-11-28 23:16:54.617 +01:00 [INF] Request starting HTTP/2 GET https://localhost:7162/ - null null
2024-11-28 23:16:54.617 +01:00 [INF] Executing endpoint 'photogram.Controllers.HomeController.Index (photogram)'
2024-11-28 23:16:54.617 +01:00 [INF] Route matched with {action = "Index", controller = "Home"}. Executing controller action with signature Microsoft.AspNetCore.Mvc.IActionResult Index() on controller photogram.Controllers.HomeController (photogram).
2024-11-28 23:16:54.618 +01:00 [INF] Executing ViewResult, running view Index.
2024-11-28 23:16:54.624 +01:00 [INF] Executed ViewResult - view Index executed in 5.8335ms.
2024-11-28 23:16:54.624 +01:00 [INF] Executed action photogram.Controllers.HomeController.Index (photogram) in 6.9459ms
2024-11-28 23:16:54.625 +01:00 [INF] Executed endpoint 'photogram.Controllers.HomeController.Index (photogram)'
2024-11-28 23:16:54.625 +01:00 [INF] Request finished HTTP/2 GET https://localhost:7162/ - 200 null text/html; charset=utf-8 7.8734ms
2024-11-28 23:16:56.477 +01:00 [INF] Request starting HTTP/2 GET https://localhost:7162/Home/Friends - null null
2024-11-28 23:16:56.479 +01:00 [INF] Executing endpoint 'photogram.Controllers.HomeController.Friends (photogram)'
2024-11-28 23:16:56.482 +01:00 [INF] Route matched with {action = "Friends", controller = "Home"}. Executing controller action with signature Microsoft.AspNetCore.Mvc.IActionResult Friends() on controller photogram.Controllers.HomeController (photogram).
2024-11-28 23:16:56.484 +01:00 [INF] Executing RedirectResult, redirecting to /Post/Friends.
2024-11-28 23:16:56.484 +01:00 [INF] Executed action photogram.Controllers.HomeController.Friends (photogram) in 2.1244ms
2024-11-28 23:16:56.484 +01:00 [INF] Executed endpoint 'photogram.Controllers.HomeController.Friends (photogram)'
2024-11-28 23:16:56.485 +01:00 [INF] Request finished HTTP/2 GET https://localhost:7162/Home/Friends - 302 0 null 8.3859ms
2024-11-28 23:16:56.528 +01:00 [INF] Request starting HTTP/2 GET https://localhost:7162/Post/Friends - null null
2024-11-28 23:16:56.529 +01:00 [INF] Executing endpoint 'photogram.Controllers.PostController.Friends (photogram)'
2024-11-28 23:16:56.536 +01:00 [INF] Route matched with {action = "Friends", controller = "Post"}. Executing controller action with signature System.Threading.Tasks.Task`1[Microsoft.AspNetCore.Mvc.IActionResult] Friends() on controller photogram.Controllers.PostController (photogram).
2024-11-28 23:16:56.598 +01:00 [INF] Executing ViewResult, running view Friends.
2024-11-28 23:16:56.604 +01:00 [INF] Executed ViewResult - view Friends executed in 6.0654ms.
2024-11-28 23:16:56.606 +01:00 [INF] Executed action photogram.Controllers.PostController.Friends (photogram) in 69.4212ms
2024-11-28 23:16:56.606 +01:00 [INF] Executed endpoint 'photogram.Controllers.PostController.Friends (photogram)'
2024-11-28 23:16:56.609 +01:00 [INF] Request finished HTTP/2 GET https://localhost:7162/Post/Friends - 200 null text/html; charset=utf-8 82.2138ms
2024-11-28 23:16:57.744 +01:00 [INF] Request starting HTTP/2 GET https://localhost:7162/Home/Feed - null null
2024-11-28 23:16:57.746 +01:00 [INF] Executing endpoint 'photogram.Controllers.HomeController.Feed (photogram)'
2024-11-28 23:16:57.748 +01:00 [INF] Route matched with {action = "Feed", controller = "Home"}. Executing controller action with signature Microsoft.AspNetCore.Mvc.IActionResult Feed() on controller photogram.Controllers.HomeController (photogram).
2024-11-28 23:16:57.748 +01:00 [INF] Executing RedirectResult, redirecting to /Post/Feed.
2024-11-28 23:16:57.748 +01:00 [INF] Executed action photogram.Controllers.HomeController.Feed (photogram) in 0.6588ms
2024-11-28 23:16:57.748 +01:00 [INF] Executed endpoint 'photogram.Controllers.HomeController.Feed (photogram)'
2024-11-28 23:16:57.749 +01:00 [INF] Request finished HTTP/2 GET https://localhost:7162/Home/Feed - 302 0 null 4.6692ms
2024-11-28 23:16:57.756 +01:00 [INF] Request starting HTTP/2 GET https://localhost:7162/Post/Feed - null null
2024-11-28 23:16:57.758 +01:00 [INF] Executing endpoint 'photogram.Controllers.PostController.Feed (photogram)'
2024-11-28 23:16:57.761 +01:00 [INF] Route matched with {action = "Feed", controller = "Post"}. Executing controller action with signature System.Threading.Tasks.Task`1[Microsoft.AspNetCore.Mvc.IActionResult] Feed(System.Nullable`1[System.Int32], System.Nullable`1[System.Int32]) on controller photogram.Controllers.PostController (photogram).
2024-11-28 23:16:57.795 +01:00 [INF] Executing ViewResult, running view Feed.
2024-11-28 23:16:57.844 +01:00 [INF] Executed ViewResult - view Feed executed in 48.8287ms.
2024-11-28 23:16:57.844 +01:00 [INF] Executed action photogram.Controllers.PostController.Feed (photogram) in 83.2322ms
2024-11-28 23:16:57.844 +01:00 [INF] Executed endpoint 'photogram.Controllers.PostController.Feed (photogram)'
2024-11-28 23:16:57.845 +01:00 [INF] Request finished HTTP/2 GET https://localhost:7162/Post/Feed - 200 null text/html; charset=utf-8 88.3826ms
2024-11-28 23:16:57.873 +01:00 [INF] Request starting HTTP/2 GET https://localhost:7162/uploads/35f82379-dbce-4b1c-997c-5fe832e922d4_coke.jpg - null null
2024-11-28 23:16:57.882 +01:00 [INF] The file /uploads/35f82379-dbce-4b1c-997c-5fe832e922d4_coke.jpg was not modified
2024-11-28 23:16:57.882 +01:00 [INF] Request finished HTTP/2 GET https://localhost:7162/uploads/35f82379-dbce-4b1c-997c-5fe832e922d4_coke.jpg - 304 null image/jpeg 9.2616ms
2024-11-28 23:16:59.039 +01:00 [INF] Request starting HTTP/2 GET https://localhost:7162/Post/CreatePost - null null
2024-11-28 23:16:59.040 +01:00 [INF] Executing endpoint 'photogram.Controllers.PostController.CreatePost (photogram)'
2024-11-28 23:16:59.043 +01:00 [INF] Route matched with {action = "CreatePost", controller = "Post"}. Executing controller action with signature Microsoft.AspNetCore.Mvc.IActionResult CreatePost() on controller photogram.Controllers.PostController (photogram).
2024-11-28 23:16:59.045 +01:00 [INF] Executing ViewResult, running view CreatePost.
2024-11-28 23:16:59.061 +01:00 [INF] Executed ViewResult - view CreatePost executed in 16.8622ms.
2024-11-28 23:16:59.062 +01:00 [INF] Executed action photogram.Controllers.PostController.CreatePost (photogram) in 17.9138ms
2024-11-28 23:16:59.062 +01:00 [INF] Executed endpoint 'photogram.Controllers.PostController.CreatePost (photogram)'
2024-11-28 23:16:59.062 +01:00 [INF] Request finished HTTP/2 GET https://localhost:7162/Post/CreatePost - 200 null text/html; charset=utf-8 49.3781ms
2024-11-28 23:17:00.207 +01:00 [INF] Request starting HTTP/2 GET https://localhost:7162/Post/MyPosts - null null
2024-11-28 23:17:00.210 +01:00 [INF] Executing endpoint 'photogram.Controllers.PostController.MyPosts (photogram)'
2024-11-28 23:17:00.215 +01:00 [INF] Route matched with {action = "MyPosts", controller = "Post"}. Executing controller action with signature System.Threading.Tasks.Task`1[Microsoft.AspNetCore.Mvc.IActionResult] MyPosts(System.Nullable`1[System.Int32]) on controller photogram.Controllers.PostController (photogram).
2024-11-28 23:17:00.258 +01:00 [INF] Executing ViewResult, running view MyPosts.
2024-11-28 23:17:00.262 +01:00 [INF] Executed ViewResult - view MyPosts executed in 4.3202ms.
2024-11-28 23:17:00.262 +01:00 [INF] Executed action photogram.Controllers.PostController.MyPosts (photogram) in 46.5006ms
2024-11-28 23:17:00.262 +01:00 [INF] Executed endpoint 'photogram.Controllers.PostController.MyPosts (photogram)'
2024-11-28 23:17:00.262 +01:00 [INF] Request finished HTTP/2 GET https://localhost:7162/Post/MyPosts - 200 null text/html; charset=utf-8 55.0313ms
2024-11-28 23:17:01.019 +01:00 [INF] Request starting HTTP/2 GET https://localhost:7162/Post/CreatePost - null null
2024-11-28 23:17:01.019 +01:00 [INF] Executing endpoint 'photogram.Controllers.PostController.CreatePost (photogram)'
2024-11-28 23:17:01.019 +01:00 [INF] Route matched with {action = "CreatePost", controller = "Post"}. Executing controller action with signature Microsoft.AspNetCore.Mvc.IActionResult CreatePost() on controller photogram.Controllers.PostController (photogram).
2024-11-28 23:17:01.020 +01:00 [INF] Executing ViewResult, running view CreatePost.
2024-11-28 23:17:01.118 +01:00 [INF] Executed ViewResult - view CreatePost executed in 98.0257ms.
2024-11-28 23:17:01.130 +01:00 [INF] Executed action photogram.Controllers.PostController.CreatePost (photogram) in 109.3061ms
2024-11-28 23:17:01.130 +01:00 [INF] Executed endpoint 'photogram.Controllers.PostController.CreatePost (photogram)'
2024-11-28 23:17:01.130 +01:00 [INF] Request finished HTTP/2 GET https://localhost:7162/Post/CreatePost - 200 null text/html; charset=utf-8 111.9362ms
