2024-11-28 21:20:13.760 +01:00 [INF] User profile is available. Using '/Users/kadijayasminbulale/.aspnet/DataProtection-Keys' as key repository; keys will not be encrypted at rest.
2024-11-28 21:20:14.047 +01:00 [INF] Now listening on: https://localhost:7162
2024-11-28 21:20:14.048 +01:00 [INF] Now listening on: http://localhost:5000
2024-11-28 21:20:14.051 +01:00 [INF] Application started. Press Ctrl+C to shut down.
2024-11-28 21:20:14.053 +01:00 [INF] Hosting environment: Development
2024-11-28 21:20:14.053 +01:00 [INF] Content root path: /Users/kadijayasminbulale/Downloads/photogram 2
2024-11-28 21:20:14.876 +01:00 [INF] Request starting HTTP/2 GET https://localhost:7162/ - null null
2024-11-28 21:20:14.896 +01:00 [INF] Executing endpoint 'photogram.Controllers.HomeController.Index (photogram)'
2024-11-28 21:20:14.909 +01:00 [INF] Route matched with {action = "Index", controller = "Home"}. Executing controller action with signature Microsoft.AspNetCore.Mvc.IActionResult Index() on controller photogram.Controllers.HomeController (photogram).
2024-11-28 21:20:14.918 +01:00 [INF] Executing ViewResult, running view Index.
2024-11-28 21:20:15.005 +01:00 [INF] Accessing expired session, Key:a4f56e15-ea08-68c8-7a7a-ea649e256234
2024-11-28 21:20:15.012 +01:00 [INF] Executed ViewResult - view Index executed in 92.6841ms.
2024-11-28 21:20:15.014 +01:00 [INF] Executed action photogram.Controllers.HomeController.Index (photogram) in 103.8915ms
2024-11-28 21:20:15.014 +01:00 [INF] Executed endpoint 'photogram.Controllers.HomeController.Index (photogram)'
2024-11-28 21:20:15.016 +01:00 [INF] Request finished HTTP/2 GET https://localhost:7162/ - 200 null text/html; charset=utf-8 141.4962ms
2024-11-28 21:20:16.765 +01:00 [INF] Request starting HTTP/2 GET https://localhost:7162/User/Login - null null
2024-11-28 21:20:16.772 +01:00 [INF] Executing endpoint 'photogram.Controllers.UserController.Login (photogram)'
2024-11-28 21:20:16.775 +01:00 [INF] Route matched with {action = "Login", controller = "User"}. Executing controller action with signature Microsoft.AspNetCore.Mvc.IActionResult Login() on controller photogram.Controllers.UserController (photogram).
2024-11-28 21:20:16.808 +01:00 [INF] Executing ViewResult, running view Login.
2024-11-28 21:20:16.832 +01:00 [INF] Accessing expired session, Key:a4f56e15-ea08-68c8-7a7a-ea649e256234
2024-11-28 21:20:16.836 +01:00 [INF] Executed ViewResult - view Login executed in 28.7626ms.
2024-11-28 21:20:16.837 +01:00 [INF] Executed action photogram.Controllers.UserController.Login (photogram) in 61.1127ms
2024-11-28 21:20:16.837 +01:00 [INF] Executed endpoint 'photogram.Controllers.UserController.Login (photogram)'
2024-11-28 21:20:16.844 +01:00 [INF] Request finished HTTP/2 GET https://localhost:7162/User/Login - 200 null text/html; charset=utf-8 79.865ms
2024-11-28 21:20:26.755 +01:00 [INF] Request starting HTTP/2 POST https://localhost:7162/User/Login - application/x-www-form-urlencoded 221
2024-11-28 21:20:26.764 +01:00 [INF] Executing endpoint 'photogram.Controllers.UserController.Login (photogram)'
2024-11-28 21:20:26.773 +01:00 [INF] Route matched with {action = "Login", controller = "User"}. Executing controller action with signature Microsoft.AspNetCore.Mvc.IActionResult Login(photogram.ViewModels.LoginViewModel) on controller photogram.Controllers.UserController (photogram).
2024-11-28 21:20:26.859 +01:00 [INF] Attempting to login
2024-11-28 21:20:26.983 +01:00 [INF] Accessing expired session, Key:a4f56e15-ea08-68c8-7a7a-ea649e256234
2024-11-28 21:20:26.984 +01:00 [INF] Executing RedirectResult, redirecting to /.
2024-11-28 21:20:26.984 +01:00 [INF] Executed action photogram.Controllers.UserController.Login (photogram) in 210.4587ms
2024-11-28 21:20:26.984 +01:00 [INF] Executed endpoint 'photogram.Controllers.UserController.Login (photogram)'
2024-11-28 21:20:26.985 +01:00 [INF] Session started; Key:a4f56e15-ea08-68c8-7a7a-ea649e256234, Id:8f4d8216-4715-5531-010b-47dde269a96e
2024-11-28 21:20:26.989 +01:00 [INF] Request finished HTTP/2 POST https://localhost:7162/User/Login - 302 0 null 234.4642ms
2024-11-28 21:20:27.063 +01:00 [INF] Request starting HTTP/2 GET https://localhost:7162/ - null null
2024-11-28 21:20:27.063 +01:00 [INF] Executing endpoint 'photogram.Controllers.HomeController.Index (photogram)'
2024-11-28 21:20:27.063 +01:00 [INF] Route matched with {action = "Index", controller = "Home"}. Executing controller action with signature Microsoft.AspNetCore.Mvc.IActionResult Index() on controller photogram.Controllers.HomeController (photogram).
2024-11-28 21:20:27.064 +01:00 [INF] Executing ViewResult, running view Index.
2024-11-28 21:20:27.071 +01:00 [INF] Executed ViewResult - view Index executed in 6.2702ms.
2024-11-28 21:20:27.071 +01:00 [INF] Executed action photogram.Controllers.HomeController.Index (photogram) in 7.838ms
2024-11-28 21:20:27.071 +01:00 [INF] Executed endpoint 'photogram.Controllers.HomeController.Index (photogram)'
2024-11-28 21:20:27.072 +01:00 [INF] Request finished HTTP/2 GET https://localhost:7162/ - 200 null text/html; charset=utf-8 9.0457ms
2024-11-28 21:20:28.916 +01:00 [INF] Request starting HTTP/2 GET https://localhost:7162/Post/CreatePost - null null
2024-11-28 21:20:28.919 +01:00 [INF] Executing endpoint 'photogram.Controllers.PostController.CreatePost (photogram)'
2024-11-28 21:20:28.922 +01:00 [INF] Route matched with {action = "CreatePost", controller = "Post"}. Executing controller action with signature Microsoft.AspNetCore.Mvc.IActionResult CreatePost() on controller photogram.Controllers.PostController (photogram).
2024-11-28 21:20:28.926 +01:00 [INF] Executing ViewResult, running view CreatePost.
2024-11-28 21:20:28.931 +01:00 [INF] Executed ViewResult - view CreatePost executed in 6.4089ms.
2024-11-28 21:20:28.934 +01:00 [INF] Executed action photogram.Controllers.PostController.CreatePost (photogram) in 12.216ms
2024-11-28 21:20:28.934 +01:00 [INF] Executed endpoint 'photogram.Controllers.PostController.CreatePost (photogram)'
2024-11-28 21:20:28.935 +01:00 [INF] Request finished HTTP/2 GET https://localhost:7162/Post/CreatePost - 200 null text/html; charset=utf-8 18.5909ms
2024-11-28 21:20:29.488 +01:00 [INF] Request starting HTTP/2 GET https://localhost:7162/Home/Friends - null null
2024-11-28 21:20:29.512 +01:00 [INF] Executing endpoint 'photogram.Controllers.HomeController.Friends (photogram)'
2024-11-28 21:20:29.513 +01:00 [INF] Route matched with {action = "Friends", controller = "Home"}. Executing controller action with signature Microsoft.AspNetCore.Mvc.IActionResult Friends() on controller photogram.Controllers.HomeController (photogram).
2024-11-28 21:20:29.514 +01:00 [INF] Executing RedirectResult, redirecting to /Post/Friends.
2024-11-28 21:20:29.514 +01:00 [INF] Executed action photogram.Controllers.HomeController.Friends (photogram) in 0.876ms
2024-11-28 21:20:29.514 +01:00 [INF] Executed endpoint 'photogram.Controllers.HomeController.Friends (photogram)'
2024-11-28 21:20:29.515 +01:00 [INF] Request finished HTTP/2 GET https://localhost:7162/Home/Friends - 302 0 null 26.7636ms
2024-11-28 21:20:29.519 +01:00 [INF] Request starting HTTP/2 GET https://localhost:7162/Post/Friends - null null
2024-11-28 21:20:29.522 +01:00 [INF] Executing endpoint 'photogram.Controllers.PostController.Friends (photogram)'
2024-11-28 21:20:29.526 +01:00 [INF] Route matched with {action = "Friends", controller = "Post"}. Executing controller action with signature System.Threading.Tasks.Task`1[Microsoft.AspNetCore.Mvc.IActionResult] Friends() on controller photogram.Controllers.PostController (photogram).
2024-11-28 21:20:29.563 +01:00 [INF] Executing ViewResult, running view Friends.
2024-11-28 21:20:29.594 +01:00 [INF] Executed ViewResult - view Friends executed in 31.3669ms.
2024-11-28 21:20:29.596 +01:00 [INF] Executed action photogram.Controllers.PostController.Friends (photogram) in 69.3235ms
2024-11-28 21:20:29.596 +01:00 [INF] Executed endpoint 'photogram.Controllers.PostController.Friends (photogram)'
2024-11-28 21:20:29.626 +01:00 [INF] Request finished HTTP/2 GET https://localhost:7162/Post/Friends - 200 null text/html; charset=utf-8 106.3599ms
2024-11-28 21:20:30.048 +01:00 [INF] Request starting HTTP/2 GET https://localhost:7162/Home/Feed - null null
2024-11-28 21:20:30.070 +01:00 [INF] Executing endpoint 'photogram.Controllers.HomeController.Feed (photogram)'
2024-11-28 21:20:30.071 +01:00 [INF] Route matched with {action = "Feed", controller = "Home"}. Executing controller action with signature Microsoft.AspNetCore.Mvc.IActionResult Feed() on controller photogram.Controllers.HomeController (photogram).
2024-11-28 21:20:30.071 +01:00 [INF] Executing RedirectResult, redirecting to /Post/Feed.
2024-11-28 21:20:30.071 +01:00 [INF] Executed action photogram.Controllers.HomeController.Feed (photogram) in 0.4176ms
2024-11-28 21:20:30.071 +01:00 [INF] Executed endpoint 'photogram.Controllers.HomeController.Feed (photogram)'
2024-11-28 21:20:30.071 +01:00 [INF] Request finished HTTP/2 GET https://localhost:7162/Home/Feed - 302 0 null 23.099ms
2024-11-28 21:20:30.103 +01:00 [INF] Request starting HTTP/2 GET https://localhost:7162/Post/Feed - null null
2024-11-28 21:20:30.103 +01:00 [INF] Executing endpoint 'photogram.Controllers.PostController.Feed (photogram)'
2024-11-28 21:20:30.106 +01:00 [INF] Route matched with {action = "Feed", controller = "Post"}. Executing controller action with signature System.Threading.Tasks.Task`1[Microsoft.AspNetCore.Mvc.IActionResult] Feed(System.Nullable`1[System.Int32], System.Nullable`1[System.Int32]) on controller photogram.Controllers.PostController (photogram).
2024-11-28 21:20:30.141 +01:00 [INF] Executing ViewResult, running view Feed.
2024-11-28 21:20:30.304 +01:00 [INF] Executed ViewResult - view Feed executed in 139.1094ms.
2024-11-28 21:20:30.306 +01:00 [INF] Executed action photogram.Controllers.PostController.Feed (photogram) in 200.3402ms
2024-11-28 21:20:30.306 +01:00 [INF] Executed endpoint 'photogram.Controllers.PostController.Feed (photogram)'
2024-11-28 21:20:30.307 +01:00 [INF] Request finished HTTP/2 GET https://localhost:7162/Post/Feed - 200 null text/html; charset=utf-8 203.9151ms
2024-11-28 21:20:31.431 +01:00 [INF] Request starting HTTP/2 GET https://localhost:7162/Home/Friends - null null
2024-11-28 21:20:31.434 +01:00 [INF] Executing endpoint 'photogram.Controllers.HomeController.Friends (photogram)'
2024-11-28 21:20:31.435 +01:00 [INF] Route matched with {action = "Friends", controller = "Home"}. Executing controller action with signature Microsoft.AspNetCore.Mvc.IActionResult Friends() on controller photogram.Controllers.HomeController (photogram).
2024-11-28 21:20:31.437 +01:00 [INF] Executing RedirectResult, redirecting to /Post/Friends.
2024-11-28 21:20:31.437 +01:00 [INF] Executed action photogram.Controllers.HomeController.Friends (photogram) in 1.9527ms
2024-11-28 21:20:31.437 +01:00 [INF] Executed endpoint 'photogram.Controllers.HomeController.Friends (photogram)'
2024-11-28 21:20:31.437 +01:00 [INF] Request finished HTTP/2 GET https://localhost:7162/Home/Friends - 302 0 null 30.7604ms
2024-11-28 21:20:31.443 +01:00 [INF] Request starting HTTP/2 GET https://localhost:7162/Post/Friends - null null
2024-11-28 21:20:31.443 +01:00 [INF] Executing endpoint 'photogram.Controllers.PostController.Friends (photogram)'
2024-11-28 21:20:31.443 +01:00 [INF] Route matched with {action = "Friends", controller = "Post"}. Executing controller action with signature System.Threading.Tasks.Task`1[Microsoft.AspNetCore.Mvc.IActionResult] Friends() on controller photogram.Controllers.PostController (photogram).
2024-11-28 21:20:31.448 +01:00 [INF] Executing ViewResult, running view Friends.
2024-11-28 21:20:31.518 +01:00 [INF] Executed ViewResult - view Friends executed in 69.3351ms.
2024-11-28 21:20:31.596 +01:00 [INF] Executed action photogram.Controllers.PostController.Friends (photogram) in 152.1572ms
2024-11-28 21:20:31.596 +01:00 [INF] Executed endpoint 'photogram.Controllers.PostController.Friends (photogram)'
2024-11-28 21:20:31.597 +01:00 [INF] Request finished HTTP/2 GET https://localhost:7162/Post/Friends - 200 null text/html; charset=utf-8 153.5669ms
2024-11-28 21:20:32.877 +01:00 [INF] Request starting HTTP/2 POST https://localhost:7162/Post/AddFriend - application/x-www-form-urlencoded 214
2024-11-28 21:20:32.878 +01:00 [INF] Executing endpoint 'photogram.Controllers.PostController.AddFriend (photogram)'
2024-11-28 21:20:32.884 +01:00 [INF] Route matched with {action = "AddFriend", controller = "Post"}. Executing controller action with signature System.Threading.Tasks.Task`1[Microsoft.AspNetCore.Mvc.IActionResult] AddFriend(System.String) on controller photogram.Controllers.PostController (photogram).
2024-11-28 21:20:32.972 +01:00 [INF] Executing RedirectResult, redirecting to /Post/Friends.
2024-11-28 21:20:32.972 +01:00 [INF] Executed action photogram.Controllers.PostController.AddFriend (photogram) in 88.0382ms
2024-11-28 21:20:32.972 +01:00 [INF] Executed endpoint 'photogram.Controllers.PostController.AddFriend (photogram)'
2024-11-28 21:20:32.973 +01:00 [INF] Request finished HTTP/2 POST https://localhost:7162/Post/AddFriend - 302 0 null 95.7736ms
2024-11-28 21:20:32.985 +01:00 [INF] Request starting HTTP/2 GET https://localhost:7162/Post/Friends - null null
2024-11-28 21:20:32.985 +01:00 [INF] Executing endpoint 'photogram.Controllers.PostController.Friends (photogram)'
2024-11-28 21:20:32.985 +01:00 [INF] Route matched with {action = "Friends", controller = "Post"}. Executing controller action with signature System.Threading.Tasks.Task`1[Microsoft.AspNetCore.Mvc.IActionResult] Friends() on controller photogram.Controllers.PostController (photogram).
2024-11-28 21:20:32.988 +01:00 [INF] Executing ViewResult, running view Friends.
2024-11-28 21:20:32.990 +01:00 [INF] Executed ViewResult - view Friends executed in 1.8258ms.
2024-11-28 21:20:33.062 +01:00 [INF] Executed action photogram.Controllers.PostController.Friends (photogram) in 53.0501ms
2024-11-28 21:20:33.062 +01:00 [INF] Executed endpoint 'photogram.Controllers.PostController.Friends (photogram)'
2024-11-28 21:20:33.063 +01:00 [INF] Request finished HTTP/2 GET https://localhost:7162/Post/Friends - 200 null text/html; charset=utf-8 77.8372ms
2024-11-28 21:20:33.919 +01:00 [INF] Request starting HTTP/2 POST https://localhost:7162/Post/RemoveFriend - application/x-www-form-urlencoded 188
2024-11-28 21:20:33.920 +01:00 [INF] Executing endpoint 'photogram.Controllers.PostController.RemoveFriend (photogram)'
2024-11-28 21:20:33.926 +01:00 [INF] Route matched with {action = "RemoveFriend", controller = "Post"}. Executing controller action with signature System.Threading.Tasks.Task`1[Microsoft.AspNetCore.Mvc.IActionResult] RemoveFriend(Int32) on controller photogram.Controllers.PostController (photogram).
2024-11-28 21:20:33.952 +01:00 [INF] Executing RedirectResult, redirecting to /Post/Friends.
2024-11-28 21:20:33.952 +01:00 [INF] Executed action photogram.Controllers.PostController.RemoveFriend (photogram) in 26.0962ms
2024-11-28 21:20:33.952 +01:00 [INF] Executed endpoint 'photogram.Controllers.PostController.RemoveFriend (photogram)'
2024-11-28 21:20:33.952 +01:00 [INF] Request finished HTTP/2 POST https://localhost:7162/Post/RemoveFriend - 302 0 null 33.0477ms
2024-11-28 21:20:33.985 +01:00 [INF] Request starting HTTP/2 GET https://localhost:7162/Post/Friends - null null
2024-11-28 21:20:33.985 +01:00 [INF] Executing endpoint 'photogram.Controllers.PostController.Friends (photogram)'
2024-11-28 21:20:33.985 +01:00 [INF] Route matched with {action = "Friends", controller = "Post"}. Executing controller action with signature System.Threading.Tasks.Task`1[Microsoft.AspNetCore.Mvc.IActionResult] Friends() on controller photogram.Controllers.PostController (photogram).
2024-11-28 21:20:33.989 +01:00 [INF] Executing ViewResult, running view Friends.
2024-11-28 21:20:33.990 +01:00 [INF] Executed ViewResult - view Friends executed in 1.4474ms.
2024-11-28 21:20:34.016 +01:00 [INF] Executed action photogram.Controllers.PostController.Friends (photogram) in 30.1507ms
2024-11-28 21:20:34.016 +01:00 [INF] Executed endpoint 'photogram.Controllers.PostController.Friends (photogram)'
2024-11-28 21:20:34.017 +01:00 [INF] Request finished HTTP/2 GET https://localhost:7162/Post/Friends - 200 null text/html; charset=utf-8 31.939ms
2024-11-28 21:20:34.968 +01:00 [INF] Request starting HTTP/2 POST https://localhost:7162/Post/AddFriend - application/x-www-form-urlencoded 212
2024-11-28 21:20:34.968 +01:00 [INF] Executing endpoint 'photogram.Controllers.PostController.AddFriend (photogram)'
2024-11-28 21:20:34.969 +01:00 [INF] Route matched with {action = "AddFriend", controller = "Post"}. Executing controller action with signature System.Threading.Tasks.Task`1[Microsoft.AspNetCore.Mvc.IActionResult] AddFriend(System.String) on controller photogram.Controllers.PostController (photogram).
2024-11-28 21:20:34.978 +01:00 [INF] Executing RedirectResult, redirecting to /Post/Friends.
2024-11-28 21:20:34.978 +01:00 [INF] Executed action photogram.Controllers.PostController.AddFriend (photogram) in 9.6064ms
2024-11-28 21:20:34.978 +01:00 [INF] Executed endpoint 'photogram.Controllers.PostController.AddFriend (photogram)'
2024-11-28 21:20:34.978 +01:00 [INF] Request finished HTTP/2 POST https://localhost:7162/Post/AddFriend - 302 0 null 10.9559ms
2024-11-28 21:20:34.999 +01:00 [INF] Request starting HTTP/2 GET https://localhost:7162/Post/Friends - null null
2024-11-28 21:20:34.999 +01:00 [INF] Executing endpoint 'photogram.Controllers.PostController.Friends (photogram)'
2024-11-28 21:20:34.999 +01:00 [INF] Route matched with {action = "Friends", controller = "Post"}. Executing controller action with signature System.Threading.Tasks.Task`1[Microsoft.AspNetCore.Mvc.IActionResult] Friends() on controller photogram.Controllers.PostController (photogram).
2024-11-28 21:20:35.005 +01:00 [INF] Executing ViewResult, running view Friends.
2024-11-28 21:20:35.057 +01:00 [INF] Executed ViewResult - view Friends executed in 52.1607ms.
2024-11-28 21:20:35.108 +01:00 [INF] Executed action photogram.Controllers.PostController.Friends (photogram) in 108.0408ms
2024-11-28 21:20:35.134 +01:00 [INF] Executed endpoint 'photogram.Controllers.PostController.Friends (photogram)'
2024-11-28 21:20:35.135 +01:00 [INF] Request finished HTTP/2 GET https://localhost:7162/Post/Friends - 200 null text/html; charset=utf-8 136.2017ms
2024-11-28 21:20:36.224 +01:00 [INF] Request starting HTTP/2 POST https://localhost:7162/Post/AddFriend - application/x-www-form-urlencoded 220
2024-11-28 21:20:36.225 +01:00 [INF] Executing endpoint 'photogram.Controllers.PostController.AddFriend (photogram)'
2024-11-28 21:20:36.225 +01:00 [INF] Route matched with {action = "AddFriend", controller = "Post"}. Executing controller action with signature System.Threading.Tasks.Task`1[Microsoft.AspNetCore.Mvc.IActionResult] AddFriend(System.String) on controller photogram.Controllers.PostController (photogram).
2024-11-28 21:20:36.234 +01:00 [INF] Executing RedirectResult, redirecting to /Post/Friends.
2024-11-28 21:20:36.234 +01:00 [INF] Executed action photogram.Controllers.PostController.AddFriend (photogram) in 8.4356ms
2024-11-28 21:20:36.234 +01:00 [INF] Executed endpoint 'photogram.Controllers.PostController.AddFriend (photogram)'
2024-11-28 21:20:36.234 +01:00 [INF] Request finished HTTP/2 POST https://localhost:7162/Post/AddFriend - 302 0 null 10.3383ms
2024-11-28 21:20:36.267 +01:00 [INF] Request starting HTTP/2 GET https://localhost:7162/Post/Friends - null null
2024-11-28 21:20:36.267 +01:00 [INF] Executing endpoint 'photogram.Controllers.PostController.Friends (photogram)'
2024-11-28 21:20:36.267 +01:00 [INF] Route matched with {action = "Friends", controller = "Post"}. Executing controller action with signature System.Threading.Tasks.Task`1[Microsoft.AspNetCore.Mvc.IActionResult] Friends() on controller photogram.Controllers.PostController (photogram).
2024-11-28 21:20:36.273 +01:00 [INF] Executing ViewResult, running view Friends.
2024-11-28 21:20:36.275 +01:00 [INF] Executed ViewResult - view Friends executed in 2.0021ms.
2024-11-28 21:20:36.301 +01:00 [INF] Executed action photogram.Controllers.PostController.Friends (photogram) in 33.1039ms
2024-11-28 21:20:36.301 +01:00 [INF] Executed endpoint 'photogram.Controllers.PostController.Friends (photogram)'
2024-11-28 21:20:36.302 +01:00 [INF] Request finished HTTP/2 GET https://localhost:7162/Post/Friends - 200 null text/html; charset=utf-8 35.2099ms
2024-11-28 21:20:37.565 +01:00 [INF] Request starting HTTP/2 GET https://localhost:7162/Post/CreatePost - null null
2024-11-28 21:20:37.566 +01:00 [INF] Executing endpoint 'photogram.Controllers.PostController.CreatePost (photogram)'
2024-11-28 21:20:37.566 +01:00 [INF] Route matched with {action = "CreatePost", controller = "Post"}. Executing controller action with signature Microsoft.AspNetCore.Mvc.IActionResult CreatePost() on controller photogram.Controllers.PostController (photogram).
2024-11-28 21:20:37.567 +01:00 [INF] Executing ViewResult, running view CreatePost.
2024-11-28 21:20:37.611 +01:00 [INF] Executed ViewResult - view CreatePost executed in 44.3947ms.
2024-11-28 21:20:37.639 +01:00 [INF] Executed action photogram.Controllers.PostController.CreatePost (photogram) in 72.462ms
2024-11-28 21:20:37.640 +01:00 [INF] Executed endpoint 'photogram.Controllers.PostController.CreatePost (photogram)'
2024-11-28 21:20:37.695 +01:00 [INF] Request finished HTTP/2 GET https://localhost:7162/Post/CreatePost - 200 null text/html; charset=utf-8 130.0716ms
2024-11-28 21:20:38.203 +01:00 [INF] Request starting HTTP/2 GET https://localhost:7162/Post/MyPosts - null null
2024-11-28 21:20:38.205 +01:00 [INF] Executing endpoint 'photogram.Controllers.PostController.MyPosts (photogram)'
2024-11-28 21:20:38.211 +01:00 [INF] Route matched with {action = "MyPosts", controller = "Post"}. Executing controller action with signature System.Threading.Tasks.Task`1[Microsoft.AspNetCore.Mvc.IActionResult] MyPosts(System.Nullable`1[System.Int32]) on controller photogram.Controllers.PostController (photogram).
2024-11-28 21:20:38.251 +01:00 [INF] Executing ViewResult, running view MyPosts.
2024-11-28 21:20:38.342 +01:00 [INF] Executed ViewResult - view MyPosts executed in 91.513ms.
2024-11-28 21:20:38.343 +01:00 [INF] Executed action photogram.Controllers.PostController.MyPosts (photogram) in 131.4757ms
2024-11-28 21:20:38.343 +01:00 [INF] Executed endpoint 'photogram.Controllers.PostController.MyPosts (photogram)'
2024-11-28 21:20:38.390 +01:00 [INF] Request finished HTTP/2 GET https://localhost:7162/Post/MyPosts - 200 null text/html; charset=utf-8 186.7797ms
2024-11-28 21:20:39.120 +01:00 [INF] Request starting HTTP/2 GET https://localhost:7162/Home/Feed - null null
2024-11-28 21:20:39.121 +01:00 [INF] Executing endpoint 'photogram.Controllers.HomeController.Feed (photogram)'
2024-11-28 21:20:39.121 +01:00 [INF] Route matched with {action = "Feed", controller = "Home"}. Executing controller action with signature Microsoft.AspNetCore.Mvc.IActionResult Feed() on controller photogram.Controllers.HomeController (photogram).
2024-11-28 21:20:39.122 +01:00 [INF] Executing RedirectResult, redirecting to /Post/Feed.
2024-11-28 21:20:39.122 +01:00 [INF] Executed action photogram.Controllers.HomeController.Feed (photogram) in 0.7084ms
2024-11-28 21:20:39.122 +01:00 [INF] Executed endpoint 'photogram.Controllers.HomeController.Feed (photogram)'
2024-11-28 21:20:39.122 +01:00 [INF] Request finished HTTP/2 GET https://localhost:7162/Home/Feed - 302 0 null 2.4664ms
2024-11-28 21:20:39.132 +01:00 [INF] Request starting HTTP/2 GET https://localhost:7162/Post/Feed - null null
2024-11-28 21:20:39.133 +01:00 [INF] Executing endpoint 'photogram.Controllers.PostController.Feed (photogram)'
2024-11-28 21:20:39.133 +01:00 [INF] Route matched with {action = "Feed", controller = "Post"}. Executing controller action with signature System.Threading.Tasks.Task`1[Microsoft.AspNetCore.Mvc.IActionResult] Feed(System.Nullable`1[System.Int32], System.Nullable`1[System.Int32]) on controller photogram.Controllers.PostController (photogram).
2024-11-28 21:20:39.136 +01:00 [INF] Executing ViewResult, running view Feed.
2024-11-28 21:20:39.233 +01:00 [INF] Executed ViewResult - view Feed executed in 96.923ms.
2024-11-28 21:20:39.234 +01:00 [INF] Executed action photogram.Controllers.PostController.Feed (photogram) in 101.4137ms
2024-11-28 21:20:39.234 +01:00 [INF] Executed endpoint 'photogram.Controllers.PostController.Feed (photogram)'
2024-11-28 21:20:39.235 +01:00 [INF] Request finished HTTP/2 GET https://localhost:7162/Post/Feed - 200 null text/html; charset=utf-8 102.7682ms
2024-11-28 21:20:44.727 +01:00 [INF] Request starting HTTP/2 GET https://localhost:7162/Home/Feed - null null
2024-11-28 21:20:44.731 +01:00 [INF] Executing endpoint 'photogram.Controllers.HomeController.Feed (photogram)'
2024-11-28 21:20:44.732 +01:00 [INF] Route matched with {action = "Feed", controller = "Home"}. Executing controller action with signature Microsoft.AspNetCore.Mvc.IActionResult Feed() on controller photogram.Controllers.HomeController (photogram).
2024-11-28 21:20:44.734 +01:00 [INF] Executing RedirectResult, redirecting to /Post/Feed.
2024-11-28 21:20:44.735 +01:00 [INF] Executed action photogram.Controllers.HomeController.Feed (photogram) in 2.5032ms
2024-11-28 21:20:44.735 +01:00 [INF] Executed endpoint 'photogram.Controllers.HomeController.Feed (photogram)'
2024-11-28 21:20:44.735 +01:00 [INF] Request finished HTTP/2 GET https://localhost:7162/Home/Feed - 302 0 null 9.2678ms
2024-11-28 21:20:44.769 +01:00 [INF] Request starting HTTP/2 GET https://localhost:7162/Post/Feed - null null
2024-11-28 21:20:44.770 +01:00 [INF] Executing endpoint 'photogram.Controllers.PostController.Feed (photogram)'
2024-11-28 21:20:44.771 +01:00 [INF] Route matched with {action = "Feed", controller = "Post"}. Executing controller action with signature System.Threading.Tasks.Task`1[Microsoft.AspNetCore.Mvc.IActionResult] Feed(System.Nullable`1[System.Int32], System.Nullable`1[System.Int32]) on controller photogram.Controllers.PostController (photogram).
2024-11-28 21:20:44.779 +01:00 [INF] Executing ViewResult, running view Feed.
2024-11-28 21:20:44.791 +01:00 [INF] Executed ViewResult - view Feed executed in 12.25ms.
2024-11-28 21:20:44.859 +01:00 [INF] Executed action photogram.Controllers.PostController.Feed (photogram) in 88.0595ms
2024-11-28 21:20:44.859 +01:00 [INF] Executed endpoint 'photogram.Controllers.PostController.Feed (photogram)'
2024-11-28 21:20:44.885 +01:00 [INF] Request finished HTTP/2 GET https://localhost:7162/Post/Feed - 200 null text/html; charset=utf-8 115.9798ms
2024-11-28 21:20:48.153 +01:00 [INF] Request starting HTTP/2 GET https://localhost:7162/Home/Friends - null null
2024-11-28 21:20:48.154 +01:00 [INF] Executing endpoint 'photogram.Controllers.HomeController.Friends (photogram)'
2024-11-28 21:20:48.154 +01:00 [INF] Route matched with {action = "Friends", controller = "Home"}. Executing controller action with signature Microsoft.AspNetCore.Mvc.IActionResult Friends() on controller photogram.Controllers.HomeController (photogram).
2024-11-28 21:20:48.155 +01:00 [INF] Executing RedirectResult, redirecting to /Post/Friends.
2024-11-28 21:20:48.155 +01:00 [INF] Executed action photogram.Controllers.HomeController.Friends (photogram) in 0.8548ms
2024-11-28 21:20:48.155 +01:00 [INF] Executed endpoint 'photogram.Controllers.HomeController.Friends (photogram)'
2024-11-28 21:20:48.155 +01:00 [INF] Request finished HTTP/2 GET https://localhost:7162/Home/Friends - 302 0 null 49.7217ms
2024-11-28 21:20:48.163 +01:00 [INF] Request starting HTTP/2 GET https://localhost:7162/Post/Friends - null null
2024-11-28 21:20:48.164 +01:00 [INF] Executing endpoint 'photogram.Controllers.PostController.Friends (photogram)'
2024-11-28 21:20:48.164 +01:00 [INF] Route matched with {action = "Friends", controller = "Post"}. Executing controller action with signature System.Threading.Tasks.Task`1[Microsoft.AspNetCore.Mvc.IActionResult] Friends() on controller photogram.Controllers.PostController (photogram).
2024-11-28 21:20:48.168 +01:00 [INF] Executing ViewResult, running view Friends.
2024-11-28 21:20:48.219 +01:00 [INF] Executed ViewResult - view Friends executed in 51.0848ms.
2024-11-28 21:20:48.219 +01:00 [INF] Executed action photogram.Controllers.PostController.Friends (photogram) in 55.1099ms
2024-11-28 21:20:48.219 +01:00 [INF] Executed endpoint 'photogram.Controllers.PostController.Friends (photogram)'
2024-11-28 21:20:48.220 +01:00 [INF] Request finished HTTP/2 GET https://localhost:7162/Post/Friends - 200 null text/html; charset=utf-8 57.1319ms
2024-11-28 21:20:49.934 +01:00 [INF] Request starting HTTP/2 GET https://localhost:7162/Post/MyPosts - null null
2024-11-28 21:20:49.935 +01:00 [INF] Executing endpoint 'photogram.Controllers.PostController.MyPosts (photogram)'
2024-11-28 21:20:49.935 +01:00 [INF] Route matched with {action = "MyPosts", controller = "Post"}. Executing controller action with signature System.Threading.Tasks.Task`1[Microsoft.AspNetCore.Mvc.IActionResult] MyPosts(System.Nullable`1[System.Int32]) on controller photogram.Controllers.PostController (photogram).
2024-11-28 21:20:49.940 +01:00 [INF] Executing ViewResult, running view MyPosts.
2024-11-28 21:20:50.019 +01:00 [INF] Executed ViewResult - view MyPosts executed in 78.9569ms.
2024-11-28 21:20:50.020 +01:00 [INF] Executed action photogram.Controllers.PostController.MyPosts (photogram) in 85.197ms
2024-11-28 21:20:50.020 +01:00 [INF] Executed endpoint 'photogram.Controllers.PostController.MyPosts (photogram)'
2024-11-28 21:20:50.020 +01:00 [INF] Request finished HTTP/2 GET https://localhost:7162/Post/MyPosts - 200 null text/html; charset=utf-8 86.3759ms
2024-11-28 21:26:31.521 +01:00 [INF] Request starting HTTP/2 GET https://localhost:7162/Home/Feed - null null
2024-11-28 21:26:31.526 +01:00 [INF] Executing endpoint 'photogram.Controllers.HomeController.Feed (photogram)'
2024-11-28 21:26:31.527 +01:00 [INF] Route matched with {action = "Feed", controller = "Home"}. Executing controller action with signature Microsoft.AspNetCore.Mvc.IActionResult Feed() on controller photogram.Controllers.HomeController (photogram).
2024-11-28 21:26:31.530 +01:00 [INF] Executing RedirectResult, redirecting to /Post/Feed.
2024-11-28 21:26:31.530 +01:00 [INF] Executed action photogram.Controllers.HomeController.Feed (photogram) in 2.2786ms
2024-11-28 21:26:31.530 +01:00 [INF] Executed endpoint 'photogram.Controllers.HomeController.Feed (photogram)'
2024-11-28 21:26:31.532 +01:00 [INF] Request finished HTTP/2 GET https://localhost:7162/Home/Feed - 302 0 null 32.2784ms
2024-11-28 21:26:31.543 +01:00 [INF] Request starting HTTP/2 GET https://localhost:7162/Post/Feed - null null
2024-11-28 21:26:31.543 +01:00 [INF] Executing endpoint 'photogram.Controllers.PostController.Feed (photogram)'
2024-11-28 21:26:31.543 +01:00 [INF] Route matched with {action = "Feed", controller = "Post"}. Executing controller action with signature System.Threading.Tasks.Task`1[Microsoft.AspNetCore.Mvc.IActionResult] Feed(System.Nullable`1[System.Int32], System.Nullable`1[System.Int32]) on controller photogram.Controllers.PostController (photogram).
2024-11-28 21:26:31.570 +01:00 [INF] Executing ViewResult, running view Feed.
2024-11-28 21:26:31.660 +01:00 [INF] Executed ViewResult - view Feed executed in 89.9612ms.
2024-11-28 21:26:31.660 +01:00 [INF] Executed action photogram.Controllers.PostController.Feed (photogram) in 116.69ms
2024-11-28 21:26:31.660 +01:00 [INF] Executed endpoint 'photogram.Controllers.PostController.Feed (photogram)'
2024-11-28 21:26:31.660 +01:00 [INF] Request finished HTTP/2 GET https://localhost:7162/Post/Feed - 200 null text/html; charset=utf-8 117.6381ms
