2024-11-29 09:21:14.289 +01:00 [INF] User profile is available. Using '/Users/yasminali/.aspnet/DataProtection-Keys' as key repository; keys will not be encrypted at rest.
2024-11-29 09:21:15.309 +01:00 [INF] Now listening on: https://localhost:7162
2024-11-29 09:21:15.318 +01:00 [INF] Now listening on: http://localhost:5000
2024-11-29 09:21:15.338 +01:00 [INF] Application started. Press Ctrl+C to shut down.
2024-11-29 09:21:15.347 +01:00 [INF] Hosting environment: Development
2024-11-29 09:21:15.352 +01:00 [INF] Content root path: /Users/yasminali/Downloads/photogram 6
2024-11-29 09:21:15.822 +01:00 [INF] Request starting HTTP/2 GET https://localhost:7162/ - null null
2024-11-29 09:21:15.896 +01:00 [INF] Executing endpoint 'photogram.Controllers.HomeController.Index (photogram)'
2024-11-29 09:21:15.929 +01:00 [INF] Route matched with {action = "Index", controller = "Home"}. Executing controller action with signature Microsoft.AspNetCore.Mvc.IActionResult Index() on controller photogram.Controllers.HomeController (photogram).
2024-11-29 09:21:15.962 +01:00 [INF] Executing ViewResult, running view Index.
2024-11-29 09:21:16.069 +01:00 [INF] Accessing expired session, Key:b89e8c98-6b40-71d0-2685-55dde9c16b1c
2024-11-29 09:21:16.099 +01:00 [INF] Executed ViewResult - view Index executed in 139.2851ms.
2024-11-29 09:21:16.105 +01:00 [INF] Executed action photogram.Controllers.HomeController.Index (photogram) in 174.4828ms
2024-11-29 09:21:16.106 +01:00 [INF] Executed endpoint 'photogram.Controllers.HomeController.Index (photogram)'
2024-11-29 09:21:16.162 +01:00 [INF] Request finished HTTP/2 GET https://localhost:7162/ - 200 null text/html; charset=utf-8 343.5608ms
2024-11-29 09:21:16.168 +01:00 [INF] Request starting HTTP/2 GET https://localhost:7162/css/layout.css - null null
2024-11-29 09:21:16.231 +01:00 [INF] Sending file. Request path: '/css/layout.css'. Physical path: '/Users/yasminali/Downloads/photogram 6/wwwroot/css/layout.css'
2024-11-29 09:21:16.234 +01:00 [INF] Request finished HTTP/2 GET https://localhost:7162/css/layout.css - 200 3400 text/css 66.4883ms
2024-11-29 09:21:17.470 +01:00 [INF] Request starting HTTP/2 GET https://localhost:7162/User/Login - null null
2024-11-29 09:21:17.507 +01:00 [INF] Executing endpoint 'photogram.Controllers.UserController.Login (photogram)'
2024-11-29 09:21:17.517 +01:00 [INF] Route matched with {action = "Login", controller = "User"}. Executing controller action with signature Microsoft.AspNetCore.Mvc.IActionResult Login() on controller photogram.Controllers.UserController (photogram).
2024-11-29 09:21:17.597 +01:00 [INF] Executing ViewResult, running view Login.
2024-11-29 09:21:17.678 +01:00 [INF] Accessing expired session, Key:b89e8c98-6b40-71d0-2685-55dde9c16b1c
2024-11-29 09:21:17.692 +01:00 [INF] Executed ViewResult - view Login executed in 96.9205ms.
2024-11-29 09:21:17.693 +01:00 [INF] Executed action photogram.Controllers.UserController.Login (photogram) in 175.4369ms
2024-11-29 09:21:17.693 +01:00 [INF] Executed endpoint 'photogram.Controllers.UserController.Login (photogram)'
2024-11-29 09:21:17.703 +01:00 [INF] Request finished HTTP/2 GET https://localhost:7162/User/Login - 200 null text/html; charset=utf-8 234.1914ms
2024-11-29 09:21:17.744 +01:00 [INF] Request starting HTTP/2 GET https://localhost:7162/css/layout.css - null null
2024-11-29 09:21:17.774 +01:00 [INF] The file /css/layout.css was not modified
2024-11-29 09:21:17.775 +01:00 [INF] Request finished HTTP/2 GET https://localhost:7162/css/layout.css - 304 null text/css 31.611ms
2024-11-29 09:21:20.086 +01:00 [INF] Request starting HTTP/2 POST https://localhost:7162/User/Login - application/x-www-form-urlencoded 221
2024-11-29 09:21:20.093 +01:00 [INF] Executing endpoint 'photogram.Controllers.UserController.Login (photogram)'
2024-11-29 09:21:20.109 +01:00 [INF] Route matched with {action = "Login", controller = "User"}. Executing controller action with signature Microsoft.AspNetCore.Mvc.IActionResult Login(photogram.ViewModels.LoginViewModel) on controller photogram.Controllers.UserController (photogram).
2024-11-29 09:21:20.280 +01:00 [INF] Attempting to login
2024-11-29 09:21:20.697 +01:00 [INF] Accessing expired session, Key:b89e8c98-6b40-71d0-2685-55dde9c16b1c
2024-11-29 09:21:20.698 +01:00 [INF] Executing RedirectResult, redirecting to /.
2024-11-29 09:21:20.699 +01:00 [INF] Executed action photogram.Controllers.UserController.Login (photogram) in 589.7435ms
2024-11-29 09:21:20.699 +01:00 [INF] Executed endpoint 'photogram.Controllers.UserController.Login (photogram)'
2024-11-29 09:21:20.700 +01:00 [INF] Session started; Key:b89e8c98-6b40-71d0-2685-55dde9c16b1c, Id:19475f07-42fa-50a6-d0f4-a6eb817ee50d
2024-11-29 09:21:20.716 +01:00 [INF] Request starting HTTP/2 GET https://localhost:7162/ - null null
2024-11-29 09:21:20.717 +01:00 [INF] Executing endpoint 'photogram.Controllers.HomeController.Index (photogram)'
2024-11-29 09:21:20.718 +01:00 [INF] Route matched with {action = "Index", controller = "Home"}. Executing controller action with signature Microsoft.AspNetCore.Mvc.IActionResult Index() on controller photogram.Controllers.HomeController (photogram).
2024-11-29 09:21:20.720 +01:00 [INF] Executing ViewResult, running view Index.
2024-11-29 09:21:20.724 +01:00 [INF] Request finished HTTP/2 POST https://localhost:7162/User/Login - 302 0 null 637.8955ms
2024-11-29 09:21:20.745 +01:00 [INF] Executed ViewResult - view Index executed in 26.0288ms.
2024-11-29 09:21:20.786 +01:00 [INF] Request starting HTTP/2 GET https://localhost:7162/css/layout.css - null null
2024-11-29 09:21:20.786 +01:00 [INF] The file /css/layout.css was not modified
2024-11-29 09:21:20.787 +01:00 [INF] Request finished HTTP/2 GET https://localhost:7162/css/layout.css - 304 null text/css 1.0599ms
2024-11-29 09:21:20.793 +01:00 [INF] Executed action photogram.Controllers.HomeController.Index (photogram) in 74.4987ms
2024-11-29 09:21:20.793 +01:00 [INF] Executed endpoint 'photogram.Controllers.HomeController.Index (photogram)'
2024-11-29 09:21:20.793 +01:00 [INF] Request finished HTTP/2 GET https://localhost:7162/ - 200 null text/html; charset=utf-8 77.1947ms
2024-11-29 09:21:21.968 +01:00 [INF] Request starting HTTP/2 GET https://localhost:7162/Home/Feed - null null
2024-11-29 09:21:21.970 +01:00 [INF] Executing endpoint 'photogram.Controllers.HomeController.Feed (photogram)'
2024-11-29 09:21:21.974 +01:00 [INF] Route matched with {action = "Feed", controller = "Home"}. Executing controller action with signature Microsoft.AspNetCore.Mvc.IActionResult Feed() on controller photogram.Controllers.HomeController (photogram).
2024-11-29 09:21:21.977 +01:00 [INF] Executing RedirectResult, redirecting to /Post/Feed.
2024-11-29 09:21:21.978 +01:00 [INF] Executed action photogram.Controllers.HomeController.Feed (photogram) in 3.4985ms
2024-11-29 09:21:21.978 +01:00 [INF] Executed endpoint 'photogram.Controllers.HomeController.Feed (photogram)'
2024-11-29 09:21:21.978 +01:00 [INF] Request finished HTTP/2 GET https://localhost:7162/Home/Feed - 302 0 null 10.2561ms
2024-11-29 09:21:22.010 +01:00 [INF] Request starting HTTP/2 GET https://localhost:7162/Post/Feed - null null
2024-11-29 09:21:22.012 +01:00 [INF] Executing endpoint 'photogram.Controllers.PostController.Feed (photogram)'
2024-11-29 09:21:22.023 +01:00 [INF] Route matched with {action = "Feed", controller = "Post"}. Executing controller action with signature System.Threading.Tasks.Task`1[Microsoft.AspNetCore.Mvc.IActionResult] Feed(System.Nullable`1[System.Int32], System.Nullable`1[System.Int32]) on controller photogram.Controllers.PostController (photogram).
2024-11-29 09:21:22.177 +01:00 [INF] Executing ViewResult, running view Feed.
2024-11-29 09:21:22.515 +01:00 [INF] Executed ViewResult - view Feed executed in 338.9303ms.
2024-11-29 09:21:22.515 +01:00 [INF] Request starting HTTP/2 GET https://localhost:7162/css/layout.css - null null
2024-11-29 09:21:22.516 +01:00 [INF] The file /css/layout.css was not modified
2024-11-29 09:21:22.517 +01:00 [INF] Request finished HTTP/2 GET https://localhost:7162/css/layout.css - 304 null text/css 2.2725ms
2024-11-29 09:21:22.531 +01:00 [INF] Executed action photogram.Controllers.PostController.Feed (photogram) in 508.2834ms
2024-11-29 09:21:22.533 +01:00 [INF] Executed endpoint 'photogram.Controllers.PostController.Feed (photogram)'
2024-11-29 09:21:22.559 +01:00 [INF] Request finished HTTP/2 GET https://localhost:7162/Post/Feed - 200 null text/html; charset=utf-8 549.1056ms
