2024-11-29 09:13:53.285 +01:00 [INF] User profile is available. Using '/Users/yasminali/.aspnet/DataProtection-Keys' as key repository; keys will not be encrypted at rest.
2024-11-29 09:13:54.130 +01:00 [INF] Now listening on: https://localhost:7162
2024-11-29 09:13:54.135 +01:00 [INF] Now listening on: http://localhost:5000
2024-11-29 09:13:54.161 +01:00 [INF] Application started. Press Ctrl+C to shut down.
2024-11-29 09:13:54.169 +01:00 [INF] Hosting environment: Development
2024-11-29 09:13:54.173 +01:00 [INF] Content root path: /Users/yasminali/Downloads/photogram 6
2024-11-29 09:13:54.568 +01:00 [INF] Request starting HTTP/2 GET https://localhost:7162/ - null null
2024-11-29 09:13:54.638 +01:00 [INF] Executing endpoint 'photogram.Controllers.HomeController.Index (photogram)'
2024-11-29 09:13:54.662 +01:00 [INF] Route matched with {action = "Index", controller = "Home"}. Executing controller action with signature Microsoft.AspNetCore.Mvc.IActionResult Index() on controller photogram.Controllers.HomeController (photogram).
2024-11-29 09:13:54.686 +01:00 [INF] Executing ViewResult, running view Index.
2024-11-29 09:13:54.778 +01:00 [INF] Accessing expired session, Key:b89e8c98-6b40-71d0-2685-55dde9c16b1c
2024-11-29 09:13:54.809 +01:00 [INF] Executed ViewResult - view Index executed in 115.9627ms.
2024-11-29 09:13:54.816 +01:00 [INF] Executed action photogram.Controllers.HomeController.Index (photogram) in 151.8879ms
2024-11-29 09:13:54.816 +01:00 [INF] Executed endpoint 'photogram.Controllers.HomeController.Index (photogram)'
2024-11-29 09:13:54.825 +01:00 [INF] Request finished HTTP/2 GET https://localhost:7162/ - 200 null text/html; charset=utf-8 260.0404ms
2024-11-29 09:13:54.910 +01:00 [INF] Request starting HTTP/2 GET https://localhost:7162/css/layout.css - null null
2024-11-29 09:13:54.967 +01:00 [INF] Sending file. Request path: '/css/layout.css'. Physical path: '/Users/yasminali/Downloads/photogram 6/wwwroot/css/layout.css'
2024-11-29 09:13:54.970 +01:00 [INF] Request finished HTTP/2 GET https://localhost:7162/css/layout.css - 200 3440 text/css 59.3807ms
2024-11-29 09:14:13.747 +01:00 [INF] Request starting HTTP/2 GET https://localhost:7162/User/Login - null null
2024-11-29 09:14:13.756 +01:00 [INF] Executing endpoint 'photogram.Controllers.UserController.Login (photogram)'
2024-11-29 09:14:13.761 +01:00 [INF] Route matched with {action = "Login", controller = "User"}. Executing controller action with signature Microsoft.AspNetCore.Mvc.IActionResult Login() on controller photogram.Controllers.UserController (photogram).
2024-11-29 09:14:13.825 +01:00 [INF] Executing ViewResult, running view Login.
2024-11-29 09:14:13.887 +01:00 [INF] Accessing expired session, Key:b89e8c98-6b40-71d0-2685-55dde9c16b1c
2024-11-29 09:14:13.899 +01:00 [INF] Executed ViewResult - view Login executed in 75.3025ms.
2024-11-29 09:14:13.899 +01:00 [INF] Executed action photogram.Controllers.UserController.Login (photogram) in 138.0976ms
2024-11-29 09:14:13.899 +01:00 [INF] Executed endpoint 'photogram.Controllers.UserController.Login (photogram)'
2024-11-29 09:14:13.906 +01:00 [INF] Request finished HTTP/2 GET https://localhost:7162/User/Login - 200 null text/html; charset=utf-8 158.8286ms
2024-11-29 09:14:15.912 +01:00 [INF] Request starting HTTP/2 POST https://localhost:7162/User/Login - application/x-www-form-urlencoded 221
2024-11-29 09:14:15.921 +01:00 [INF] Executing endpoint 'photogram.Controllers.UserController.Login (photogram)'
2024-11-29 09:14:15.936 +01:00 [INF] Route matched with {action = "Login", controller = "User"}. Executing controller action with signature Microsoft.AspNetCore.Mvc.IActionResult Login(photogram.ViewModels.LoginViewModel) on controller photogram.Controllers.UserController (photogram).
2024-11-29 09:14:16.114 +01:00 [INF] Attempting to login
2024-11-29 09:14:16.525 +01:00 [INF] Accessing expired session, Key:b89e8c98-6b40-71d0-2685-55dde9c16b1c
2024-11-29 09:14:16.528 +01:00 [INF] Executing RedirectResult, redirecting to /.
2024-11-29 09:14:16.528 +01:00 [INF] Executed action photogram.Controllers.UserController.Login (photogram) in 592.1325ms
2024-11-29 09:14:16.529 +01:00 [INF] Executed endpoint 'photogram.Controllers.UserController.Login (photogram)'
2024-11-29 09:14:16.530 +01:00 [INF] Session started; Key:b89e8c98-6b40-71d0-2685-55dde9c16b1c, Id:b1b608c9-769a-0480-a8fe-b2d46218a5d3
2024-11-29 09:14:16.543 +01:00 [INF] Request starting HTTP/2 GET https://localhost:7162/ - null null
2024-11-29 09:14:16.544 +01:00 [INF] Executing endpoint 'photogram.Controllers.HomeController.Index (photogram)'
2024-11-29 09:14:16.544 +01:00 [INF] Route matched with {action = "Index", controller = "Home"}. Executing controller action with signature Microsoft.AspNetCore.Mvc.IActionResult Index() on controller photogram.Controllers.HomeController (photogram).
2024-11-29 09:14:16.547 +01:00 [INF] Executing ViewResult, running view Index.
2024-11-29 09:14:16.551 +01:00 [INF] Request finished HTTP/2 POST https://localhost:7162/User/Login - 302 0 null 663.5867ms
2024-11-29 09:14:16.633 +01:00 [INF] Executed ViewResult - view Index executed in 86.9241ms.
2024-11-29 09:14:16.649 +01:00 [INF] Executed action photogram.Controllers.HomeController.Index (photogram) in 104.699ms
2024-11-29 09:14:16.652 +01:00 [INF] Executed endpoint 'photogram.Controllers.HomeController.Index (photogram)'
2024-11-29 09:14:16.656 +01:00 [INF] Request finished HTTP/2 GET https://localhost:7162/ - 200 null text/html; charset=utf-8 113.7612ms
2024-11-29 09:14:17.730 +01:00 [INF] Request starting HTTP/2 GET https://localhost:7162/Home/Feed - null null
2024-11-29 09:14:17.732 +01:00 [INF] Executing endpoint 'photogram.Controllers.HomeController.Feed (photogram)'
2024-11-29 09:14:17.736 +01:00 [INF] Route matched with {action = "Feed", controller = "Home"}. Executing controller action with signature Microsoft.AspNetCore.Mvc.IActionResult Feed() on controller photogram.Controllers.HomeController (photogram).
2024-11-29 09:14:17.738 +01:00 [INF] Executing RedirectResult, redirecting to /Post/Feed.
2024-11-29 09:14:17.739 +01:00 [INF] Executed action photogram.Controllers.HomeController.Feed (photogram) in 2.7312ms
2024-11-29 09:14:17.739 +01:00 [INF] Executed endpoint 'photogram.Controllers.HomeController.Feed (photogram)'
2024-11-29 09:14:17.739 +01:00 [INF] Request finished HTTP/2 GET https://localhost:7162/Home/Feed - 302 0 null 8.4461ms
2024-11-29 09:14:17.779 +01:00 [INF] Request starting HTTP/2 GET https://localhost:7162/Post/Feed - null null
2024-11-29 09:14:17.780 +01:00 [INF] Executing endpoint 'photogram.Controllers.PostController.Feed (photogram)'
2024-11-29 09:14:17.789 +01:00 [INF] Route matched with {action = "Feed", controller = "Post"}. Executing controller action with signature System.Threading.Tasks.Task`1[Microsoft.AspNetCore.Mvc.IActionResult] Feed(System.Nullable`1[System.Int32], System.Nullable`1[System.Int32]) on controller photogram.Controllers.PostController (photogram).
2024-11-29 09:14:17.940 +01:00 [INF] Executing ViewResult, running view Feed.
2024-11-29 09:14:18.198 +01:00 [INF] Executed ViewResult - view Feed executed in 258.434ms.
2024-11-29 09:14:18.203 +01:00 [INF] Executed action photogram.Controllers.PostController.Feed (photogram) in 413.0131ms
2024-11-29 09:14:18.204 +01:00 [INF] Executed endpoint 'photogram.Controllers.PostController.Feed (photogram)'
2024-11-29 09:14:18.208 +01:00 [INF] Request finished HTTP/2 GET https://localhost:7162/Post/Feed - 200 null text/html; charset=utf-8 429.5865ms
2024-11-29 09:14:39.563 +01:00 [INF] Request starting HTTP/2 POST https://localhost:7162/Comments/AddComment - application/x-www-form-urlencoded 205
2024-11-29 09:14:39.579 +01:00 [INF] Executing endpoint 'photogram.Controllers.CommentsController.AddComment (photogram)'
2024-11-29 09:14:39.587 +01:00 [INF] Route matched with {action = "AddComment", controller = "Comments"}. Executing controller action with signature System.Threading.Tasks.Task`1[Microsoft.AspNetCore.Mvc.IActionResult] AddComment(Int32, System.String) on controller photogram.Controllers.CommentsController (photogram).
2024-11-29 09:14:39.817 +01:00 [INF] Comment added successfully for PostId 7 by User hei@gmail.com.
2024-11-29 09:14:39.818 +01:00 [INF] Executing RedirectResult, redirecting to /Post/Feed.
2024-11-29 09:14:39.818 +01:00 [INF] Executed action photogram.Controllers.CommentsController.AddComment (photogram) in 231.5918ms
2024-11-29 09:14:39.819 +01:00 [INF] Executed endpoint 'photogram.Controllers.CommentsController.AddComment (photogram)'
2024-11-29 09:14:39.819 +01:00 [INF] Request finished HTTP/2 POST https://localhost:7162/Comments/AddComment - 302 0 null 256.0516ms
2024-11-29 09:14:39.828 +01:00 [INF] Request starting HTTP/2 GET https://localhost:7162/Post/Feed - null null
2024-11-29 09:14:39.832 +01:00 [INF] Executing endpoint 'photogram.Controllers.PostController.Feed (photogram)'
2024-11-29 09:14:39.832 +01:00 [INF] Route matched with {action = "Feed", controller = "Post"}. Executing controller action with signature System.Threading.Tasks.Task`1[Microsoft.AspNetCore.Mvc.IActionResult] Feed(System.Nullable`1[System.Int32], System.Nullable`1[System.Int32]) on controller photogram.Controllers.PostController (photogram).
2024-11-29 09:14:39.841 +01:00 [INF] Executing ViewResult, running view Feed.
2024-11-29 09:14:40.070 +01:00 [INF] Request starting HTTP/2 GET https://localhost:7162/css/layout.css - null null
2024-11-29 09:14:40.080 +01:00 [INF] Executed ViewResult - view Feed executed in 238.9858ms.
2024-11-29 09:14:40.088 +01:00 [INF] Executed action photogram.Controllers.PostController.Feed (photogram) in 256.1741ms
2024-11-29 09:14:40.095 +01:00 [INF] Executed endpoint 'photogram.Controllers.PostController.Feed (photogram)'
2024-11-29 09:14:40.095 +01:00 [INF] Request finished HTTP/2 GET https://localhost:7162/Post/Feed - 200 null text/html; charset=utf-8 267.4014ms
2024-11-29 09:14:40.099 +01:00 [INF] The file /css/layout.css was not modified
2024-11-29 09:14:40.100 +01:00 [INF] Request finished HTTP/2 GET https://localhost:7162/css/layout.css - 304 null text/css 54.9156ms
2024-11-29 09:16:56.716 +01:00 [INF] Request starting HTTP/2 GET https://localhost:7162/Post/Feed?editingCommentId=10 - null null
2024-11-29 09:16:56.717 +01:00 [INF] Executing endpoint 'photogram.Controllers.PostController.Feed (photogram)'
2024-11-29 09:16:56.718 +01:00 [INF] Route matched with {action = "Feed", controller = "Post"}. Executing controller action with signature System.Threading.Tasks.Task`1[Microsoft.AspNetCore.Mvc.IActionResult] Feed(System.Nullable`1[System.Int32], System.Nullable`1[System.Int32]) on controller photogram.Controllers.PostController (photogram).
2024-11-29 09:16:56.738 +01:00 [INF] Executing ViewResult, running view Feed.
2024-11-29 09:16:56.930 +01:00 [INF] Executed ViewResult - view Feed executed in 192.174ms.
2024-11-29 09:16:56.962 +01:00 [INF] Executed action photogram.Controllers.PostController.Feed (photogram) in 213.1702ms
2024-11-29 09:16:56.985 +01:00 [INF] Executed endpoint 'photogram.Controllers.PostController.Feed (photogram)'
2024-11-29 09:16:57.006 +01:00 [INF] Request starting HTTP/2 GET https://localhost:7162/css/layout.css - null null
2024-11-29 09:16:57.006 +01:00 [INF] Request finished HTTP/2 GET https://localhost:7162/Post/Feed?editingCommentId=10 - 200 null text/html; charset=utf-8 290.4134ms
2024-11-29 09:16:57.007 +01:00 [INF] The file /css/layout.css was not modified
2024-11-29 09:16:57.008 +01:00 [INF] Request finished HTTP/2 GET https://localhost:7162/css/layout.css - 304 null text/css 1.6552ms
2024-11-29 09:18:29.273 +01:00 [INF] Request starting HTTP/2 GET https://localhost:7162/Post/MyPosts - null null
2024-11-29 09:18:29.274 +01:00 [INF] Executing endpoint 'photogram.Controllers.PostController.MyPosts (photogram)'
2024-11-29 09:18:29.281 +01:00 [INF] Route matched with {action = "MyPosts", controller = "Post"}. Executing controller action with signature System.Threading.Tasks.Task`1[Microsoft.AspNetCore.Mvc.IActionResult] MyPosts(System.Nullable`1[System.Int32]) on controller photogram.Controllers.PostController (photogram).
2024-11-29 09:18:29.588 +01:00 [INF] Executing ViewResult, running view MyPosts.
2024-11-29 09:18:29.843 +01:00 [INF] Executed ViewResult - view MyPosts executed in 235.6329ms.
2024-11-29 09:18:29.910 +01:00 [INF] Executed action photogram.Controllers.PostController.MyPosts (photogram) in 629.1345ms
2024-11-29 09:18:29.941 +01:00 [INF] Executed endpoint 'photogram.Controllers.PostController.MyPosts (photogram)'
2024-11-29 09:18:29.949 +01:00 [INF] Request starting HTTP/2 GET https://localhost:7162/css/layout.css - null null
2024-11-29 09:18:29.978 +01:00 [INF] Request finished HTTP/2 GET https://localhost:7162/Post/MyPosts - 200 null text/html; charset=utf-8 704.9966ms
2024-11-29 09:18:29.978 +01:00 [INF] The file /css/layout.css was not modified
2024-11-29 09:18:29.978 +01:00 [INF] Request finished HTTP/2 GET https://localhost:7162/css/layout.css - 304 null text/css 36.1802ms
2024-11-29 09:18:37.772 +01:00 [INF] Request starting HTTP/2 GET https://localhost:7162/Post/CreatePost - null null
2024-11-29 09:18:37.795 +01:00 [INF] Executing endpoint 'photogram.Controllers.PostController.CreatePost (photogram)'
2024-11-29 09:18:37.797 +01:00 [INF] Route matched with {action = "CreatePost", controller = "Post"}. Executing controller action with signature Microsoft.AspNetCore.Mvc.IActionResult CreatePost() on controller photogram.Controllers.PostController (photogram).
2024-11-29 09:18:37.799 +01:00 [INF] Executing ViewResult, running view CreatePost.
2024-11-29 09:18:37.832 +01:00 [INF] Executed ViewResult - view CreatePost executed in 33.8321ms.
2024-11-29 09:18:37.833 +01:00 [INF] Executed action photogram.Controllers.PostController.CreatePost (photogram) in 36.0179ms
2024-11-29 09:18:37.834 +01:00 [INF] Executed endpoint 'photogram.Controllers.PostController.CreatePost (photogram)'
2024-11-29 09:18:37.836 +01:00 [INF] Request finished HTTP/2 GET https://localhost:7162/Post/CreatePost - 200 null text/html; charset=utf-8 65.1776ms
2024-11-29 09:18:38.737 +01:00 [INF] Request starting HTTP/2 GET https://localhost:7162/Home/Feed - null null
2024-11-29 09:18:38.739 +01:00 [INF] Executing endpoint 'photogram.Controllers.HomeController.Feed (photogram)'
2024-11-29 09:18:38.739 +01:00 [INF] Route matched with {action = "Feed", controller = "Home"}. Executing controller action with signature Microsoft.AspNetCore.Mvc.IActionResult Feed() on controller photogram.Controllers.HomeController (photogram).
2024-11-29 09:18:38.740 +01:00 [INF] Executing RedirectResult, redirecting to /Post/Feed.
2024-11-29 09:18:38.740 +01:00 [INF] Executed action photogram.Controllers.HomeController.Feed (photogram) in 0.527ms
2024-11-29 09:18:38.740 +01:00 [INF] Executed endpoint 'photogram.Controllers.HomeController.Feed (photogram)'
2024-11-29 09:18:38.740 +01:00 [INF] Request finished HTTP/2 GET https://localhost:7162/Home/Feed - 302 0 null 2.8933ms
2024-11-29 09:18:38.775 +01:00 [INF] Request starting HTTP/2 GET https://localhost:7162/Post/Feed - null null
2024-11-29 09:18:38.800 +01:00 [INF] Executing endpoint 'photogram.Controllers.PostController.Feed (photogram)'
2024-11-29 09:18:38.800 +01:00 [INF] Route matched with {action = "Feed", controller = "Post"}. Executing controller action with signature System.Threading.Tasks.Task`1[Microsoft.AspNetCore.Mvc.IActionResult] Feed(System.Nullable`1[System.Int32], System.Nullable`1[System.Int32]) on controller photogram.Controllers.PostController (photogram).
2024-11-29 09:18:38.813 +01:00 [INF] Executing ViewResult, running view Feed.
2024-11-29 09:18:38.920 +01:00 [INF] Executed ViewResult - view Feed executed in 106.8319ms.
2024-11-29 09:18:38.920 +01:00 [INF] Executed action photogram.Controllers.PostController.Feed (photogram) in 119.3485ms
2024-11-29 09:18:38.920 +01:00 [INF] Executed endpoint 'photogram.Controllers.PostController.Feed (photogram)'
2024-11-29 09:18:38.924 +01:00 [INF] Request finished HTTP/2 GET https://localhost:7162/Post/Feed - 200 null text/html; charset=utf-8 149.1525ms
