2024-12-01 04:12:26.824 +01:00 [INF] User profile is available. Using '/Users/yasminali/.aspnet/DataProtection-Keys' as key repository; keys will not be encrypted at rest.
2024-12-01 04:12:28.830 +01:00 [INF] Now listening on: http://localhost:5001
2024-12-01 04:12:28.857 +01:00 [INF] Application started. Press Ctrl+C to shut down.
2024-12-01 04:12:28.869 +01:00 [INF] Hosting environment: Development
2024-12-01 04:12:28.870 +01:00 [INF] Content root path: /Users/yasminali/Desktop/ExamITPE3100/photogram7
2024-12-01 04:12:39.316 +01:00 [INF] Request starting HTTP/1.1 GET http://localhost:5001/ - null null
2024-12-01 04:12:39.353 +01:00 [WRN] Failed to determine the https port for redirect.
2024-12-01 04:12:39.406 +01:00 [WRN] Error unprotecting the session cookie.
System.Security.Cryptography.CryptographicException: The payload was invalid. For more information go to https://aka.ms/aspnet/dataprotectionwarning
   at Microsoft.AspNetCore.DataProtection.Managed.ManagedAuthenticatedEncryptor.Decrypt(ArraySegment`1 protectedPayload, ArraySegment`1 additionalAuthenticatedData)
   at Microsoft.AspNetCore.DataProtection.KeyManagement.KeyRingBasedDataProtector.UnprotectCore(Byte[] protectedData, Boolean allowOperationsOnRevokedKeys, UnprotectStatus& status)
   at Microsoft.AspNetCore.DataProtection.KeyManagement.KeyRingBasedDataProtector.Unprotect(Byte[] protectedData)
   at Microsoft.AspNetCore.Session.CookieProtection.Unprotect(IDataProtector protector, String protectedText, ILogger logger)
2024-12-01 04:12:39.636 +01:00 [INF] Executing endpoint 'photogram.Controllers.HomeController.Index (photogram)'
2024-12-01 04:12:39.787 +01:00 [INF] Route matched with {action = "Index", controller = "Home", page = "", area = ""}. Executing controller action with signature Microsoft.AspNetCore.Mvc.IActionResult Index() on controller photogram.Controllers.HomeController (photogram).
2024-12-01 04:12:39.834 +01:00 [INF] Executing ViewResult, running view Index.
2024-12-01 04:12:40.675 +01:00 [INF] Executed ViewResult - view Index executed in 380.8614ms.
2024-12-01 04:12:40.705 +01:00 [INF] Executed action photogram.Controllers.HomeController.Index (photogram) in 915.4424ms
2024-12-01 04:12:40.706 +01:00 [INF] Executed endpoint 'photogram.Controllers.HomeController.Index (photogram)'
2024-12-01 04:12:40.749 +01:00 [INF] Request finished HTTP/1.1 GET http://localhost:5001/ - 200 null text/html; charset=utf-8 1452.4108ms
2024-12-01 04:12:44.527 +01:00 [INF] Request starting HTTP/1.1 GET http://localhost:5001/Home/Feed - null null
2024-12-01 04:12:44.529 +01:00 [WRN] Error unprotecting the session cookie.
System.Security.Cryptography.CryptographicException: The payload was invalid. For more information go to https://aka.ms/aspnet/dataprotectionwarning
   at Microsoft.AspNetCore.DataProtection.Managed.ManagedAuthenticatedEncryptor.Decrypt(ArraySegment`1 protectedPayload, ArraySegment`1 additionalAuthenticatedData)
   at Microsoft.AspNetCore.DataProtection.KeyManagement.KeyRingBasedDataProtector.UnprotectCore(Byte[] protectedData, Boolean allowOperationsOnRevokedKeys, UnprotectStatus& status)
   at Microsoft.AspNetCore.DataProtection.KeyManagement.KeyRingBasedDataProtector.Unprotect(Byte[] protectedData)
   at Microsoft.AspNetCore.Session.CookieProtection.Unprotect(IDataProtector protector, String protectedText, ILogger logger)
2024-12-01 04:12:44.546 +01:00 [INF] Executing endpoint 'photogram.Controllers.HomeController.Feed (photogram)'
2024-12-01 04:12:44.549 +01:00 [INF] Route matched with {action = "Feed", controller = "Home", page = "", area = ""}. Executing controller action with signature Microsoft.AspNetCore.Mvc.IActionResult Feed() on controller photogram.Controllers.HomeController (photogram).
2024-12-01 04:12:44.553 +01:00 [INF] Executing RedirectResult, redirecting to /Post/Feed.
2024-12-01 04:12:44.554 +01:00 [INF] Executed action photogram.Controllers.HomeController.Feed (photogram) in 4.4039ms
2024-12-01 04:12:44.554 +01:00 [INF] Executed endpoint 'photogram.Controllers.HomeController.Feed (photogram)'
2024-12-01 04:12:44.555 +01:00 [INF] Request finished HTTP/1.1 GET http://localhost:5001/Home/Feed - 302 0 null 28.1844ms
2024-12-01 04:12:44.563 +01:00 [INF] Request starting HTTP/1.1 GET http://localhost:5001/Post/Feed - null null
2024-12-01 04:12:44.564 +01:00 [WRN] Error unprotecting the session cookie.
System.Security.Cryptography.CryptographicException: The payload was invalid. For more information go to https://aka.ms/aspnet/dataprotectionwarning
   at Microsoft.AspNetCore.DataProtection.Managed.ManagedAuthenticatedEncryptor.Decrypt(ArraySegment`1 protectedPayload, ArraySegment`1 additionalAuthenticatedData)
   at Microsoft.AspNetCore.DataProtection.KeyManagement.KeyRingBasedDataProtector.UnprotectCore(Byte[] protectedData, Boolean allowOperationsOnRevokedKeys, UnprotectStatus& status)
   at Microsoft.AspNetCore.DataProtection.KeyManagement.KeyRingBasedDataProtector.Unprotect(Byte[] protectedData)
   at Microsoft.AspNetCore.Session.CookieProtection.Unprotect(IDataProtector protector, String protectedText, ILogger logger)
2024-12-01 04:12:44.603 +01:00 [INF] Executing endpoint 'photogram.Controllers.PostController.Feed (photogram)'
2024-12-01 04:12:44.635 +01:00 [INF] Route matched with {action = "Feed", controller = "Post", page = "", area = ""}. Executing controller action with signature System.Threading.Tasks.Task`1[Microsoft.AspNetCore.Mvc.IActionResult] Feed(System.Nullable`1[System.Int32], System.Nullable`1[System.Int32]) on controller photogram.Controllers.PostController (photogram).
2024-12-01 04:12:46.203 +01:00 [INF] Executing ViewResult, running view Feed.
2024-12-01 04:12:46.863 +01:00 [INF] Executed ViewResult - view Feed executed in 664.5729ms.
2024-12-01 04:12:46.864 +01:00 [INF] Executed action photogram.Controllers.PostController.Feed (photogram) in 2228.2257ms
2024-12-01 04:12:46.864 +01:00 [INF] Executed endpoint 'photogram.Controllers.PostController.Feed (photogram)'
2024-12-01 04:12:46.982 +01:00 [INF] Request finished HTTP/1.1 GET http://localhost:5001/Post/Feed - 200 null text/html; charset=utf-8 2418.5057ms
2024-12-01 04:12:46.982 +01:00 [INF] Request starting HTTP/1.1 GET http://localhost:5001/uploads/88ec321d-5692-4e79-9166-71c32aeac047_nature.jpg - null null
2024-12-01 04:12:47.144 +01:00 [INF] The file /uploads/88ec321d-5692-4e79-9166-71c32aeac047_nature.jpg was not modified
2024-12-01 04:12:47.146 +01:00 [INF] Request finished HTTP/1.1 GET http://localhost:5001/uploads/88ec321d-5692-4e79-9166-71c32aeac047_nature.jpg - 304 null image/jpeg 163.3338ms
2024-12-01 04:12:51.400 +01:00 [INF] Request starting HTTP/1.1 POST http://localhost:5001/Comments/AddComment - application/x-www-form-urlencoded 244
2024-12-01 04:12:51.401 +01:00 [WRN] Error unprotecting the session cookie.
System.Security.Cryptography.CryptographicException: The payload was invalid. For more information go to https://aka.ms/aspnet/dataprotectionwarning
   at Microsoft.AspNetCore.DataProtection.Managed.ManagedAuthenticatedEncryptor.Decrypt(ArraySegment`1 protectedPayload, ArraySegment`1 additionalAuthenticatedData)
   at Microsoft.AspNetCore.DataProtection.KeyManagement.KeyRingBasedDataProtector.UnprotectCore(Byte[] protectedData, Boolean allowOperationsOnRevokedKeys, UnprotectStatus& status)
   at Microsoft.AspNetCore.DataProtection.KeyManagement.KeyRingBasedDataProtector.Unprotect(Byte[] protectedData)
   at Microsoft.AspNetCore.Session.CookieProtection.Unprotect(IDataProtector protector, String protectedText, ILogger logger)
2024-12-01 04:12:51.426 +01:00 [INF] Executing endpoint 'photogram.Controllers.CommentsController.AddComment (photogram)'
2024-12-01 04:12:51.436 +01:00 [INF] Route matched with {action = "AddComment", controller = "Comments", page = "", area = ""}. Executing controller action with signature System.Threading.Tasks.Task`1[Microsoft.AspNetCore.Mvc.IActionResult] AddComment(Int32, System.String) on controller photogram.Controllers.CommentsController (photogram).
2024-12-01 04:12:51.488 +01:00 [INF] Executing RedirectResult, redirecting to /Post/Feed?postId=14.
2024-12-01 04:12:51.501 +01:00 [INF] Executed action photogram.Controllers.CommentsController.AddComment (photogram) in 64.4706ms
2024-12-01 04:12:51.501 +01:00 [INF] Executed endpoint 'photogram.Controllers.CommentsController.AddComment (photogram)'
2024-12-01 04:12:51.501 +01:00 [INF] Request finished HTTP/1.1 POST http://localhost:5001/Comments/AddComment - 302 0 null 101.1958ms
2024-12-01 04:12:51.506 +01:00 [INF] Request starting HTTP/1.1 GET http://localhost:5001/Post/Feed?postId=14 - null null
2024-12-01 04:12:51.507 +01:00 [WRN] Error unprotecting the session cookie.
System.Security.Cryptography.CryptographicException: The payload was invalid. For more information go to https://aka.ms/aspnet/dataprotectionwarning
   at Microsoft.AspNetCore.DataProtection.Managed.ManagedAuthenticatedEncryptor.Decrypt(ArraySegment`1 protectedPayload, ArraySegment`1 additionalAuthenticatedData)
   at Microsoft.AspNetCore.DataProtection.KeyManagement.KeyRingBasedDataProtector.UnprotectCore(Byte[] protectedData, Boolean allowOperationsOnRevokedKeys, UnprotectStatus& status)
   at Microsoft.AspNetCore.DataProtection.KeyManagement.KeyRingBasedDataProtector.Unprotect(Byte[] protectedData)
   at Microsoft.AspNetCore.Session.CookieProtection.Unprotect(IDataProtector protector, String protectedText, ILogger logger)
2024-12-01 04:12:51.512 +01:00 [INF] Executing endpoint 'photogram.Controllers.PostController.Feed (photogram)'
2024-12-01 04:12:51.513 +01:00 [INF] Route matched with {action = "Feed", controller = "Post", page = "", area = ""}. Executing controller action with signature System.Threading.Tasks.Task`1[Microsoft.AspNetCore.Mvc.IActionResult] Feed(System.Nullable`1[System.Int32], System.Nullable`1[System.Int32]) on controller photogram.Controllers.PostController (photogram).
2024-12-01 04:12:51.529 +01:00 [INF] Executing ViewResult, running view Feed.
2024-12-01 04:12:51.574 +01:00 [INF] Executed ViewResult - view Feed executed in 45.6799ms.
2024-12-01 04:12:51.575 +01:00 [INF] Executed action photogram.Controllers.PostController.Feed (photogram) in 62.1074ms
2024-12-01 04:12:51.575 +01:00 [INF] Executed endpoint 'photogram.Controllers.PostController.Feed (photogram)'
2024-12-01 04:12:51.576 +01:00 [INF] Request finished HTTP/1.1 GET http://localhost:5001/Post/Feed?postId=14 - 200 null text/html; charset=utf-8 69.0237ms
2024-12-01 04:13:53.635 +01:00 [INF] Request starting HTTP/1.1 POST http://localhost:5001/Comments/EditComment - application/x-www-form-urlencoded 247
2024-12-01 04:13:53.638 +01:00 [WRN] Error unprotecting the session cookie.
System.Security.Cryptography.CryptographicException: The payload was invalid. For more information go to https://aka.ms/aspnet/dataprotectionwarning
   at Microsoft.AspNetCore.DataProtection.Managed.ManagedAuthenticatedEncryptor.Decrypt(ArraySegment`1 protectedPayload, ArraySegment`1 additionalAuthenticatedData)
   at Microsoft.AspNetCore.DataProtection.KeyManagement.KeyRingBasedDataProtector.UnprotectCore(Byte[] protectedData, Boolean allowOperationsOnRevokedKeys, UnprotectStatus& status)
   at Microsoft.AspNetCore.DataProtection.KeyManagement.KeyRingBasedDataProtector.Unprotect(Byte[] protectedData)
   at Microsoft.AspNetCore.Session.CookieProtection.Unprotect(IDataProtector protector, String protectedText, ILogger logger)
2024-12-01 04:13:53.651 +01:00 [INF] Executing endpoint 'photogram.Controllers.CommentsController.EditComment (photogram)'
2024-12-01 04:13:53.672 +01:00 [INF] Route matched with {action = "EditComment", controller = "Comments", page = "", area = ""}. Executing controller action with signature System.Threading.Tasks.Task`1[Microsoft.AspNetCore.Mvc.IActionResult] EditComment(Int32, System.String) on controller photogram.Controllers.CommentsController (photogram).
2024-12-01 04:13:54.059 +01:00 [ERR] Failed executing DbCommand (15ms) [Parameters=[@p4='?' (DbType = Int32), @p0='?', @p1='?' (DbType = DateTime), @p2='?' (DbType = Int32), @p3='?' (Size = 15)], CommandType='"Text"', CommandTimeout='30']
UPDATE "Comments" SET "Content" = @p0, "CreatedAt" = @p1, "PostId" = @p2, "UserName" = @p3
WHERE "Id" = @p4
RETURNING 1;
2024-12-01 04:13:54.119 +01:00 [ERR] An exception occurred in the database while saving changes for context type 'photogram.DAL.PostDbContext'.
Microsoft.EntityFrameworkCore.DbUpdateException: An error occurred while saving the entity changes. See the inner exception for details.
 ---> Microsoft.Data.Sqlite.SqliteException (0x80004005): SQLite Error 19: 'NOT NULL constraint failed: Comments.Content'.
   at Microsoft.Data.Sqlite.SqliteException.ThrowExceptionForRC(Int32 rc, sqlite3 db)
   at Microsoft.Data.Sqlite.SqliteDataReader.NextResult()
   at Microsoft.Data.Sqlite.SqliteCommand.ExecuteReader(CommandBehavior behavior)
   at Microsoft.Data.Sqlite.SqliteCommand.ExecuteReaderAsync(CommandBehavior behavior, CancellationToken cancellationToken)
   at Microsoft.Data.Sqlite.SqliteCommand.ExecuteDbDataReaderAsync(CommandBehavior behavior, CancellationToken cancellationToken)
   at Microsoft.EntityFrameworkCore.Storage.RelationalCommand.ExecuteReaderAsync(RelationalCommandParameterObject parameterObject, CancellationToken cancellationToken)
   at Microsoft.EntityFrameworkCore.Storage.RelationalCommand.ExecuteReaderAsync(RelationalCommandParameterObject parameterObject, CancellationToken cancellationToken)
   at Microsoft.EntityFrameworkCore.Update.ReaderModificationCommandBatch.ExecuteAsync(IRelationalConnection connection, CancellationToken cancellationToken)
   --- End of inner exception stack trace ---
   at Microsoft.EntityFrameworkCore.Update.ReaderModificationCommandBatch.ExecuteAsync(IRelationalConnection connection, CancellationToken cancellationToken)
   at Microsoft.EntityFrameworkCore.Update.Internal.BatchExecutor.ExecuteAsync(IEnumerable`1 commandBatches, IRelationalConnection connection, CancellationToken cancellationToken)
   at Microsoft.EntityFrameworkCore.Update.Internal.BatchExecutor.ExecuteAsync(IEnumerable`1 commandBatches, IRelationalConnection connection, CancellationToken cancellationToken)
   at Microsoft.EntityFrameworkCore.Update.Internal.BatchExecutor.ExecuteAsync(IEnumerable`1 commandBatches, IRelationalConnection connection, CancellationToken cancellationToken)
   at Microsoft.EntityFrameworkCore.Storage.RelationalDatabase.SaveChangesAsync(IList`1 entries, CancellationToken cancellationToken)
   at Microsoft.EntityFrameworkCore.ChangeTracking.Internal.StateManager.SaveChangesAsync(IList`1 entriesToSave, CancellationToken cancellationToken)
   at Microsoft.EntityFrameworkCore.ChangeTracking.Internal.StateManager.SaveChangesAsync(StateManager stateManager, Boolean acceptAllChangesOnSuccess, CancellationToken cancellationToken)
   at Microsoft.EntityFrameworkCore.DbContext.SaveChangesAsync(Boolean acceptAllChangesOnSuccess, CancellationToken cancellationToken)
Microsoft.EntityFrameworkCore.DbUpdateException: An error occurred while saving the entity changes. See the inner exception for details.
 ---> Microsoft.Data.Sqlite.SqliteException (0x80004005): SQLite Error 19: 'NOT NULL constraint failed: Comments.Content'.
   at Microsoft.Data.Sqlite.SqliteException.ThrowExceptionForRC(Int32 rc, sqlite3 db)
   at Microsoft.Data.Sqlite.SqliteDataReader.NextResult()
   at Microsoft.Data.Sqlite.SqliteCommand.ExecuteReader(CommandBehavior behavior)
   at Microsoft.Data.Sqlite.SqliteCommand.ExecuteReaderAsync(CommandBehavior behavior, CancellationToken cancellationToken)
   at Microsoft.Data.Sqlite.SqliteCommand.ExecuteDbDataReaderAsync(CommandBehavior behavior, CancellationToken cancellationToken)
   at Microsoft.EntityFrameworkCore.Storage.RelationalCommand.ExecuteReaderAsync(RelationalCommandParameterObject parameterObject, CancellationToken cancellationToken)
   at Microsoft.EntityFrameworkCore.Storage.RelationalCommand.ExecuteReaderAsync(RelationalCommandParameterObject parameterObject, CancellationToken cancellationToken)
   at Microsoft.EntityFrameworkCore.Update.ReaderModificationCommandBatch.ExecuteAsync(IRelationalConnection connection, CancellationToken cancellationToken)
   --- End of inner exception stack trace ---
   at Microsoft.EntityFrameworkCore.Update.ReaderModificationCommandBatch.ExecuteAsync(IRelationalConnection connection, CancellationToken cancellationToken)
   at Microsoft.EntityFrameworkCore.Update.Internal.BatchExecutor.ExecuteAsync(IEnumerable`1 commandBatches, IRelationalConnection connection, CancellationToken cancellationToken)
   at Microsoft.EntityFrameworkCore.Update.Internal.BatchExecutor.ExecuteAsync(IEnumerable`1 commandBatches, IRelationalConnection connection, CancellationToken cancellationToken)
   at Microsoft.EntityFrameworkCore.Update.Internal.BatchExecutor.ExecuteAsync(IEnumerable`1 commandBatches, IRelationalConnection connection, CancellationToken cancellationToken)
   at Microsoft.EntityFrameworkCore.Storage.RelationalDatabase.SaveChangesAsync(IList`1 entries, CancellationToken cancellationToken)
   at Microsoft.EntityFrameworkCore.ChangeTracking.Internal.StateManager.SaveChangesAsync(IList`1 entriesToSave, CancellationToken cancellationToken)
   at Microsoft.EntityFrameworkCore.ChangeTracking.Internal.StateManager.SaveChangesAsync(StateManager stateManager, Boolean acceptAllChangesOnSuccess, CancellationToken cancellationToken)
   at Microsoft.EntityFrameworkCore.DbContext.SaveChangesAsync(Boolean acceptAllChangesOnSuccess, CancellationToken cancellationToken)
2024-12-01 04:13:54.230 +01:00 [ERR] [CommentRepository] UpdateComment failed for Comment {"Post":{"Comments":[{"Post":{"Comments":[{"Post":{"Comments":[{"Post":null,"LazyLoader":null,"Id":null,"Content":null,"UserName":null,"CreatedAt":null,"PostId":null,"$type":"CommentProxy"},{"Post":null,"LazyLoader":null,"Id":null,"Content":null,"UserName":null,"CreatedAt":null,"PostId":null,"$type":"CommentProxy"}],"LazyLoader":{"$type":"LazyLoader"},"Id":11,"Content":"Jeg gleder meg til 17.maiii","UserName":"potet@gmail.com","ImagePath":null,"CreatedAt":"2024-11-30T12:35:46.1146280","$type":"PostProxy"},"LazyLoader":{"$type":"LazyLoader"},"Id":14,"Content":null,"UserName":"potet@gmail.com","CreatedAt":"2024-12-01T02:26:46.4038670","PostId":11,"$type":"CommentProxy"},{"Post":{"Comments":[{"Post":null,"LazyLoader":null,"Id":null,"Content":null,"UserName":null,"CreatedAt":null,"PostId":null,"$type":"CommentProxy"},{"Post":null,"LazyLoader":null,"Id":null,"Content":null,"UserName":null,"CreatedAt":null,"PostId":null,"$type":"CommentProxy"}],"LazyLoader":{"$type":"LazyLoader"},"Id":11,"Content":"Jeg gleder meg til 17.maiii","UserName":"potet@gmail.com","ImagePath":null,"CreatedAt":"2024-11-30T12:35:46.1146280","$type":"PostProxy"},"LazyLoader":{"$type":"LazyLoader"},"Id":12,"Content":"Noo 4th of july!!!","UserName":"Billclinton@gmail.com","CreatedAt":"2024-12-01T01:25:03.6394410","PostId":11,"$type":"CommentProxy"}],"LazyLoader":{"$type":"LazyLoader"},"Id":11,"Content":"Jeg gleder meg til 17.maiii","UserName":"potet@gmail.com","ImagePath":null,"CreatedAt":"2024-11-30T12:35:46.1146280","$type":"PostProxy"},"LazyLoader":{"$type":"LazyLoader"},"Id":14,"Content":null,"UserName":"potet@gmail.com","CreatedAt":"2024-12-01T02:26:46.4038670","PostId":11,"$type":"CommentProxy"},{"Post":{"Comments":[{"Post":{"Comments":[{"Post":null,"LazyLoader":null,"Id":null,"Content":null,"UserName":null,"CreatedAt":null,"PostId":null,"$type":"CommentProxy"},{"Post":null,"LazyLoader":null,"Id":null,"Content":null,"UserName":null,"CreatedAt":null,"PostId":null,"$type":"CommentProxy"}],"LazyLoader":{"$type":"LazyLoader"},"Id":11,"Content":"Jeg gleder meg til 17.maiii","UserName":"potet@gmail.com","ImagePath":null,"CreatedAt":"2024-11-30T12:35:46.1146280","$type":"PostProxy"},"LazyLoader":{"$type":"LazyLoader"},"Id":14,"Content":null,"UserName":"potet@gmail.com","CreatedAt":"2024-12-01T02:26:46.4038670","PostId":11,"$type":"CommentProxy"},{"Post":{"Comments":[{"Post":null,"LazyLoader":null,"Id":null,"Content":null,"UserName":null,"CreatedAt":null,"PostId":null,"$type":"CommentProxy"},{"Post":null,"LazyLoader":null,"Id":null,"Content":null,"UserName":null,"CreatedAt":null,"PostId":null,"$type":"CommentProxy"}],"LazyLoader":{"$type":"LazyLoader"},"Id":11,"Content":"Jeg gleder meg til 17.maiii","UserName":"potet@gmail.com","ImagePath":null,"CreatedAt":"2024-11-30T12:35:46.1146280","$type":"PostProxy"},"LazyLoader":{"$type":"LazyLoader"},"Id":12,"Content":"Noo 4th of july!!!","UserName":"Billclinton@gmail.com","CreatedAt":"2024-12-01T01:25:03.6394410","PostId":11,"$type":"CommentProxy"}],"LazyLoader":{"$type":"LazyLoader"},"Id":11,"Content":"Jeg gleder meg til 17.maiii","UserName":"potet@gmail.com","ImagePath":null,"CreatedAt":"2024-11-30T12:35:46.1146280","$type":"PostProxy"},"LazyLoader":{"$type":"LazyLoader"},"Id":12,"Content":"Noo 4th of july!!!","UserName":"Billclinton@gmail.com","CreatedAt":"2024-12-01T01:25:03.6394410","PostId":11,"$type":"CommentProxy"}],"LazyLoader":{"$type":"LazyLoader"},"Id":11,"Content":"Jeg gleder meg til 17.maiii","UserName":"potet@gmail.com","ImagePath":null,"CreatedAt":"2024-11-30T12:35:46.1146280","$type":"PostProxy"},"LazyLoader":{"$type":"LazyLoader"},"Id":14,"Content":null,"UserName":"potet@gmail.com","CreatedAt":"2024-12-01T02:26:46.4038670","PostId":11,"$type":"CommentProxy"}: An error occurred while saving the entity changes. See the inner exception for details.
2024-12-01 04:13:54.238 +01:00 [ERR] Failed to update comment with Id 14.
2024-12-01 04:13:54.335 +01:00 [INF] Executing ObjectResult, writing value of type 'System.String'.
2024-12-01 04:13:54.336 +01:00 [INF] Executed action photogram.Controllers.CommentsController.EditComment (photogram) in 664.4161ms
2024-12-01 04:13:54.337 +01:00 [INF] Executed endpoint 'photogram.Controllers.CommentsController.EditComment (photogram)'
2024-12-01 04:13:54.345 +01:00 [INF] Request finished HTTP/1.1 POST http://localhost:5001/Comments/EditComment - 500 null text/plain; charset=utf-8 710.3098ms
2024-12-01 04:14:03.872 +01:00 [INF] Request starting HTTP/1.1 POST http://localhost:5001/Comments/EditComment - application/x-www-form-urlencoded 288
2024-12-01 04:14:03.873 +01:00 [WRN] Error unprotecting the session cookie.
System.Security.Cryptography.CryptographicException: The payload was invalid. For more information go to https://aka.ms/aspnet/dataprotectionwarning
   at Microsoft.AspNetCore.DataProtection.Managed.ManagedAuthenticatedEncryptor.Decrypt(ArraySegment`1 protectedPayload, ArraySegment`1 additionalAuthenticatedData)
   at Microsoft.AspNetCore.DataProtection.KeyManagement.KeyRingBasedDataProtector.UnprotectCore(Byte[] protectedData, Boolean allowOperationsOnRevokedKeys, UnprotectStatus& status)
   at Microsoft.AspNetCore.DataProtection.KeyManagement.KeyRingBasedDataProtector.Unprotect(Byte[] protectedData)
   at Microsoft.AspNetCore.Session.CookieProtection.Unprotect(IDataProtector protector, String protectedText, ILogger logger)
2024-12-01 04:14:03.889 +01:00 [INF] Executing endpoint 'photogram.Controllers.CommentsController.EditComment (photogram)'
2024-12-01 04:14:03.889 +01:00 [INF] Route matched with {action = "EditComment", controller = "Comments", page = "", area = ""}. Executing controller action with signature System.Threading.Tasks.Task`1[Microsoft.AspNetCore.Mvc.IActionResult] EditComment(Int32, System.String) on controller photogram.Controllers.CommentsController (photogram).
2024-12-01 04:14:03.933 +01:00 [INF] Comment with Id 14 updated successfully.
2024-12-01 04:14:03.934 +01:00 [INF] Executing RedirectResult, redirecting to /Post/Feed.
2024-12-01 04:14:03.934 +01:00 [INF] Executed action photogram.Controllers.CommentsController.EditComment (photogram) in 44.8904ms
2024-12-01 04:14:03.934 +01:00 [INF] Executed endpoint 'photogram.Controllers.CommentsController.EditComment (photogram)'
2024-12-01 04:14:03.934 +01:00 [INF] Request finished HTTP/1.1 POST http://localhost:5001/Comments/EditComment - 302 0 null 62.6088ms
2024-12-01 04:14:03.941 +01:00 [INF] Request starting HTTP/1.1 GET http://localhost:5001/Post/Feed - null null
2024-12-01 04:14:03.942 +01:00 [WRN] Error unprotecting the session cookie.
System.Security.Cryptography.CryptographicException: The payload was invalid. For more information go to https://aka.ms/aspnet/dataprotectionwarning
   at Microsoft.AspNetCore.DataProtection.Managed.ManagedAuthenticatedEncryptor.Decrypt(ArraySegment`1 protectedPayload, ArraySegment`1 additionalAuthenticatedData)
   at Microsoft.AspNetCore.DataProtection.KeyManagement.KeyRingBasedDataProtector.UnprotectCore(Byte[] protectedData, Boolean allowOperationsOnRevokedKeys, UnprotectStatus& status)
   at Microsoft.AspNetCore.DataProtection.KeyManagement.KeyRingBasedDataProtector.Unprotect(Byte[] protectedData)
   at Microsoft.AspNetCore.Session.CookieProtection.Unprotect(IDataProtector protector, String protectedText, ILogger logger)
2024-12-01 04:14:03.943 +01:00 [INF] Executing endpoint 'photogram.Controllers.PostController.Feed (photogram)'
2024-12-01 04:14:03.943 +01:00 [INF] Route matched with {action = "Feed", controller = "Post", page = "", area = ""}. Executing controller action with signature System.Threading.Tasks.Task`1[Microsoft.AspNetCore.Mvc.IActionResult] Feed(System.Nullable`1[System.Int32], System.Nullable`1[System.Int32]) on controller photogram.Controllers.PostController (photogram).
2024-12-01 04:14:03.951 +01:00 [INF] Executing ViewResult, running view Feed.
2024-12-01 04:14:03.977 +01:00 [INF] Executed ViewResult - view Feed executed in 25.6266ms.
2024-12-01 04:14:03.977 +01:00 [INF] Executed action photogram.Controllers.PostController.Feed (photogram) in 33.6818ms
2024-12-01 04:14:03.977 +01:00 [INF] Executed endpoint 'photogram.Controllers.PostController.Feed (photogram)'
2024-12-01 04:14:03.977 +01:00 [INF] Request finished HTTP/1.1 GET http://localhost:5001/Post/Feed - 200 null text/html; charset=utf-8 35.9973ms
2024-12-01 04:20:55.719 +01:00 [INF] Application is shutting down...
