2024-11-29 23:35:34.811 +01:00 [INF] User profile is available. Using '/Users/kadijayasminbulale/.aspnet/DataProtection-Keys' as key repository; keys will not be encrypted at rest.
2024-11-29 23:35:34.908 +01:00 [INF] Now listening on: http://localhost:5001
2024-11-29 23:35:34.910 +01:00 [INF] Application started. Press Ctrl+C to shut down.
2024-11-29 23:35:34.911 +01:00 [INF] Hosting environment: Development
2024-11-29 23:35:34.911 +01:00 [INF] Content root path: /Users/kadijayasminbulale/Downloads/photogram 7
2024-11-29 23:35:46.449 +01:00 [INF] Request starting HTTP/1.1 GET http://localhost:5001/ - null null
2024-11-29 23:35:46.466 +01:00 [WRN] Failed to determine the https port for redirect.
2024-11-29 23:35:46.486 +01:00 [WRN] Error unprotecting the session cookie.
System.Security.Cryptography.CryptographicException: The payload was invalid. For more information go to https://aka.ms/aspnet/dataprotectionwarning
   at Microsoft.AspNetCore.DataProtection.Managed.ManagedAuthenticatedEncryptor.Decrypt(ArraySegment`1 protectedPayload, ArraySegment`1 additionalAuthenticatedData)
   at Microsoft.AspNetCore.DataProtection.KeyManagement.KeyRingBasedDataProtector.UnprotectCore(Byte[] protectedData, Boolean allowOperationsOnRevokedKeys, UnprotectStatus& status)
   at Microsoft.AspNetCore.DataProtection.KeyManagement.KeyRingBasedDataProtector.Unprotect(Byte[] protectedData)
   at Microsoft.AspNetCore.Session.CookieProtection.Unprotect(IDataProtector protector, String protectedText, ILogger logger)
2024-11-29 23:35:46.509 +01:00 [INF] Request starting HTTP/1.1 GET http://localhost:5001/ - null null
2024-11-29 23:35:46.511 +01:00 [WRN] Error unprotecting the session cookie.
System.Security.Cryptography.CryptographicException: The payload was invalid. For more information go to https://aka.ms/aspnet/dataprotectionwarning
   at Microsoft.AspNetCore.DataProtection.Managed.ManagedAuthenticatedEncryptor.Decrypt(ArraySegment`1 protectedPayload, ArraySegment`1 additionalAuthenticatedData)
   at Microsoft.AspNetCore.DataProtection.KeyManagement.KeyRingBasedDataProtector.UnprotectCore(Byte[] protectedData, Boolean allowOperationsOnRevokedKeys, UnprotectStatus& status)
   at Microsoft.AspNetCore.DataProtection.KeyManagement.KeyRingBasedDataProtector.Unprotect(Byte[] protectedData)
   at Microsoft.AspNetCore.Session.CookieProtection.Unprotect(IDataProtector protector, String protectedText, ILogger logger)
2024-11-29 23:35:46.553 +01:00 [INF] Executing endpoint 'photogram.Controllers.HomeController.Index (photogram)'
2024-11-29 23:35:46.553 +01:00 [INF] Executing endpoint 'photogram.Controllers.HomeController.Index (photogram)'
2024-11-29 23:35:46.585 +01:00 [INF] Route matched with {action = "Index", controller = "Home", page = "", area = ""}. Executing controller action with signature Microsoft.AspNetCore.Mvc.IActionResult Index() on controller photogram.Controllers.HomeController (photogram).
2024-11-29 23:35:46.585 +01:00 [INF] Route matched with {action = "Index", controller = "Home", page = "", area = ""}. Executing controller action with signature Microsoft.AspNetCore.Mvc.IActionResult Index() on controller photogram.Controllers.HomeController (photogram).
2024-11-29 23:35:46.597 +01:00 [INF] Executing ViewResult, running view Index.
2024-11-29 23:35:46.597 +01:00 [INF] Executing ViewResult, running view Index.
2024-11-29 23:35:46.666 +01:00 [INF] Executed ViewResult - view Index executed in 71.6644ms.
2024-11-29 23:35:46.666 +01:00 [INF] Executed ViewResult - view Index executed in 71.9008ms.
2024-11-29 23:35:46.667 +01:00 [INF] Executed action photogram.Controllers.HomeController.Index (photogram) in 81.2797ms
2024-11-29 23:35:46.668 +01:00 [INF] Executed action photogram.Controllers.HomeController.Index (photogram) in 81.5629ms
2024-11-29 23:35:46.668 +01:00 [INF] Executed endpoint 'photogram.Controllers.HomeController.Index (photogram)'
2024-11-29 23:35:46.668 +01:00 [INF] Executed endpoint 'photogram.Controllers.HomeController.Index (photogram)'
2024-11-29 23:35:46.679 +01:00 [INF] Request finished HTTP/1.1 GET http://localhost:5001/ - 200 null text/html; charset=utf-8 169.5067ms
2024-11-29 23:35:46.679 +01:00 [INF] Request finished HTTP/1.1 GET http://localhost:5001/ - 200 null text/html; charset=utf-8 232.729ms
2024-11-29 23:35:46.711 +01:00 [INF] Request starting HTTP/1.1 GET http://localhost:5001/css/layout.css - null null
2024-11-29 23:35:46.718 +01:00 [INF] The file /css/layout.css was not modified
2024-11-29 23:35:46.719 +01:00 [INF] Request finished HTTP/1.1 GET http://localhost:5001/css/layout.css - 304 null text/css 8.0128ms
2024-11-29 23:35:49.321 +01:00 [INF] Request starting HTTP/1.1 GET http://localhost:5001/Identity/Account/Login - null null
2024-11-29 23:35:49.323 +01:00 [WRN] Error unprotecting the session cookie.
System.Security.Cryptography.CryptographicException: The payload was invalid. For more information go to https://aka.ms/aspnet/dataprotectionwarning
   at Microsoft.AspNetCore.DataProtection.Managed.ManagedAuthenticatedEncryptor.Decrypt(ArraySegment`1 protectedPayload, ArraySegment`1 additionalAuthenticatedData)
   at Microsoft.AspNetCore.DataProtection.KeyManagement.KeyRingBasedDataProtector.UnprotectCore(Byte[] protectedData, Boolean allowOperationsOnRevokedKeys, UnprotectStatus& status)
   at Microsoft.AspNetCore.DataProtection.KeyManagement.KeyRingBasedDataProtector.Unprotect(Byte[] protectedData)
   at Microsoft.AspNetCore.Session.CookieProtection.Unprotect(IDataProtector protector, String protectedText, ILogger logger)
2024-11-29 23:35:49.327 +01:00 [INF] Executing endpoint '/Account/Login'
2024-11-29 23:35:49.344 +01:00 [INF] Route matched with {page = "/Account/Login", area = "Identity", action = "", controller = ""}. Executing page /Account/Login
2024-11-29 23:35:49.357 +01:00 [INF] Executing handler method photogram.Areas.Identity.Pages.Account.LoginModel.OnGetAsync - ModelState is "Valid"
2024-11-29 23:35:49.360 +01:00 [INF] AuthenticationScheme: Identity.External signed out.
2024-11-29 23:35:49.361 +01:00 [INF] Executed handler method OnGetAsync, returned result .
2024-11-29 23:35:49.362 +01:00 [INF] Executing an implicit handler method - ModelState is "Valid"
2024-11-29 23:35:49.362 +01:00 [INF] Executed an implicit handler method, returned result Microsoft.AspNetCore.Mvc.RazorPages.PageResult.
2024-11-29 23:35:49.391 +01:00 [INF] Executed page /Account/Login in 46.7283ms
2024-11-29 23:35:49.391 +01:00 [INF] Executed endpoint '/Account/Login'
2024-11-29 23:35:49.391 +01:00 [INF] Request finished HTTP/1.1 GET http://localhost:5001/Identity/Account/Login - 200 null text/html; charset=utf-8 70.904ms
2024-11-29 23:35:49.426 +01:00 [INF] Request starting HTTP/1.1 GET http://localhost:5001/lib/jquery-validation-unobtrusive/dist/jquery.validate.unobtrusive.min.js - null null
2024-11-29 23:35:49.428 +01:00 [WRN] Error unprotecting the session cookie.
System.Security.Cryptography.CryptographicException: The payload was invalid. For more information go to https://aka.ms/aspnet/dataprotectionwarning
   at Microsoft.AspNetCore.DataProtection.Managed.ManagedAuthenticatedEncryptor.Decrypt(ArraySegment`1 protectedPayload, ArraySegment`1 additionalAuthenticatedData)
   at Microsoft.AspNetCore.DataProtection.KeyManagement.KeyRingBasedDataProtector.UnprotectCore(Byte[] protectedData, Boolean allowOperationsOnRevokedKeys, UnprotectStatus& status)
   at Microsoft.AspNetCore.DataProtection.KeyManagement.KeyRingBasedDataProtector.Unprotect(Byte[] protectedData)
   at Microsoft.AspNetCore.Session.CookieProtection.Unprotect(IDataProtector protector, String protectedText, ILogger logger)
2024-11-29 23:35:49.431 +01:00 [INF] Request finished HTTP/1.1 GET http://localhost:5001/lib/jquery-validation-unobtrusive/dist/jquery.validate.unobtrusive.min.js - 404 0 null 4.6945ms
2024-11-29 23:35:49.433 +01:00 [INF] Request reached the end of the middleware pipeline without being handled by application code. Request path: GET http://localhost:5001/lib/jquery-validation-unobtrusive/dist/jquery.validate.unobtrusive.min.js, Response status code: 404
2024-11-29 23:35:53.666 +01:00 [INF] Request starting HTTP/1.1 GET http://localhost:5001/ - null null
2024-11-29 23:35:53.676 +01:00 [WRN] Error unprotecting the session cookie.
System.Security.Cryptography.CryptographicException: The payload was invalid. For more information go to https://aka.ms/aspnet/dataprotectionwarning
   at Microsoft.AspNetCore.DataProtection.Managed.ManagedAuthenticatedEncryptor.Decrypt(ArraySegment`1 protectedPayload, ArraySegment`1 additionalAuthenticatedData)
   at Microsoft.AspNetCore.DataProtection.KeyManagement.KeyRingBasedDataProtector.UnprotectCore(Byte[] protectedData, Boolean allowOperationsOnRevokedKeys, UnprotectStatus& status)
   at Microsoft.AspNetCore.DataProtection.KeyManagement.KeyRingBasedDataProtector.Unprotect(Byte[] protectedData)
   at Microsoft.AspNetCore.Session.CookieProtection.Unprotect(IDataProtector protector, String protectedText, ILogger logger)
2024-11-29 23:35:53.678 +01:00 [INF] Executing endpoint 'photogram.Controllers.HomeController.Index (photogram)'
2024-11-29 23:35:53.678 +01:00 [INF] Route matched with {action = "Index", controller = "Home", page = "", area = ""}. Executing controller action with signature Microsoft.AspNetCore.Mvc.IActionResult Index() on controller photogram.Controllers.HomeController (photogram).
2024-11-29 23:35:53.680 +01:00 [INF] Executing ViewResult, running view Index.
2024-11-29 23:35:53.682 +01:00 [INF] Executed ViewResult - view Index executed in 2.0804ms.
2024-11-29 23:35:53.682 +01:00 [INF] Executed action photogram.Controllers.HomeController.Index (photogram) in 3.9151ms
2024-11-29 23:35:53.682 +01:00 [INF] Executed endpoint 'photogram.Controllers.HomeController.Index (photogram)'
2024-11-29 23:35:53.682 +01:00 [INF] Request finished HTTP/1.1 GET http://localhost:5001/ - 200 null text/html; charset=utf-8 16.7805ms
2024-11-29 23:36:06.377 +01:00 [INF] Request starting HTTP/1.1 GET http://localhost:5001/Identity/Account/Register - null null
2024-11-29 23:36:06.381 +01:00 [WRN] Error unprotecting the session cookie.
System.Security.Cryptography.CryptographicException: The payload was invalid. For more information go to https://aka.ms/aspnet/dataprotectionwarning
   at Microsoft.AspNetCore.DataProtection.Managed.ManagedAuthenticatedEncryptor.Decrypt(ArraySegment`1 protectedPayload, ArraySegment`1 additionalAuthenticatedData)
   at Microsoft.AspNetCore.DataProtection.KeyManagement.KeyRingBasedDataProtector.UnprotectCore(Byte[] protectedData, Boolean allowOperationsOnRevokedKeys, UnprotectStatus& status)
   at Microsoft.AspNetCore.DataProtection.KeyManagement.KeyRingBasedDataProtector.Unprotect(Byte[] protectedData)
   at Microsoft.AspNetCore.Session.CookieProtection.Unprotect(IDataProtector protector, String protectedText, ILogger logger)
2024-11-29 23:36:06.390 +01:00 [INF] Executing endpoint '/Account/Register'
2024-11-29 23:36:06.413 +01:00 [INF] Route matched with {page = "/Account/Register", area = "Identity", action = "", controller = ""}. Executing page /Account/Register
2024-11-29 23:36:06.416 +01:00 [INF] Executing handler method photogram.Areas.Identity.Pages.Account.RegisterModel.OnGetAsync - ModelState is "Valid"
2024-11-29 23:36:06.417 +01:00 [INF] Executed handler method OnGetAsync, returned result .
2024-11-29 23:36:06.417 +01:00 [INF] Executing an implicit handler method - ModelState is "Valid"
2024-11-29 23:36:06.417 +01:00 [INF] Executed an implicit handler method, returned result Microsoft.AspNetCore.Mvc.RazorPages.PageResult.
2024-11-29 23:36:06.429 +01:00 [INF] Executed page /Account/Register in 15.1389ms
2024-11-29 23:36:06.429 +01:00 [INF] Executed endpoint '/Account/Register'
2024-11-29 23:36:06.429 +01:00 [INF] Request finished HTTP/1.1 GET http://localhost:5001/Identity/Account/Register - 200 null text/html; charset=utf-8 51.8543ms
2024-11-29 23:36:06.478 +01:00 [INF] Request starting HTTP/1.1 GET http://localhost:5001/lib/jquery-validation-unobtrusive/dist/jquery.validate.unobtrusive.min.js - null null
2024-11-29 23:36:06.483 +01:00 [WRN] Error unprotecting the session cookie.
System.Security.Cryptography.CryptographicException: The payload was invalid. For more information go to https://aka.ms/aspnet/dataprotectionwarning
   at Microsoft.AspNetCore.DataProtection.Managed.ManagedAuthenticatedEncryptor.Decrypt(ArraySegment`1 protectedPayload, ArraySegment`1 additionalAuthenticatedData)
   at Microsoft.AspNetCore.DataProtection.KeyManagement.KeyRingBasedDataProtector.UnprotectCore(Byte[] protectedData, Boolean allowOperationsOnRevokedKeys, UnprotectStatus& status)
   at Microsoft.AspNetCore.DataProtection.KeyManagement.KeyRingBasedDataProtector.Unprotect(Byte[] protectedData)
   at Microsoft.AspNetCore.Session.CookieProtection.Unprotect(IDataProtector protector, String protectedText, ILogger logger)
2024-11-29 23:36:06.485 +01:00 [INF] Request finished HTTP/1.1 GET http://localhost:5001/lib/jquery-validation-unobtrusive/dist/jquery.validate.unobtrusive.min.js - 404 0 null 7.1989ms
2024-11-29 23:36:06.487 +01:00 [INF] Request reached the end of the middleware pipeline without being handled by application code. Request path: GET http://localhost:5001/lib/jquery-validation-unobtrusive/dist/jquery.validate.unobtrusive.min.js, Response status code: 404
2024-11-29 23:36:14.418 +01:00 [INF] Request starting HTTP/1.1 GET http://localhost:5001/Identity/Account/Login - null null
2024-11-29 23:36:14.420 +01:00 [WRN] Error unprotecting the session cookie.
System.Security.Cryptography.CryptographicException: The payload was invalid. For more information go to https://aka.ms/aspnet/dataprotectionwarning
   at Microsoft.AspNetCore.DataProtection.Managed.ManagedAuthenticatedEncryptor.Decrypt(ArraySegment`1 protectedPayload, ArraySegment`1 additionalAuthenticatedData)
   at Microsoft.AspNetCore.DataProtection.KeyManagement.KeyRingBasedDataProtector.UnprotectCore(Byte[] protectedData, Boolean allowOperationsOnRevokedKeys, UnprotectStatus& status)
   at Microsoft.AspNetCore.DataProtection.KeyManagement.KeyRingBasedDataProtector.Unprotect(Byte[] protectedData)
   at Microsoft.AspNetCore.Session.CookieProtection.Unprotect(IDataProtector protector, String protectedText, ILogger logger)
2024-11-29 23:36:14.422 +01:00 [INF] Executing endpoint '/Account/Login'
2024-11-29 23:36:14.423 +01:00 [INF] Route matched with {page = "/Account/Login", area = "Identity", action = "", controller = ""}. Executing page /Account/Login
2024-11-29 23:36:14.424 +01:00 [INF] Executing handler method photogram.Areas.Identity.Pages.Account.LoginModel.OnGetAsync - ModelState is "Valid"
2024-11-29 23:36:14.425 +01:00 [INF] AuthenticationScheme: Identity.External signed out.
2024-11-29 23:36:14.425 +01:00 [INF] Executed handler method OnGetAsync, returned result .
2024-11-29 23:36:14.425 +01:00 [INF] Executing an implicit handler method - ModelState is "Valid"
2024-11-29 23:36:14.425 +01:00 [INF] Executed an implicit handler method, returned result Microsoft.AspNetCore.Mvc.RazorPages.PageResult.
2024-11-29 23:36:14.431 +01:00 [INF] Executed page /Account/Login in 7.8851ms
2024-11-29 23:36:14.431 +01:00 [INF] Executed endpoint '/Account/Login'
2024-11-29 23:36:14.432 +01:00 [INF] Request finished HTTP/1.1 GET http://localhost:5001/Identity/Account/Login - 200 null text/html; charset=utf-8 14.8823ms
2024-11-29 23:36:14.457 +01:00 [INF] Request starting HTTP/1.1 GET http://localhost:5001/lib/jquery-validation-unobtrusive/dist/jquery.validate.unobtrusive.min.js - null null
2024-11-29 23:36:14.459 +01:00 [WRN] Error unprotecting the session cookie.
System.Security.Cryptography.CryptographicException: The payload was invalid. For more information go to https://aka.ms/aspnet/dataprotectionwarning
   at Microsoft.AspNetCore.DataProtection.Managed.ManagedAuthenticatedEncryptor.Decrypt(ArraySegment`1 protectedPayload, ArraySegment`1 additionalAuthenticatedData)
   at Microsoft.AspNetCore.DataProtection.KeyManagement.KeyRingBasedDataProtector.UnprotectCore(Byte[] protectedData, Boolean allowOperationsOnRevokedKeys, UnprotectStatus& status)
   at Microsoft.AspNetCore.DataProtection.KeyManagement.KeyRingBasedDataProtector.Unprotect(Byte[] protectedData)
   at Microsoft.AspNetCore.Session.CookieProtection.Unprotect(IDataProtector protector, String protectedText, ILogger logger)
2024-11-29 23:36:14.460 +01:00 [INF] Request finished HTTP/1.1 GET http://localhost:5001/lib/jquery-validation-unobtrusive/dist/jquery.validate.unobtrusive.min.js - 404 0 null 2.786ms
2024-11-29 23:36:14.460 +01:00 [INF] Request reached the end of the middleware pipeline without being handled by application code. Request path: GET http://localhost:5001/lib/jquery-validation-unobtrusive/dist/jquery.validate.unobtrusive.min.js, Response status code: 404
2024-11-29 23:36:41.775 +01:00 [INF] Request starting HTTP/1.1 POST http://localhost:5001/Identity/Account/Login - application/x-www-form-urlencoded 256
2024-11-29 23:36:41.776 +01:00 [WRN] Error unprotecting the session cookie.
System.Security.Cryptography.CryptographicException: The payload was invalid. For more information go to https://aka.ms/aspnet/dataprotectionwarning
   at Microsoft.AspNetCore.DataProtection.Managed.ManagedAuthenticatedEncryptor.Decrypt(ArraySegment`1 protectedPayload, ArraySegment`1 additionalAuthenticatedData)
   at Microsoft.AspNetCore.DataProtection.KeyManagement.KeyRingBasedDataProtector.UnprotectCore(Byte[] protectedData, Boolean allowOperationsOnRevokedKeys, UnprotectStatus& status)
   at Microsoft.AspNetCore.DataProtection.KeyManagement.KeyRingBasedDataProtector.Unprotect(Byte[] protectedData)
   at Microsoft.AspNetCore.Session.CookieProtection.Unprotect(IDataProtector protector, String protectedText, ILogger logger)
2024-11-29 23:36:41.778 +01:00 [INF] Executing endpoint '/Account/Login'
2024-11-29 23:36:41.779 +01:00 [INF] Route matched with {page = "/Account/Login", area = "Identity", action = "", controller = ""}. Executing page /Account/Login
2024-11-29 23:36:41.804 +01:00 [INF] Executing handler method photogram.Areas.Identity.Pages.Account.LoginModel.OnPostAsync - ModelState is "Valid"
2024-11-29 23:36:41.942 +01:00 [INF] Executed handler method OnPostAsync, returned result Microsoft.AspNetCore.Mvc.RazorPages.PageResult.
2024-11-29 23:36:41.950 +01:00 [INF] Executed page /Account/Login in 170.9949ms
2024-11-29 23:36:41.950 +01:00 [INF] Executed endpoint '/Account/Login'
2024-11-29 23:36:41.952 +01:00 [INF] Request finished HTTP/1.1 POST http://localhost:5001/Identity/Account/Login - 200 null text/html; charset=utf-8 177.7429ms
2024-11-29 23:36:42.012 +01:00 [INF] Request starting HTTP/1.1 GET http://localhost:5001/lib/jquery-validation-unobtrusive/dist/jquery.validate.unobtrusive.min.js - null null
2024-11-29 23:36:42.013 +01:00 [WRN] Error unprotecting the session cookie.
System.Security.Cryptography.CryptographicException: The payload was invalid. For more information go to https://aka.ms/aspnet/dataprotectionwarning
   at Microsoft.AspNetCore.DataProtection.Managed.ManagedAuthenticatedEncryptor.Decrypt(ArraySegment`1 protectedPayload, ArraySegment`1 additionalAuthenticatedData)
   at Microsoft.AspNetCore.DataProtection.KeyManagement.KeyRingBasedDataProtector.UnprotectCore(Byte[] protectedData, Boolean allowOperationsOnRevokedKeys, UnprotectStatus& status)
   at Microsoft.AspNetCore.DataProtection.KeyManagement.KeyRingBasedDataProtector.Unprotect(Byte[] protectedData)
   at Microsoft.AspNetCore.Session.CookieProtection.Unprotect(IDataProtector protector, String protectedText, ILogger logger)
2024-11-29 23:36:42.014 +01:00 [INF] Request finished HTTP/1.1 GET http://localhost:5001/lib/jquery-validation-unobtrusive/dist/jquery.validate.unobtrusive.min.js - 404 0 null 2.4693ms
2024-11-29 23:36:42.014 +01:00 [INF] Request reached the end of the middleware pipeline without being handled by application code. Request path: GET http://localhost:5001/lib/jquery-validation-unobtrusive/dist/jquery.validate.unobtrusive.min.js, Response status code: 404
2024-11-29 23:37:07.793 +01:00 [INF] Request starting HTTP/1.1 GET http://localhost:5001/Identity/Account/Login - null null
2024-11-29 23:37:07.802 +01:00 [WRN] Error unprotecting the session cookie.
System.Security.Cryptography.CryptographicException: The payload was invalid. For more information go to https://aka.ms/aspnet/dataprotectionwarning
   at Microsoft.AspNetCore.DataProtection.Managed.ManagedAuthenticatedEncryptor.Decrypt(ArraySegment`1 protectedPayload, ArraySegment`1 additionalAuthenticatedData)
   at Microsoft.AspNetCore.DataProtection.KeyManagement.KeyRingBasedDataProtector.UnprotectCore(Byte[] protectedData, Boolean allowOperationsOnRevokedKeys, UnprotectStatus& status)
   at Microsoft.AspNetCore.DataProtection.KeyManagement.KeyRingBasedDataProtector.Unprotect(Byte[] protectedData)
   at Microsoft.AspNetCore.Session.CookieProtection.Unprotect(IDataProtector protector, String protectedText, ILogger logger)
2024-11-29 23:37:07.803 +01:00 [INF] Executing endpoint '/Account/Login'
2024-11-29 23:37:07.804 +01:00 [INF] Route matched with {page = "/Account/Login", area = "Identity", action = "", controller = ""}. Executing page /Account/Login
2024-11-29 23:37:07.807 +01:00 [INF] Executing handler method photogram.Areas.Identity.Pages.Account.LoginModel.OnGetAsync - ModelState is "Valid"
2024-11-29 23:37:07.807 +01:00 [INF] AuthenticationScheme: Identity.External signed out.
2024-11-29 23:37:07.807 +01:00 [INF] Executed handler method OnGetAsync, returned result .
2024-11-29 23:37:07.807 +01:00 [INF] Executing an implicit handler method - ModelState is "Valid"
2024-11-29 23:37:07.808 +01:00 [INF] Executed an implicit handler method, returned result Microsoft.AspNetCore.Mvc.RazorPages.PageResult.
2024-11-29 23:37:07.818 +01:00 [INF] Executed page /Account/Login in 13.6831ms
2024-11-29 23:37:07.819 +01:00 [INF] Executed endpoint '/Account/Login'
2024-11-29 23:37:07.822 +01:00 [INF] Request finished HTTP/1.1 GET http://localhost:5001/Identity/Account/Login - 200 null text/html; charset=utf-8 31.9829ms
2024-11-29 23:37:09.708 +01:00 [INF] Request starting HTTP/1.1 GET http://localhost:5001/Identity/Account/Register - null null
2024-11-29 23:37:09.712 +01:00 [WRN] Error unprotecting the session cookie.
System.Security.Cryptography.CryptographicException: The payload was invalid. For more information go to https://aka.ms/aspnet/dataprotectionwarning
   at Microsoft.AspNetCore.DataProtection.Managed.ManagedAuthenticatedEncryptor.Decrypt(ArraySegment`1 protectedPayload, ArraySegment`1 additionalAuthenticatedData)
   at Microsoft.AspNetCore.DataProtection.KeyManagement.KeyRingBasedDataProtector.UnprotectCore(Byte[] protectedData, Boolean allowOperationsOnRevokedKeys, UnprotectStatus& status)
   at Microsoft.AspNetCore.DataProtection.KeyManagement.KeyRingBasedDataProtector.Unprotect(Byte[] protectedData)
   at Microsoft.AspNetCore.Session.CookieProtection.Unprotect(IDataProtector protector, String protectedText, ILogger logger)
2024-11-29 23:37:09.714 +01:00 [INF] Executing endpoint '/Account/Register'
2024-11-29 23:37:09.714 +01:00 [INF] Route matched with {page = "/Account/Register", area = "Identity", action = "", controller = ""}. Executing page /Account/Register
2024-11-29 23:37:09.717 +01:00 [INF] Executing handler method photogram.Areas.Identity.Pages.Account.RegisterModel.OnGetAsync - ModelState is "Valid"
2024-11-29 23:37:09.717 +01:00 [INF] Executed handler method OnGetAsync, returned result .
2024-11-29 23:37:09.717 +01:00 [INF] Executing an implicit handler method - ModelState is "Valid"
2024-11-29 23:37:09.717 +01:00 [INF] Executed an implicit handler method, returned result Microsoft.AspNetCore.Mvc.RazorPages.PageResult.
2024-11-29 23:37:09.722 +01:00 [INF] Executed page /Account/Register in 7.5602ms
2024-11-29 23:37:09.722 +01:00 [INF] Executed endpoint '/Account/Register'
2024-11-29 23:37:09.723 +01:00 [INF] Request finished HTTP/1.1 GET http://localhost:5001/Identity/Account/Register - 200 null text/html; charset=utf-8 17.0864ms
2024-11-29 23:37:09.773 +01:00 [INF] Request starting HTTP/1.1 GET http://localhost:5001/lib/jquery-validation-unobtrusive/dist/jquery.validate.unobtrusive.min.js - null null
2024-11-29 23:37:09.776 +01:00 [WRN] Error unprotecting the session cookie.
System.Security.Cryptography.CryptographicException: The payload was invalid. For more information go to https://aka.ms/aspnet/dataprotectionwarning
   at Microsoft.AspNetCore.DataProtection.Managed.ManagedAuthenticatedEncryptor.Decrypt(ArraySegment`1 protectedPayload, ArraySegment`1 additionalAuthenticatedData)
   at Microsoft.AspNetCore.DataProtection.KeyManagement.KeyRingBasedDataProtector.UnprotectCore(Byte[] protectedData, Boolean allowOperationsOnRevokedKeys, UnprotectStatus& status)
   at Microsoft.AspNetCore.DataProtection.KeyManagement.KeyRingBasedDataProtector.Unprotect(Byte[] protectedData)
   at Microsoft.AspNetCore.Session.CookieProtection.Unprotect(IDataProtector protector, String protectedText, ILogger logger)
2024-11-29 23:37:09.777 +01:00 [INF] Request finished HTTP/1.1 GET http://localhost:5001/lib/jquery-validation-unobtrusive/dist/jquery.validate.unobtrusive.min.js - 404 0 null 3.4119ms
2024-11-29 23:37:09.777 +01:00 [INF] Request reached the end of the middleware pipeline without being handled by application code. Request path: GET http://localhost:5001/lib/jquery-validation-unobtrusive/dist/jquery.validate.unobtrusive.min.js, Response status code: 404
2024-11-29 23:37:11.041 +01:00 [INF] Request starting HTTP/1.1 POST http://localhost:5001/Identity/Account/Register - application/x-www-form-urlencoded 234
2024-11-29 23:37:11.054 +01:00 [WRN] Error unprotecting the session cookie.
System.Security.Cryptography.CryptographicException: The payload was invalid. For more information go to https://aka.ms/aspnet/dataprotectionwarning
   at Microsoft.AspNetCore.DataProtection.Managed.ManagedAuthenticatedEncryptor.Decrypt(ArraySegment`1 protectedPayload, ArraySegment`1 additionalAuthenticatedData)
   at Microsoft.AspNetCore.DataProtection.KeyManagement.KeyRingBasedDataProtector.UnprotectCore(Byte[] protectedData, Boolean allowOperationsOnRevokedKeys, UnprotectStatus& status)
   at Microsoft.AspNetCore.DataProtection.KeyManagement.KeyRingBasedDataProtector.Unprotect(Byte[] protectedData)
   at Microsoft.AspNetCore.Session.CookieProtection.Unprotect(IDataProtector protector, String protectedText, ILogger logger)
2024-11-29 23:37:11.056 +01:00 [INF] Executing endpoint '/Account/Register'
2024-11-29 23:37:11.057 +01:00 [INF] Route matched with {page = "/Account/Register", area = "Identity", action = "", controller = ""}. Executing page /Account/Register
2024-11-29 23:37:11.063 +01:00 [INF] Executing handler method photogram.Areas.Identity.Pages.Account.RegisterModel.OnPostAsync - ModelState is "Invalid"
2024-11-29 23:37:11.067 +01:00 [INF] Executed handler method OnPostAsync, returned result Microsoft.AspNetCore.Mvc.RazorPages.PageResult.
2024-11-29 23:37:11.072 +01:00 [INF] Executed page /Account/Register in 15.1976ms
2024-11-29 23:37:11.072 +01:00 [INF] Executed endpoint '/Account/Register'
2024-11-29 23:37:11.072 +01:00 [INF] Request finished HTTP/1.1 POST http://localhost:5001/Identity/Account/Register - 200 null text/html; charset=utf-8 32.182ms
2024-11-29 23:37:11.117 +01:00 [INF] Request starting HTTP/1.1 GET http://localhost:5001/lib/jquery-validation-unobtrusive/dist/jquery.validate.unobtrusive.min.js - null null
2024-11-29 23:37:11.118 +01:00 [WRN] Error unprotecting the session cookie.
System.Security.Cryptography.CryptographicException: The payload was invalid. For more information go to https://aka.ms/aspnet/dataprotectionwarning
   at Microsoft.AspNetCore.DataProtection.Managed.ManagedAuthenticatedEncryptor.Decrypt(ArraySegment`1 protectedPayload, ArraySegment`1 additionalAuthenticatedData)
   at Microsoft.AspNetCore.DataProtection.KeyManagement.KeyRingBasedDataProtector.UnprotectCore(Byte[] protectedData, Boolean allowOperationsOnRevokedKeys, UnprotectStatus& status)
   at Microsoft.AspNetCore.DataProtection.KeyManagement.KeyRingBasedDataProtector.Unprotect(Byte[] protectedData)
   at Microsoft.AspNetCore.Session.CookieProtection.Unprotect(IDataProtector protector, String protectedText, ILogger logger)
2024-11-29 23:37:11.119 +01:00 [INF] Request finished HTTP/1.1 GET http://localhost:5001/lib/jquery-validation-unobtrusive/dist/jquery.validate.unobtrusive.min.js - 404 0 null 1.4777ms
2024-11-29 23:37:11.119 +01:00 [INF] Request reached the end of the middleware pipeline without being handled by application code. Request path: GET http://localhost:5001/lib/jquery-validation-unobtrusive/dist/jquery.validate.unobtrusive.min.js, Response status code: 404
2024-11-29 23:37:45.411 +01:00 [INF] Request starting HTTP/1.1 POST http://localhost:5001/Identity/Account/Register - application/x-www-form-urlencoded 275
2024-11-29 23:37:45.418 +01:00 [WRN] Error unprotecting the session cookie.
System.Security.Cryptography.CryptographicException: The payload was invalid. For more information go to https://aka.ms/aspnet/dataprotectionwarning
   at Microsoft.AspNetCore.DataProtection.Managed.ManagedAuthenticatedEncryptor.Decrypt(ArraySegment`1 protectedPayload, ArraySegment`1 additionalAuthenticatedData)
   at Microsoft.AspNetCore.DataProtection.KeyManagement.KeyRingBasedDataProtector.UnprotectCore(Byte[] protectedData, Boolean allowOperationsOnRevokedKeys, UnprotectStatus& status)
   at Microsoft.AspNetCore.DataProtection.KeyManagement.KeyRingBasedDataProtector.Unprotect(Byte[] protectedData)
   at Microsoft.AspNetCore.Session.CookieProtection.Unprotect(IDataProtector protector, String protectedText, ILogger logger)
2024-11-29 23:37:45.422 +01:00 [INF] Executing endpoint '/Account/Register'
2024-11-29 23:37:45.424 +01:00 [INF] Route matched with {page = "/Account/Register", area = "Identity", action = "", controller = ""}. Executing page /Account/Register
2024-11-29 23:37:45.430 +01:00 [INF] Executing handler method photogram.Areas.Identity.Pages.Account.RegisterModel.OnPostAsync - ModelState is "Valid"
2024-11-29 23:37:45.553 +01:00 [ERR] Failed executing DbCommand (3ms) [Parameters=[@p0='?' (Size = 36), @p1='?' (DbType = Int32), @p2='?' (Size = 36), @p3='?' (DbType = DateTime), @p4='?' (Size = 15), @p5='?' (DbType = Boolean), @p6='?' (DbType = Boolean), @p7='?' (DbType = DateTimeOffset), @p8='?', @p9='?' (Size = 15), @p10='?' (Size = 15), @p11='?' (Size = 84), @p12='?', @p13='?' (DbType = Boolean), @p14='?' (Size = 32), @p15='?' (DbType = Boolean), @p16='?' (Size = 15)], CommandType='"Text"', CommandTimeout='30']
INSERT INTO "AspNetUsers" ("Id", "AccessFailedCount", "ConcurrencyStamp", "CreatedAt", "Email", "EmailConfirmed", "LockoutEnabled", "LockoutEnd", "Name", "NormalizedEmail", "NormalizedUserName", "PasswordHash", "PhoneNumber", "PhoneNumberConfirmed", "SecurityStamp", "TwoFactorEnabled", "UserName")
VALUES (@p0, @p1, @p2, @p3, @p4, @p5, @p6, @p7, @p8, @p9, @p10, @p11, @p12, @p13, @p14, @p15, @p16);
2024-11-29 23:37:45.561 +01:00 [ERR] An exception occurred in the database while saving changes for context type 'photogram.DAL.PostDbContext'.
Microsoft.EntityFrameworkCore.DbUpdateException: An error occurred while saving the entity changes. See the inner exception for details.
 ---> Microsoft.Data.Sqlite.SqliteException (0x80004005): SQLite Error 19: 'NOT NULL constraint failed: AspNetUsers.Name'.
   at Microsoft.Data.Sqlite.SqliteException.ThrowExceptionForRC(Int32 rc, sqlite3 db)
   at Microsoft.Data.Sqlite.SqliteDataReader.NextResult()
   at Microsoft.Data.Sqlite.SqliteCommand.ExecuteReader(CommandBehavior behavior)
   at Microsoft.Data.Sqlite.SqliteCommand.ExecuteReaderAsync(CommandBehavior behavior, CancellationToken cancellationToken)
   at Microsoft.Data.Sqlite.SqliteCommand.ExecuteDbDataReaderAsync(CommandBehavior behavior, CancellationToken cancellationToken)
   at Microsoft.EntityFrameworkCore.Storage.RelationalCommand.ExecuteReaderAsync(RelationalCommandParameterObject parameterObject, CancellationToken cancellationToken)
   at Microsoft.EntityFrameworkCore.Storage.RelationalCommand.ExecuteReaderAsync(RelationalCommandParameterObject parameterObject, CancellationToken cancellationToken)
   at Microsoft.EntityFrameworkCore.Update.ReaderModificationCommandBatch.ExecuteAsync(IRelationalConnection connection, CancellationToken cancellationToken)
   --- End of inner exception stack trace ---
   at Microsoft.EntityFrameworkCore.Update.ReaderModificationCommandBatch.ExecuteAsync(IRelationalConnection connection, CancellationToken cancellationToken)
   at Microsoft.EntityFrameworkCore.Update.Internal.BatchExecutor.ExecuteAsync(IEnumerable`1 commandBatches, IRelationalConnection connection, CancellationToken cancellationToken)
   at Microsoft.EntityFrameworkCore.Update.Internal.BatchExecutor.ExecuteAsync(IEnumerable`1 commandBatches, IRelationalConnection connection, CancellationToken cancellationToken)
   at Microsoft.EntityFrameworkCore.Update.Internal.BatchExecutor.ExecuteAsync(IEnumerable`1 commandBatches, IRelationalConnection connection, CancellationToken cancellationToken)
   at Microsoft.EntityFrameworkCore.Storage.RelationalDatabase.SaveChangesAsync(IList`1 entries, CancellationToken cancellationToken)
   at Microsoft.EntityFrameworkCore.ChangeTracking.Internal.StateManager.SaveChangesAsync(IList`1 entriesToSave, CancellationToken cancellationToken)
   at Microsoft.EntityFrameworkCore.ChangeTracking.Internal.StateManager.SaveChangesAsync(StateManager stateManager, Boolean acceptAllChangesOnSuccess, CancellationToken cancellationToken)
   at Microsoft.EntityFrameworkCore.DbContext.SaveChangesAsync(Boolean acceptAllChangesOnSuccess, CancellationToken cancellationToken)
Microsoft.EntityFrameworkCore.DbUpdateException: An error occurred while saving the entity changes. See the inner exception for details.
 ---> Microsoft.Data.Sqlite.SqliteException (0x80004005): SQLite Error 19: 'NOT NULL constraint failed: AspNetUsers.Name'.
   at Microsoft.Data.Sqlite.SqliteException.ThrowExceptionForRC(Int32 rc, sqlite3 db)
   at Microsoft.Data.Sqlite.SqliteDataReader.NextResult()
   at Microsoft.Data.Sqlite.SqliteCommand.ExecuteReader(CommandBehavior behavior)
   at Microsoft.Data.Sqlite.SqliteCommand.ExecuteReaderAsync(CommandBehavior behavior, CancellationToken cancellationToken)
   at Microsoft.Data.Sqlite.SqliteCommand.ExecuteDbDataReaderAsync(CommandBehavior behavior, CancellationToken cancellationToken)
   at Microsoft.EntityFrameworkCore.Storage.RelationalCommand.ExecuteReaderAsync(RelationalCommandParameterObject parameterObject, CancellationToken cancellationToken)
   at Microsoft.EntityFrameworkCore.Storage.RelationalCommand.ExecuteReaderAsync(RelationalCommandParameterObject parameterObject, CancellationToken cancellationToken)
   at Microsoft.EntityFrameworkCore.Update.ReaderModificationCommandBatch.ExecuteAsync(IRelationalConnection connection, CancellationToken cancellationToken)
   --- End of inner exception stack trace ---
   at Microsoft.EntityFrameworkCore.Update.ReaderModificationCommandBatch.ExecuteAsync(IRelationalConnection connection, CancellationToken cancellationToken)
   at Microsoft.EntityFrameworkCore.Update.Internal.BatchExecutor.ExecuteAsync(IEnumerable`1 commandBatches, IRelationalConnection connection, CancellationToken cancellationToken)
   at Microsoft.EntityFrameworkCore.Update.Internal.BatchExecutor.ExecuteAsync(IEnumerable`1 commandBatches, IRelationalConnection connection, CancellationToken cancellationToken)
   at Microsoft.EntityFrameworkCore.Update.Internal.BatchExecutor.ExecuteAsync(IEnumerable`1 commandBatches, IRelationalConnection connection, CancellationToken cancellationToken)
   at Microsoft.EntityFrameworkCore.Storage.RelationalDatabase.SaveChangesAsync(IList`1 entries, CancellationToken cancellationToken)
   at Microsoft.EntityFrameworkCore.ChangeTracking.Internal.StateManager.SaveChangesAsync(IList`1 entriesToSave, CancellationToken cancellationToken)
   at Microsoft.EntityFrameworkCore.ChangeTracking.Internal.StateManager.SaveChangesAsync(StateManager stateManager, Boolean acceptAllChangesOnSuccess, CancellationToken cancellationToken)
   at Microsoft.EntityFrameworkCore.DbContext.SaveChangesAsync(Boolean acceptAllChangesOnSuccess, CancellationToken cancellationToken)
2024-11-29 23:37:45.562 +01:00 [INF] Executed page /Account/Register in 138.4011ms
2024-11-29 23:37:45.562 +01:00 [INF] Executed endpoint '/Account/Register'
2024-11-29 23:37:45.571 +01:00 [ERR] An unhandled exception has occurred while executing the request.
Microsoft.EntityFrameworkCore.DbUpdateException: An error occurred while saving the entity changes. See the inner exception for details.
 ---> Microsoft.Data.Sqlite.SqliteException (0x80004005): SQLite Error 19: 'NOT NULL constraint failed: AspNetUsers.Name'.
   at Microsoft.Data.Sqlite.SqliteException.ThrowExceptionForRC(Int32 rc, sqlite3 db)
   at Microsoft.Data.Sqlite.SqliteDataReader.NextResult()
   at Microsoft.Data.Sqlite.SqliteCommand.ExecuteReader(CommandBehavior behavior)
   at Microsoft.Data.Sqlite.SqliteCommand.ExecuteReaderAsync(CommandBehavior behavior, CancellationToken cancellationToken)
   at Microsoft.Data.Sqlite.SqliteCommand.ExecuteDbDataReaderAsync(CommandBehavior behavior, CancellationToken cancellationToken)
   at Microsoft.EntityFrameworkCore.Storage.RelationalCommand.ExecuteReaderAsync(RelationalCommandParameterObject parameterObject, CancellationToken cancellationToken)
   at Microsoft.EntityFrameworkCore.Storage.RelationalCommand.ExecuteReaderAsync(RelationalCommandParameterObject parameterObject, CancellationToken cancellationToken)
   at Microsoft.EntityFrameworkCore.Update.ReaderModificationCommandBatch.ExecuteAsync(IRelationalConnection connection, CancellationToken cancellationToken)
   --- End of inner exception stack trace ---
   at Microsoft.EntityFrameworkCore.Update.ReaderModificationCommandBatch.ExecuteAsync(IRelationalConnection connection, CancellationToken cancellationToken)
   at Microsoft.EntityFrameworkCore.Update.Internal.BatchExecutor.ExecuteAsync(IEnumerable`1 commandBatches, IRelationalConnection connection, CancellationToken cancellationToken)
   at Microsoft.EntityFrameworkCore.Update.Internal.BatchExecutor.ExecuteAsync(IEnumerable`1 commandBatches, IRelationalConnection connection, CancellationToken cancellationToken)
   at Microsoft.EntityFrameworkCore.Update.Internal.BatchExecutor.ExecuteAsync(IEnumerable`1 commandBatches, IRelationalConnection connection, CancellationToken cancellationToken)
   at Microsoft.EntityFrameworkCore.Storage.RelationalDatabase.SaveChangesAsync(IList`1 entries, CancellationToken cancellationToken)
   at Microsoft.EntityFrameworkCore.ChangeTracking.Internal.StateManager.SaveChangesAsync(IList`1 entriesToSave, CancellationToken cancellationToken)
   at Microsoft.EntityFrameworkCore.ChangeTracking.Internal.StateManager.SaveChangesAsync(StateManager stateManager, Boolean acceptAllChangesOnSuccess, CancellationToken cancellationToken)
   at Microsoft.EntityFrameworkCore.DbContext.SaveChangesAsync(Boolean acceptAllChangesOnSuccess, CancellationToken cancellationToken)
   at Microsoft.EntityFrameworkCore.DbContext.SaveChangesAsync(Boolean acceptAllChangesOnSuccess, CancellationToken cancellationToken)
   at Microsoft.AspNetCore.Identity.EntityFrameworkCore.UserOnlyStore`6.CreateAsync(TUser user, CancellationToken cancellationToken)
   at Microsoft.AspNetCore.Identity.UserManager`1.CreateAsync(TUser user)
   at Microsoft.AspNetCore.Identity.UserManager`1.CreateAsync(TUser user, String password)
   at photogram.Areas.Identity.Pages.Account.RegisterModel.OnPostAsync(String returnUrl) in /Users/kadijayasminbulale/Downloads/photogram 7/Areas/Identity/Pages/Account/Register.cshtml.cs:line 120
   at Microsoft.AspNetCore.Mvc.RazorPages.Infrastructure.ExecutorFactory.GenericTaskHandlerMethod.Convert[T](Object taskAsObject)
   at Microsoft.AspNetCore.Mvc.RazorPages.Infrastructure.ExecutorFactory.GenericTaskHandlerMethod.Execute(Object receiver, Object[] arguments)
   at Microsoft.AspNetCore.Mvc.RazorPages.Infrastructure.PageActionInvoker.InvokeHandlerMethodAsync()
   at Microsoft.AspNetCore.Mvc.RazorPages.Infrastructure.PageActionInvoker.InvokeNextPageFilterAsync()
   at Microsoft.AspNetCore.Mvc.RazorPages.Infrastructure.PageActionInvoker.Rethrow(PageHandlerExecutedContext context)
   at Microsoft.AspNetCore.Mvc.RazorPages.Infrastructure.PageActionInvoker.Next(State& next, Scope& scope, Object& state, Boolean& isCompleted)
   at Microsoft.AspNetCore.Mvc.RazorPages.Infrastructure.PageActionInvoker.InvokeInnerFilterAsync()
   at Microsoft.AspNetCore.Mvc.Infrastructure.ResourceInvoker.<InvokeNextResourceFilter>g__Awaited|25_0(ResourceInvoker invoker, Task lastTask, State next, Scope scope, Object state, Boolean isCompleted)
   at Microsoft.AspNetCore.Mvc.Infrastructure.ResourceInvoker.Rethrow(ResourceExecutedContextSealed context)
   at Microsoft.AspNetCore.Mvc.Infrastructure.ResourceInvoker.Next(State& next, Scope& scope, Object& state, Boolean& isCompleted)
   at Microsoft.AspNetCore.Mvc.Infrastructure.ResourceInvoker.InvokeFilterPipelineAsync()
--- End of stack trace from previous location ---
   at Microsoft.AspNetCore.Mvc.Infrastructure.ResourceInvoker.<InvokeAsync>g__Logged|17_1(ResourceInvoker invoker)
   at Microsoft.AspNetCore.Mvc.Infrastructure.ResourceInvoker.<InvokeAsync>g__Logged|17_1(ResourceInvoker invoker)
   at Microsoft.AspNetCore.Routing.EndpointMiddleware.<Invoke>g__AwaitRequestTask|7_0(Endpoint endpoint, Task requestTask, ILogger logger)
   at Microsoft.AspNetCore.Authorization.AuthorizationMiddleware.Invoke(HttpContext context)
   at Microsoft.AspNetCore.Authentication.AuthenticationMiddleware.Invoke(HttpContext context)
   at Microsoft.AspNetCore.Session.SessionMiddleware.Invoke(HttpContext context)
   at Microsoft.AspNetCore.Session.SessionMiddleware.Invoke(HttpContext context)
   at Microsoft.AspNetCore.Diagnostics.DeveloperExceptionPageMiddlewareImpl.Invoke(HttpContext context)
2024-11-29 23:37:45.583 +01:00 [INF] Request finished HTTP/1.1 POST http://localhost:5001/Identity/Account/Register - 500 null text/html; charset=utf-8 172.1421ms
2024-11-29 23:47:08.756 +01:00 [INF] Application is shutting down...
