2024-12-01 08:59:37.177 +01:00 [INF] User profile is available. Using '/Users/yasminali/.aspnet/DataProtection-Keys' as key repository; keys will not be encrypted at rest.
2024-12-01 08:59:39.931 +01:00 [INF] Now listening on: http://localhost:5001
2024-12-01 08:59:39.978 +01:00 [INF] Application started. Press Ctrl+C to shut down.
2024-12-01 08:59:39.988 +01:00 [INF] Hosting environment: Development
2024-12-01 08:59:39.989 +01:00 [INF] Content root path: /Users/yasminali/Desktop/ExamITPE3100/photogram7
2024-12-01 08:59:49.699 +01:00 [INF] Request starting HTTP/1.1 GET http://localhost:5001/ - null null
2024-12-01 08:59:49.996 +01:00 [WRN] Failed to determine the https port for redirect.
2024-12-01 08:59:50.190 +01:00 [WRN] Error unprotecting the session cookie.
System.Security.Cryptography.CryptographicException: The payload was invalid. For more information go to https://aka.ms/aspnet/dataprotectionwarning
   at Microsoft.AspNetCore.DataProtection.Managed.ManagedAuthenticatedEncryptor.Decrypt(ArraySegment`1 protectedPayload, ArraySegment`1 additionalAuthenticatedData)
   at Microsoft.AspNetCore.DataProtection.KeyManagement.KeyRingBasedDataProtector.UnprotectCore(Byte[] protectedData, Boolean allowOperationsOnRevokedKeys, UnprotectStatus& status)
   at Microsoft.AspNetCore.DataProtection.KeyManagement.KeyRingBasedDataProtector.Unprotect(Byte[] protectedData)
   at Microsoft.AspNetCore.Session.CookieProtection.Unprotect(IDataProtector protector, String protectedText, ILogger logger)
2024-12-01 08:59:54.563 +01:00 [INF] Executing endpoint 'photogram.Controllers.HomeController.Index (photogram)'
2024-12-01 08:59:54.646 +01:00 [INF] Route matched with {action = "Index", controller = "Home", page = "", area = ""}. Executing controller action with signature Microsoft.AspNetCore.Mvc.IActionResult Index() on controller photogram.Controllers.HomeController (photogram).
2024-12-01 08:59:54.725 +01:00 [INF] Executing ViewResult, running view Index.
2024-12-01 08:59:55.606 +01:00 [INF] Request starting HTTP/1.1 GET http://localhost:5001/images/frontpage.png - null null
2024-12-01 08:59:55.609 +01:00 [INF] Request starting HTTP/1.1 GET http://localhost:5001/css/layout.css - null null
2024-12-01 08:59:55.620 +01:00 [INF] The file /css/layout.css was not modified
2024-12-01 08:59:55.621 +01:00 [INF] Request finished HTTP/1.1 GET http://localhost:5001/css/layout.css - 304 null text/css 11.235ms
2024-12-01 08:59:55.931 +01:00 [INF] Sending file. Request path: '/images/frontpage.png'. Physical path: '/Users/yasminali/Desktop/ExamITPE3100/photogram7/wwwroot/images/frontpage.png'
2024-12-01 08:59:55.938 +01:00 [INF] Request finished HTTP/1.1 GET http://localhost:5001/images/frontpage.png - 200 2309811 image/png 331.9561ms
2024-12-01 08:59:55.994 +01:00 [INF] Executed ViewResult - view Index executed in 796.8204ms.
2024-12-01 08:59:55.995 +01:00 [INF] Executed action photogram.Controllers.HomeController.Index (photogram) in 1345.8483ms
2024-12-01 08:59:55.999 +01:00 [INF] Executed endpoint 'photogram.Controllers.HomeController.Index (photogram)'
2024-12-01 08:59:56.123 +01:00 [INF] Request finished HTTP/1.1 GET http://localhost:5001/ - 200 null text/html; charset=utf-8 6440.6414ms
2024-12-01 09:00:02.847 +01:00 [INF] Request starting HTTP/1.1 GET http://localhost:5001/Home/Feed - null null
2024-12-01 09:00:02.856 +01:00 [WRN] Error unprotecting the session cookie.
System.Security.Cryptography.CryptographicException: The payload was invalid. For more information go to https://aka.ms/aspnet/dataprotectionwarning
   at Microsoft.AspNetCore.DataProtection.Managed.ManagedAuthenticatedEncryptor.Decrypt(ArraySegment`1 protectedPayload, ArraySegment`1 additionalAuthenticatedData)
   at Microsoft.AspNetCore.DataProtection.KeyManagement.KeyRingBasedDataProtector.UnprotectCore(Byte[] protectedData, Boolean allowOperationsOnRevokedKeys, UnprotectStatus& status)
   at Microsoft.AspNetCore.DataProtection.KeyManagement.KeyRingBasedDataProtector.Unprotect(Byte[] protectedData)
   at Microsoft.AspNetCore.Session.CookieProtection.Unprotect(IDataProtector protector, String protectedText, ILogger logger)
2024-12-01 09:00:02.934 +01:00 [INF] Executing endpoint 'photogram.Controllers.HomeController.Feed (photogram)'
2024-12-01 09:00:02.939 +01:00 [INF] Route matched with {action = "Feed", controller = "Home", page = "", area = ""}. Executing controller action with signature Microsoft.AspNetCore.Mvc.IActionResult Feed() on controller photogram.Controllers.HomeController (photogram).
2024-12-01 09:00:02.943 +01:00 [INF] Executing RedirectResult, redirecting to /Post/Feed.
2024-12-01 09:00:02.946 +01:00 [INF] Executed action photogram.Controllers.HomeController.Feed (photogram) in 7.2005ms
2024-12-01 09:00:02.946 +01:00 [INF] Executed endpoint 'photogram.Controllers.HomeController.Feed (photogram)'
2024-12-01 09:00:02.947 +01:00 [INF] Request finished HTTP/1.1 GET http://localhost:5001/Home/Feed - 302 0 null 99.6803ms
2024-12-01 09:00:02.960 +01:00 [INF] Request starting HTTP/1.1 GET http://localhost:5001/Post/Feed - null null
2024-12-01 09:00:02.961 +01:00 [WRN] Error unprotecting the session cookie.
System.Security.Cryptography.CryptographicException: The payload was invalid. For more information go to https://aka.ms/aspnet/dataprotectionwarning
   at Microsoft.AspNetCore.DataProtection.Managed.ManagedAuthenticatedEncryptor.Decrypt(ArraySegment`1 protectedPayload, ArraySegment`1 additionalAuthenticatedData)
   at Microsoft.AspNetCore.DataProtection.KeyManagement.KeyRingBasedDataProtector.UnprotectCore(Byte[] protectedData, Boolean allowOperationsOnRevokedKeys, UnprotectStatus& status)
   at Microsoft.AspNetCore.DataProtection.KeyManagement.KeyRingBasedDataProtector.Unprotect(Byte[] protectedData)
   at Microsoft.AspNetCore.Session.CookieProtection.Unprotect(IDataProtector protector, String protectedText, ILogger logger)
2024-12-01 09:00:03.041 +01:00 [INF] Executing endpoint 'photogram.Controllers.PostController.Feed (photogram)'
2024-12-01 09:00:03.085 +01:00 [INF] Route matched with {action = "Feed", controller = "Post", page = "", area = ""}. Executing controller action with signature System.Threading.Tasks.Task`1[Microsoft.AspNetCore.Mvc.IActionResult] Feed(System.Nullable`1[System.Int32], System.Nullable`1[System.Int32]) on controller photogram.Controllers.PostController (photogram).
2024-12-01 09:00:03.994 +01:00 [INF] Executing ViewResult, running view Feed.
2024-12-01 09:00:05.005 +01:00 [INF] Executed ViewResult - view Feed executed in 1013.5168ms.
2024-12-01 09:00:05.005 +01:00 [INF] Executed action photogram.Controllers.PostController.Feed (photogram) in 1920.4875ms
2024-12-01 09:00:05.005 +01:00 [INF] Executed endpoint 'photogram.Controllers.PostController.Feed (photogram)'
2024-12-01 09:00:05.006 +01:00 [INF] Request finished HTTP/1.1 GET http://localhost:5001/Post/Feed - 200 null text/html; charset=utf-8 2045.5685ms
2024-12-01 09:00:05.110 +01:00 [INF] Request starting HTTP/1.1 GET http://localhost:5001/uploads/2bd43492-f646-49b2-ac24-32a877d81fc2_picnic.png - null null
2024-12-01 09:00:05.110 +01:00 [INF] Request starting HTTP/1.1 GET http://localhost:5001/uploads/f3185d25-5b64-42f3-9086-207feb10373f_bill.jpg - null null
2024-12-01 09:00:05.112 +01:00 [INF] Request starting HTTP/1.1 GET http://localhost:5001/uploads/d5f308d6-5e29-4c51-ab51-946e5939f892_concert.jpg - null null
2024-12-01 09:00:05.112 +01:00 [INF] The file /uploads/d5f308d6-5e29-4c51-ab51-946e5939f892_concert.jpg was not modified
2024-12-01 09:00:05.113 +01:00 [INF] The file /uploads/f3185d25-5b64-42f3-9086-207feb10373f_bill.jpg was not modified
2024-12-01 09:00:05.113 +01:00 [INF] Request finished HTTP/1.1 GET http://localhost:5001/uploads/d5f308d6-5e29-4c51-ab51-946e5939f892_concert.jpg - 304 null image/jpeg 1.7422ms
2024-12-01 09:00:05.114 +01:00 [INF] Request starting HTTP/1.1 GET http://localhost:5001/uploads/88ec321d-5692-4e79-9166-71c32aeac047_nature.jpg - null null
2024-12-01 09:00:05.114 +01:00 [INF] Request starting HTTP/1.1 GET http://localhost:5001/uploads/892b7245-916c-4e39-ad08-e1f509e45f50_view.jpg - null null
2024-12-01 09:00:05.113 +01:00 [INF] Request finished HTTP/1.1 GET http://localhost:5001/uploads/f3185d25-5b64-42f3-9086-207feb10373f_bill.jpg - 304 null image/jpeg 3.076ms
2024-12-01 09:00:05.114 +01:00 [INF] The file /uploads/892b7245-916c-4e39-ad08-e1f509e45f50_view.jpg was not modified
2024-12-01 09:00:05.114 +01:00 [INF] Request finished HTTP/1.1 GET http://localhost:5001/uploads/892b7245-916c-4e39-ad08-e1f509e45f50_view.jpg - 304 null image/jpeg 0.442ms
2024-12-01 09:00:05.114 +01:00 [INF] Request starting HTTP/1.1 GET http://localhost:5001/uploads/150c5aae-9839-45c1-a058-cec277bcafda_tacos.jpg - null null
2024-12-01 09:00:05.114 +01:00 [INF] The file /uploads/150c5aae-9839-45c1-a058-cec277bcafda_tacos.jpg was not modified
2024-12-01 09:00:05.115 +01:00 [INF] Request finished HTTP/1.1 GET http://localhost:5001/uploads/150c5aae-9839-45c1-a058-cec277bcafda_tacos.jpg - 304 null image/jpeg 0.3801ms
2024-12-01 09:00:05.120 +01:00 [INF] Sending file. Request path: '/uploads/2bd43492-f646-49b2-ac24-32a877d81fc2_picnic.png'. Physical path: '/Users/yasminali/Desktop/ExamITPE3100/photogram7/wwwroot/uploads/2bd43492-f646-49b2-ac24-32a877d81fc2_picnic.png'
2024-12-01 09:00:05.121 +01:00 [INF] Request finished HTTP/1.1 GET http://localhost:5001/uploads/2bd43492-f646-49b2-ac24-32a877d81fc2_picnic.png - 200 338498 image/png 10.7828ms
2024-12-01 09:00:05.125 +01:00 [INF] Request starting HTTP/1.1 GET http://localhost:5001/images/sunset.jpg - null null
2024-12-01 09:00:05.126 +01:00 [INF] Request starting HTTP/1.1 GET http://localhost:5001/images/recipes.jpg - null null
2024-12-01 09:00:05.126 +01:00 [INF] The file /images/recipes.jpg was not modified
2024-12-01 09:00:05.127 +01:00 [INF] Request finished HTTP/1.1 GET http://localhost:5001/images/recipes.jpg - 304 null image/jpeg 1.1121ms
2024-12-01 09:00:05.132 +01:00 [INF] Sending file. Request path: '/images/sunset.jpg'. Physical path: '/Users/yasminali/Desktop/ExamITPE3100/photogram7/wwwroot/images/sunset.jpg'
2024-12-01 09:00:05.132 +01:00 [INF] Request finished HTTP/1.1 GET http://localhost:5001/images/sunset.jpg - 200 524096 image/jpeg 7.6612ms
2024-12-01 09:00:05.133 +01:00 [INF] Sending file. Request path: '/uploads/88ec321d-5692-4e79-9166-71c32aeac047_nature.jpg'. Physical path: '/Users/yasminali/Desktop/ExamITPE3100/photogram7/wwwroot/uploads/88ec321d-5692-4e79-9166-71c32aeac047_nature.jpg'
2024-12-01 09:00:05.133 +01:00 [INF] Request finished HTTP/1.1 GET http://localhost:5001/uploads/88ec321d-5692-4e79-9166-71c32aeac047_nature.jpg - 200 1202767 image/jpeg 19.3337ms
