2024-11-29 13:01:05.280 +01:00 [INF] User profile is available. Using '/Users/yasminali/.aspnet/DataProtection-Keys' as key repository; keys will not be encrypted at rest.
2024-11-29 13:01:07.093 +01:00 [INF] Now listening on: https://localhost:7162
2024-11-29 13:01:07.106 +01:00 [INF] Now listening on: http://localhost:5000
2024-11-29 13:01:07.135 +01:00 [INF] Application started. Press Ctrl+C to shut down.
2024-11-29 13:01:07.143 +01:00 [INF] Hosting environment: Development
2024-11-29 13:01:07.148 +01:00 [INF] Content root path: /Users/yasminali/Downloads/photogram 6
2024-11-29 13:01:07.867 +01:00 [INF] Request starting HTTP/2 GET https://localhost:7162/ - null null
2024-11-29 13:01:07.956 +01:00 [INF] Executing endpoint 'photogram.Controllers.HomeController.Index (photogram)'
2024-11-29 13:01:07.989 +01:00 [INF] Route matched with {action = "Index", controller = "Home"}. Executing controller action with signature Microsoft.AspNetCore.Mvc.IActionResult Index() on controller photogram.Controllers.HomeController (photogram).
2024-11-29 13:01:08.024 +01:00 [INF] Executing ViewResult, running view Index.
2024-11-29 13:01:08.183 +01:00 [INF] Accessing expired session, Key:b89e8c98-6b40-71d0-2685-55dde9c16b1c
2024-11-29 13:01:08.214 +01:00 [INF] Executed ViewResult - view Index executed in 190.2217ms.
2024-11-29 13:01:08.220 +01:00 [INF] Executed action photogram.Controllers.HomeController.Index (photogram) in 228.8199ms
2024-11-29 13:01:08.220 +01:00 [INF] Executed endpoint 'photogram.Controllers.HomeController.Index (photogram)'
2024-11-29 13:01:08.257 +01:00 [INF] Request finished HTTP/2 GET https://localhost:7162/ - 200 null text/html; charset=utf-8 399.0103ms
2024-11-29 13:01:09.635 +01:00 [INF] Request starting HTTP/2 GET https://localhost:7162/User/Login - null null
2024-11-29 13:01:09.663 +01:00 [INF] Executing endpoint 'photogram.Controllers.UserController.Login (photogram)'
2024-11-29 13:01:09.672 +01:00 [INF] Route matched with {action = "Login", controller = "User"}. Executing controller action with signature Microsoft.AspNetCore.Mvc.IActionResult Login() on controller photogram.Controllers.UserController (photogram).
2024-11-29 13:01:09.793 +01:00 [INF] Executing ViewResult, running view Login.
2024-11-29 13:01:09.919 +01:00 [INF] Accessing expired session, Key:b89e8c98-6b40-71d0-2685-55dde9c16b1c
2024-11-29 13:01:09.938 +01:00 [INF] Executed ViewResult - view Login executed in 149.3146ms.
2024-11-29 13:01:09.938 +01:00 [INF] Executed action photogram.Controllers.UserController.Login (photogram) in 265.9464ms
2024-11-29 13:01:09.939 +01:00 [INF] Executed endpoint 'photogram.Controllers.UserController.Login (photogram)'
2024-11-29 13:01:09.950 +01:00 [INF] Request finished HTTP/2 GET https://localhost:7162/User/Login - 200 null text/html; charset=utf-8 313.9076ms
2024-11-29 13:01:12.232 +01:00 [INF] Request starting HTTP/2 POST https://localhost:7162/User/Login - application/x-www-form-urlencoded 221
2024-11-29 13:01:12.240 +01:00 [INF] Executing endpoint 'photogram.Controllers.UserController.Login (photogram)'
2024-11-29 13:01:12.265 +01:00 [INF] Route matched with {action = "Login", controller = "User"}. Executing controller action with signature Microsoft.AspNetCore.Mvc.IActionResult Login(photogram.ViewModels.LoginViewModel) on controller photogram.Controllers.UserController (photogram).
2024-11-29 13:01:12.495 +01:00 [INF] Attempting to login
2024-11-29 13:01:13.070 +01:00 [INF] Accessing expired session, Key:b89e8c98-6b40-71d0-2685-55dde9c16b1c
2024-11-29 13:01:13.072 +01:00 [INF] Executing RedirectResult, redirecting to /.
2024-11-29 13:01:13.073 +01:00 [INF] Executed action photogram.Controllers.UserController.Login (photogram) in 808.0145ms
2024-11-29 13:01:13.073 +01:00 [INF] Executed endpoint 'photogram.Controllers.UserController.Login (photogram)'
2024-11-29 13:01:13.082 +01:00 [INF] Session started; Key:b89e8c98-6b40-71d0-2685-55dde9c16b1c, Id:f86ec87a-483c-51ee-65a3-33fb13ecc9d5
2024-11-29 13:01:13.146 +01:00 [INF] Request starting HTTP/2 GET https://localhost:7162/ - null null
2024-11-29 13:01:13.149 +01:00 [INF] Executing endpoint 'photogram.Controllers.HomeController.Index (photogram)'
2024-11-29 13:01:13.170 +01:00 [INF] Route matched with {action = "Index", controller = "Home"}. Executing controller action with signature Microsoft.AspNetCore.Mvc.IActionResult Index() on controller photogram.Controllers.HomeController (photogram).
2024-11-29 13:01:13.172 +01:00 [INF] Executing ViewResult, running view Index.
2024-11-29 13:01:13.175 +01:00 [INF] Request finished HTTP/2 POST https://localhost:7162/User/Login - 302 0 null 942.8564ms
2024-11-29 13:01:13.219 +01:00 [INF] Executed ViewResult - view Index executed in 47.0701ms.
2024-11-29 13:01:13.249 +01:00 [INF] Executed action photogram.Controllers.HomeController.Index (photogram) in 78.9347ms
2024-11-29 13:01:13.252 +01:00 [INF] Executed endpoint 'photogram.Controllers.HomeController.Index (photogram)'
2024-11-29 13:01:13.272 +01:00 [INF] Request finished HTTP/2 GET https://localhost:7162/ - 200 null text/html; charset=utf-8 126.2666ms
2024-11-29 13:01:14.621 +01:00 [INF] Request starting HTTP/2 GET https://localhost:7162/Home/Feed - null null
2024-11-29 13:01:14.622 +01:00 [INF] Executing endpoint 'photogram.Controllers.HomeController.Feed (photogram)'
2024-11-29 13:01:14.626 +01:00 [INF] Route matched with {action = "Feed", controller = "Home"}. Executing controller action with signature Microsoft.AspNetCore.Mvc.IActionResult Feed() on controller photogram.Controllers.HomeController (photogram).
2024-11-29 13:01:14.629 +01:00 [INF] Executing RedirectResult, redirecting to /Post/Feed.
2024-11-29 13:01:14.630 +01:00 [INF] Executed action photogram.Controllers.HomeController.Feed (photogram) in 3.7695ms
2024-11-29 13:01:14.630 +01:00 [INF] Executed endpoint 'photogram.Controllers.HomeController.Feed (photogram)'
2024-11-29 13:01:14.630 +01:00 [INF] Request finished HTTP/2 GET https://localhost:7162/Home/Feed - 302 0 null 8.6966ms
2024-11-29 13:01:14.641 +01:00 [INF] Request starting HTTP/2 GET https://localhost:7162/Post/Feed - null null
2024-11-29 13:01:14.642 +01:00 [INF] Executing endpoint 'photogram.Controllers.PostController.Feed (photogram)'
2024-11-29 13:01:14.658 +01:00 [INF] Route matched with {action = "Feed", controller = "Post"}. Executing controller action with signature System.Threading.Tasks.Task`1[Microsoft.AspNetCore.Mvc.IActionResult] Feed(System.Nullable`1[System.Int32], System.Nullable`1[System.Int32]) on controller photogram.Controllers.PostController (photogram).
2024-11-29 13:01:14.839 +01:00 [INF] Executing ViewResult, running view Feed.
2024-11-29 13:01:15.177 +01:00 [INF] Executed ViewResult - view Feed executed in 339.0515ms.
2024-11-29 13:01:15.201 +01:00 [INF] Executed action photogram.Controllers.PostController.Feed (photogram) in 543.331ms
2024-11-29 13:01:15.202 +01:00 [INF] Executed endpoint 'photogram.Controllers.PostController.Feed (photogram)'
2024-11-29 13:01:15.207 +01:00 [INF] Request finished HTTP/2 GET https://localhost:7162/Post/Feed - 200 null text/html; charset=utf-8 566.7668ms
2024-11-29 13:01:19.085 +01:00 [INF] Request starting HTTP/2 GET https://localhost:7162/Home/Friends - null null
2024-11-29 13:01:19.089 +01:00 [INF] Executing endpoint 'photogram.Controllers.HomeController.Friends (photogram)'
2024-11-29 13:01:19.092 +01:00 [INF] Route matched with {action = "Friends", controller = "Home"}. Executing controller action with signature Microsoft.AspNetCore.Mvc.IActionResult Friends() on controller photogram.Controllers.HomeController (photogram).
2024-11-29 13:01:19.093 +01:00 [INF] Executing RedirectResult, redirecting to /Post/Friends.
2024-11-29 13:01:19.093 +01:00 [INF] Executed action photogram.Controllers.HomeController.Friends (photogram) in 0.928ms
2024-11-29 13:01:19.094 +01:00 [INF] Executed endpoint 'photogram.Controllers.HomeController.Friends (photogram)'
2024-11-29 13:01:19.094 +01:00 [INF] Request finished HTTP/2 GET https://localhost:7162/Home/Friends - 302 0 null 9.0151ms
2024-11-29 13:01:19.141 +01:00 [INF] Request starting HTTP/2 GET https://localhost:7162/Post/Friends - null null
2024-11-29 13:01:19.144 +01:00 [INF] Executing endpoint 'photogram.Controllers.PostController.Friends (photogram)'
2024-11-29 13:01:19.150 +01:00 [INF] Route matched with {action = "Friends", controller = "Post"}. Executing controller action with signature System.Threading.Tasks.Task`1[Microsoft.AspNetCore.Mvc.IActionResult] Friends() on controller photogram.Controllers.PostController (photogram).
2024-11-29 13:01:19.240 +01:00 [INF] Executing ViewResult, running view Friends.
2024-11-29 13:01:19.281 +01:00 [INF] Executed ViewResult - view Friends executed in 41.0287ms.
2024-11-29 13:01:19.345 +01:00 [INF] Executed action photogram.Controllers.PostController.Friends (photogram) in 194.7322ms
2024-11-29 13:01:19.345 +01:00 [INF] Executed endpoint 'photogram.Controllers.PostController.Friends (photogram)'
2024-11-29 13:01:19.356 +01:00 [INF] Request finished HTTP/2 GET https://localhost:7162/Post/Friends - 200 null text/html; charset=utf-8 215.5576ms
2024-11-29 13:01:20.316 +01:00 [INF] Request starting HTTP/2 GET https://localhost:7162/Post/CreatePost - null null
2024-11-29 13:01:20.317 +01:00 [INF] Executing endpoint 'photogram.Controllers.PostController.CreatePost (photogram)'
2024-11-29 13:01:20.320 +01:00 [INF] Route matched with {action = "CreatePost", controller = "Post"}. Executing controller action with signature Microsoft.AspNetCore.Mvc.IActionResult CreatePost() on controller photogram.Controllers.PostController (photogram).
2024-11-29 13:01:20.322 +01:00 [INF] Executing ViewResult, running view CreatePost.
2024-11-29 13:01:20.374 +01:00 [INF] Executed ViewResult - view CreatePost executed in 52.286ms.
2024-11-29 13:01:20.428 +01:00 [INF] Executed action photogram.Controllers.PostController.CreatePost (photogram) in 107.7169ms
2024-11-29 13:01:20.428 +01:00 [INF] Executed endpoint 'photogram.Controllers.PostController.CreatePost (photogram)'
2024-11-29 13:01:20.431 +01:00 [INF] Request finished HTTP/2 GET https://localhost:7162/Post/CreatePost - 200 null text/html; charset=utf-8 115.3991ms
2024-11-29 13:01:42.354 +01:00 [INF] Request starting HTTP/2 GET https://localhost:7162/Post/MyPosts - null null
2024-11-29 13:01:42.387 +01:00 [INF] Executing endpoint 'photogram.Controllers.PostController.MyPosts (photogram)'
2024-11-29 13:01:42.396 +01:00 [INF] Route matched with {action = "MyPosts", controller = "Post"}. Executing controller action with signature System.Threading.Tasks.Task`1[Microsoft.AspNetCore.Mvc.IActionResult] MyPosts(System.Nullable`1[System.Int32]) on controller photogram.Controllers.PostController (photogram).
2024-11-29 13:01:42.714 +01:00 [INF] Executing ViewResult, running view MyPosts.
2024-11-29 13:01:42.957 +01:00 [INF] Executed ViewResult - view MyPosts executed in 213.0181ms.
2024-11-29 13:01:42.996 +01:00 [INF] Executed action photogram.Controllers.PostController.MyPosts (photogram) in 599.1784ms
2024-11-29 13:01:42.998 +01:00 [INF] Executed endpoint 'photogram.Controllers.PostController.MyPosts (photogram)'
2024-11-29 13:01:43.003 +01:00 [INF] Request finished HTTP/2 GET https://localhost:7162/Post/MyPosts - 200 null text/html; charset=utf-8 648.4186ms
2024-11-29 13:01:44.083 +01:00 [INF] Request starting HTTP/2 GET https://localhost:7162/Post/CreatePost - null null
2024-11-29 13:01:44.084 +01:00 [INF] Executing endpoint 'photogram.Controllers.PostController.CreatePost (photogram)'
2024-11-29 13:01:44.085 +01:00 [INF] Route matched with {action = "CreatePost", controller = "Post"}. Executing controller action with signature Microsoft.AspNetCore.Mvc.IActionResult CreatePost() on controller photogram.Controllers.PostController (photogram).
2024-11-29 13:01:44.087 +01:00 [INF] Executing ViewResult, running view CreatePost.
2024-11-29 13:01:44.144 +01:00 [INF] Executed ViewResult - view CreatePost executed in 7.205ms.
2024-11-29 13:01:44.173 +01:00 [INF] Executed action photogram.Controllers.PostController.CreatePost (photogram) in 87.7192ms
2024-11-29 13:01:44.174 +01:00 [INF] Executed endpoint 'photogram.Controllers.PostController.CreatePost (photogram)'
2024-11-29 13:01:44.200 +01:00 [INF] Request finished HTTP/2 GET https://localhost:7162/Post/CreatePost - 200 null text/html; charset=utf-8 117.817ms
2024-11-29 13:01:45.438 +01:00 [INF] Request starting HTTP/2 GET https://localhost:7162/Home/Friends - null null
2024-11-29 13:01:45.439 +01:00 [INF] Executing endpoint 'photogram.Controllers.HomeController.Friends (photogram)'
2024-11-29 13:01:45.440 +01:00 [INF] Route matched with {action = "Friends", controller = "Home"}. Executing controller action with signature Microsoft.AspNetCore.Mvc.IActionResult Friends() on controller photogram.Controllers.HomeController (photogram).
2024-11-29 13:01:45.441 +01:00 [INF] Executing RedirectResult, redirecting to /Post/Friends.
2024-11-29 13:01:45.441 +01:00 [INF] Executed action photogram.Controllers.HomeController.Friends (photogram) in 0.7649ms
2024-11-29 13:01:45.441 +01:00 [INF] Executed endpoint 'photogram.Controllers.HomeController.Friends (photogram)'
2024-11-29 13:01:45.442 +01:00 [INF] Request finished HTTP/2 GET https://localhost:7162/Home/Friends - 302 0 null 3.5913ms
2024-11-29 13:01:45.474 +01:00 [INF] Request starting HTTP/2 GET https://localhost:7162/Post/Friends - null null
2024-11-29 13:01:45.474 +01:00 [INF] Executing endpoint 'photogram.Controllers.PostController.Friends (photogram)'
2024-11-29 13:01:45.474 +01:00 [INF] Route matched with {action = "Friends", controller = "Post"}. Executing controller action with signature System.Threading.Tasks.Task`1[Microsoft.AspNetCore.Mvc.IActionResult] Friends() on controller photogram.Controllers.PostController (photogram).
2024-11-29 13:01:45.496 +01:00 [INF] Executing ViewResult, running view Friends.
2024-11-29 13:01:45.501 +01:00 [INF] Executed ViewResult - view Friends executed in 4.0739ms.
2024-11-29 13:01:45.528 +01:00 [INF] Executed action photogram.Controllers.PostController.Friends (photogram) in 53.2026ms
2024-11-29 13:01:45.528 +01:00 [INF] Executed endpoint 'photogram.Controllers.PostController.Friends (photogram)'
2024-11-29 13:01:45.530 +01:00 [INF] Request finished HTTP/2 GET https://localhost:7162/Post/Friends - 200 null text/html; charset=utf-8 56.1417ms
2024-11-29 13:01:47.321 +01:00 [INF] Request starting HTTP/2 GET https://localhost:7162/Home/Feed - null null
2024-11-29 13:01:47.322 +01:00 [INF] Executing endpoint 'photogram.Controllers.HomeController.Feed (photogram)'
2024-11-29 13:01:47.322 +01:00 [INF] Route matched with {action = "Feed", controller = "Home"}. Executing controller action with signature Microsoft.AspNetCore.Mvc.IActionResult Feed() on controller photogram.Controllers.HomeController (photogram).
2024-11-29 13:01:47.323 +01:00 [INF] Executing RedirectResult, redirecting to /Post/Feed.
2024-11-29 13:01:47.323 +01:00 [INF] Executed action photogram.Controllers.HomeController.Feed (photogram) in 1.0936ms
2024-11-29 13:01:47.323 +01:00 [INF] Executed endpoint 'photogram.Controllers.HomeController.Feed (photogram)'
2024-11-29 13:01:47.324 +01:00 [INF] Request finished HTTP/2 GET https://localhost:7162/Home/Feed - 302 0 null 2.3062ms
2024-11-29 13:01:47.335 +01:00 [INF] Request starting HTTP/2 GET https://localhost:7162/Post/Feed - null null
2024-11-29 13:01:47.336 +01:00 [INF] Executing endpoint 'photogram.Controllers.PostController.Feed (photogram)'
2024-11-29 13:01:47.336 +01:00 [INF] Route matched with {action = "Feed", controller = "Post"}. Executing controller action with signature System.Threading.Tasks.Task`1[Microsoft.AspNetCore.Mvc.IActionResult] Feed(System.Nullable`1[System.Int32], System.Nullable`1[System.Int32]) on controller photogram.Controllers.PostController (photogram).
2024-11-29 13:01:47.357 +01:00 [INF] Executing ViewResult, running view Feed.
2024-11-29 13:01:47.453 +01:00 [INF] Executed ViewResult - view Feed executed in 96.7179ms.
2024-11-29 13:01:47.455 +01:00 [INF] Executed action photogram.Controllers.PostController.Feed (photogram) in 118.6441ms
2024-11-29 13:01:47.457 +01:00 [INF] Executed endpoint 'photogram.Controllers.PostController.Feed (photogram)'
2024-11-29 13:01:47.457 +01:00 [INF] Request finished HTTP/2 GET https://localhost:7162/Post/Feed - 200 null text/html; charset=utf-8 122.8461ms
2024-11-29 13:01:57.956 +01:00 [INF] Request starting HTTP/2 GET https://localhost:7162/Home/Friends - null null
2024-11-29 13:01:57.958 +01:00 [INF] Executing endpoint 'photogram.Controllers.HomeController.Friends (photogram)'
2024-11-29 13:01:57.958 +01:00 [INF] Route matched with {action = "Friends", controller = "Home"}. Executing controller action with signature Microsoft.AspNetCore.Mvc.IActionResult Friends() on controller photogram.Controllers.HomeController (photogram).
2024-11-29 13:01:57.958 +01:00 [INF] Executing RedirectResult, redirecting to /Post/Friends.
2024-11-29 13:01:57.958 +01:00 [INF] Executed action photogram.Controllers.HomeController.Friends (photogram) in 0.3336ms
2024-11-29 13:01:57.958 +01:00 [INF] Executed endpoint 'photogram.Controllers.HomeController.Friends (photogram)'
2024-11-29 13:01:57.958 +01:00 [INF] Request finished HTTP/2 GET https://localhost:7162/Home/Friends - 302 0 null 2.0574ms
2024-11-29 13:01:57.968 +01:00 [INF] Request starting HTTP/2 GET https://localhost:7162/Post/Friends - null null
2024-11-29 13:01:57.992 +01:00 [INF] Executing endpoint 'photogram.Controllers.PostController.Friends (photogram)'
2024-11-29 13:01:57.992 +01:00 [INF] Route matched with {action = "Friends", controller = "Post"}. Executing controller action with signature System.Threading.Tasks.Task`1[Microsoft.AspNetCore.Mvc.IActionResult] Friends() on controller photogram.Controllers.PostController (photogram).
2024-11-29 13:01:58.024 +01:00 [INF] Executing ViewResult, running view Friends.
2024-11-29 13:01:58.030 +01:00 [INF] Executed ViewResult - view Friends executed in 5.8757ms.
2024-11-29 13:01:58.106 +01:00 [INF] Executed action photogram.Controllers.PostController.Friends (photogram) in 71.5551ms
2024-11-29 13:01:58.116 +01:00 [INF] Executed endpoint 'photogram.Controllers.PostController.Friends (photogram)'
2024-11-29 13:01:58.120 +01:00 [INF] Request finished HTTP/2 GET https://localhost:7162/Post/Friends - 200 null text/html; charset=utf-8 151.7958ms
2024-11-29 13:05:36.225 +01:00 [INF] Request starting HTTP/2 GET https://localhost:7162/Post/CreatePost - null null
2024-11-29 13:05:36.244 +01:00 [INF] Executing endpoint 'photogram.Controllers.PostController.CreatePost (photogram)'
2024-11-29 13:05:36.244 +01:00 [INF] Route matched with {action = "CreatePost", controller = "Post"}. Executing controller action with signature Microsoft.AspNetCore.Mvc.IActionResult CreatePost() on controller photogram.Controllers.PostController (photogram).
2024-11-29 13:05:36.246 +01:00 [INF] Executing ViewResult, running view CreatePost.
2024-11-29 13:05:36.465 +01:00 [INF] Executed ViewResult - view CreatePost executed in 220.038ms.
2024-11-29 13:05:36.502 +01:00 [INF] Executed action photogram.Controllers.PostController.CreatePost (photogram) in 258.3681ms
2024-11-29 13:05:36.534 +01:00 [INF] Executed endpoint 'photogram.Controllers.PostController.CreatePost (photogram)'
2024-11-29 13:05:36.559 +01:00 [INF] Request finished HTTP/2 GET https://localhost:7162/Post/CreatePost - 200 null text/html; charset=utf-8 333.1067ms
2024-11-29 13:07:54.807 +01:00 [ERR] Unexpected exception in TimingPipeFlusher.FlushAsync.
System.IO.IOException: The encryption operation failed, see inner exception.
 ---> System.ComponentModel.Win32Exception (14): Bad address
   --- End of inner exception stack trace ---
   at System.Net.Security.SslStream.WriteSingleChunk[TIOAdapter](ReadOnlyMemory`1 buffer, CancellationToken cancellationToken)
   at System.Net.Security.SslStream.WriteAsyncInternal[TIOAdapter](ReadOnlyMemory`1 buffer, CancellationToken cancellationToken)
   at System.Runtime.CompilerServices.AsyncMethodBuilderCore.Start[TStateMachine](TStateMachine& stateMachine)
   at System.Net.Security.SslStream.WriteAsync(ReadOnlyMemory`1 buffer, CancellationToken cancellationToken)
   at System.IO.Pipelines.StreamPipeWriter.FlushAsyncInternal(Boolean writeToStream, ReadOnlyMemory`1 data, CancellationToken cancellationToken)
   at System.Runtime.CompilerServices.AsyncMethodBuilderCore.Start[TStateMachine](TStateMachine& stateMachine)
   at System.IO.Pipelines.StreamPipeWriter.FlushAsyncInternal(Boolean writeToStream, ReadOnlyMemory`1 data, CancellationToken cancellationToken)
   at System.IO.Pipelines.StreamPipeWriter.FlushAsync(CancellationToken cancellationToken)
   at Microsoft.AspNetCore.Server.Kestrel.Core.Internal.Infrastructure.PipeWriterHelpers.ConcurrentPipeWriter.FlushAsync(CancellationToken cancellationToken)
   at Microsoft.AspNetCore.Server.Kestrel.Core.Internal.Infrastructure.PipeWriterHelpers.TimingPipeFlusher.FlushAsync(MinDataRate minRate, Int64 count, IHttpOutputAborter outputAborter, CancellationToken cancellationToken)
   at Microsoft.AspNetCore.Server.Kestrel.Core.Internal.Http2.Http2FrameWriter.WriteGoAwayAsync(Int32 lastStreamId, Http2ErrorCode errorCode)
   at Microsoft.AspNetCore.Server.Kestrel.Core.Internal.Http2.Http2Connection.UpdateConnectionState()
   at Microsoft.AspNetCore.Server.Kestrel.Core.Internal.Http2.Http2Connection.ProcessRequestsAsync[TContext](IHttpApplication`1 application)
   at System.Threading.ExecutionContext.RunFromThreadPoolDispatchLoop(Thread threadPoolThread, ExecutionContext executionContext, ContextCallback callback, Object state)
   at System.Runtime.CompilerServices.AsyncTaskMethodBuilder`1.AsyncStateMachineBox`1.MoveNext(Thread threadPoolThread)
   at System.Threading.ThreadPoolWorkQueue.Dispatch()
   at System.Threading.PortableThreadPool.WorkerThread.WorkerThreadStart()
   at System.Threading.Thread.StartCallback()
--- End of stack trace from previous location ---
   at System.Net.Security.SslStream.WriteAsyncInternal[TIOAdapter](ReadOnlyMemory`1 buffer, CancellationToken cancellationToken)
   at System.IO.Pipelines.StreamPipeWriter.FlushAsyncInternal(Boolean writeToStream, ReadOnlyMemory`1 data, CancellationToken cancellationToken)
   at System.Runtime.CompilerServices.PoolingAsyncValueTaskMethodBuilder`1.StateMachineBox`1.System.Threading.Tasks.Sources.IValueTaskSource<TResult>.GetResult(Int16 token)
   at Microsoft.AspNetCore.Server.Kestrel.Core.Internal.Infrastructure.PipeWriterHelpers.ConcurrentPipeWriter.FlushAsyncAwaited(ValueTask`1 flushTask, CancellationToken cancellationToken)
   at Microsoft.AspNetCore.Server.Kestrel.Core.Internal.Infrastructure.PipeWriterHelpers.TimingPipeFlusher.TimeFlushAsyncAwaited(ValueTask`1 pipeFlushTask, MinDataRate minRate, IHttpOutputAborter outputAborter, CancellationToken cancellationToken)
2024-11-29 13:07:55.275 +01:00 [ERR] Unhandled exception while processing 0HN8GDM0T1943.
System.IO.IOException: The encryption operation failed, see inner exception.
 ---> System.ComponentModel.Win32Exception (14): Bad address
   --- End of inner exception stack trace ---
   at System.Net.Security.SslStream.WriteSingleChunk[TIOAdapter](ReadOnlyMemory`1 buffer, CancellationToken cancellationToken)
   at System.Net.Security.SslStream.WriteAsyncInternal[TIOAdapter](ReadOnlyMemory`1 buffer, CancellationToken cancellationToken)
   at System.Runtime.CompilerServices.AsyncMethodBuilderCore.Start[TStateMachine](TStateMachine& stateMachine)
   at System.Net.Security.SslStream.WriteAsync(ReadOnlyMemory`1 buffer, CancellationToken cancellationToken)
   at System.IO.Pipelines.StreamPipeWriter.FlushAsyncInternal(Boolean writeToStream, ReadOnlyMemory`1 data, CancellationToken cancellationToken)
   at System.Runtime.CompilerServices.AsyncMethodBuilderCore.Start[TStateMachine](TStateMachine& stateMachine)
   at System.IO.Pipelines.StreamPipeWriter.FlushAsyncInternal(Boolean writeToStream, ReadOnlyMemory`1 data, CancellationToken cancellationToken)
   at System.IO.Pipelines.StreamPipeWriter.CompleteAsync(Exception exception)
   at System.Runtime.CompilerServices.AsyncMethodBuilderCore.Start[TStateMachine](TStateMachine& stateMachine)
   at System.IO.Pipelines.StreamPipeWriter.CompleteAsync(Exception exception)
   at Microsoft.AspNetCore.Server.Kestrel.Core.Internal.DuplexPipeStreamAdapter`1.DisposeAsync()
   at System.Runtime.CompilerServices.AsyncMethodBuilderCore.Start[TStateMachine](TStateMachine& stateMachine)
   at Microsoft.AspNetCore.Server.Kestrel.Core.Internal.DuplexPipeStreamAdapter`1.DisposeAsync()
   at Microsoft.AspNetCore.Server.Kestrel.Https.Internal.HttpsConnectionMiddleware.OnConnectionAsync(ConnectionContext context)
   at System.Runtime.CompilerServices.AsyncTaskMethodBuilder`1.AsyncStateMachineBox`1.ExecutionContextCallback(Object s)
   at System.Threading.ExecutionContext.RunInternal(ExecutionContext executionContext, ContextCallback callback, Object state)
   at System.Runtime.CompilerServices.AsyncTaskMethodBuilder`1.AsyncStateMachineBox`1.MoveNext(Thread threadPoolThread)
   at System.Runtime.CompilerServices.AsyncTaskMethodBuilder`1.AsyncStateMachineBox`1.MoveNext()
   at System.Threading.Tasks.AwaitTaskContinuation.RunOrScheduleAction(IAsyncStateMachineBox box, Boolean allowInlining)
   at System.Threading.Tasks.Task.RunContinuations(Object continuationObject)
   at System.Runtime.CompilerServices.AsyncTaskMethodBuilder.SetResult()
   at Microsoft.AspNetCore.Server.Kestrel.Core.Internal.HttpConnection.ProcessRequestsAsync[TContext](IHttpApplication`1 httpApplication)
   at System.Runtime.CompilerServices.AsyncTaskMethodBuilder`1.AsyncStateMachineBox`1.ExecutionContextCallback(Object s)
   at System.Threading.ExecutionContext.RunInternal(ExecutionContext executionContext, ContextCallback callback, Object state)
   at System.Runtime.CompilerServices.AsyncTaskMethodBuilder`1.AsyncStateMachineBox`1.MoveNext(Thread threadPoolThread)
   at System.Runtime.CompilerServices.AsyncTaskMethodBuilder`1.AsyncStateMachineBox`1.MoveNext()
   at System.Threading.Tasks.AwaitTaskContinuation.RunOrScheduleAction(IAsyncStateMachineBox box, Boolean allowInlining)
   at System.Threading.Tasks.Task.RunContinuations(Object continuationObject)
   at System.Runtime.CompilerServices.AsyncTaskMethodBuilder.SetResult()
   at Microsoft.AspNetCore.Server.Kestrel.Core.Internal.Http2.Http2Connection.ProcessRequestsAsync[TContext](IHttpApplication`1 application)
   at System.Threading.ExecutionContext.RunFromThreadPoolDispatchLoop(Thread threadPoolThread, ExecutionContext executionContext, ContextCallback callback, Object state)
   at System.Runtime.CompilerServices.AsyncTaskMethodBuilder`1.AsyncStateMachineBox`1.MoveNext(Thread threadPoolThread)
   at System.Threading.ThreadPoolWorkQueue.Dispatch()
   at System.Threading.PortableThreadPool.WorkerThread.WorkerThreadStart()
   at System.Threading.Thread.StartCallback()
--- End of stack trace from previous location ---
   at System.Net.Security.SslStream.WriteAsyncInternal[TIOAdapter](ReadOnlyMemory`1 buffer, CancellationToken cancellationToken)
   at System.IO.Pipelines.StreamPipeWriter.FlushAsyncInternal(Boolean writeToStream, ReadOnlyMemory`1 data, CancellationToken cancellationToken)
   at System.Runtime.CompilerServices.PoolingAsyncValueTaskMethodBuilder`1.StateMachineBox`1.System.Threading.Tasks.Sources.IValueTaskSource<TResult>.GetResult(Int16 token)
   at System.IO.Pipelines.StreamPipeWriter.CompleteAsync(Exception exception)
   at System.IO.Pipelines.StreamPipeWriter.CompleteAsync(Exception exception)
   at Microsoft.AspNetCore.Server.Kestrel.Core.Internal.DuplexPipeStreamAdapter`1.DisposeAsync()
   at Microsoft.AspNetCore.Server.Kestrel.Https.Internal.HttpsConnectionMiddleware.OnConnectionAsync(ConnectionContext context)
   at Microsoft.AspNetCore.Server.Kestrel.Https.Internal.HttpsConnectionMiddleware.OnConnectionAsync(ConnectionContext context)
   at Microsoft.AspNetCore.Server.Kestrel.Core.Internal.Infrastructure.KestrelConnection`1.ExecuteAsync()
