2024-11-28 19:29:01.145 +01:00 [INF] User profile is available. Using '/Users/kadijayasminbulale/.aspnet/DataProtection-Keys' as key repository; keys will not be encrypted at rest.
2024-11-28 19:29:01.467 +01:00 [INF] Now listening on: https://localhost:7162
2024-11-28 19:29:01.467 +01:00 [INF] Now listening on: http://localhost:5000
2024-11-28 19:29:01.471 +01:00 [INF] Application started. Press Ctrl+C to shut down.
2024-11-28 19:29:01.472 +01:00 [INF] Hosting environment: Development
2024-11-28 19:29:01.473 +01:00 [INF] Content root path: /Users/kadijayasminbulale/Downloads/photogram 2
2024-11-28 19:29:03.787 +01:00 [INF] Request starting HTTP/2 GET https://localhost:7162/ - null null
2024-11-28 19:29:03.808 +01:00 [INF] Executing endpoint 'photogram.Controllers.HomeController.Index (photogram)'
2024-11-28 19:29:03.820 +01:00 [INF] Route matched with {action = "Index", controller = "Home"}. Executing controller action with signature Microsoft.AspNetCore.Mvc.IActionResult Index() on controller photogram.Controllers.HomeController (photogram).
2024-11-28 19:29:03.827 +01:00 [INF] Executing ViewResult, running view Index.
2024-11-28 19:29:03.853 +01:00 [INF] Accessing expired session, Key:a4f56e15-ea08-68c8-7a7a-ea649e256234
2024-11-28 19:29:03.857 +01:00 [INF] Executed ViewResult - view Index executed in 32.0483ms.
2024-11-28 19:29:03.858 +01:00 [INF] Executed action photogram.Controllers.HomeController.Index (photogram) in 37.7658ms
2024-11-28 19:29:03.858 +01:00 [INF] Executed endpoint 'photogram.Controllers.HomeController.Index (photogram)'
2024-11-28 19:29:03.861 +01:00 [INF] Request finished HTTP/2 GET https://localhost:7162/ - 200 null text/html; charset=utf-8 75.4135ms
2024-11-28 19:29:07.601 +01:00 [INF] Request starting HTTP/2 GET https://localhost:7162/User/Login - null null
2024-11-28 19:29:07.607 +01:00 [INF] Executing endpoint 'photogram.Controllers.UserController.Login (photogram)'
2024-11-28 19:29:07.610 +01:00 [INF] Route matched with {action = "Login", controller = "User"}. Executing controller action with signature Microsoft.AspNetCore.Mvc.IActionResult Login() on controller photogram.Controllers.UserController (photogram).
2024-11-28 19:29:07.667 +01:00 [INF] Executing ViewResult, running view Login.
2024-11-28 19:29:07.692 +01:00 [INF] Accessing expired session, Key:a4f56e15-ea08-68c8-7a7a-ea649e256234
2024-11-28 19:29:07.695 +01:00 [INF] Executed ViewResult - view Login executed in 29.3909ms.
2024-11-28 19:29:07.695 +01:00 [INF] Executed action photogram.Controllers.UserController.Login (photogram) in 85.0699ms
2024-11-28 19:29:07.695 +01:00 [INF] Executed endpoint 'photogram.Controllers.UserController.Login (photogram)'
2024-11-28 19:29:07.702 +01:00 [INF] Request finished HTTP/2 GET https://localhost:7162/User/Login - 200 null text/html; charset=utf-8 100.6616ms
2024-11-28 19:29:18.414 +01:00 [INF] Request starting HTTP/2 POST https://localhost:7162/User/Login - application/x-www-form-urlencoded 225
2024-11-28 19:29:18.426 +01:00 [INF] Executing endpoint 'photogram.Controllers.UserController.Login (photogram)'
2024-11-28 19:29:18.457 +01:00 [INF] Route matched with {action = "Login", controller = "User"}. Executing controller action with signature Microsoft.AspNetCore.Mvc.IActionResult Login(photogram.ViewModels.LoginViewModel) on controller photogram.Controllers.UserController (photogram).
2024-11-28 19:29:18.541 +01:00 [INF] Attempting to login
2024-11-28 19:29:18.700 +01:00 [INF] Executing ViewResult, running view Login.
2024-11-28 19:29:18.702 +01:00 [INF] Accessing expired session, Key:a4f56e15-ea08-68c8-7a7a-ea649e256234
2024-11-28 19:29:18.703 +01:00 [INF] Executed ViewResult - view Login executed in 2.5529ms.
2024-11-28 19:29:18.703 +01:00 [INF] Executed action photogram.Controllers.UserController.Login (photogram) in 244.9498ms
2024-11-28 19:29:18.703 +01:00 [INF] Executed endpoint 'photogram.Controllers.UserController.Login (photogram)'
2024-11-28 19:29:18.703 +01:00 [INF] Request finished HTTP/2 POST https://localhost:7162/User/Login - 200 null text/html; charset=utf-8 289.3902ms
2024-11-28 19:29:23.633 +01:00 [INF] Request starting HTTP/2 POST https://localhost:7162/User/Login - application/x-www-form-urlencoded 225
2024-11-28 19:29:23.635 +01:00 [INF] Executing endpoint 'photogram.Controllers.UserController.Login (photogram)'
2024-11-28 19:29:23.636 +01:00 [INF] Route matched with {action = "Login", controller = "User"}. Executing controller action with signature Microsoft.AspNetCore.Mvc.IActionResult Login(photogram.ViewModels.LoginViewModel) on controller photogram.Controllers.UserController (photogram).
2024-11-28 19:29:23.646 +01:00 [INF] Attempting to login
2024-11-28 19:29:23.651 +01:00 [INF] Executing ViewResult, running view Login.
2024-11-28 19:29:23.652 +01:00 [INF] Accessing expired session, Key:a4f56e15-ea08-68c8-7a7a-ea649e256234
2024-11-28 19:29:23.652 +01:00 [INF] Executed ViewResult - view Login executed in 1.3862ms.
2024-11-28 19:29:23.652 +01:00 [INF] Executed action photogram.Controllers.UserController.Login (photogram) in 16.4563ms
2024-11-28 19:29:23.652 +01:00 [INF] Executed endpoint 'photogram.Controllers.UserController.Login (photogram)'
2024-11-28 19:29:23.652 +01:00 [INF] Request finished HTTP/2 POST https://localhost:7162/User/Login - 200 null text/html; charset=utf-8 19.0844ms
2024-11-28 19:29:29.994 +01:00 [INF] Request starting HTTP/2 POST https://localhost:7162/User/Login - application/x-www-form-urlencoded 226
2024-11-28 19:29:29.996 +01:00 [INF] Executing endpoint 'photogram.Controllers.UserController.Login (photogram)'
2024-11-28 19:29:29.996 +01:00 [INF] Route matched with {action = "Login", controller = "User"}. Executing controller action with signature Microsoft.AspNetCore.Mvc.IActionResult Login(photogram.ViewModels.LoginViewModel) on controller photogram.Controllers.UserController (photogram).
2024-11-28 19:29:30.002 +01:00 [INF] Attempting to login
2024-11-28 19:29:30.046 +01:00 [INF] Accessing expired session, Key:a4f56e15-ea08-68c8-7a7a-ea649e256234
2024-11-28 19:29:30.047 +01:00 [INF] Executing RedirectResult, redirecting to /.
2024-11-28 19:29:30.047 +01:00 [INF] Executed action photogram.Controllers.UserController.Login (photogram) in 50.7514ms
2024-11-28 19:29:30.047 +01:00 [INF] Executed endpoint 'photogram.Controllers.UserController.Login (photogram)'
2024-11-28 19:29:30.049 +01:00 [INF] Session started; Key:a4f56e15-ea08-68c8-7a7a-ea649e256234, Id:b0e47801-057a-169f-69f7-efda445efb95
2024-11-28 19:29:30.054 +01:00 [INF] Request finished HTTP/2 POST https://localhost:7162/User/Login - 302 0 null 59.6039ms
2024-11-28 19:29:30.282 +01:00 [INF] Request starting HTTP/2 GET https://localhost:7162/ - null null
2024-11-28 19:29:30.282 +01:00 [INF] Executing endpoint 'photogram.Controllers.HomeController.Index (photogram)'
2024-11-28 19:29:30.282 +01:00 [INF] Route matched with {action = "Index", controller = "Home"}. Executing controller action with signature Microsoft.AspNetCore.Mvc.IActionResult Index() on controller photogram.Controllers.HomeController (photogram).
2024-11-28 19:29:30.283 +01:00 [INF] Executing ViewResult, running view Index.
2024-11-28 19:29:30.293 +01:00 [INF] Executed ViewResult - view Index executed in 10.3016ms.
2024-11-28 19:29:30.295 +01:00 [INF] Executed action photogram.Controllers.HomeController.Index (photogram) in 12.959ms
2024-11-28 19:29:30.296 +01:00 [INF] Executed endpoint 'photogram.Controllers.HomeController.Index (photogram)'
2024-11-28 19:29:30.299 +01:00 [INF] Request finished HTTP/2 GET https://localhost:7162/ - 200 null text/html; charset=utf-8 17.5709ms
2024-11-28 19:29:32.197 +01:00 [INF] Request starting HTTP/2 GET https://localhost:7162/Home/Friends - null null
2024-11-28 19:29:32.222 +01:00 [INF] Executing endpoint 'photogram.Controllers.HomeController.Friends (photogram)'
2024-11-28 19:29:32.224 +01:00 [INF] Route matched with {action = "Friends", controller = "Home"}. Executing controller action with signature Microsoft.AspNetCore.Mvc.IActionResult Friends() on controller photogram.Controllers.HomeController (photogram).
2024-11-28 19:29:32.226 +01:00 [INF] Executing RedirectResult, redirecting to /Post/Friends.
2024-11-28 19:29:32.226 +01:00 [INF] Executed action photogram.Controllers.HomeController.Friends (photogram) in 1.7852ms
2024-11-28 19:29:32.226 +01:00 [INF] Executed endpoint 'photogram.Controllers.HomeController.Friends (photogram)'
2024-11-28 19:29:32.226 +01:00 [INF] Request finished HTTP/2 GET https://localhost:7162/Home/Friends - 302 0 null 30.5272ms
2024-11-28 19:29:32.234 +01:00 [INF] Request starting HTTP/2 GET https://localhost:7162/Post/Friends - null null
2024-11-28 19:29:32.260 +01:00 [INF] Executing endpoint 'photogram.Controllers.PostController.Friends (photogram)'
2024-11-28 19:29:32.266 +01:00 [INF] Route matched with {action = "Friends", controller = "Post"}. Executing controller action with signature System.Threading.Tasks.Task`1[Microsoft.AspNetCore.Mvc.IActionResult] Friends() on controller photogram.Controllers.PostController (photogram).
2024-11-28 19:29:32.327 +01:00 [INF] Executing ViewResult, running view Friends.
2024-11-28 19:29:32.435 +01:00 [INF] Executed ViewResult - view Friends executed in 56.494ms.
2024-11-28 19:29:32.436 +01:00 [INF] Executed action photogram.Controllers.PostController.Friends (photogram) in 169.6154ms
2024-11-28 19:29:32.436 +01:00 [INF] Executed endpoint 'photogram.Controllers.PostController.Friends (photogram)'
2024-11-28 19:29:32.438 +01:00 [INF] Request finished HTTP/2 GET https://localhost:7162/Post/Friends - 200 null text/html; charset=utf-8 204.0863ms
2024-11-28 19:29:33.156 +01:00 [INF] Request starting HTTP/2 GET https://localhost:7162/Home/Feed - null null
2024-11-28 19:29:33.159 +01:00 [INF] Executing endpoint 'photogram.Controllers.HomeController.Feed (photogram)'
2024-11-28 19:29:33.160 +01:00 [INF] Route matched with {action = "Feed", controller = "Home"}. Executing controller action with signature Microsoft.AspNetCore.Mvc.IActionResult Feed() on controller photogram.Controllers.HomeController (photogram).
2024-11-28 19:29:33.161 +01:00 [INF] Executing RedirectResult, redirecting to /Post/Feed.
2024-11-28 19:29:33.161 +01:00 [INF] Executed action photogram.Controllers.HomeController.Feed (photogram) in 0.8474ms
2024-11-28 19:29:33.161 +01:00 [INF] Executed endpoint 'photogram.Controllers.HomeController.Feed (photogram)'
2024-11-28 19:29:33.162 +01:00 [INF] Request finished HTTP/2 GET https://localhost:7162/Home/Feed - 302 0 null 5.309ms
2024-11-28 19:29:33.195 +01:00 [INF] Request starting HTTP/2 GET https://localhost:7162/Post/Feed - null null
2024-11-28 19:29:33.198 +01:00 [INF] Executing endpoint 'photogram.Controllers.PostController.Feed (photogram)'
2024-11-28 19:29:33.204 +01:00 [INF] Route matched with {action = "Feed", controller = "Post"}. Executing controller action with signature System.Threading.Tasks.Task`1[Microsoft.AspNetCore.Mvc.IActionResult] Feed(System.Nullable`1[System.Int32], System.Nullable`1[System.Int32]) on controller photogram.Controllers.PostController (photogram).
2024-11-28 19:29:33.243 +01:00 [INF] Executing ViewResult, running view Feed.
2024-11-28 19:29:33.294 +01:00 [INF] Executed ViewResult - view Feed executed in 51.5348ms.
2024-11-28 19:29:33.294 +01:00 [INF] Executed action photogram.Controllers.PostController.Feed (photogram) in 90.2252ms
2024-11-28 19:29:33.294 +01:00 [INF] Executed endpoint 'photogram.Controllers.PostController.Feed (photogram)'
2024-11-28 19:29:33.295 +01:00 [INF] Request finished HTTP/2 GET https://localhost:7162/Post/Feed - 200 null text/html; charset=utf-8 100.1744ms
2024-11-28 19:29:33.762 +01:00 [INF] Request starting HTTP/2 GET https://localhost:7162/Post/CreatePost - null null
2024-11-28 19:29:33.763 +01:00 [INF] Executing endpoint 'photogram.Controllers.PostController.CreatePost (photogram)'
2024-11-28 19:29:33.764 +01:00 [INF] Route matched with {action = "CreatePost", controller = "Post"}. Executing controller action with signature Microsoft.AspNetCore.Mvc.IActionResult CreatePost() on controller photogram.Controllers.PostController (photogram).
2024-11-28 19:29:33.765 +01:00 [INF] Executing ViewResult, running view CreatePost.
2024-11-28 19:29:33.794 +01:00 [INF] Executed ViewResult - view CreatePost executed in 29.5272ms.
2024-11-28 19:29:33.863 +01:00 [INF] Executed action photogram.Controllers.PostController.CreatePost (photogram) in 75.1687ms
2024-11-28 19:29:33.863 +01:00 [INF] Executed endpoint 'photogram.Controllers.PostController.CreatePost (photogram)'
2024-11-28 19:29:33.863 +01:00 [INF] Request finished HTTP/2 GET https://localhost:7162/Post/CreatePost - 200 null text/html; charset=utf-8 101.7579ms
2024-11-28 19:29:34.749 +01:00 [INF] Request starting HTTP/2 GET https://localhost:7162/Post/MyPosts - null null
2024-11-28 19:29:34.750 +01:00 [INF] Executing endpoint 'photogram.Controllers.PostController.MyPosts (photogram)'
2024-11-28 19:29:34.754 +01:00 [INF] Route matched with {action = "MyPosts", controller = "Post"}. Executing controller action with signature System.Threading.Tasks.Task`1[Microsoft.AspNetCore.Mvc.IActionResult] MyPosts(System.Nullable`1[System.Int32]) on controller photogram.Controllers.PostController (photogram).
2024-11-28 19:29:34.797 +01:00 [INF] Executing ViewResult, running view MyPosts.
2024-11-28 19:29:34.863 +01:00 [INF] Executed ViewResult - view MyPosts executed in 66.5903ms.
2024-11-28 19:29:34.864 +01:00 [INF] Executed action photogram.Controllers.PostController.MyPosts (photogram) in 109.7436ms
2024-11-28 19:29:34.864 +01:00 [INF] Executed endpoint 'photogram.Controllers.PostController.MyPosts (photogram)'
2024-11-28 19:29:34.864 +01:00 [INF] Request finished HTTP/2 GET https://localhost:7162/Post/MyPosts - 200 null text/html; charset=utf-8 114.9965ms
2024-11-28 20:35:55.942 +01:00 [INF] Request starting HTTP/2 GET https://localhost:7162/Home/Feed - null null
2024-11-28 20:35:55.954 +01:00 [INF] Executing endpoint 'photogram.Controllers.HomeController.Feed (photogram)'
2024-11-28 20:35:55.956 +01:00 [INF] Route matched with {action = "Feed", controller = "Home"}. Executing controller action with signature Microsoft.AspNetCore.Mvc.IActionResult Feed() on controller photogram.Controllers.HomeController (photogram).
2024-11-28 20:35:55.964 +01:00 [INF] Executing RedirectResult, redirecting to /Post/Feed.
2024-11-28 20:35:55.964 +01:00 [INF] Executed action photogram.Controllers.HomeController.Feed (photogram) in 7.9394ms
2024-11-28 20:35:55.964 +01:00 [INF] Executed endpoint 'photogram.Controllers.HomeController.Feed (photogram)'
2024-11-28 20:35:55.967 +01:00 [INF] Request finished HTTP/2 GET https://localhost:7162/Home/Feed - 302 0 null 50.8612ms
2024-11-28 20:35:55.977 +01:00 [INF] Request starting HTTP/2 GET https://localhost:7162/Post/Feed - null null
2024-11-28 20:35:55.978 +01:00 [INF] Executing endpoint 'photogram.Controllers.PostController.Feed (photogram)'
2024-11-28 20:35:55.978 +01:00 [INF] Route matched with {action = "Feed", controller = "Post"}. Executing controller action with signature System.Threading.Tasks.Task`1[Microsoft.AspNetCore.Mvc.IActionResult] Feed(System.Nullable`1[System.Int32], System.Nullable`1[System.Int32]) on controller photogram.Controllers.PostController (photogram).
2024-11-28 20:35:56.034 +01:00 [INF] Executing ViewResult, running view Feed.
2024-11-28 20:35:56.051 +01:00 [INF] Accessing expired session, Key:a4f56e15-ea08-68c8-7a7a-ea649e256234
2024-11-28 20:35:56.102 +01:00 [INF] Executed ViewResult - view Feed executed in 82.4516ms.
2024-11-28 20:35:56.202 +01:00 [INF] Executed action photogram.Controllers.PostController.Feed (photogram) in 223.7428ms
2024-11-28 20:35:56.202 +01:00 [INF] Executed endpoint 'photogram.Controllers.PostController.Feed (photogram)'
2024-11-28 20:35:56.203 +01:00 [INF] Request finished HTTP/2 GET https://localhost:7162/Post/Feed - 200 null text/html; charset=utf-8 225.9227ms
