2024-11-29 07:03:39.670 +01:00 [INF] User profile is available. Using '/Users/yasminali/.aspnet/DataProtection-Keys' as key repository; keys will not be encrypted at rest.
2024-11-29 07:03:40.743 +01:00 [INF] Now listening on: https://localhost:7162
2024-11-29 07:03:40.750 +01:00 [INF] Now listening on: http://localhost:5000
2024-11-29 07:03:40.872 +01:00 [INF] Application started. Press Ctrl+C to shut down.
2024-11-29 07:03:40.898 +01:00 [INF] Hosting environment: Development
2024-11-29 07:03:40.917 +01:00 [INF] Content root path: /Users/yasminali/Downloads/photogram 6
2024-11-29 07:03:41.540 +01:00 [INF] Request starting HTTP/2 GET https://localhost:7162/ - null null
2024-11-29 07:03:41.603 +01:00 [INF] Executing endpoint 'photogram.Controllers.HomeController.Index (photogram)'
2024-11-29 07:03:41.638 +01:00 [INF] Route matched with {action = "Index", controller = "Home"}. Executing controller action with signature Microsoft.AspNetCore.Mvc.IActionResult Index() on controller photogram.Controllers.HomeController (photogram).
2024-11-29 07:03:41.669 +01:00 [INF] Executing ViewResult, running view Index.
2024-11-29 07:03:41.771 +01:00 [INF] Accessing expired session, Key:b89e8c98-6b40-71d0-2685-55dde9c16b1c
2024-11-29 07:03:41.800 +01:00 [INF] Executed ViewResult - view Index executed in 131.4643ms.
2024-11-29 07:03:41.805 +01:00 [INF] Executed action photogram.Controllers.HomeController.Index (photogram) in 166.2457ms
2024-11-29 07:03:41.805 +01:00 [INF] Executed endpoint 'photogram.Controllers.HomeController.Index (photogram)'
2024-11-29 07:03:41.838 +01:00 [INF] Request finished HTTP/2 GET https://localhost:7162/ - 200 null text/html; charset=utf-8 301.4658ms
2024-11-29 07:03:45.971 +01:00 [INF] Request starting HTTP/2 GET https://localhost:7162/User/Login - null null
2024-11-29 07:03:45.978 +01:00 [INF] Executing endpoint 'photogram.Controllers.UserController.Login (photogram)'
2024-11-29 07:03:45.982 +01:00 [INF] Route matched with {action = "Login", controller = "User"}. Executing controller action with signature Microsoft.AspNetCore.Mvc.IActionResult Login() on controller photogram.Controllers.UserController (photogram).
2024-11-29 07:03:46.044 +01:00 [INF] Executing ViewResult, running view Login.
2024-11-29 07:03:46.106 +01:00 [INF] Accessing expired session, Key:b89e8c98-6b40-71d0-2685-55dde9c16b1c
2024-11-29 07:03:46.119 +01:00 [INF] Executed ViewResult - view Login executed in 77.5602ms.
2024-11-29 07:03:46.119 +01:00 [INF] Executed action photogram.Controllers.UserController.Login (photogram) in 136.7512ms
2024-11-29 07:03:46.120 +01:00 [INF] Executed endpoint 'photogram.Controllers.UserController.Login (photogram)'
2024-11-29 07:03:46.129 +01:00 [INF] Request finished HTTP/2 GET https://localhost:7162/User/Login - 200 null text/html; charset=utf-8 156.7333ms
2024-11-29 07:03:48.069 +01:00 [INF] Request starting HTTP/2 POST https://localhost:7162/User/Login - application/x-www-form-urlencoded 221
2024-11-29 07:03:48.075 +01:00 [INF] Executing endpoint 'photogram.Controllers.UserController.Login (photogram)'
2024-11-29 07:03:48.093 +01:00 [INF] Route matched with {action = "Login", controller = "User"}. Executing controller action with signature Microsoft.AspNetCore.Mvc.IActionResult Login(photogram.ViewModels.LoginViewModel) on controller photogram.Controllers.UserController (photogram).
2024-11-29 07:03:48.306 +01:00 [INF] Attempting to login
2024-11-29 07:03:48.826 +01:00 [INF] Accessing expired session, Key:b89e8c98-6b40-71d0-2685-55dde9c16b1c
2024-11-29 07:03:48.829 +01:00 [INF] Executing RedirectResult, redirecting to /.
2024-11-29 07:03:48.829 +01:00 [INF] Executed action photogram.Controllers.UserController.Login (photogram) in 735.9277ms
2024-11-29 07:03:48.829 +01:00 [INF] Executed endpoint 'photogram.Controllers.UserController.Login (photogram)'
2024-11-29 07:03:48.835 +01:00 [INF] Session started; Key:b89e8c98-6b40-71d0-2685-55dde9c16b1c, Id:302e9728-e72b-6b77-fcc1-89ae968d6fe5
2024-11-29 07:03:48.897 +01:00 [INF] Request starting HTTP/2 GET https://localhost:7162/ - null null
2024-11-29 07:03:48.898 +01:00 [INF] Executing endpoint 'photogram.Controllers.HomeController.Index (photogram)'
2024-11-29 07:03:48.899 +01:00 [INF] Route matched with {action = "Index", controller = "Home"}. Executing controller action with signature Microsoft.AspNetCore.Mvc.IActionResult Index() on controller photogram.Controllers.HomeController (photogram).
2024-11-29 07:03:48.903 +01:00 [INF] Executing ViewResult, running view Index.
2024-11-29 07:03:48.906 +01:00 [INF] Request finished HTTP/2 POST https://localhost:7162/User/Login - 302 0 null 836.458ms
2024-11-29 07:03:48.949 +01:00 [INF] Executed ViewResult - view Index executed in 45.7619ms.
2024-11-29 07:03:48.978 +01:00 [INF] Executed action photogram.Controllers.HomeController.Index (photogram) in 76.1935ms
2024-11-29 07:03:48.979 +01:00 [INF] Executed endpoint 'photogram.Controllers.HomeController.Index (photogram)'
2024-11-29 07:03:48.995 +01:00 [INF] Request finished HTTP/2 GET https://localhost:7162/ - 200 null text/html; charset=utf-8 97.0523ms
2024-11-29 07:03:52.096 +01:00 [INF] Request starting HTTP/2 GET https://localhost:7162/Home/Feed - null null
2024-11-29 07:03:52.102 +01:00 [INF] Executing endpoint 'photogram.Controllers.HomeController.Feed (photogram)'
2024-11-29 07:03:52.105 +01:00 [INF] Route matched with {action = "Feed", controller = "Home"}. Executing controller action with signature Microsoft.AspNetCore.Mvc.IActionResult Feed() on controller photogram.Controllers.HomeController (photogram).
2024-11-29 07:03:52.107 +01:00 [INF] Executing RedirectResult, redirecting to /Post/Feed.
2024-11-29 07:03:52.107 +01:00 [INF] Executed action photogram.Controllers.HomeController.Feed (photogram) in 2.1845ms
2024-11-29 07:03:52.107 +01:00 [INF] Executed endpoint 'photogram.Controllers.HomeController.Feed (photogram)'
2024-11-29 07:03:52.108 +01:00 [INF] Request finished HTTP/2 GET https://localhost:7162/Home/Feed - 302 0 null 11.9425ms
2024-11-29 07:03:52.119 +01:00 [INF] Request starting HTTP/2 GET https://localhost:7162/Post/Feed - null null
2024-11-29 07:03:52.119 +01:00 [INF] Executing endpoint 'photogram.Controllers.PostController.Feed (photogram)'
2024-11-29 07:03:52.128 +01:00 [INF] Route matched with {action = "Feed", controller = "Post"}. Executing controller action with signature System.Threading.Tasks.Task`1[Microsoft.AspNetCore.Mvc.IActionResult] Feed(System.Nullable`1[System.Int32], System.Nullable`1[System.Int32]) on controller photogram.Controllers.PostController (photogram).
2024-11-29 07:03:52.295 +01:00 [INF] Executing ViewResult, running view Feed.
2024-11-29 07:03:52.539 +01:00 [INF] Executed ViewResult - view Feed executed in 248.8798ms.
2024-11-29 07:03:52.541 +01:00 [INF] Executed action photogram.Controllers.PostController.Feed (photogram) in 412.0986ms
2024-11-29 07:03:52.542 +01:00 [INF] Executed endpoint 'photogram.Controllers.PostController.Feed (photogram)'
2024-11-29 07:03:52.547 +01:00 [INF] Request finished HTTP/2 GET https://localhost:7162/Post/Feed - 200 null text/html; charset=utf-8 429.3288ms
2024-11-29 07:03:57.044 +01:00 [INF] Request starting HTTP/2 GET https://localhost:7162/Post/CreatePost - null null
2024-11-29 07:03:57.048 +01:00 [INF] Executing endpoint 'photogram.Controllers.PostController.CreatePost (photogram)'
2024-11-29 07:03:57.050 +01:00 [INF] Route matched with {action = "CreatePost", controller = "Post"}. Executing controller action with signature Microsoft.AspNetCore.Mvc.IActionResult CreatePost() on controller photogram.Controllers.PostController (photogram).
2024-11-29 07:03:57.052 +01:00 [INF] Executing ViewResult, running view CreatePost.
2024-11-29 07:03:57.086 +01:00 [INF] Executed ViewResult - view CreatePost executed in 34.885ms.
2024-11-29 07:03:57.087 +01:00 [INF] Executed action photogram.Controllers.PostController.CreatePost (photogram) in 37.0525ms
2024-11-29 07:03:57.088 +01:00 [INF] Executed endpoint 'photogram.Controllers.PostController.CreatePost (photogram)'
2024-11-29 07:03:57.088 +01:00 [INF] Request finished HTTP/2 GET https://localhost:7162/Post/CreatePost - 200 null text/html; charset=utf-8 44.5762ms
2024-11-29 07:03:58.449 +01:00 [INF] Request starting HTTP/2 GET https://localhost:7162/Home/Friends - null null
2024-11-29 07:03:58.451 +01:00 [INF] Executing endpoint 'photogram.Controllers.HomeController.Friends (photogram)'
2024-11-29 07:03:58.453 +01:00 [INF] Route matched with {action = "Friends", controller = "Home"}. Executing controller action with signature Microsoft.AspNetCore.Mvc.IActionResult Friends() on controller photogram.Controllers.HomeController (photogram).
2024-11-29 07:03:58.454 +01:00 [INF] Executing RedirectResult, redirecting to /Post/Friends.
2024-11-29 07:03:58.454 +01:00 [INF] Executed action photogram.Controllers.HomeController.Friends (photogram) in 0.9821ms
2024-11-29 07:03:58.454 +01:00 [INF] Executed endpoint 'photogram.Controllers.HomeController.Friends (photogram)'
2024-11-29 07:03:58.454 +01:00 [INF] Request finished HTTP/2 GET https://localhost:7162/Home/Friends - 302 0 null 5.7178ms
2024-11-29 07:03:58.465 +01:00 [INF] Request starting HTTP/2 GET https://localhost:7162/Post/Friends - null null
2024-11-29 07:03:58.465 +01:00 [INF] Executing endpoint 'photogram.Controllers.PostController.Friends (photogram)'
2024-11-29 07:03:58.472 +01:00 [INF] Route matched with {action = "Friends", controller = "Post"}. Executing controller action with signature System.Threading.Tasks.Task`1[Microsoft.AspNetCore.Mvc.IActionResult] Friends() on controller photogram.Controllers.PostController (photogram).
2024-11-29 07:03:58.559 +01:00 [INF] Executing ViewResult, running view Friends.
2024-11-29 07:03:58.596 +01:00 [INF] Executed ViewResult - view Friends executed in 39.2576ms.
2024-11-29 07:03:58.628 +01:00 [INF] Executed action photogram.Controllers.PostController.Friends (photogram) in 126.1769ms
2024-11-29 07:03:58.629 +01:00 [INF] Executed endpoint 'photogram.Controllers.PostController.Friends (photogram)'
2024-11-29 07:03:58.645 +01:00 [INF] Request finished HTTP/2 GET https://localhost:7162/Post/Friends - 200 null text/html; charset=utf-8 180.6533ms
2024-11-29 07:03:59.931 +01:00 [INF] Request starting HTTP/2 GET https://localhost:7162/Post/MyPosts - null null
2024-11-29 07:03:59.932 +01:00 [INF] Executing endpoint 'photogram.Controllers.PostController.MyPosts (photogram)'
2024-11-29 07:03:59.939 +01:00 [INF] Route matched with {action = "MyPosts", controller = "Post"}. Executing controller action with signature System.Threading.Tasks.Task`1[Microsoft.AspNetCore.Mvc.IActionResult] MyPosts(System.Nullable`1[System.Int32]) on controller photogram.Controllers.PostController (photogram).
2024-11-29 07:04:00.271 +01:00 [INF] Executing ViewResult, running view MyPosts.
2024-11-29 07:04:00.556 +01:00 [INF] Executed ViewResult - view MyPosts executed in 285.244ms.
2024-11-29 07:04:00.565 +01:00 [INF] Executed action photogram.Controllers.PostController.MyPosts (photogram) in 624.067ms
2024-11-29 07:04:00.565 +01:00 [INF] Executed endpoint 'photogram.Controllers.PostController.MyPosts (photogram)'
2024-11-29 07:04:00.567 +01:00 [INF] Request finished HTTP/2 GET https://localhost:7162/Post/MyPosts - 200 null text/html; charset=utf-8 635.5735ms
2024-11-29 07:04:03.712 +01:00 [INF] Request starting HTTP/2 GET https://localhost:7162/Post/CreatePost - null null
2024-11-29 07:04:03.713 +01:00 [INF] Executing endpoint 'photogram.Controllers.PostController.CreatePost (photogram)'
2024-11-29 07:04:03.713 +01:00 [INF] Route matched with {action = "CreatePost", controller = "Post"}. Executing controller action with signature Microsoft.AspNetCore.Mvc.IActionResult CreatePost() on controller photogram.Controllers.PostController (photogram).
2024-11-29 07:04:03.713 +01:00 [INF] Executing ViewResult, running view CreatePost.
2024-11-29 07:04:03.721 +01:00 [INF] Executed ViewResult - view CreatePost executed in 7.6429ms.
2024-11-29 07:04:03.721 +01:00 [INF] Executed action photogram.Controllers.PostController.CreatePost (photogram) in 8.3452ms
2024-11-29 07:04:03.721 +01:00 [INF] Executed endpoint 'photogram.Controllers.PostController.CreatePost (photogram)'
2024-11-29 07:04:03.722 +01:00 [INF] Request finished HTTP/2 GET https://localhost:7162/Post/CreatePost - 200 null text/html; charset=utf-8 9.5938ms
2024-11-29 07:04:05.282 +01:00 [INF] Request starting HTTP/2 POST https://localhost:7162/Post/CreatePost - multipart/form-data; boundary=----WebKitFormBoundary4AA0Qg6dwSmnObFz 551
2024-11-29 07:04:05.299 +01:00 [INF] Executing endpoint 'photogram.Controllers.PostController.CreatePost (photogram)'
2024-11-29 07:04:05.305 +01:00 [INF] Route matched with {action = "CreatePost", controller = "Post"}. Executing controller action with signature System.Threading.Tasks.Task`1[Microsoft.AspNetCore.Mvc.IActionResult] CreatePost(photogram.Models.CreatePostModel) on controller photogram.Controllers.PostController (photogram).
2024-11-29 07:04:05.339 +01:00 [INF] Creating a new post in PostController
2024-11-29 07:04:05.346 +01:00 [WRN] Invalid model state while creating a post.
2024-11-29 07:04:05.346 +01:00 [INF] Executing ViewResult, running view CreatePost.
2024-11-29 07:04:05.377 +01:00 [INF] Executed ViewResult - view CreatePost executed in 30.4415ms.
2024-11-29 07:04:05.379 +01:00 [INF] Executed action photogram.Controllers.PostController.CreatePost (photogram) in 73.5616ms
2024-11-29 07:04:05.380 +01:00 [INF] Executed endpoint 'photogram.Controllers.PostController.CreatePost (photogram)'
2024-11-29 07:04:05.381 +01:00 [INF] Request finished HTTP/2 POST https://localhost:7162/Post/CreatePost - 200 null text/html; charset=utf-8 98.7903ms
