2024-11-30 13:52:53.232 +01:00 [INF] User profile is available. Using '/Users/yasminali/.aspnet/DataProtection-Keys' as key repository; keys will not be encrypted at rest.
2024-11-30 13:52:57.240 +01:00 [INF] Now listening on: https://localhost:7160
2024-11-30 13:52:57.254 +01:00 [INF] Now listening on: http://localhost:5001
2024-11-30 13:52:57.286 +01:00 [INF] Application started. Press Ctrl+C to shut down.
2024-11-30 13:52:57.298 +01:00 [INF] Hosting environment: Development
2024-11-30 13:52:57.307 +01:00 [INF] Content root path: /Users/yasminali/Downloads/photogram 7
2024-11-30 13:52:58.769 +01:00 [INF] Request starting HTTP/2 GET https://localhost:7160/ - null null
2024-11-30 13:52:59.081 +01:00 [INF] Executing endpoint 'photogram.Controllers.HomeController.Index (photogram)'
2024-11-30 13:52:59.147 +01:00 [INF] Route matched with {action = "Index", controller = "Home", page = "", area = ""}. Executing controller action with signature Microsoft.AspNetCore.Mvc.IActionResult Index() on controller photogram.Controllers.HomeController (photogram).
2024-11-30 13:52:59.199 +01:00 [INF] Executing ViewResult, running view Index.
2024-11-30 13:53:00.020 +01:00 [INF] Request starting HTTP/2 GET https://localhost:7160/css/layout.css - null null
2024-11-30 13:53:00.065 +01:00 [INF] The file /css/layout.css was not modified
2024-11-30 13:53:00.068 +01:00 [INF] Executed ViewResult - view Index executed in 887.6547ms.
2024-11-30 13:53:00.074 +01:00 [INF] Request finished HTTP/2 GET https://localhost:7160/css/layout.css - 304 null text/css 47.9229ms
2024-11-30 13:53:00.098 +01:00 [INF] Executed action photogram.Controllers.HomeController.Index (photogram) in 946.1959ms
2024-11-30 13:53:00.099 +01:00 [INF] Executed endpoint 'photogram.Controllers.HomeController.Index (photogram)'
2024-11-30 13:53:00.126 +01:00 [INF] Request finished HTTP/2 GET https://localhost:7160/ - 200 null text/html; charset=utf-8 1366.0284ms
2024-11-30 13:53:02.032 +01:00 [INF] Request starting HTTP/2 GET https://localhost:7160/Home/Feed - null null
2024-11-30 13:53:02.050 +01:00 [INF] Executing endpoint 'photogram.Controllers.HomeController.Feed (photogram)'
2024-11-30 13:53:02.065 +01:00 [INF] Route matched with {action = "Feed", controller = "Home", page = "", area = ""}. Executing controller action with signature Microsoft.AspNetCore.Mvc.IActionResult Feed() on controller photogram.Controllers.HomeController (photogram).
2024-11-30 13:53:02.069 +01:00 [INF] Executing RedirectResult, redirecting to /Post/Feed.
2024-11-30 13:53:02.069 +01:00 [INF] Executed action photogram.Controllers.HomeController.Feed (photogram) in 4.263ms
2024-11-30 13:53:02.070 +01:00 [INF] Executed endpoint 'photogram.Controllers.HomeController.Feed (photogram)'
2024-11-30 13:53:02.071 +01:00 [INF] Request finished HTTP/2 GET https://localhost:7160/Home/Feed - 302 0 null 38.7311ms
2024-11-30 13:53:02.089 +01:00 [INF] Request starting HTTP/2 GET https://localhost:7160/Post/Feed - null null
2024-11-30 13:53:02.130 +01:00 [INF] Executing endpoint 'photogram.Controllers.PostController.Feed (photogram)'
2024-11-30 13:53:02.172 +01:00 [INF] Route matched with {action = "Feed", controller = "Post", page = "", area = ""}. Executing controller action with signature System.Threading.Tasks.Task`1[Microsoft.AspNetCore.Mvc.IActionResult] Feed(System.Nullable`1[System.Int32], System.Nullable`1[System.Int32]) on controller photogram.Controllers.PostController (photogram).
2024-11-30 13:53:03.657 +01:00 [INF] Executing ViewResult, running view Feed.
2024-11-30 13:53:04.565 +01:00 [INF] Request starting HTTP/2 GET https://localhost:7160/images/sunset.jpg - null null
2024-11-30 13:53:04.571 +01:00 [INF] The file /images/sunset.jpg was not modified
2024-11-30 13:53:04.572 +01:00 [INF] Request finished HTTP/2 GET https://localhost:7160/images/sunset.jpg - 304 null image/jpeg 7.0479ms
2024-11-30 13:53:04.621 +01:00 [INF] Executed ViewResult - view Feed executed in 968.2932ms.
2024-11-30 13:53:04.626 +01:00 [INF] Executed action photogram.Controllers.PostController.Feed (photogram) in 2453.7359ms
2024-11-30 13:53:04.627 +01:00 [INF] Executed endpoint 'photogram.Controllers.PostController.Feed (photogram)'
2024-11-30 13:53:04.674 +01:00 [INF] Request finished HTTP/2 GET https://localhost:7160/Post/Feed - 200 null text/html; charset=utf-8 2585.5167ms
2024-11-30 13:53:05.239 +01:00 [INF] Request starting HTTP/2 GET https://localhost:7160/Home/Friends - null null
2024-11-30 13:53:05.242 +01:00 [INF] Executing endpoint 'photogram.Controllers.HomeController.Friends (photogram)'
2024-11-30 13:53:05.246 +01:00 [INF] Route matched with {action = "Friends", controller = "Home", page = "", area = ""}. Executing controller action with signature Microsoft.AspNetCore.Mvc.IActionResult Friends() on controller photogram.Controllers.HomeController (photogram).
2024-11-30 13:53:05.247 +01:00 [INF] Executing RedirectResult, redirecting to /Post/Friends.
2024-11-30 13:53:05.247 +01:00 [INF] Executed action photogram.Controllers.HomeController.Friends (photogram) in 0.9339ms
2024-11-30 13:53:05.247 +01:00 [INF] Executed endpoint 'photogram.Controllers.HomeController.Friends (photogram)'
2024-11-30 13:53:05.247 +01:00 [INF] Request finished HTTP/2 GET https://localhost:7160/Home/Friends - 302 0 null 8.5795ms
2024-11-30 13:53:05.270 +01:00 [INF] Request starting HTTP/2 GET https://localhost:7160/Post/Friends - null null
2024-11-30 13:53:05.296 +01:00 [INF] Executing endpoint 'photogram.Controllers.PostController.Friends (photogram)'
2024-11-30 13:53:05.305 +01:00 [INF] Route matched with {action = "Friends", controller = "Post", page = "", area = ""}. Executing controller action with signature System.Threading.Tasks.Task`1[Microsoft.AspNetCore.Mvc.IActionResult] Friends() on controller photogram.Controllers.PostController (photogram).
2024-11-30 13:53:06.117 +01:00 [INF] Executing ViewResult, running view Friends.
2024-11-30 13:53:06.149 +01:00 [INF] Executed ViewResult - view Friends executed in 33.2038ms.
2024-11-30 13:53:06.183 +01:00 [INF] Executed action photogram.Controllers.PostController.Friends (photogram) in 877.4472ms
2024-11-30 13:53:06.208 +01:00 [INF] Executed endpoint 'photogram.Controllers.PostController.Friends (photogram)'
2024-11-30 13:53:06.229 +01:00 [INF] Request finished HTTP/2 GET https://localhost:7160/Post/Friends - 200 null text/html; charset=utf-8 949.9189ms
2024-11-30 13:53:29.052 +01:00 [INF] Request starting HTTP/2 POST https://localhost:7160/Post/AddFriend - application/x-www-form-urlencoded 254
2024-11-30 13:53:29.066 +01:00 [INF] Executing endpoint 'photogram.Controllers.PostController.AddFriend (photogram)'
2024-11-30 13:53:29.077 +01:00 [INF] Route matched with {action = "AddFriend", controller = "Post", page = "", area = ""}. Executing controller action with signature System.Threading.Tasks.Task`1[Microsoft.AspNetCore.Mvc.IActionResult] AddFriend(System.String) on controller photogram.Controllers.PostController (photogram).
2024-11-30 13:53:29.823 +01:00 [INF] Executing RedirectResult, redirecting to /Post/Friends.
2024-11-30 13:53:29.824 +01:00 [INF] Executed action photogram.Controllers.PostController.AddFriend (photogram) in 745.824ms
2024-11-30 13:53:29.824 +01:00 [INF] Executed endpoint 'photogram.Controllers.PostController.AddFriend (photogram)'
2024-11-30 13:53:29.825 +01:00 [INF] Request finished HTTP/2 POST https://localhost:7160/Post/AddFriend - 302 0 null 772.0909ms
2024-11-30 13:53:29.859 +01:00 [INF] Request starting HTTP/2 GET https://localhost:7160/Post/Friends - null null
2024-11-30 13:53:29.861 +01:00 [INF] Executing endpoint 'photogram.Controllers.PostController.Friends (photogram)'
2024-11-30 13:53:29.861 +01:00 [INF] Route matched with {action = "Friends", controller = "Post", page = "", area = ""}. Executing controller action with signature System.Threading.Tasks.Task`1[Microsoft.AspNetCore.Mvc.IActionResult] Friends() on controller photogram.Controllers.PostController (photogram).
2024-11-30 13:53:29.884 +01:00 [INF] Executing ViewResult, running view Friends.
2024-11-30 13:53:29.896 +01:00 [INF] Executed ViewResult - view Friends executed in 12.4141ms.
2024-11-30 13:53:29.898 +01:00 [INF] Executed action photogram.Controllers.PostController.Friends (photogram) in 35.9007ms
2024-11-30 13:53:29.899 +01:00 [INF] Executed endpoint 'photogram.Controllers.PostController.Friends (photogram)'
2024-11-30 13:53:29.939 +01:00 [INF] Request finished HTTP/2 GET https://localhost:7160/Post/Friends - 200 null text/html; charset=utf-8 79.3782ms
