2024-11-28 21:28:00.841 +01:00 [INF] User profile is available. Using '/Users/kadijayasminbulale/.aspnet/DataProtection-Keys' as key repository; keys will not be encrypted at rest.
2024-11-28 21:28:01.132 +01:00 [INF] Now listening on: https://localhost:7162
2024-11-28 21:28:01.132 +01:00 [INF] Now listening on: http://localhost:5000
2024-11-28 21:28:01.136 +01:00 [INF] Application started. Press Ctrl+C to shut down.
2024-11-28 21:28:01.137 +01:00 [INF] Hosting environment: Development
2024-11-28 21:28:01.137 +01:00 [INF] Content root path: /Users/kadijayasminbulale/Downloads/photogram 2
2024-11-28 21:28:02.133 +01:00 [INF] Request starting HTTP/2 GET https://localhost:7162/ - null null
2024-11-28 21:28:02.149 +01:00 [INF] Executing endpoint 'photogram.Controllers.HomeController.Index (photogram)'
2024-11-28 21:28:02.156 +01:00 [INF] Route matched with {action = "Index", controller = "Home"}. Executing controller action with signature Microsoft.AspNetCore.Mvc.IActionResult Index() on controller photogram.Controllers.HomeController (photogram).
2024-11-28 21:28:02.171 +01:00 [INF] Executing ViewResult, running view Index.
2024-11-28 21:28:02.203 +01:00 [INF] Accessing expired session, Key:a4f56e15-ea08-68c8-7a7a-ea649e256234
2024-11-28 21:28:02.207 +01:00 [INF] Executed ViewResult - view Index executed in 39.0857ms.
2024-11-28 21:28:02.208 +01:00 [INF] Executed action photogram.Controllers.HomeController.Index (photogram) in 52.1624ms
2024-11-28 21:28:02.208 +01:00 [INF] Executed endpoint 'photogram.Controllers.HomeController.Index (photogram)'
2024-11-28 21:28:02.211 +01:00 [INF] Request finished HTTP/2 GET https://localhost:7162/ - 200 null text/html; charset=utf-8 79.742ms
2024-11-28 21:28:03.776 +01:00 [INF] Request starting HTTP/2 GET https://localhost:7162/User/Login - null null
2024-11-28 21:28:03.781 +01:00 [INF] Executing endpoint 'photogram.Controllers.UserController.Login (photogram)'
2024-11-28 21:28:03.783 +01:00 [INF] Route matched with {action = "Login", controller = "User"}. Executing controller action with signature Microsoft.AspNetCore.Mvc.IActionResult Login() on controller photogram.Controllers.UserController (photogram).
2024-11-28 21:28:03.814 +01:00 [INF] Executing ViewResult, running view Login.
2024-11-28 21:28:03.839 +01:00 [INF] Accessing expired session, Key:a4f56e15-ea08-68c8-7a7a-ea649e256234
2024-11-28 21:28:03.842 +01:00 [INF] Executed ViewResult - view Login executed in 28.6907ms.
2024-11-28 21:28:03.842 +01:00 [INF] Executed action photogram.Controllers.UserController.Login (photogram) in 58.9852ms
2024-11-28 21:28:03.842 +01:00 [INF] Executed endpoint 'photogram.Controllers.UserController.Login (photogram)'
2024-11-28 21:28:03.848 +01:00 [INF] Request finished HTTP/2 GET https://localhost:7162/User/Login - 200 null text/html; charset=utf-8 72.1631ms
2024-11-28 21:28:13.046 +01:00 [INF] Request starting HTTP/2 POST https://localhost:7162/User/Login - application/x-www-form-urlencoded 221
2024-11-28 21:28:13.053 +01:00 [INF] Executing endpoint 'photogram.Controllers.UserController.Login (photogram)'
2024-11-28 21:28:13.060 +01:00 [INF] Route matched with {action = "Login", controller = "User"}. Executing controller action with signature Microsoft.AspNetCore.Mvc.IActionResult Login(photogram.ViewModels.LoginViewModel) on controller photogram.Controllers.UserController (photogram).
2024-11-28 21:28:13.108 +01:00 [INF] Attempting to login
2024-11-28 21:28:13.242 +01:00 [INF] Accessing expired session, Key:a4f56e15-ea08-68c8-7a7a-ea649e256234
2024-11-28 21:28:13.242 +01:00 [INF] Executing RedirectResult, redirecting to /.
2024-11-28 21:28:13.243 +01:00 [INF] Executed action photogram.Controllers.UserController.Login (photogram) in 182.0037ms
2024-11-28 21:28:13.243 +01:00 [INF] Executed endpoint 'photogram.Controllers.UserController.Login (photogram)'
2024-11-28 21:28:13.244 +01:00 [INF] Session started; Key:a4f56e15-ea08-68c8-7a7a-ea649e256234, Id:d2265b41-de96-adfc-ae00-048d802c7f3d
2024-11-28 21:28:13.248 +01:00 [INF] Request finished HTTP/2 POST https://localhost:7162/User/Login - 302 0 null 201.9253ms
2024-11-28 21:28:13.329 +01:00 [INF] Request starting HTTP/2 GET https://localhost:7162/ - null null
2024-11-28 21:28:13.330 +01:00 [INF] Executing endpoint 'photogram.Controllers.HomeController.Index (photogram)'
2024-11-28 21:28:13.330 +01:00 [INF] Route matched with {action = "Index", controller = "Home"}. Executing controller action with signature Microsoft.AspNetCore.Mvc.IActionResult Index() on controller photogram.Controllers.HomeController (photogram).
2024-11-28 21:28:13.330 +01:00 [INF] Executing ViewResult, running view Index.
2024-11-28 21:28:13.336 +01:00 [INF] Executed ViewResult - view Index executed in 5.45ms.
2024-11-28 21:28:13.336 +01:00 [INF] Executed action photogram.Controllers.HomeController.Index (photogram) in 6.5722ms
2024-11-28 21:28:13.337 +01:00 [INF] Executed endpoint 'photogram.Controllers.HomeController.Index (photogram)'
2024-11-28 21:28:13.337 +01:00 [INF] Request finished HTTP/2 GET https://localhost:7162/ - 200 null text/html; charset=utf-8 7.5968ms
2024-11-28 21:28:15.688 +01:00 [INF] Request starting HTTP/2 GET https://localhost:7162/Home/Feed - null null
2024-11-28 21:28:15.716 +01:00 [INF] Executing endpoint 'photogram.Controllers.HomeController.Feed (photogram)'
2024-11-28 21:28:15.718 +01:00 [INF] Route matched with {action = "Feed", controller = "Home"}. Executing controller action with signature Microsoft.AspNetCore.Mvc.IActionResult Feed() on controller photogram.Controllers.HomeController (photogram).
2024-11-28 21:28:15.721 +01:00 [INF] Executing RedirectResult, redirecting to /Post/Feed.
2024-11-28 21:28:15.722 +01:00 [INF] Executed action photogram.Controllers.HomeController.Feed (photogram) in 2.8041ms
2024-11-28 21:28:15.722 +01:00 [INF] Executed endpoint 'photogram.Controllers.HomeController.Feed (photogram)'
2024-11-28 21:28:15.722 +01:00 [INF] Request finished HTTP/2 GET https://localhost:7162/Home/Feed - 302 0 null 33.9904ms
2024-11-28 21:28:15.758 +01:00 [INF] Request starting HTTP/2 GET https://localhost:7162/Post/Feed - null null
2024-11-28 21:28:15.785 +01:00 [INF] Executing endpoint 'photogram.Controllers.PostController.Feed (photogram)'
2024-11-28 21:28:15.794 +01:00 [INF] Route matched with {action = "Feed", controller = "Post"}. Executing controller action with signature System.Threading.Tasks.Task`1[Microsoft.AspNetCore.Mvc.IActionResult] Feed(System.Nullable`1[System.Int32], System.Nullable`1[System.Int32]) on controller photogram.Controllers.PostController (photogram).
2024-11-28 21:28:15.852 +01:00 [INF] Feed loaded successfully.
2024-11-28 21:28:15.854 +01:00 [INF] Executing ViewResult, running view Feed.
2024-11-28 21:28:15.976 +01:00 [INF] Executed ViewResult - view Feed executed in 122.424ms.
2024-11-28 21:28:15.982 +01:00 [INF] Executed action photogram.Controllers.PostController.Feed (photogram) in 187.8504ms
2024-11-28 21:28:15.982 +01:00 [INF] Executed endpoint 'photogram.Controllers.PostController.Feed (photogram)'
2024-11-28 21:28:15.983 +01:00 [INF] Request finished HTTP/2 GET https://localhost:7162/Post/Feed - 200 null text/html; charset=utf-8 226.0987ms
2024-11-28 21:28:16.439 +01:00 [INF] Request starting HTTP/2 GET https://localhost:7162/Home/Friends - null null
2024-11-28 21:28:16.440 +01:00 [INF] Executing endpoint 'photogram.Controllers.HomeController.Friends (photogram)'
2024-11-28 21:28:16.441 +01:00 [INF] Route matched with {action = "Friends", controller = "Home"}. Executing controller action with signature Microsoft.AspNetCore.Mvc.IActionResult Friends() on controller photogram.Controllers.HomeController (photogram).
2024-11-28 21:28:16.441 +01:00 [INF] Executing RedirectResult, redirecting to /Post/Friends.
2024-11-28 21:28:16.441 +01:00 [INF] Executed action photogram.Controllers.HomeController.Friends (photogram) in 0.3542ms
2024-11-28 21:28:16.441 +01:00 [INF] Executed endpoint 'photogram.Controllers.HomeController.Friends (photogram)'
2024-11-28 21:28:16.441 +01:00 [INF] Request finished HTTP/2 GET https://localhost:7162/Home/Friends - 302 0 null 2.2405ms
2024-11-28 21:28:16.446 +01:00 [INF] Request starting HTTP/2 GET https://localhost:7162/Post/Friends - null null
2024-11-28 21:28:16.448 +01:00 [INF] Request finished HTTP/2 GET https://localhost:7162/Post/Friends - 404 0 null 1.5982ms
2024-11-28 21:28:16.448 +01:00 [INF] Request reached the end of the middleware pipeline without being handled by application code. Request path: GET https://localhost:7162/Post/Friends, Response status code: 404
2024-11-28 21:28:22.876 +01:00 [INF] Request starting HTTP/2 GET https://localhost:7162/Post/Feed - null null
2024-11-28 21:28:22.880 +01:00 [INF] Executing endpoint 'photogram.Controllers.PostController.Feed (photogram)'
2024-11-28 21:28:22.880 +01:00 [INF] Route matched with {action = "Feed", controller = "Post"}. Executing controller action with signature System.Threading.Tasks.Task`1[Microsoft.AspNetCore.Mvc.IActionResult] Feed(System.Nullable`1[System.Int32], System.Nullable`1[System.Int32]) on controller photogram.Controllers.PostController (photogram).
2024-11-28 21:28:22.915 +01:00 [INF] Feed loaded successfully.
2024-11-28 21:28:22.916 +01:00 [INF] Executing ViewResult, running view Feed.
2024-11-28 21:28:22.975 +01:00 [INF] Executed ViewResult - view Feed executed in 59.6208ms.
2024-11-28 21:28:22.978 +01:00 [INF] Executed action photogram.Controllers.PostController.Feed (photogram) in 97.5536ms
2024-11-28 21:28:22.978 +01:00 [INF] Executed endpoint 'photogram.Controllers.PostController.Feed (photogram)'
2024-11-28 21:28:22.978 +01:00 [INF] Request finished HTTP/2 GET https://localhost:7162/Post/Feed - 200 null text/html; charset=utf-8 103.1511ms
2024-11-28 21:28:23.996 +01:00 [INF] Request starting HTTP/2 GET https://localhost:7162/Post/CreatePost - null null
2024-11-28 21:28:24.023 +01:00 [INF] Executing endpoint 'photogram.Controllers.PostController.CreatePost (photogram)'
2024-11-28 21:28:24.025 +01:00 [INF] Route matched with {action = "CreatePost", controller = "Post"}. Executing controller action with signature Microsoft.AspNetCore.Mvc.IActionResult CreatePost() on controller photogram.Controllers.PostController (photogram).
2024-11-28 21:28:24.028 +01:00 [INF] Executing ViewResult, running view CreatePost.
2024-11-28 21:28:24.085 +01:00 [INF] Executed ViewResult - view CreatePost executed in 58.6799ms.
2024-11-28 21:28:24.089 +01:00 [INF] Executed action photogram.Controllers.PostController.CreatePost (photogram) in 62.9955ms
2024-11-28 21:28:24.089 +01:00 [INF] Executed endpoint 'photogram.Controllers.PostController.CreatePost (photogram)'
2024-11-28 21:28:24.089 +01:00 [INF] Request finished HTTP/2 GET https://localhost:7162/Post/CreatePost - 200 null text/html; charset=utf-8 93.7598ms
2024-11-28 21:28:24.751 +01:00 [INF] Request starting HTTP/2 GET https://localhost:7162/Post/MyPosts - null null
2024-11-28 21:28:24.752 +01:00 [INF] Executing endpoint 'photogram.Controllers.PostController.MyPosts (photogram)'
2024-11-28 21:28:24.756 +01:00 [INF] Route matched with {action = "MyPosts", controller = "Post"}. Executing controller action with signature System.Threading.Tasks.Task`1[Microsoft.AspNetCore.Mvc.IActionResult] MyPosts(System.Nullable`1[System.Int32]) on controller photogram.Controllers.PostController (photogram).
2024-11-28 21:28:24.802 +01:00 [INF] MyPosts loaded successfully for user hei@gmail.com.
2024-11-28 21:28:24.802 +01:00 [INF] Executing ViewResult, running view MyPosts.
2024-11-28 21:28:24.818 +01:00 [INF] Executed ViewResult - view MyPosts executed in 16.4566ms.
2024-11-28 21:28:24.819 +01:00 [INF] Executed action photogram.Controllers.PostController.MyPosts (photogram) in 62.135ms
2024-11-28 21:28:24.819 +01:00 [INF] Executed endpoint 'photogram.Controllers.PostController.MyPosts (photogram)'
2024-11-28 21:28:24.821 +01:00 [INF] Request finished HTTP/2 GET https://localhost:7162/Post/MyPosts - 200 null text/html; charset=utf-8 96.0076ms
2024-11-28 21:28:25.569 +01:00 [INF] Request starting HTTP/2 GET https://localhost:7162/Home/Friends - null null
2024-11-28 21:28:25.570 +01:00 [INF] Executing endpoint 'photogram.Controllers.HomeController.Friends (photogram)'
2024-11-28 21:28:25.571 +01:00 [INF] Route matched with {action = "Friends", controller = "Home"}. Executing controller action with signature Microsoft.AspNetCore.Mvc.IActionResult Friends() on controller photogram.Controllers.HomeController (photogram).
2024-11-28 21:28:25.571 +01:00 [INF] Executing RedirectResult, redirecting to /Post/Friends.
2024-11-28 21:28:25.572 +01:00 [INF] Executed action photogram.Controllers.HomeController.Friends (photogram) in 0.6569ms
2024-11-28 21:28:25.572 +01:00 [INF] Executed endpoint 'photogram.Controllers.HomeController.Friends (photogram)'
2024-11-28 21:28:25.572 +01:00 [INF] Request finished HTTP/2 GET https://localhost:7162/Home/Friends - 302 0 null 2.9618ms
2024-11-28 21:28:25.581 +01:00 [INF] Request starting HTTP/2 GET https://localhost:7162/Post/Friends - null null
2024-11-28 21:28:25.581 +01:00 [INF] Request finished HTTP/2 GET https://localhost:7162/Post/Friends - 404 0 null 0.561ms
2024-11-28 21:28:25.581 +01:00 [INF] Request reached the end of the middleware pipeline without being handled by application code. Request path: GET https://localhost:7162/Post/Friends, Response status code: 404
