2024-11-28 18:47:05.942 +01:00 [INF] User profile is available. Using '/Users/kadijayasminbulale/.aspnet/DataProtection-Keys' as key repository; keys will not be encrypted at rest.
2024-11-28 18:47:06.187 +01:00 [INF] Now listening on: https://localhost:7162
2024-11-28 18:47:06.187 +01:00 [INF] Now listening on: http://localhost:5000
2024-11-28 18:47:06.191 +01:00 [INF] Application started. Press Ctrl+C to shut down.
2024-11-28 18:47:06.193 +01:00 [INF] Hosting environment: Development
2024-11-28 18:47:06.194 +01:00 [INF] Content root path: /Users/kadijayasminbulale/Downloads/photogram 2
2024-11-28 18:47:07.139 +01:00 [INF] Request starting HTTP/2 GET https://localhost:7162/ - null null
2024-11-28 18:47:07.168 +01:00 [INF] Executing endpoint 'photogram.Controllers.HomeController.Index (photogram)'
2024-11-28 18:47:07.176 +01:00 [INF] Route matched with {action = "Index", controller = "Home"}. Executing controller action with signature Microsoft.AspNetCore.Mvc.IActionResult Index() on controller photogram.Controllers.HomeController (photogram).
2024-11-28 18:47:07.182 +01:00 [INF] Executing ViewResult, running view Index.
2024-11-28 18:47:07.215 +01:00 [INF] Accessing expired session, Key:a4f56e15-ea08-68c8-7a7a-ea649e256234
2024-11-28 18:47:07.222 +01:00 [INF] Executed ViewResult - view Index executed in 38.3616ms.
2024-11-28 18:47:07.224 +01:00 [INF] Executed action photogram.Controllers.HomeController.Index (photogram) in 46.7777ms
2024-11-28 18:47:07.224 +01:00 [INF] Executed endpoint 'photogram.Controllers.HomeController.Index (photogram)'
2024-11-28 18:47:07.227 +01:00 [INF] Request finished HTTP/2 GET https://localhost:7162/ - 200 null text/html; charset=utf-8 89.0273ms
2024-11-28 18:47:38.257 +01:00 [INF] Request starting HTTP/2 GET https://localhost:7162/ - null null
2024-11-28 18:47:38.262 +01:00 [INF] Executing endpoint 'photogram.Controllers.HomeController.Index (photogram)'
2024-11-28 18:47:38.263 +01:00 [INF] Route matched with {action = "Index", controller = "Home"}. Executing controller action with signature Microsoft.AspNetCore.Mvc.IActionResult Index() on controller photogram.Controllers.HomeController (photogram).
2024-11-28 18:47:38.267 +01:00 [INF] Executing ViewResult, running view Index.
2024-11-28 18:47:38.272 +01:00 [INF] Accessing expired session, Key:a4f56e15-ea08-68c8-7a7a-ea649e256234
2024-11-28 18:47:38.273 +01:00 [INF] Executed ViewResult - view Index executed in 6.518ms.
2024-11-28 18:47:38.273 +01:00 [INF] Executed action photogram.Controllers.HomeController.Index (photogram) in 9.9517ms
2024-11-28 18:47:38.273 +01:00 [INF] Executed endpoint 'photogram.Controllers.HomeController.Index (photogram)'
2024-11-28 18:47:38.301 +01:00 [INF] Request finished HTTP/2 GET https://localhost:7162/ - 200 null text/html; charset=utf-8 44.3385ms
2024-11-28 18:47:44.629 +01:00 [INF] Request starting HTTP/2 GET https://localhost:7162/User/Login - null null
2024-11-28 18:47:44.637 +01:00 [INF] Executing endpoint 'photogram.Controllers.UserController.Login (photogram)'
2024-11-28 18:47:44.641 +01:00 [INF] Route matched with {action = "Login", controller = "User"}. Executing controller action with signature Microsoft.AspNetCore.Mvc.IActionResult Login() on controller photogram.Controllers.UserController (photogram).
2024-11-28 18:47:44.705 +01:00 [INF] Executing ViewResult, running view Login.
2024-11-28 18:47:44.736 +01:00 [INF] Accessing expired session, Key:a4f56e15-ea08-68c8-7a7a-ea649e256234
2024-11-28 18:47:44.739 +01:00 [INF] Executed ViewResult - view Login executed in 34.9782ms.
2024-11-28 18:47:44.739 +01:00 [INF] Executed action photogram.Controllers.UserController.Login (photogram) in 97.6917ms
2024-11-28 18:47:44.739 +01:00 [INF] Executed endpoint 'photogram.Controllers.UserController.Login (photogram)'
2024-11-28 18:47:44.745 +01:00 [INF] Request finished HTTP/2 GET https://localhost:7162/User/Login - 200 null text/html; charset=utf-8 117.5151ms
2024-11-28 18:47:58.338 +01:00 [INF] Request starting HTTP/2 POST https://localhost:7162/User/Login - application/x-www-form-urlencoded 221
2024-11-28 18:47:58.346 +01:00 [INF] Executing endpoint 'photogram.Controllers.UserController.Login (photogram)'
2024-11-28 18:47:58.357 +01:00 [INF] Route matched with {action = "Login", controller = "User"}. Executing controller action with signature Microsoft.AspNetCore.Mvc.IActionResult Login(photogram.ViewModels.LoginViewModel) on controller photogram.Controllers.UserController (photogram).
2024-11-28 18:47:58.419 +01:00 [INF] Attempting to login
2024-11-28 18:47:58.575 +01:00 [INF] Accessing expired session, Key:a4f56e15-ea08-68c8-7a7a-ea649e256234
2024-11-28 18:47:58.575 +01:00 [INF] Executing RedirectResult, redirecting to /.
2024-11-28 18:47:58.576 +01:00 [INF] Executed action photogram.Controllers.UserController.Login (photogram) in 218.6067ms
2024-11-28 18:47:58.576 +01:00 [INF] Executed endpoint 'photogram.Controllers.UserController.Login (photogram)'
2024-11-28 18:47:58.577 +01:00 [INF] Session started; Key:a4f56e15-ea08-68c8-7a7a-ea649e256234, Id:7b42c141-2426-8469-5b41-f70ad3968a7f
2024-11-28 18:47:58.580 +01:00 [INF] Request finished HTTP/2 POST https://localhost:7162/User/Login - 302 0 null 243.258ms
2024-11-28 18:47:58.631 +01:00 [INF] Request starting HTTP/2 GET https://localhost:7162/ - null null
2024-11-28 18:47:58.632 +01:00 [INF] Executing endpoint 'photogram.Controllers.HomeController.Index (photogram)'
2024-11-28 18:47:58.632 +01:00 [INF] Route matched with {action = "Index", controller = "Home"}. Executing controller action with signature Microsoft.AspNetCore.Mvc.IActionResult Index() on controller photogram.Controllers.HomeController (photogram).
2024-11-28 18:47:58.633 +01:00 [INF] Executing ViewResult, running view Index.
2024-11-28 18:47:58.667 +01:00 [INF] Executed ViewResult - view Index executed in 34.2179ms.
2024-11-28 18:47:58.669 +01:00 [INF] Executed action photogram.Controllers.HomeController.Index (photogram) in 37.1657ms
2024-11-28 18:47:58.669 +01:00 [INF] Executed endpoint 'photogram.Controllers.HomeController.Index (photogram)'
2024-11-28 18:47:58.670 +01:00 [INF] Request finished HTTP/2 GET https://localhost:7162/ - 200 null text/html; charset=utf-8 38.1667ms
2024-11-28 18:48:01.189 +01:00 [INF] Request starting HTTP/2 GET https://localhost:7162/Home/Friends - null null
2024-11-28 18:48:01.193 +01:00 [INF] Request finished HTTP/2 GET https://localhost:7162/Home/Friends - 404 0 null 4.0508ms
2024-11-28 18:48:01.194 +01:00 [INF] Request reached the end of the middleware pipeline without being handled by application code. Request path: GET https://localhost:7162/Home/Friends, Response status code: 404
2024-11-28 18:48:07.254 +01:00 [INF] Request starting HTTP/2 GET https://localhost:7162/Post/MyPosts - null null
2024-11-28 18:48:07.283 +01:00 [INF] Executing endpoint 'photogram.Controllers.PostController.MyPosts (photogram)'
2024-11-28 18:48:07.292 +01:00 [INF] Route matched with {action = "MyPosts", controller = "Post"}. Executing controller action with signature System.Threading.Tasks.Task`1[Microsoft.AspNetCore.Mvc.IActionResult] MyPosts(System.Nullable`1[System.Int32]) on controller photogram.Controllers.PostController (photogram).
2024-11-28 18:48:07.381 +01:00 [INF] Executing ViewResult, running view MyPosts.
2024-11-28 18:48:07.421 +01:00 [INF] Executed ViewResult - view MyPosts executed in 40.648ms.
2024-11-28 18:48:07.422 +01:00 [INF] Executed action photogram.Controllers.PostController.MyPosts (photogram) in 129.5317ms
2024-11-28 18:48:07.422 +01:00 [INF] Executed endpoint 'photogram.Controllers.PostController.MyPosts (photogram)'
2024-11-28 18:48:07.475 +01:00 [INF] Request starting HTTP/2 GET https://localhost:7162/uploads/35f82379-dbce-4b1c-997c-5fe832e922d4_coke.jpg - null null
2024-11-28 18:48:07.501 +01:00 [INF] Request starting HTTP/2 GET https://localhost:7162/uploads/f646c156-a4eb-4076-9b62-c70624463b55_chickenleg.jpg - null null
2024-11-28 18:48:07.534 +01:00 [INF] Request finished HTTP/2 GET https://localhost:7162/Post/MyPosts - 200 null text/html; charset=utf-8 302.6584ms
2024-11-28 18:48:07.538 +01:00 [INF] The file /uploads/35f82379-dbce-4b1c-997c-5fe832e922d4_coke.jpg was not modified
2024-11-28 18:48:07.538 +01:00 [INF] The file /uploads/f646c156-a4eb-4076-9b62-c70624463b55_chickenleg.jpg was not modified
2024-11-28 18:48:07.538 +01:00 [INF] Request finished HTTP/2 GET https://localhost:7162/uploads/35f82379-dbce-4b1c-997c-5fe832e922d4_coke.jpg - 304 null image/jpeg 62.8236ms
2024-11-28 18:48:07.538 +01:00 [INF] Request finished HTTP/2 GET https://localhost:7162/uploads/f646c156-a4eb-4076-9b62-c70624463b55_chickenleg.jpg - 304 null image/jpeg 37.1462ms
2024-11-28 18:48:08.311 +01:00 [INF] Request starting HTTP/2 GET https://localhost:7162/Post/CreatePost - null null
2024-11-28 18:48:08.315 +01:00 [INF] Executing endpoint 'photogram.Controllers.PostController.CreatePost (photogram)'
2024-11-28 18:48:08.317 +01:00 [INF] Route matched with {action = "CreatePost", controller = "Post"}. Executing controller action with signature Microsoft.AspNetCore.Mvc.IActionResult CreatePost() on controller photogram.Controllers.PostController (photogram).
2024-11-28 18:48:08.319 +01:00 [INF] Executing ViewResult, running view CreatePost.
2024-11-28 18:48:08.324 +01:00 [INF] Executed ViewResult - view CreatePost executed in 6.104ms.
2024-11-28 18:48:08.352 +01:00 [INF] Executed action photogram.Controllers.PostController.CreatePost (photogram) in 34.7874ms
2024-11-28 18:48:08.352 +01:00 [INF] Executed endpoint 'photogram.Controllers.PostController.CreatePost (photogram)'
2024-11-28 18:48:08.353 +01:00 [INF] Request finished HTTP/2 GET https://localhost:7162/Post/CreatePost - 200 null text/html; charset=utf-8 41.9084ms
2024-11-28 18:48:08.952 +01:00 [INF] Request starting HTTP/2 GET https://localhost:7162/Home/Friends - null null
2024-11-28 18:48:08.954 +01:00 [INF] Request finished HTTP/2 GET https://localhost:7162/Home/Friends - 404 0 null 2.2897ms
2024-11-28 18:48:08.955 +01:00 [INF] Request reached the end of the middleware pipeline without being handled by application code. Request path: GET https://localhost:7162/Home/Friends, Response status code: 404
2024-11-28 18:48:11.620 +01:00 [INF] Request starting HTTP/2 GET https://localhost:7162/Post/CreatePost - null null
2024-11-28 18:48:11.621 +01:00 [INF] Executing endpoint 'photogram.Controllers.PostController.CreatePost (photogram)'
2024-11-28 18:48:11.622 +01:00 [INF] Route matched with {action = "CreatePost", controller = "Post"}. Executing controller action with signature Microsoft.AspNetCore.Mvc.IActionResult CreatePost() on controller photogram.Controllers.PostController (photogram).
2024-11-28 18:48:11.622 +01:00 [INF] Executing ViewResult, running view CreatePost.
2024-11-28 18:48:11.627 +01:00 [INF] Executed ViewResult - view CreatePost executed in 4.4592ms.
2024-11-28 18:48:11.628 +01:00 [INF] Executed action photogram.Controllers.PostController.CreatePost (photogram) in 6.4092ms
2024-11-28 18:48:11.679 +01:00 [INF] Executed endpoint 'photogram.Controllers.PostController.CreatePost (photogram)'
2024-11-28 18:48:11.705 +01:00 [INF] Request finished HTTP/2 GET https://localhost:7162/Post/CreatePost - 200 null text/html; charset=utf-8 84.4602ms
2024-11-28 18:48:12.686 +01:00 [INF] Request starting HTTP/2 GET https://localhost:7162/Home/Friends - null null
2024-11-28 18:48:12.691 +01:00 [INF] Request finished HTTP/2 GET https://localhost:7162/Home/Friends - 404 0 null 4.1853ms
2024-11-28 18:48:12.691 +01:00 [INF] Request reached the end of the middleware pipeline without being handled by application code. Request path: GET https://localhost:7162/Home/Friends, Response status code: 404
2024-11-28 18:48:14.165 +01:00 [INF] Request starting HTTP/2 GET https://localhost:7162/Post/CreatePost - null null
2024-11-28 18:48:14.168 +01:00 [INF] Executing endpoint 'photogram.Controllers.PostController.CreatePost (photogram)'
2024-11-28 18:48:14.171 +01:00 [INF] Route matched with {action = "CreatePost", controller = "Post"}. Executing controller action with signature Microsoft.AspNetCore.Mvc.IActionResult CreatePost() on controller photogram.Controllers.PostController (photogram).
2024-11-28 18:48:14.176 +01:00 [INF] Executing ViewResult, running view CreatePost.
2024-11-28 18:48:14.257 +01:00 [INF] Executed ViewResult - view CreatePost executed in 80.9555ms.
2024-11-28 18:48:14.305 +01:00 [INF] Executed action photogram.Controllers.PostController.CreatePost (photogram) in 133.5347ms
2024-11-28 18:48:14.306 +01:00 [INF] Executed endpoint 'photogram.Controllers.PostController.CreatePost (photogram)'
2024-11-28 18:48:14.307 +01:00 [INF] Request finished HTTP/2 GET https://localhost:7162/Post/CreatePost - 200 null text/html; charset=utf-8 142.2531ms
2024-11-28 18:48:15.825 +01:00 [INF] Request starting HTTP/2 GET https://localhost:7162/Home/Feed - null null
2024-11-28 18:48:15.826 +01:00 [INF] Executing endpoint 'photogram.Controllers.HomeController.Feed (photogram)'
2024-11-28 18:48:15.829 +01:00 [INF] Route matched with {action = "Feed", controller = "Home"}. Executing controller action with signature Microsoft.AspNetCore.Mvc.IActionResult Feed() on controller photogram.Controllers.HomeController (photogram).
2024-11-28 18:48:15.831 +01:00 [INF] Executing RedirectResult, redirecting to /Post/Feed.
2024-11-28 18:48:15.831 +01:00 [INF] Executed action photogram.Controllers.HomeController.Feed (photogram) in 1.3382ms
2024-11-28 18:48:15.831 +01:00 [INF] Executed endpoint 'photogram.Controllers.HomeController.Feed (photogram)'
2024-11-28 18:48:15.831 +01:00 [INF] Request finished HTTP/2 GET https://localhost:7162/Home/Feed - 302 0 null 6.4276ms
2024-11-28 18:48:15.886 +01:00 [INF] Request starting HTTP/2 GET https://localhost:7162/Post/Feed - null null
2024-11-28 18:48:15.888 +01:00 [INF] Executing endpoint 'photogram.Controllers.PostController.Feed (photogram)'
2024-11-28 18:48:15.892 +01:00 [INF] Route matched with {action = "Feed", controller = "Post"}. Executing controller action with signature System.Threading.Tasks.Task`1[Microsoft.AspNetCore.Mvc.IActionResult] Feed(System.Nullable`1[System.Int32], System.Nullable`1[System.Int32]) on controller photogram.Controllers.PostController (photogram).
2024-11-28 18:48:15.908 +01:00 [INF] Executing ViewResult, running view Feed.
2024-11-28 18:48:16.066 +01:00 [INF] Executed ViewResult - view Feed executed in 157.5076ms.
2024-11-28 18:48:16.066 +01:00 [INF] Executed action photogram.Controllers.PostController.Feed (photogram) in 174.3014ms
2024-11-28 18:48:16.066 +01:00 [INF] Executed endpoint 'photogram.Controllers.PostController.Feed (photogram)'
2024-11-28 18:48:16.067 +01:00 [INF] Request finished HTTP/2 GET https://localhost:7162/Post/Feed - 200 null text/html; charset=utf-8 180.452ms
2024-11-28 18:48:17.936 +01:00 [INF] Request starting HTTP/2 GET https://localhost:7162/Post/CreatePost - null null
2024-11-28 18:48:17.964 +01:00 [INF] Executing endpoint 'photogram.Controllers.PostController.CreatePost (photogram)'
2024-11-28 18:48:17.964 +01:00 [INF] Route matched with {action = "CreatePost", controller = "Post"}. Executing controller action with signature Microsoft.AspNetCore.Mvc.IActionResult CreatePost() on controller photogram.Controllers.PostController (photogram).
2024-11-28 18:48:17.966 +01:00 [INF] Executing ViewResult, running view CreatePost.
2024-11-28 18:48:18.042 +01:00 [INF] Executed ViewResult - view CreatePost executed in 75.9124ms.
2024-11-28 18:48:18.042 +01:00 [INF] Executed action photogram.Controllers.PostController.CreatePost (photogram) in 77.5566ms
2024-11-28 18:48:18.042 +01:00 [INF] Executed endpoint 'photogram.Controllers.PostController.CreatePost (photogram)'
2024-11-28 18:48:18.045 +01:00 [INF] Request finished HTTP/2 GET https://localhost:7162/Post/CreatePost - 200 null text/html; charset=utf-8 108.4425ms
2024-11-28 18:48:18.899 +01:00 [INF] Request starting HTTP/2 GET https://localhost:7162/Post/MyPosts - null null
2024-11-28 18:48:18.915 +01:00 [INF] Executing endpoint 'photogram.Controllers.PostController.MyPosts (photogram)'
2024-11-28 18:48:18.915 +01:00 [INF] Route matched with {action = "MyPosts", controller = "Post"}. Executing controller action with signature System.Threading.Tasks.Task`1[Microsoft.AspNetCore.Mvc.IActionResult] MyPosts(System.Nullable`1[System.Int32]) on controller photogram.Controllers.PostController (photogram).
2024-11-28 18:48:18.920 +01:00 [INF] Executing ViewResult, running view MyPosts.
2024-11-28 18:48:18.970 +01:00 [INF] Executed ViewResult - view MyPosts executed in 49.3875ms.
2024-11-28 18:48:18.971 +01:00 [INF] Executed action photogram.Controllers.PostController.MyPosts (photogram) in 55.5522ms
2024-11-28 18:48:18.971 +01:00 [INF] Executed endpoint 'photogram.Controllers.PostController.MyPosts (photogram)'
2024-11-28 18:48:18.973 +01:00 [INF] Request finished HTTP/2 GET https://localhost:7162/Post/MyPosts - 200 null text/html; charset=utf-8 73.3097ms
2024-11-28 18:48:22.938 +01:00 [INF] Request starting HTTP/2 GET https://localhost:7162/Post/MyPosts - null null
2024-11-28 18:48:22.940 +01:00 [INF] Executing endpoint 'photogram.Controllers.PostController.MyPosts (photogram)'
2024-11-28 18:48:22.940 +01:00 [INF] Route matched with {action = "MyPosts", controller = "Post"}. Executing controller action with signature System.Threading.Tasks.Task`1[Microsoft.AspNetCore.Mvc.IActionResult] MyPosts(System.Nullable`1[System.Int32]) on controller photogram.Controllers.PostController (photogram).
2024-11-28 18:48:22.945 +01:00 [INF] Executing ViewResult, running view MyPosts.
2024-11-28 18:48:22.947 +01:00 [INF] Executed ViewResult - view MyPosts executed in 2.1302ms.
2024-11-28 18:48:22.995 +01:00 [INF] Executed action photogram.Controllers.PostController.MyPosts (photogram) in 54.0628ms
2024-11-28 18:48:23.020 +01:00 [INF] Executed endpoint 'photogram.Controllers.PostController.MyPosts (photogram)'
2024-11-28 18:48:23.021 +01:00 [INF] Request finished HTTP/2 GET https://localhost:7162/Post/MyPosts - 200 null text/html; charset=utf-8 106.0563ms
2024-11-28 18:48:32.303 +01:00 [INF] Request starting HTTP/2 GET https://localhost:7162/Home/Feed - null null
2024-11-28 18:48:32.308 +01:00 [INF] Executing endpoint 'photogram.Controllers.HomeController.Feed (photogram)'
2024-11-28 18:48:32.308 +01:00 [INF] Route matched with {action = "Feed", controller = "Home"}. Executing controller action with signature Microsoft.AspNetCore.Mvc.IActionResult Feed() on controller photogram.Controllers.HomeController (photogram).
2024-11-28 18:48:32.310 +01:00 [INF] Executing RedirectResult, redirecting to /Post/Feed.
2024-11-28 18:48:32.310 +01:00 [INF] Executed action photogram.Controllers.HomeController.Feed (photogram) in 1.6642ms
2024-11-28 18:48:32.310 +01:00 [INF] Executed endpoint 'photogram.Controllers.HomeController.Feed (photogram)'
2024-11-28 18:48:32.310 +01:00 [INF] Request finished HTTP/2 GET https://localhost:7162/Home/Feed - 302 0 null 8.2327ms
2024-11-28 18:48:32.350 +01:00 [INF] Request starting HTTP/2 GET https://localhost:7162/Post/Feed - null null
2024-11-28 18:48:32.351 +01:00 [INF] Executing endpoint 'photogram.Controllers.PostController.Feed (photogram)'
2024-11-28 18:48:32.351 +01:00 [INF] Route matched with {action = "Feed", controller = "Post"}. Executing controller action with signature System.Threading.Tasks.Task`1[Microsoft.AspNetCore.Mvc.IActionResult] Feed(System.Nullable`1[System.Int32], System.Nullable`1[System.Int32]) on controller photogram.Controllers.PostController (photogram).
2024-11-28 18:48:32.358 +01:00 [INF] Executing ViewResult, running view Feed.
2024-11-28 18:48:32.393 +01:00 [INF] Executed ViewResult - view Feed executed in 34.8014ms.
2024-11-28 18:48:32.419 +01:00 [INF] Executed action photogram.Controllers.PostController.Feed (photogram) in 67.9405ms
2024-11-28 18:48:32.419 +01:00 [INF] Executed endpoint 'photogram.Controllers.PostController.Feed (photogram)'
2024-11-28 18:48:32.421 +01:00 [INF] Request finished HTTP/2 GET https://localhost:7162/Post/Feed - 200 null text/html; charset=utf-8 71.2392ms
2024-11-28 18:48:43.320 +01:00 [INF] Request starting HTTP/2 GET https://localhost:7162/Home/Friends - null null
2024-11-28 18:48:43.322 +01:00 [INF] Request finished HTTP/2 GET https://localhost:7162/Home/Friends - 404 0 null 24.6643ms
2024-11-28 18:48:43.322 +01:00 [INF] Request reached the end of the middleware pipeline without being handled by application code. Request path: GET https://localhost:7162/Home/Friends, Response status code: 404
2024-11-28 18:48:45.006 +01:00 [INF] Request starting HTTP/2 GET https://localhost:7162/Post/Feed - null null
2024-11-28 18:48:45.008 +01:00 [INF] Executing endpoint 'photogram.Controllers.PostController.Feed (photogram)'
2024-11-28 18:48:45.008 +01:00 [INF] Route matched with {action = "Feed", controller = "Post"}. Executing controller action with signature System.Threading.Tasks.Task`1[Microsoft.AspNetCore.Mvc.IActionResult] Feed(System.Nullable`1[System.Int32], System.Nullable`1[System.Int32]) on controller photogram.Controllers.PostController (photogram).
2024-11-28 18:48:45.017 +01:00 [INF] Executing ViewResult, running view Feed.
2024-11-28 18:48:45.077 +01:00 [INF] Executed ViewResult - view Feed executed in 34.5368ms.
2024-11-28 18:48:45.112 +01:00 [INF] Executed action photogram.Controllers.PostController.Feed (photogram) in 103.1226ms
2024-11-28 18:48:45.114 +01:00 [INF] Executed endpoint 'photogram.Controllers.PostController.Feed (photogram)'
2024-11-28 18:48:45.114 +01:00 [INF] Request finished HTTP/2 GET https://localhost:7162/Post/Feed - 200 null text/html; charset=utf-8 107.8326ms
2024-11-28 18:48:46.052 +01:00 [INF] Request starting HTTP/2 GET https://localhost:7162/Post/MyPosts - null null
2024-11-28 18:48:46.053 +01:00 [INF] Executing endpoint 'photogram.Controllers.PostController.MyPosts (photogram)'
2024-11-28 18:48:46.053 +01:00 [INF] Route matched with {action = "MyPosts", controller = "Post"}. Executing controller action with signature System.Threading.Tasks.Task`1[Microsoft.AspNetCore.Mvc.IActionResult] MyPosts(System.Nullable`1[System.Int32]) on controller photogram.Controllers.PostController (photogram).
2024-11-28 18:48:46.055 +01:00 [INF] Executing ViewResult, running view MyPosts.
2024-11-28 18:48:46.082 +01:00 [INF] Executed ViewResult - view MyPosts executed in 26.9463ms.
2024-11-28 18:48:46.083 +01:00 [INF] Executed action photogram.Controllers.PostController.MyPosts (photogram) in 30.2255ms
2024-11-28 18:48:46.084 +01:00 [INF] Executed endpoint 'photogram.Controllers.PostController.MyPosts (photogram)'
2024-11-28 18:48:46.084 +01:00 [INF] Request finished HTTP/2 GET https://localhost:7162/Post/MyPosts - 200 null text/html; charset=utf-8 31.87ms
2024-11-28 18:48:47.386 +01:00 [INF] Request starting HTTP/2 GET https://localhost:7162/Post/CreatePost - null null
2024-11-28 18:48:47.387 +01:00 [INF] Executing endpoint 'photogram.Controllers.PostController.CreatePost (photogram)'
2024-11-28 18:48:47.387 +01:00 [INF] Route matched with {action = "CreatePost", controller = "Post"}. Executing controller action with signature Microsoft.AspNetCore.Mvc.IActionResult CreatePost() on controller photogram.Controllers.PostController (photogram).
2024-11-28 18:48:47.388 +01:00 [INF] Executing ViewResult, running view CreatePost.
2024-11-28 18:48:47.417 +01:00 [INF] Executed ViewResult - view CreatePost executed in 28.5293ms.
2024-11-28 18:48:47.441 +01:00 [INF] Executed action photogram.Controllers.PostController.CreatePost (photogram) in 53.2562ms
2024-11-28 18:48:47.442 +01:00 [INF] Executed endpoint 'photogram.Controllers.PostController.CreatePost (photogram)'
2024-11-28 18:48:47.442 +01:00 [INF] Request finished HTTP/2 GET https://localhost:7162/Post/CreatePost - 200 null text/html; charset=utf-8 56.7099ms
2024-11-28 18:49:49.812 +01:00 [INF] Request starting HTTP/2 GET https://localhost:7162/Post/CreatePost - null null
2024-11-28 18:49:49.817 +01:00 [INF] Executing endpoint 'photogram.Controllers.PostController.CreatePost (photogram)'
2024-11-28 18:49:49.818 +01:00 [INF] Route matched with {action = "CreatePost", controller = "Post"}. Executing controller action with signature Microsoft.AspNetCore.Mvc.IActionResult CreatePost() on controller photogram.Controllers.PostController (photogram).
2024-11-28 18:49:49.820 +01:00 [INF] Executing ViewResult, running view CreatePost.
2024-11-28 18:49:50.047 +01:00 [INF] Executed ViewResult - view CreatePost executed in 202.3012ms.
2024-11-28 18:49:50.076 +01:00 [INF] Executed action photogram.Controllers.PostController.CreatePost (photogram) in 257.4875ms
2024-11-28 18:49:50.077 +01:00 [INF] Executed endpoint 'photogram.Controllers.PostController.CreatePost (photogram)'
2024-11-28 18:49:50.077 +01:00 [INF] Request finished HTTP/2 GET https://localhost:7162/Post/CreatePost - 200 null text/html; charset=utf-8 265.5821ms
2024-11-28 18:49:50.635 +01:00 [INF] Request starting HTTP/2 GET https://localhost:7162/Home/Friends - null null
2024-11-28 18:49:50.635 +01:00 [INF] Request finished HTTP/2 GET https://localhost:7162/Home/Friends - 404 0 null 0.5471ms
2024-11-28 18:49:50.635 +01:00 [INF] Request reached the end of the middleware pipeline without being handled by application code. Request path: GET https://localhost:7162/Home/Friends, Response status code: 404
2024-11-28 18:49:52.949 +01:00 [INF] Request starting HTTP/2 GET https://localhost:7162/Post/CreatePost - null null
2024-11-28 18:49:52.949 +01:00 [INF] Executing endpoint 'photogram.Controllers.PostController.CreatePost (photogram)'
2024-11-28 18:49:52.950 +01:00 [INF] Route matched with {action = "CreatePost", controller = "Post"}. Executing controller action with signature Microsoft.AspNetCore.Mvc.IActionResult CreatePost() on controller photogram.Controllers.PostController (photogram).
2024-11-28 18:49:52.950 +01:00 [INF] Executing ViewResult, running view CreatePost.
2024-11-28 18:49:52.952 +01:00 [INF] Executed ViewResult - view CreatePost executed in 2.4181ms.
2024-11-28 18:49:52.953 +01:00 [INF] Executed action photogram.Controllers.PostController.CreatePost (photogram) in 3.0871ms
2024-11-28 18:49:52.953 +01:00 [INF] Executed endpoint 'photogram.Controllers.PostController.CreatePost (photogram)'
2024-11-28 18:49:52.953 +01:00 [INF] Request finished HTTP/2 GET https://localhost:7162/Post/CreatePost - 200 null text/html; charset=utf-8 4.37ms
2024-11-28 18:49:54.132 +01:00 [INF] Request starting HTTP/2 GET https://localhost:7162/Home/Feed - null null
2024-11-28 18:49:54.133 +01:00 [INF] Executing endpoint 'photogram.Controllers.HomeController.Feed (photogram)'
2024-11-28 18:49:54.134 +01:00 [INF] Route matched with {action = "Feed", controller = "Home"}. Executing controller action with signature Microsoft.AspNetCore.Mvc.IActionResult Feed() on controller photogram.Controllers.HomeController (photogram).
2024-11-28 18:49:54.135 +01:00 [INF] Executing RedirectResult, redirecting to /Post/Feed.
2024-11-28 18:49:54.135 +01:00 [INF] Executed action photogram.Controllers.HomeController.Feed (photogram) in 0.7888ms
2024-11-28 18:49:54.135 +01:00 [INF] Executed endpoint 'photogram.Controllers.HomeController.Feed (photogram)'
2024-11-28 18:49:54.135 +01:00 [INF] Request finished HTTP/2 GET https://localhost:7162/Home/Feed - 302 0 null 2.8887ms
2024-11-28 18:49:54.170 +01:00 [INF] Request starting HTTP/2 GET https://localhost:7162/Post/Feed - null null
2024-11-28 18:49:54.171 +01:00 [INF] Executing endpoint 'photogram.Controllers.PostController.Feed (photogram)'
2024-11-28 18:49:54.171 +01:00 [INF] Route matched with {action = "Feed", controller = "Post"}. Executing controller action with signature System.Threading.Tasks.Task`1[Microsoft.AspNetCore.Mvc.IActionResult] Feed(System.Nullable`1[System.Int32], System.Nullable`1[System.Int32]) on controller photogram.Controllers.PostController (photogram).
2024-11-28 18:49:54.185 +01:00 [INF] Executing ViewResult, running view Feed.
2024-11-28 18:49:54.194 +01:00 [INF] Executed ViewResult - view Feed executed in 9.3177ms.
2024-11-28 18:49:54.195 +01:00 [INF] Executed action photogram.Controllers.PostController.Feed (photogram) in 23.1134ms
2024-11-28 18:49:54.195 +01:00 [INF] Executed endpoint 'photogram.Controllers.PostController.Feed (photogram)'
2024-11-28 18:49:54.217 +01:00 [INF] Request finished HTTP/2 GET https://localhost:7162/Post/Feed - 200 null text/html; charset=utf-8 47.8681ms
2024-11-28 18:49:54.789 +01:00 [INF] Request starting HTTP/2 GET https://localhost:7162/Home/Friends - null null
2024-11-28 18:49:54.790 +01:00 [INF] Request finished HTTP/2 GET https://localhost:7162/Home/Friends - 404 0 null 0.8236ms
2024-11-28 18:49:54.790 +01:00 [INF] Request reached the end of the middleware pipeline without being handled by application code. Request path: GET https://localhost:7162/Home/Friends, Response status code: 404
2024-11-28 18:49:56.311 +01:00 [INF] Request starting HTTP/2 GET https://localhost:7162/Post/Feed - null null
2024-11-28 18:49:56.312 +01:00 [INF] Executing endpoint 'photogram.Controllers.PostController.Feed (photogram)'
2024-11-28 18:49:56.312 +01:00 [INF] Route matched with {action = "Feed", controller = "Post"}. Executing controller action with signature System.Threading.Tasks.Task`1[Microsoft.AspNetCore.Mvc.IActionResult] Feed(System.Nullable`1[System.Int32], System.Nullable`1[System.Int32]) on controller photogram.Controllers.PostController (photogram).
2024-11-28 18:49:56.317 +01:00 [INF] Executing ViewResult, running view Feed.
2024-11-28 18:49:56.352 +01:00 [INF] Executed ViewResult - view Feed executed in 34.0708ms.
2024-11-28 18:49:56.401 +01:00 [INF] Executed action photogram.Controllers.PostController.Feed (photogram) in 88.3517ms
2024-11-28 18:49:56.427 +01:00 [INF] Executed endpoint 'photogram.Controllers.PostController.Feed (photogram)'
2024-11-28 18:49:56.428 +01:00 [INF] Request finished HTTP/2 GET https://localhost:7162/Post/Feed - 200 null text/html; charset=utf-8 117.2385ms
