2024-11-28 21:17:21.750 +01:00 [INF] User profile is available. Using '/Users/kadijayasminbulale/.aspnet/DataProtection-Keys' as key repository; keys will not be encrypted at rest.
2024-11-28 21:17:22.088 +01:00 [INF] Now listening on: https://localhost:7162
2024-11-28 21:17:22.089 +01:00 [INF] Now listening on: http://localhost:5000
2024-11-28 21:17:22.093 +01:00 [INF] Application started. Press Ctrl+C to shut down.
2024-11-28 21:17:22.095 +01:00 [INF] Hosting environment: Development
2024-11-28 21:17:22.095 +01:00 [INF] Content root path: /Users/kadijayasminbulale/Downloads/photogram 2
2024-11-28 21:17:23.164 +01:00 [INF] Request starting HTTP/2 GET https://localhost:7162/ - null null
2024-11-28 21:17:23.180 +01:00 [INF] Executing endpoint 'photogram.Controllers.HomeController.Index (photogram)'
2024-11-28 21:17:23.189 +01:00 [INF] Route matched with {action = "Index", controller = "Home"}. Executing controller action with signature Microsoft.AspNetCore.Mvc.IActionResult Index() on controller photogram.Controllers.HomeController (photogram).
2024-11-28 21:17:23.197 +01:00 [INF] Executing ViewResult, running view Index.
2024-11-28 21:17:23.226 +01:00 [INF] Accessing expired session, Key:a4f56e15-ea08-68c8-7a7a-ea649e256234
2024-11-28 21:17:23.232 +01:00 [INF] Executed ViewResult - view Index executed in 34.9832ms.
2024-11-28 21:17:23.233 +01:00 [INF] Executed action photogram.Controllers.HomeController.Index (photogram) in 43.4344ms
2024-11-28 21:17:23.233 +01:00 [INF] Executed endpoint 'photogram.Controllers.HomeController.Index (photogram)'
2024-11-28 21:17:23.236 +01:00 [INF] Request finished HTTP/2 GET https://localhost:7162/ - 200 null text/html; charset=utf-8 73.7725ms
2024-11-28 21:17:26.799 +01:00 [INF] Request starting HTTP/2 GET https://localhost:7162/User/Login - null null
2024-11-28 21:17:26.804 +01:00 [INF] Executing endpoint 'photogram.Controllers.UserController.Login (photogram)'
2024-11-28 21:17:26.807 +01:00 [INF] Route matched with {action = "Login", controller = "User"}. Executing controller action with signature Microsoft.AspNetCore.Mvc.IActionResult Login() on controller photogram.Controllers.UserController (photogram).
2024-11-28 21:17:26.839 +01:00 [INF] Executing ViewResult, running view Login.
2024-11-28 21:17:26.864 +01:00 [INF] Accessing expired session, Key:a4f56e15-ea08-68c8-7a7a-ea649e256234
2024-11-28 21:17:26.867 +01:00 [INF] Executed ViewResult - view Login executed in 29.3084ms.
2024-11-28 21:17:26.867 +01:00 [INF] Executed action photogram.Controllers.UserController.Login (photogram) in 59.9342ms
2024-11-28 21:17:26.867 +01:00 [INF] Executed endpoint 'photogram.Controllers.UserController.Login (photogram)'
2024-11-28 21:17:26.872 +01:00 [INF] Request finished HTTP/2 GET https://localhost:7162/User/Login - 200 null text/html; charset=utf-8 72.8395ms
2024-11-28 21:17:35.686 +01:00 [INF] Request starting HTTP/2 POST https://localhost:7162/User/Login - application/x-www-form-urlencoded 221
2024-11-28 21:17:35.691 +01:00 [INF] Executing endpoint 'photogram.Controllers.UserController.Login (photogram)'
2024-11-28 21:17:35.700 +01:00 [INF] Route matched with {action = "Login", controller = "User"}. Executing controller action with signature Microsoft.AspNetCore.Mvc.IActionResult Login(photogram.ViewModels.LoginViewModel) on controller photogram.Controllers.UserController (photogram).
2024-11-28 21:17:35.751 +01:00 [INF] Attempting to login
2024-11-28 21:17:35.877 +01:00 [INF] Accessing expired session, Key:a4f56e15-ea08-68c8-7a7a-ea649e256234
2024-11-28 21:17:35.877 +01:00 [INF] Executing RedirectResult, redirecting to /.
2024-11-28 21:17:35.878 +01:00 [INF] Executed action photogram.Controllers.UserController.Login (photogram) in 177.6542ms
2024-11-28 21:17:35.878 +01:00 [INF] Executed endpoint 'photogram.Controllers.UserController.Login (photogram)'
2024-11-28 21:17:35.879 +01:00 [INF] Session started; Key:a4f56e15-ea08-68c8-7a7a-ea649e256234, Id:d4e2cb35-d70e-2bb1-fccb-cd1d2ba7be73
2024-11-28 21:17:35.883 +01:00 [INF] Request finished HTTP/2 POST https://localhost:7162/User/Login - 302 0 null 197.4201ms
2024-11-28 21:17:36.019 +01:00 [INF] Request starting HTTP/2 GET https://localhost:7162/ - null null
2024-11-28 21:17:36.020 +01:00 [INF] Executing endpoint 'photogram.Controllers.HomeController.Index (photogram)'
2024-11-28 21:17:36.020 +01:00 [INF] Route matched with {action = "Index", controller = "Home"}. Executing controller action with signature Microsoft.AspNetCore.Mvc.IActionResult Index() on controller photogram.Controllers.HomeController (photogram).
2024-11-28 21:17:36.021 +01:00 [INF] Executing ViewResult, running view Index.
2024-11-28 21:17:36.028 +01:00 [INF] Executed ViewResult - view Index executed in 7.7435ms.
2024-11-28 21:17:36.029 +01:00 [INF] Executed action photogram.Controllers.HomeController.Index (photogram) in 9.22ms
2024-11-28 21:17:36.029 +01:00 [INF] Executed endpoint 'photogram.Controllers.HomeController.Index (photogram)'
2024-11-28 21:17:36.030 +01:00 [INF] Request finished HTTP/2 GET https://localhost:7162/ - 200 null text/html; charset=utf-8 10.2529ms
2024-11-28 21:17:38.052 +01:00 [INF] Request starting HTTP/2 GET https://localhost:7162/Home/Friends - null null
2024-11-28 21:17:38.053 +01:00 [INF] Executing endpoint 'photogram.Controllers.HomeController.Friends (photogram)'
2024-11-28 21:17:38.055 +01:00 [INF] Route matched with {action = "Friends", controller = "Home"}. Executing controller action with signature Microsoft.AspNetCore.Mvc.IActionResult Friends() on controller photogram.Controllers.HomeController (photogram).
2024-11-28 21:17:38.056 +01:00 [INF] Executing RedirectResult, redirecting to /Post/Friends.
2024-11-28 21:17:38.056 +01:00 [INF] Executed action photogram.Controllers.HomeController.Friends (photogram) in 1.5837ms
2024-11-28 21:17:38.057 +01:00 [INF] Executed endpoint 'photogram.Controllers.HomeController.Friends (photogram)'
2024-11-28 21:17:38.057 +01:00 [INF] Request finished HTTP/2 GET https://localhost:7162/Home/Friends - 302 0 null 4.3603ms
2024-11-28 21:17:38.063 +01:00 [INF] Request starting HTTP/2 GET https://localhost:7162/Post/Friends - null null
2024-11-28 21:17:38.089 +01:00 [INF] Executing endpoint 'photogram.Controllers.PostController.Friends (photogram)'
2024-11-28 21:17:38.094 +01:00 [INF] Route matched with {action = "Friends", controller = "Post"}. Executing controller action with signature System.Threading.Tasks.Task`1[Microsoft.AspNetCore.Mvc.IActionResult] Friends() on controller photogram.Controllers.PostController (photogram).
2024-11-28 21:17:38.139 +01:00 [INF] Executing ViewResult, running view Friends.
2024-11-28 21:17:38.174 +01:00 [INF] Executed ViewResult - view Friends executed in 35.2753ms.
2024-11-28 21:17:38.178 +01:00 [INF] Executed action photogram.Controllers.PostController.Friends (photogram) in 82.8177ms
2024-11-28 21:17:38.178 +01:00 [INF] Executed endpoint 'photogram.Controllers.PostController.Friends (photogram)'
2024-11-28 21:17:38.182 +01:00 [INF] Request finished HTTP/2 GET https://localhost:7162/Post/Friends - 200 null text/html; charset=utf-8 119.3683ms
2024-11-28 21:17:38.785 +01:00 [INF] Request starting HTTP/2 GET https://localhost:7162/Home/Feed - null null
2024-11-28 21:17:38.787 +01:00 [INF] Executing endpoint 'photogram.Controllers.HomeController.Feed (photogram)'
2024-11-28 21:17:38.788 +01:00 [INF] Route matched with {action = "Feed", controller = "Home"}. Executing controller action with signature Microsoft.AspNetCore.Mvc.IActionResult Feed() on controller photogram.Controllers.HomeController (photogram).
2024-11-28 21:17:38.789 +01:00 [INF] Executing RedirectResult, redirecting to /Post/Feed.
2024-11-28 21:17:38.789 +01:00 [INF] Executed action photogram.Controllers.HomeController.Feed (photogram) in 0.7755ms
2024-11-28 21:17:38.789 +01:00 [INF] Executed endpoint 'photogram.Controllers.HomeController.Feed (photogram)'
2024-11-28 21:17:38.789 +01:00 [INF] Request finished HTTP/2 GET https://localhost:7162/Home/Feed - 302 0 null 4.3396ms
2024-11-28 21:17:38.796 +01:00 [INF] Request starting HTTP/2 GET https://localhost:7162/Post/Feed - null null
2024-11-28 21:17:38.798 +01:00 [INF] Executing endpoint 'photogram.Controllers.PostController.Feed (photogram)'
2024-11-28 21:17:38.801 +01:00 [INF] Route matched with {action = "Feed", controller = "Post"}. Executing controller action with signature System.Threading.Tasks.Task`1[Microsoft.AspNetCore.Mvc.IActionResult] Feed(System.Nullable`1[System.Int32], System.Nullable`1[System.Int32]) on controller photogram.Controllers.PostController (photogram).
2024-11-28 21:17:38.843 +01:00 [INF] Executing ViewResult, running view Feed.
2024-11-28 21:17:38.913 +01:00 [INF] Executed ViewResult - view Feed executed in 44.5388ms.
2024-11-28 21:17:38.963 +01:00 [INF] Executed action photogram.Controllers.PostController.Feed (photogram) in 161.9038ms
2024-11-28 21:17:38.963 +01:00 [INF] Executed endpoint 'photogram.Controllers.PostController.Feed (photogram)'
2024-11-28 21:17:38.964 +01:00 [INF] Request finished HTTP/2 GET https://localhost:7162/Post/Feed - 200 null text/html; charset=utf-8 168.2677ms
2024-11-28 21:17:39.858 +01:00 [INF] Request starting HTTP/2 GET https://localhost:7162/Post/CreatePost - null null
2024-11-28 21:17:39.858 +01:00 [INF] Executing endpoint 'photogram.Controllers.PostController.CreatePost (photogram)'
2024-11-28 21:17:39.860 +01:00 [INF] Route matched with {action = "CreatePost", controller = "Post"}. Executing controller action with signature Microsoft.AspNetCore.Mvc.IActionResult CreatePost() on controller photogram.Controllers.PostController (photogram).
2024-11-28 21:17:39.862 +01:00 [INF] Executing ViewResult, running view CreatePost.
2024-11-28 21:17:39.969 +01:00 [INF] Executed ViewResult - view CreatePost executed in 108.0885ms.
2024-11-28 21:17:39.970 +01:00 [INF] Executed action photogram.Controllers.PostController.CreatePost (photogram) in 109.7411ms
2024-11-28 21:17:39.970 +01:00 [INF] Executed endpoint 'photogram.Controllers.PostController.CreatePost (photogram)'
2024-11-28 21:17:39.970 +01:00 [INF] Request finished HTTP/2 GET https://localhost:7162/Post/CreatePost - 200 null text/html; charset=utf-8 112.5462ms
2024-11-28 21:17:40.429 +01:00 [INF] Request starting HTTP/2 GET https://localhost:7162/Post/MyPosts - null null
2024-11-28 21:17:40.430 +01:00 [INF] Executing endpoint 'photogram.Controllers.PostController.MyPosts (photogram)'
2024-11-28 21:17:40.433 +01:00 [INF] Route matched with {action = "MyPosts", controller = "Post"}. Executing controller action with signature System.Threading.Tasks.Task`1[Microsoft.AspNetCore.Mvc.IActionResult] MyPosts(System.Nullable`1[System.Int32]) on controller photogram.Controllers.PostController (photogram).
2024-11-28 21:17:40.474 +01:00 [INF] Executing ViewResult, running view MyPosts.
2024-11-28 21:17:40.543 +01:00 [INF] Executed ViewResult - view MyPosts executed in 69.373ms.
2024-11-28 21:17:40.544 +01:00 [INF] Executed action photogram.Controllers.PostController.MyPosts (photogram) in 110.3205ms
2024-11-28 21:17:40.544 +01:00 [INF] Executed endpoint 'photogram.Controllers.PostController.MyPosts (photogram)'
2024-11-28 21:17:40.544 +01:00 [INF] Request finished HTTP/2 GET https://localhost:7162/Post/MyPosts - 200 null text/html; charset=utf-8 115.2441ms
