2024-11-29 09:49:44.887 +01:00 [INF] User profile is available. Using '/Users/yasminali/.aspnet/DataProtection-Keys' as key repository; keys will not be encrypted at rest.
2024-11-29 09:49:45.760 +01:00 [INF] Now listening on: https://localhost:7162
2024-11-29 09:49:45.766 +01:00 [INF] Now listening on: http://localhost:5000
2024-11-29 09:49:45.909 +01:00 [INF] Application started. Press Ctrl+C to shut down.
2024-11-29 09:49:45.922 +01:00 [INF] Hosting environment: Development
2024-11-29 09:49:45.930 +01:00 [INF] Content root path: /Users/yasminali/Downloads/photogram 6
2024-11-29 09:49:46.468 +01:00 [INF] Request starting HTTP/2 GET https://localhost:7162/ - null null
2024-11-29 09:49:46.551 +01:00 [INF] Executing endpoint 'photogram.Controllers.HomeController.Index (photogram)'
2024-11-29 09:49:46.588 +01:00 [INF] Route matched with {action = "Index", controller = "Home"}. Executing controller action with signature Microsoft.AspNetCore.Mvc.IActionResult Index() on controller photogram.Controllers.HomeController (photogram).
2024-11-29 09:49:46.630 +01:00 [INF] Executing ViewResult, running view Index.
2024-11-29 09:49:46.767 +01:00 [INF] Accessing expired session, Key:b89e8c98-6b40-71d0-2685-55dde9c16b1c
2024-11-29 09:49:46.797 +01:00 [INF] Executed ViewResult - view Index executed in 173.3171ms.
2024-11-29 09:49:46.804 +01:00 [INF] Executed action photogram.Controllers.HomeController.Index (photogram) in 213.6031ms
2024-11-29 09:49:46.804 +01:00 [INF] Executed endpoint 'photogram.Controllers.HomeController.Index (photogram)'
2024-11-29 09:49:46.837 +01:00 [INF] Request finished HTTP/2 GET https://localhost:7162/ - 200 null text/html; charset=utf-8 370.6727ms
2024-11-29 09:49:46.842 +01:00 [INF] Request starting HTTP/2 GET https://localhost:7162/css/layout.css - null null
2024-11-29 09:49:46.868 +01:00 [INF] The file /css/layout.css was not modified
2024-11-29 09:49:46.871 +01:00 [INF] Request finished HTTP/2 GET https://localhost:7162/css/layout.css - 304 null text/css 29.3459ms
2024-11-29 09:50:04.910 +01:00 [INF] Request starting HTTP/2 GET https://localhost:7162/User/Login - null null
2024-11-29 09:50:04.918 +01:00 [INF] Executing endpoint 'photogram.Controllers.UserController.Login (photogram)'
2024-11-29 09:50:04.922 +01:00 [INF] Route matched with {action = "Login", controller = "User"}. Executing controller action with signature Microsoft.AspNetCore.Mvc.IActionResult Login() on controller photogram.Controllers.UserController (photogram).
2024-11-29 09:50:04.991 +01:00 [INF] Executing ViewResult, running view Login.
2024-11-29 09:50:05.056 +01:00 [INF] Accessing expired session, Key:b89e8c98-6b40-71d0-2685-55dde9c16b1c
2024-11-29 09:50:05.067 +01:00 [INF] Executed ViewResult - view Login executed in 77.7945ms.
2024-11-29 09:50:05.068 +01:00 [INF] Executed action photogram.Controllers.UserController.Login (photogram) in 145.062ms
2024-11-29 09:50:05.068 +01:00 [INF] Executed endpoint 'photogram.Controllers.UserController.Login (photogram)'
2024-11-29 09:50:05.082 +01:00 [INF] Request finished HTTP/2 GET https://localhost:7162/User/Login - 200 null text/html; charset=utf-8 171.1947ms
2024-11-29 09:50:06.696 +01:00 [INF] Request starting HTTP/2 POST https://localhost:7162/User/Login - application/x-www-form-urlencoded 221
2024-11-29 09:50:06.701 +01:00 [INF] Executing endpoint 'photogram.Controllers.UserController.Login (photogram)'
2024-11-29 09:50:06.716 +01:00 [INF] Route matched with {action = "Login", controller = "User"}. Executing controller action with signature Microsoft.AspNetCore.Mvc.IActionResult Login(photogram.ViewModels.LoginViewModel) on controller photogram.Controllers.UserController (photogram).
2024-11-29 09:50:06.897 +01:00 [INF] Attempting to login
2024-11-29 09:50:07.336 +01:00 [INF] Accessing expired session, Key:b89e8c98-6b40-71d0-2685-55dde9c16b1c
2024-11-29 09:50:07.338 +01:00 [INF] Executing RedirectResult, redirecting to /.
2024-11-29 09:50:07.339 +01:00 [INF] Executed action photogram.Controllers.UserController.Login (photogram) in 622.206ms
2024-11-29 09:50:07.339 +01:00 [INF] Executed endpoint 'photogram.Controllers.UserController.Login (photogram)'
2024-11-29 09:50:07.346 +01:00 [INF] Session started; Key:b89e8c98-6b40-71d0-2685-55dde9c16b1c, Id:46dc806a-57d5-57a3-ec10-a569b278d8fe
2024-11-29 09:50:07.362 +01:00 [INF] Request starting HTTP/2 GET https://localhost:7162/ - null null
2024-11-29 09:50:07.362 +01:00 [INF] Executing endpoint 'photogram.Controllers.HomeController.Index (photogram)'
2024-11-29 09:50:07.363 +01:00 [INF] Route matched with {action = "Index", controller = "Home"}. Executing controller action with signature Microsoft.AspNetCore.Mvc.IActionResult Index() on controller photogram.Controllers.HomeController (photogram).
2024-11-29 09:50:07.364 +01:00 [INF] Executing ViewResult, running view Index.
2024-11-29 09:50:07.367 +01:00 [INF] Request finished HTTP/2 POST https://localhost:7162/User/Login - 302 0 null 671.4563ms
2024-11-29 09:50:07.450 +01:00 [INF] Executed ViewResult - view Index executed in 86.0768ms.
2024-11-29 09:50:07.452 +01:00 [INF] Executed action photogram.Controllers.HomeController.Index (photogram) in 89.2308ms
2024-11-29 09:50:07.452 +01:00 [INF] Executed endpoint 'photogram.Controllers.HomeController.Index (photogram)'
2024-11-29 09:50:07.453 +01:00 [INF] Request finished HTTP/2 GET https://localhost:7162/ - 200 null text/html; charset=utf-8 91.431ms
2024-11-29 09:50:10.029 +01:00 [INF] Request starting HTTP/2 GET https://localhost:7162/Home/Feed - null null
2024-11-29 09:50:10.030 +01:00 [INF] Executing endpoint 'photogram.Controllers.HomeController.Feed (photogram)'
2024-11-29 09:50:10.033 +01:00 [INF] Route matched with {action = "Feed", controller = "Home"}. Executing controller action with signature Microsoft.AspNetCore.Mvc.IActionResult Feed() on controller photogram.Controllers.HomeController (photogram).
2024-11-29 09:50:10.035 +01:00 [INF] Executing RedirectResult, redirecting to /Post/Feed.
2024-11-29 09:50:10.035 +01:00 [INF] Executed action photogram.Controllers.HomeController.Feed (photogram) in 1.6784ms
2024-11-29 09:50:10.036 +01:00 [INF] Executed endpoint 'photogram.Controllers.HomeController.Feed (photogram)'
2024-11-29 09:50:10.036 +01:00 [INF] Request finished HTTP/2 GET https://localhost:7162/Home/Feed - 302 0 null 7.0888ms
2024-11-29 09:50:10.073 +01:00 [INF] Request starting HTTP/2 GET https://localhost:7162/Post/Feed - null null
2024-11-29 09:50:10.074 +01:00 [INF] Executing endpoint 'photogram.Controllers.PostController.Feed (photogram)'
2024-11-29 09:50:10.082 +01:00 [INF] Route matched with {action = "Feed", controller = "Post"}. Executing controller action with signature System.Threading.Tasks.Task`1[Microsoft.AspNetCore.Mvc.IActionResult] Feed(System.Nullable`1[System.Int32], System.Nullable`1[System.Int32]) on controller photogram.Controllers.PostController (photogram).
2024-11-29 09:50:10.247 +01:00 [INF] Executing ViewResult, running view Feed.
2024-11-29 09:50:10.643 +01:00 [INF] Executed ViewResult - view Feed executed in 396.2732ms.
2024-11-29 09:50:10.667 +01:00 [INF] Executed action photogram.Controllers.PostController.Feed (photogram) in 583.9288ms
2024-11-29 09:50:10.667 +01:00 [INF] Executed endpoint 'photogram.Controllers.PostController.Feed (photogram)'
2024-11-29 09:50:10.676 +01:00 [INF] Request finished HTTP/2 GET https://localhost:7162/Post/Feed - 200 null text/html; charset=utf-8 627.1762ms
