2024-12-01 06:34:39.066 +01:00 [INF] User profile is available. Using '/Users/yasminali/.aspnet/DataProtection-Keys' as key repository; keys will not be encrypted at rest.
2024-12-01 06:34:39.762 +01:00 [INF] Now listening on: http://localhost:5001
2024-12-01 06:34:39.792 +01:00 [INF] Application started. Press Ctrl+C to shut down.
2024-12-01 06:34:39.812 +01:00 [INF] Hosting environment: Development
2024-12-01 06:34:39.813 +01:00 [INF] Content root path: /Users/yasminali/Desktop/ExamITPE3100/photogram7
2024-12-01 06:34:47.449 +01:00 [INF] Request starting HTTP/1.1 GET http://localhost:5001/ - null null
2024-12-01 06:34:47.472 +01:00 [WRN] Failed to determine the https port for redirect.
2024-12-01 06:34:47.603 +01:00 [INF] Executing endpoint 'photogram.Controllers.HomeController.Index (photogram)'
2024-12-01 06:34:47.646 +01:00 [INF] Route matched with {action = "Index", controller = "Home", page = "", area = ""}. Executing controller action with signature Microsoft.AspNetCore.Mvc.IActionResult Index() on controller photogram.Controllers.HomeController (photogram).
2024-12-01 06:34:47.716 +01:00 [INF] Executing ViewResult, running view Index.
2024-12-01 06:34:48.065 +01:00 [INF] Request starting HTTP/1.1 GET http://localhost:5001/css/layout.css - null null
2024-12-01 06:34:48.065 +01:00 [INF] Executed ViewResult - view Index executed in 350.964ms.
2024-12-01 06:34:48.096 +01:00 [INF] Executed action photogram.Controllers.HomeController.Index (photogram) in 445.6649ms
2024-12-01 06:34:48.096 +01:00 [INF] Executed endpoint 'photogram.Controllers.HomeController.Index (photogram)'
2024-12-01 06:34:48.129 +01:00 [INF] Request finished HTTP/1.1 GET http://localhost:5001/ - 200 null text/html; charset=utf-8 690.669ms
2024-12-01 06:34:48.159 +01:00 [INF] The file /css/layout.css was not modified
2024-12-01 06:34:48.164 +01:00 [INF] Request finished HTTP/1.1 GET http://localhost:5001/css/layout.css - 304 null text/css 100.1688ms
2024-12-01 06:34:50.556 +01:00 [INF] Request starting HTTP/1.1 GET http://localhost:5001/Identity/Account/Login - null null
2024-12-01 06:34:50.563 +01:00 [INF] Executing endpoint '/Account/Login'
2024-12-01 06:34:50.620 +01:00 [INF] Route matched with {page = "/Account/Login", area = "Identity", action = "", controller = ""}. Executing page /Account/Login
2024-12-01 06:34:50.667 +01:00 [INF] Executing handler method photogram.Areas.Identity.Pages.Account.LoginModel.OnGetAsync - ModelState is "Valid"
2024-12-01 06:34:50.690 +01:00 [INF] AuthenticationScheme: Identity.External signed out.
2024-12-01 06:34:50.695 +01:00 [INF] Executed handler method OnGetAsync, returned result .
2024-12-01 06:34:50.702 +01:00 [INF] Executing an implicit handler method - ModelState is "Valid"
2024-12-01 06:34:50.703 +01:00 [INF] Executed an implicit handler method, returned result Microsoft.AspNetCore.Mvc.RazorPages.PageResult.
2024-12-01 06:34:50.862 +01:00 [INF] Executed page /Account/Login in 239.8244ms
2024-12-01 06:34:50.864 +01:00 [INF] Executed endpoint '/Account/Login'
2024-12-01 06:34:50.868 +01:00 [INF] Request finished HTTP/1.1 GET http://localhost:5001/Identity/Account/Login - 200 null text/html; charset=utf-8 311.9461ms
2024-12-01 06:34:50.873 +01:00 [INF] Request starting HTTP/1.1 GET http://localhost:5001/lib/jquery-validation-unobtrusive/dist/jquery.validate.unobtrusive.min.js - null null
2024-12-01 06:34:50.939 +01:00 [INF] Request finished HTTP/1.1 GET http://localhost:5001/lib/jquery-validation-unobtrusive/dist/jquery.validate.unobtrusive.min.js - 404 0 null 66.0928ms
2024-12-01 06:34:50.980 +01:00 [INF] Request reached the end of the middleware pipeline without being handled by application code. Request path: GET http://localhost:5001/lib/jquery-validation-unobtrusive/dist/jquery.validate.unobtrusive.min.js, Response status code: 404
2024-12-01 06:35:07.933 +01:00 [INF] Request starting HTTP/1.1 POST http://localhost:5001/Identity/Account/Login - application/x-www-form-urlencoded 263
2024-12-01 06:35:07.954 +01:00 [INF] Executing endpoint '/Account/Login'
2024-12-01 06:35:07.956 +01:00 [INF] Route matched with {page = "/Account/Login", area = "Identity", action = "", controller = ""}. Executing page /Account/Login
2024-12-01 06:35:08.074 +01:00 [INF] Executing handler method photogram.Areas.Identity.Pages.Account.LoginModel.OnPostAsync - ModelState is "Valid"
2024-12-01 06:35:10.140 +01:00 [INF] AuthenticationScheme: Identity.Application signed in.
2024-12-01 06:35:10.141 +01:00 [INF] User logged in.
2024-12-01 06:35:10.144 +01:00 [INF] Executed handler method OnPostAsync, returned result Microsoft.AspNetCore.Mvc.LocalRedirectResult.
2024-12-01 06:35:10.149 +01:00 [INF] Executing LocalRedirectResult, redirecting to /.
2024-12-01 06:35:10.150 +01:00 [INF] Executed page /Account/Login in 2194.0192ms
2024-12-01 06:35:10.150 +01:00 [INF] Executed endpoint '/Account/Login'
2024-12-01 06:35:10.180 +01:00 [INF] Request finished HTTP/1.1 POST http://localhost:5001/Identity/Account/Login - 302 0 null 2247.7114ms
2024-12-01 06:35:10.181 +01:00 [INF] Request starting HTTP/1.1 GET http://localhost:5001/ - null null
2024-12-01 06:35:10.192 +01:00 [INF] Executing endpoint 'photogram.Controllers.HomeController.Index (photogram)'
2024-12-01 06:35:10.192 +01:00 [INF] Route matched with {action = "Index", controller = "Home", page = "", area = ""}. Executing controller action with signature Microsoft.AspNetCore.Mvc.IActionResult Index() on controller photogram.Controllers.HomeController (photogram).
2024-12-01 06:35:10.195 +01:00 [INF] Executing ViewResult, running view Index.
2024-12-01 06:35:10.211 +01:00 [INF] Executed ViewResult - view Index executed in 16.8991ms.
2024-12-01 06:35:10.212 +01:00 [INF] Executed action photogram.Controllers.HomeController.Index (photogram) in 19.2845ms
2024-12-01 06:35:10.212 +01:00 [INF] Executed endpoint 'photogram.Controllers.HomeController.Index (photogram)'
2024-12-01 06:35:10.212 +01:00 [INF] Request finished HTTP/1.1 GET http://localhost:5001/ - 200 null text/html; charset=utf-8 30.9204ms
2024-12-01 06:35:11.734 +01:00 [INF] Request starting HTTP/1.1 GET http://localhost:5001/Home/Feed - null null
2024-12-01 06:35:11.738 +01:00 [INF] Executing endpoint 'photogram.Controllers.HomeController.Feed (photogram)'
2024-12-01 06:35:11.742 +01:00 [INF] Route matched with {action = "Feed", controller = "Home", page = "", area = ""}. Executing controller action with signature Microsoft.AspNetCore.Mvc.IActionResult Feed() on controller photogram.Controllers.HomeController (photogram).
2024-12-01 06:35:11.748 +01:00 [INF] Executing RedirectResult, redirecting to /Post/Feed.
2024-12-01 06:35:11.748 +01:00 [INF] Executed action photogram.Controllers.HomeController.Feed (photogram) in 5.2008ms
2024-12-01 06:35:11.748 +01:00 [INF] Executed endpoint 'photogram.Controllers.HomeController.Feed (photogram)'
2024-12-01 06:35:11.748 +01:00 [INF] Request finished HTTP/1.1 GET http://localhost:5001/Home/Feed - 302 0 null 15.1532ms
2024-12-01 06:35:11.774 +01:00 [INF] Request starting HTTP/1.1 GET http://localhost:5001/Post/Feed - null null
2024-12-01 06:35:11.778 +01:00 [INF] Executing endpoint 'photogram.Controllers.PostController.Feed (photogram)'
2024-12-01 06:35:11.791 +01:00 [INF] Route matched with {action = "Feed", controller = "Post", page = "", area = ""}. Executing controller action with signature System.Threading.Tasks.Task`1[Microsoft.AspNetCore.Mvc.IActionResult] Feed(System.Nullable`1[System.Int32], System.Nullable`1[System.Int32]) on controller photogram.Controllers.PostController (photogram).
2024-12-01 06:35:11.895 +01:00 [INF] Executing ViewResult, running view Feed.
2024-12-01 06:35:12.509 +01:00 [INF] Executed ViewResult - view Feed executed in 615.0659ms.
2024-12-01 06:35:12.509 +01:00 [INF] Executed action photogram.Controllers.PostController.Feed (photogram) in 717.3183ms
2024-12-01 06:35:12.510 +01:00 [INF] Executed endpoint 'photogram.Controllers.PostController.Feed (photogram)'
2024-12-01 06:35:12.541 +01:00 [INF] Request finished HTTP/1.1 GET http://localhost:5001/Post/Feed - 200 null text/html; charset=utf-8 766.8678ms
2024-12-01 06:35:12.594 +01:00 [INF] Request starting HTTP/1.1 GET http://localhost:5001/uploads/f3185d25-5b64-42f3-9086-207feb10373f_bill.jpg - null null
2024-12-01 06:35:12.598 +01:00 [INF] The file /uploads/f3185d25-5b64-42f3-9086-207feb10373f_bill.jpg was not modified
2024-12-01 06:35:12.599 +01:00 [INF] Request finished HTTP/1.1 GET http://localhost:5001/uploads/f3185d25-5b64-42f3-9086-207feb10373f_bill.jpg - 304 null image/jpeg 5.6294ms
2024-12-01 06:35:12.598 +01:00 [INF] Request starting HTTP/1.1 GET http://localhost:5001/uploads/d5f308d6-5e29-4c51-ab51-946e5939f892_concert.jpg - null null
2024-12-01 06:35:12.600 +01:00 [INF] The file /uploads/d5f308d6-5e29-4c51-ab51-946e5939f892_concert.jpg was not modified
2024-12-01 06:35:12.601 +01:00 [INF] Request finished HTTP/1.1 GET http://localhost:5001/uploads/d5f308d6-5e29-4c51-ab51-946e5939f892_concert.jpg - 304 null image/jpeg 2.4229ms
2024-12-01 06:35:12.620 +01:00 [INF] Request starting HTTP/1.1 GET http://localhost:5001/uploads/2bd43492-f646-49b2-ac24-32a877d81fc2_picnic.png - null null
2024-12-01 06:35:12.620 +01:00 [INF] The file /uploads/2bd43492-f646-49b2-ac24-32a877d81fc2_picnic.png was not modified
2024-12-01 06:35:12.620 +01:00 [INF] Request finished HTTP/1.1 GET http://localhost:5001/uploads/2bd43492-f646-49b2-ac24-32a877d81fc2_picnic.png - 304 null image/png 1.5928ms
2024-12-01 06:35:12.643 +01:00 [INF] Request starting HTTP/1.1 GET http://localhost:5001/uploads/88ec321d-5692-4e79-9166-71c32aeac047_nature.jpg - null null
2024-12-01 06:35:12.644 +01:00 [INF] The file /uploads/88ec321d-5692-4e79-9166-71c32aeac047_nature.jpg was not modified
2024-12-01 06:35:12.644 +01:00 [INF] Request finished HTTP/1.1 GET http://localhost:5001/uploads/88ec321d-5692-4e79-9166-71c32aeac047_nature.jpg - 304 null image/jpeg 0.445ms
2024-12-01 06:35:12.648 +01:00 [INF] Request starting HTTP/1.1 GET http://localhost:5001/uploads/892b7245-916c-4e39-ad08-e1f509e45f50_view.jpg - null null
2024-12-01 06:35:12.648 +01:00 [INF] The file /uploads/892b7245-916c-4e39-ad08-e1f509e45f50_view.jpg was not modified
2024-12-01 06:35:12.651 +01:00 [INF] Request finished HTTP/1.1 GET http://localhost:5001/uploads/892b7245-916c-4e39-ad08-e1f509e45f50_view.jpg - 304 null image/jpeg 2.4449ms
2024-12-01 06:35:13.124 +01:00 [INF] Request starting HTTP/1.1 GET http://localhost:5001/images/recipes.jpg - null null
2024-12-01 06:35:13.124 +01:00 [INF] The file /images/recipes.jpg was not modified
2024-12-01 06:35:13.127 +01:00 [INF] Request finished HTTP/1.1 GET http://localhost:5001/images/recipes.jpg - 304 null image/jpeg 2.931ms
2024-12-01 06:35:15.757 +01:00 [INF] Request starting HTTP/1.1 POST http://localhost:5001/Comments/AddComment - application/x-www-form-urlencoded 244
2024-12-01 06:35:15.771 +01:00 [INF] Executing endpoint 'photogram.Controllers.CommentsController.AddComment (photogram)'
2024-12-01 06:35:15.780 +01:00 [INF] Route matched with {action = "AddComment", controller = "Comments", page = "", area = ""}. Executing controller action with signature System.Threading.Tasks.Task`1[Microsoft.AspNetCore.Mvc.IActionResult] AddComment(Int32, System.String) on controller photogram.Controllers.CommentsController (photogram).
2024-12-01 06:35:15.788 +01:00 [WRN] Attempted to add an empty comment for PostId 14.
2024-12-01 06:35:15.791 +01:00 [INF] Executing RedirectResult, redirecting to /Post/Feed?postId=14.
2024-12-01 06:35:15.804 +01:00 [INF] Executed action photogram.Controllers.CommentsController.AddComment (photogram) in 24.602ms
2024-12-01 06:35:15.805 +01:00 [INF] Executed endpoint 'photogram.Controllers.CommentsController.AddComment (photogram)'
2024-12-01 06:35:15.806 +01:00 [INF] Request finished HTTP/1.1 POST http://localhost:5001/Comments/AddComment - 302 0 null 47.9045ms
2024-12-01 06:35:15.817 +01:00 [INF] Request starting HTTP/1.1 GET http://localhost:5001/Post/Feed?postId=14 - null null
2024-12-01 06:35:15.826 +01:00 [INF] Executing endpoint 'photogram.Controllers.PostController.Feed (photogram)'
2024-12-01 06:35:15.826 +01:00 [INF] Route matched with {action = "Feed", controller = "Post", page = "", area = ""}. Executing controller action with signature System.Threading.Tasks.Task`1[Microsoft.AspNetCore.Mvc.IActionResult] Feed(System.Nullable`1[System.Int32], System.Nullable`1[System.Int32]) on controller photogram.Controllers.PostController (photogram).
2024-12-01 06:35:15.842 +01:00 [INF] Executing ViewResult, running view Feed.
2024-12-01 06:35:15.885 +01:00 [INF] Executed ViewResult - view Feed executed in 42.5767ms.
2024-12-01 06:35:15.885 +01:00 [INF] Executed action photogram.Controllers.PostController.Feed (photogram) in 58.849ms
2024-12-01 06:35:15.885 +01:00 [INF] Executed endpoint 'photogram.Controllers.PostController.Feed (photogram)'
2024-12-01 06:35:15.890 +01:00 [INF] Request finished HTTP/1.1 GET http://localhost:5001/Post/Feed?postId=14 - 200 null text/html; charset=utf-8 69.0749ms
2024-12-01 06:35:43.586 +01:00 [INF] Request starting HTTP/1.1 POST http://localhost:5001/Comments/AddComment - application/x-www-form-urlencoded 252
2024-12-01 06:35:43.595 +01:00 [INF] Executing endpoint 'photogram.Controllers.CommentsController.AddComment (photogram)'
2024-12-01 06:35:43.596 +01:00 [INF] Route matched with {action = "AddComment", controller = "Comments", page = "", area = ""}. Executing controller action with signature System.Threading.Tasks.Task`1[Microsoft.AspNetCore.Mvc.IActionResult] AddComment(Int32, System.String) on controller photogram.Controllers.CommentsController (photogram).
2024-12-01 06:35:43.859 +01:00 [INF] Comment successfully added for PostId 4 by User potet@gmail.com.
2024-12-01 06:35:43.860 +01:00 [INF] Executing RedirectResult, redirecting to /Post/Feed.
2024-12-01 06:35:43.860 +01:00 [INF] Executed action photogram.Controllers.CommentsController.AddComment (photogram) in 264.1414ms
2024-12-01 06:35:43.860 +01:00 [INF] Executed endpoint 'photogram.Controllers.CommentsController.AddComment (photogram)'
2024-12-01 06:35:43.860 +01:00 [INF] Request finished HTTP/1.1 POST http://localhost:5001/Comments/AddComment - 302 0 null 274.3894ms
2024-12-01 06:35:43.874 +01:00 [INF] Request starting HTTP/1.1 GET http://localhost:5001/Post/Feed - null null
2024-12-01 06:35:43.875 +01:00 [INF] Executing endpoint 'photogram.Controllers.PostController.Feed (photogram)'
2024-12-01 06:35:43.875 +01:00 [INF] Route matched with {action = "Feed", controller = "Post", page = "", area = ""}. Executing controller action with signature System.Threading.Tasks.Task`1[Microsoft.AspNetCore.Mvc.IActionResult] Feed(System.Nullable`1[System.Int32], System.Nullable`1[System.Int32]) on controller photogram.Controllers.PostController (photogram).
2024-12-01 06:35:43.878 +01:00 [INF] Executing ViewResult, running view Feed.
2024-12-01 06:35:43.905 +01:00 [INF] Executed ViewResult - view Feed executed in 27.4232ms.
2024-12-01 06:35:43.905 +01:00 [INF] Executed action photogram.Controllers.PostController.Feed (photogram) in 29.9782ms
2024-12-01 06:35:43.906 +01:00 [INF] Executed endpoint 'photogram.Controllers.PostController.Feed (photogram)'
2024-12-01 06:35:43.908 +01:00 [INF] Request finished HTTP/1.1 GET http://localhost:5001/Post/Feed - 200 null text/html; charset=utf-8 34.4283ms
2024-12-01 06:35:59.466 +01:00 [INF] Request starting HTTP/1.1 POST http://localhost:5001/Comments/EditComment - application/x-www-form-urlencoded 247
2024-12-01 06:35:59.480 +01:00 [INF] Executing endpoint 'photogram.Controllers.CommentsController.EditComment (photogram)'
2024-12-01 06:35:59.487 +01:00 [INF] Route matched with {action = "EditComment", controller = "Comments", page = "", area = ""}. Executing controller action with signature System.Threading.Tasks.Task`1[Microsoft.AspNetCore.Mvc.IActionResult] EditComment(Int32, System.String) on controller photogram.Controllers.CommentsController (photogram).
2024-12-01 06:35:59.494 +01:00 [WRN] Attempted to save an empty comment for CommentId 16.
2024-12-01 06:35:59.498 +01:00 [INF] Executing RedirectResult, redirecting to /Post/Feed?editingCommentId=16.
2024-12-01 06:35:59.498 +01:00 [INF] Executed action photogram.Controllers.CommentsController.EditComment (photogram) in 11.2041ms
2024-12-01 06:35:59.498 +01:00 [INF] Executed endpoint 'photogram.Controllers.CommentsController.EditComment (photogram)'
2024-12-01 06:35:59.500 +01:00 [INF] Request finished HTTP/1.1 POST http://localhost:5001/Comments/EditComment - 302 0 null 33.8051ms
2024-12-01 06:35:59.518 +01:00 [INF] Request starting HTTP/1.1 GET http://localhost:5001/Post/Feed?editingCommentId=16 - null null
2024-12-01 06:35:59.519 +01:00 [INF] Executing endpoint 'photogram.Controllers.PostController.Feed (photogram)'
2024-12-01 06:35:59.519 +01:00 [INF] Route matched with {action = "Feed", controller = "Post", page = "", area = ""}. Executing controller action with signature System.Threading.Tasks.Task`1[Microsoft.AspNetCore.Mvc.IActionResult] Feed(System.Nullable`1[System.Int32], System.Nullable`1[System.Int32]) on controller photogram.Controllers.PostController (photogram).
2024-12-01 06:35:59.528 +01:00 [INF] Executing ViewResult, running view Feed.
2024-12-01 06:35:59.552 +01:00 [INF] Executed ViewResult - view Feed executed in 24.2492ms.
2024-12-01 06:35:59.552 +01:00 [INF] Executed action photogram.Controllers.PostController.Feed (photogram) in 32.496ms
2024-12-01 06:35:59.552 +01:00 [INF] Executed endpoint 'photogram.Controllers.PostController.Feed (photogram)'
2024-12-01 06:35:59.552 +01:00 [INF] Request finished HTTP/1.1 GET http://localhost:5001/Post/Feed?editingCommentId=16 - 200 null text/html; charset=utf-8 33.792ms
2024-12-01 06:36:05.620 +01:00 [INF] Request starting HTTP/1.1 GET http://localhost:5001/Post/MyPosts - null null
2024-12-01 06:36:05.623 +01:00 [INF] Executing endpoint 'photogram.Controllers.PostController.MyPosts (photogram)'
2024-12-01 06:36:05.633 +01:00 [INF] Route matched with {action = "MyPosts", controller = "Post", page = "", area = ""}. Executing controller action with signature System.Threading.Tasks.Task`1[Microsoft.AspNetCore.Mvc.IActionResult] MyPosts(System.Nullable`1[System.Int32]) on controller photogram.Controllers.PostController (photogram).
2024-12-01 06:36:05.736 +01:00 [INF] Executing ViewResult, running view MyPosts.
2024-12-01 06:36:05.780 +01:00 [INF] Executed ViewResult - view MyPosts executed in 44.8534ms.
2024-12-01 06:36:05.781 +01:00 [INF] Executed action photogram.Controllers.PostController.MyPosts (photogram) in 147.8589ms
2024-12-01 06:36:05.781 +01:00 [INF] Executed endpoint 'photogram.Controllers.PostController.MyPosts (photogram)'
2024-12-01 06:36:05.781 +01:00 [INF] Request finished HTTP/1.1 GET http://localhost:5001/Post/MyPosts - 200 null text/html; charset=utf-8 160.6271ms
2024-12-01 06:36:08.342 +01:00 [INF] Request starting HTTP/1.1 POST http://localhost:5001/Post/DeletePost - application/x-www-form-urlencoded 231
2024-12-01 06:36:08.345 +01:00 [INF] Executing endpoint 'photogram.Controllers.PostController.DeletePost (photogram)'
2024-12-01 06:36:08.360 +01:00 [INF] Route matched with {action = "DeletePost", controller = "Post", page = "", area = ""}. Executing controller action with signature System.Threading.Tasks.Task`1[Microsoft.AspNetCore.Mvc.IActionResult] DeletePost(Int32) on controller photogram.Controllers.PostController (photogram).
2024-12-01 06:36:08.427 +01:00 [INF] Executing RedirectResult, redirecting to /Post/MyPosts.
2024-12-01 06:36:08.428 +01:00 [INF] Executed action photogram.Controllers.PostController.DeletePost (photogram) in 66.9824ms
2024-12-01 06:36:08.428 +01:00 [INF] Executed endpoint 'photogram.Controllers.PostController.DeletePost (photogram)'
2024-12-01 06:36:08.428 +01:00 [INF] Request finished HTTP/1.1 POST http://localhost:5001/Post/DeletePost - 302 0 null 85.8815ms
2024-12-01 06:36:08.466 +01:00 [INF] Request starting HTTP/1.1 GET http://localhost:5001/Post/MyPosts - null null
2024-12-01 06:36:08.467 +01:00 [INF] Executing endpoint 'photogram.Controllers.PostController.MyPosts (photogram)'
2024-12-01 06:36:08.467 +01:00 [INF] Route matched with {action = "MyPosts", controller = "Post", page = "", area = ""}. Executing controller action with signature System.Threading.Tasks.Task`1[Microsoft.AspNetCore.Mvc.IActionResult] MyPosts(System.Nullable`1[System.Int32]) on controller photogram.Controllers.PostController (photogram).
2024-12-01 06:36:08.469 +01:00 [INF] Executing ViewResult, running view MyPosts.
2024-12-01 06:36:08.470 +01:00 [INF] Executed ViewResult - view MyPosts executed in 1.2786ms.
2024-12-01 06:36:08.470 +01:00 [INF] Executed action photogram.Controllers.PostController.MyPosts (photogram) in 2.862ms
2024-12-01 06:36:08.470 +01:00 [INF] Executed endpoint 'photogram.Controllers.PostController.MyPosts (photogram)'
2024-12-01 06:36:08.470 +01:00 [INF] Request finished HTTP/1.1 GET http://localhost:5001/Post/MyPosts - 200 null text/html; charset=utf-8 4.778ms
2024-12-01 06:36:09.944 +01:00 [INF] Request starting HTTP/1.1 GET http://localhost:5001/Post/CreatePost - null null
2024-12-01 06:36:09.945 +01:00 [INF] Executing endpoint 'photogram.Controllers.PostController.CreatePost (photogram)'
2024-12-01 06:36:09.947 +01:00 [INF] Route matched with {action = "CreatePost", controller = "Post", page = "", area = ""}. Executing controller action with signature Microsoft.AspNetCore.Mvc.IActionResult CreatePost() on controller photogram.Controllers.PostController (photogram).
2024-12-01 06:36:09.949 +01:00 [INF] Executing ViewResult, running view CreatePost.
2024-12-01 06:36:09.979 +01:00 [INF] Executed ViewResult - view CreatePost executed in 31.8528ms.
2024-12-01 06:36:09.980 +01:00 [INF] Executed action photogram.Controllers.PostController.CreatePost (photogram) in 32.2902ms
2024-12-01 06:36:09.980 +01:00 [INF] Executed endpoint 'photogram.Controllers.PostController.CreatePost (photogram)'
2024-12-01 06:36:09.980 +01:00 [INF] Request finished HTTP/1.1 GET http://localhost:5001/Post/CreatePost - 200 null text/html; charset=utf-8 36.1174ms
2024-12-01 06:36:12.405 +01:00 [INF] Request starting HTTP/1.1 POST http://localhost:5001/Post/CreatePost - multipart/form-data; boundary=----WebKitFormBoundaryuGpOVuFTDlbWa58s 594
2024-12-01 06:36:12.408 +01:00 [INF] Executing endpoint 'photogram.Controllers.PostController.CreatePost (photogram)'
2024-12-01 06:36:12.420 +01:00 [INF] Route matched with {action = "CreatePost", controller = "Post", page = "", area = ""}. Executing controller action with signature System.Threading.Tasks.Task`1[Microsoft.AspNetCore.Mvc.IActionResult] CreatePost(photogram.Models.CreatePostModel) on controller photogram.Controllers.PostController (photogram).
2024-12-01 06:36:12.465 +01:00 [INF] Creating a new post in PostController
2024-12-01 06:36:12.465 +01:00 [WRN] Invalid model state while creating a post.
2024-12-01 06:36:12.465 +01:00 [INF] Executing ViewResult, running view CreatePost.
2024-12-01 06:36:12.469 +01:00 [INF] Executed ViewResult - view CreatePost executed in 4.0262ms.
2024-12-01 06:36:12.469 +01:00 [INF] Executed action photogram.Controllers.PostController.CreatePost (photogram) in 49.3636ms
2024-12-01 06:36:12.470 +01:00 [INF] Executed endpoint 'photogram.Controllers.PostController.CreatePost (photogram)'
2024-12-01 06:36:12.470 +01:00 [INF] Request finished HTTP/1.1 POST http://localhost:5001/Post/CreatePost - 200 null text/html; charset=utf-8 64.4176ms
2024-12-01 06:36:22.814 +01:00 [INF] Request starting HTTP/1.1 POST http://localhost:5001/Post/CreatePost - multipart/form-data; boundary=----WebKitFormBoundaryTjd1yzWN4N8G6G59 601
2024-12-01 06:36:22.816 +01:00 [INF] Executing endpoint 'photogram.Controllers.PostController.CreatePost (photogram)'
2024-12-01 06:36:22.816 +01:00 [INF] Route matched with {action = "CreatePost", controller = "Post", page = "", area = ""}. Executing controller action with signature System.Threading.Tasks.Task`1[Microsoft.AspNetCore.Mvc.IActionResult] CreatePost(photogram.Models.CreatePostModel) on controller photogram.Controllers.PostController (photogram).
2024-12-01 06:36:22.817 +01:00 [INF] Creating a new post in PostController
2024-12-01 06:36:22.836 +01:00 [INF] Executing RedirectResult, redirecting to /Post/MyPosts.
2024-12-01 06:36:22.836 +01:00 [INF] Executed action photogram.Controllers.PostController.CreatePost (photogram) in 19.6832ms
2024-12-01 06:36:22.836 +01:00 [INF] Executed endpoint 'photogram.Controllers.PostController.CreatePost (photogram)'
2024-12-01 06:36:22.836 +01:00 [INF] Request finished HTTP/1.1 POST http://localhost:5001/Post/CreatePost - 302 0 null 22.6431ms
2024-12-01 06:36:22.849 +01:00 [INF] Request starting HTTP/1.1 GET http://localhost:5001/Post/MyPosts - null null
2024-12-01 06:36:22.850 +01:00 [INF] Executing endpoint 'photogram.Controllers.PostController.MyPosts (photogram)'
2024-12-01 06:36:22.850 +01:00 [INF] Route matched with {action = "MyPosts", controller = "Post", page = "", area = ""}. Executing controller action with signature System.Threading.Tasks.Task`1[Microsoft.AspNetCore.Mvc.IActionResult] MyPosts(System.Nullable`1[System.Int32]) on controller photogram.Controllers.PostController (photogram).
2024-12-01 06:36:22.854 +01:00 [INF] Executing ViewResult, running view MyPosts.
2024-12-01 06:36:22.855 +01:00 [INF] Executed ViewResult - view MyPosts executed in 1.1715ms.
2024-12-01 06:36:22.855 +01:00 [INF] Executed action photogram.Controllers.PostController.MyPosts (photogram) in 5.1613ms
2024-12-01 06:36:22.855 +01:00 [INF] Executed endpoint 'photogram.Controllers.PostController.MyPosts (photogram)'
2024-12-01 06:36:22.855 +01:00 [INF] Request finished HTTP/1.1 GET http://localhost:5001/Post/MyPosts - 200 null text/html; charset=utf-8 6.523ms
2024-12-01 06:36:24.811 +01:00 [INF] Request starting HTTP/1.1 GET http://localhost:5001/Post/EditPost/15 - null null
2024-12-01 06:36:24.813 +01:00 [INF] Executing endpoint 'photogram.Controllers.PostController.EditPost (photogram)'
2024-12-01 06:36:24.818 +01:00 [INF] Route matched with {action = "EditPost", controller = "Post", page = "", area = ""}. Executing controller action with signature System.Threading.Tasks.Task`1[Microsoft.AspNetCore.Mvc.IActionResult] EditPost(Int32) on controller photogram.Controllers.PostController (photogram).
2024-12-01 06:36:24.820 +01:00 [INF] EditPost GET called with ID: 15
2024-12-01 06:36:24.823 +01:00 [INF] Executing RedirectResult, redirecting to /Post/MyPosts?editingPostId=15.
2024-12-01 06:36:24.823 +01:00 [INF] Executed action photogram.Controllers.PostController.EditPost (photogram) in 4.5526ms
2024-12-01 06:36:24.823 +01:00 [INF] Executed endpoint 'photogram.Controllers.PostController.EditPost (photogram)'
2024-12-01 06:36:24.823 +01:00 [INF] Request finished HTTP/1.1 GET http://localhost:5001/Post/EditPost/15 - 302 0 null 11.8775ms
2024-12-01 06:36:24.836 +01:00 [INF] Request starting HTTP/1.1 GET http://localhost:5001/Post/MyPosts?editingPostId=15 - null null
2024-12-01 06:36:24.837 +01:00 [INF] Executing endpoint 'photogram.Controllers.PostController.MyPosts (photogram)'
2024-12-01 06:36:24.837 +01:00 [INF] Route matched with {action = "MyPosts", controller = "Post", page = "", area = ""}. Executing controller action with signature System.Threading.Tasks.Task`1[Microsoft.AspNetCore.Mvc.IActionResult] MyPosts(System.Nullable`1[System.Int32]) on controller photogram.Controllers.PostController (photogram).
2024-12-01 06:36:24.842 +01:00 [INF] Executing ViewResult, running view MyPosts.
2024-12-01 06:36:24.887 +01:00 [INF] Executed ViewResult - view MyPosts executed in 44.9876ms.
2024-12-01 06:36:24.887 +01:00 [INF] Executed action photogram.Controllers.PostController.MyPosts (photogram) in 50.0941ms
2024-12-01 06:36:24.888 +01:00 [INF] Executed endpoint 'photogram.Controllers.PostController.MyPosts (photogram)'
2024-12-01 06:36:24.888 +01:00 [INF] Request finished HTTP/1.1 GET http://localhost:5001/Post/MyPosts?editingPostId=15 - 200 null text/html; charset=utf-8 51.2745ms
2024-12-01 06:36:27.627 +01:00 [INF] Request starting HTTP/1.1 POST http://localhost:5001/Post/UpdatePost - application/x-www-form-urlencoded 240
2024-12-01 06:36:27.631 +01:00 [INF] Executing endpoint 'photogram.Controllers.PostController.UpdatePost (photogram)'
2024-12-01 06:36:27.638 +01:00 [INF] Route matched with {action = "UpdatePost", controller = "Post", page = "", area = ""}. Executing controller action with signature System.Threading.Tasks.Task`1[Microsoft.AspNetCore.Mvc.IActionResult] UpdatePost(photogram.Models.UpdatePostRequestModel) on controller photogram.Controllers.PostController (photogram).
2024-12-01 06:36:27.645 +01:00 [INF] UpdatePost called for post ID: 15
2024-12-01 06:36:27.645 +01:00 [INF] Executing RedirectResult, redirecting to /Post/MyPosts?editingPostId=15.
2024-12-01 06:36:27.646 +01:00 [INF] Executed action photogram.Controllers.PostController.UpdatePost (photogram) in 7.6138ms
2024-12-01 06:36:27.646 +01:00 [INF] Executed endpoint 'photogram.Controllers.PostController.UpdatePost (photogram)'
2024-12-01 06:36:27.646 +01:00 [INF] Request finished HTTP/1.1 POST http://localhost:5001/Post/UpdatePost - 302 0 null 19.4501ms
2024-12-01 06:36:27.656 +01:00 [INF] Request starting HTTP/1.1 GET http://localhost:5001/Post/MyPosts?editingPostId=15 - null null
2024-12-01 06:36:27.657 +01:00 [INF] Executing endpoint 'photogram.Controllers.PostController.MyPosts (photogram)'
2024-12-01 06:36:27.657 +01:00 [INF] Route matched with {action = "MyPosts", controller = "Post", page = "", area = ""}. Executing controller action with signature System.Threading.Tasks.Task`1[Microsoft.AspNetCore.Mvc.IActionResult] MyPosts(System.Nullable`1[System.Int32]) on controller photogram.Controllers.PostController (photogram).
2024-12-01 06:36:27.660 +01:00 [INF] Executing ViewResult, running view MyPosts.
2024-12-01 06:36:27.665 +01:00 [INF] Executed ViewResult - view MyPosts executed in 4.8587ms.
2024-12-01 06:36:27.665 +01:00 [INF] Executed action photogram.Controllers.PostController.MyPosts (photogram) in 8.2329ms
2024-12-01 06:36:27.665 +01:00 [INF] Executed endpoint 'photogram.Controllers.PostController.MyPosts (photogram)'
2024-12-01 06:36:27.665 +01:00 [INF] Request finished HTTP/1.1 GET http://localhost:5001/Post/MyPosts?editingPostId=15 - 200 null text/html; charset=utf-8 9.2563ms
2024-12-01 06:36:30.812 +01:00 [INF] Request starting HTTP/1.1 POST http://localhost:5001/Post/UpdatePost - application/x-www-form-urlencoded 240
2024-12-01 06:36:30.813 +01:00 [INF] Executing endpoint 'photogram.Controllers.PostController.UpdatePost (photogram)'
2024-12-01 06:36:30.814 +01:00 [INF] Route matched with {action = "UpdatePost", controller = "Post", page = "", area = ""}. Executing controller action with signature System.Threading.Tasks.Task`1[Microsoft.AspNetCore.Mvc.IActionResult] UpdatePost(photogram.Models.UpdatePostRequestModel) on controller photogram.Controllers.PostController (photogram).
2024-12-01 06:36:30.816 +01:00 [INF] UpdatePost called for post ID: 15
2024-12-01 06:36:30.816 +01:00 [INF] Executing RedirectResult, redirecting to /Post/MyPosts?editingPostId=15.
2024-12-01 06:36:30.816 +01:00 [INF] Executed action photogram.Controllers.PostController.UpdatePost (photogram) in 2.0228ms
2024-12-01 06:36:30.816 +01:00 [INF] Executed endpoint 'photogram.Controllers.PostController.UpdatePost (photogram)'
2024-12-01 06:36:30.816 +01:00 [INF] Request finished HTTP/1.1 POST http://localhost:5001/Post/UpdatePost - 302 0 null 4.3053ms
2024-12-01 06:36:30.832 +01:00 [INF] Request starting HTTP/1.1 GET http://localhost:5001/Post/MyPosts?editingPostId=15 - null null
2024-12-01 06:36:30.832 +01:00 [INF] Executing endpoint 'photogram.Controllers.PostController.MyPosts (photogram)'
2024-12-01 06:36:30.832 +01:00 [INF] Route matched with {action = "MyPosts", controller = "Post", page = "", area = ""}. Executing controller action with signature System.Threading.Tasks.Task`1[Microsoft.AspNetCore.Mvc.IActionResult] MyPosts(System.Nullable`1[System.Int32]) on controller photogram.Controllers.PostController (photogram).
2024-12-01 06:36:30.834 +01:00 [INF] Executing ViewResult, running view MyPosts.
2024-12-01 06:36:30.836 +01:00 [INF] Executed ViewResult - view MyPosts executed in 1.2416ms.
2024-12-01 06:36:30.836 +01:00 [INF] Executed action photogram.Controllers.PostController.MyPosts (photogram) in 3.1881ms
2024-12-01 06:36:30.836 +01:00 [INF] Executed endpoint 'photogram.Controllers.PostController.MyPosts (photogram)'
2024-12-01 06:36:30.836 +01:00 [INF] Request finished HTTP/1.1 GET http://localhost:5001/Post/MyPosts?editingPostId=15 - 200 null text/html; charset=utf-8 4.6831ms
2024-12-01 06:36:32.542 +01:00 [INF] Request starting HTTP/1.1 GET http://localhost:5001/Post/MyPosts - null null
2024-12-01 06:36:32.544 +01:00 [INF] Executing endpoint 'photogram.Controllers.PostController.MyPosts (photogram)'
2024-12-01 06:36:32.544 +01:00 [INF] Route matched with {action = "MyPosts", controller = "Post", page = "", area = ""}. Executing controller action with signature System.Threading.Tasks.Task`1[Microsoft.AspNetCore.Mvc.IActionResult] MyPosts(System.Nullable`1[System.Int32]) on controller photogram.Controllers.PostController (photogram).
2024-12-01 06:36:32.547 +01:00 [INF] Executing ViewResult, running view MyPosts.
2024-12-01 06:36:32.548 +01:00 [INF] Executed ViewResult - view MyPosts executed in 1.0031ms.
2024-12-01 06:36:32.548 +01:00 [INF] Executed action photogram.Controllers.PostController.MyPosts (photogram) in 3.3313ms
2024-12-01 06:36:32.548 +01:00 [INF] Executed endpoint 'photogram.Controllers.PostController.MyPosts (photogram)'
2024-12-01 06:36:32.548 +01:00 [INF] Request finished HTTP/1.1 GET http://localhost:5001/Post/MyPosts - 200 null text/html; charset=utf-8 5.9589ms
2024-12-01 06:36:35.225 +01:00 [INF] Request starting HTTP/1.1 POST http://localhost:5001/Post/DeletePost - application/x-www-form-urlencoded 231
2024-12-01 06:36:35.228 +01:00 [INF] Executing endpoint 'photogram.Controllers.PostController.DeletePost (photogram)'
2024-12-01 06:36:35.228 +01:00 [INF] Route matched with {action = "DeletePost", controller = "Post", page = "", area = ""}. Executing controller action with signature System.Threading.Tasks.Task`1[Microsoft.AspNetCore.Mvc.IActionResult] DeletePost(Int32) on controller photogram.Controllers.PostController (photogram).
2024-12-01 06:36:35.235 +01:00 [INF] Executing RedirectResult, redirecting to /Post/MyPosts.
2024-12-01 06:36:35.235 +01:00 [INF] Executed action photogram.Controllers.PostController.DeletePost (photogram) in 7.5474ms
2024-12-01 06:36:35.236 +01:00 [INF] Executed endpoint 'photogram.Controllers.PostController.DeletePost (photogram)'
2024-12-01 06:36:35.236 +01:00 [INF] Request finished HTTP/1.1 POST http://localhost:5001/Post/DeletePost - 302 0 null 10.8724ms
2024-12-01 06:36:35.254 +01:00 [INF] Request starting HTTP/1.1 GET http://localhost:5001/Post/MyPosts - null null
2024-12-01 06:36:35.255 +01:00 [INF] Executing endpoint 'photogram.Controllers.PostController.MyPosts (photogram)'
2024-12-01 06:36:35.256 +01:00 [INF] Route matched with {action = "MyPosts", controller = "Post", page = "", area = ""}. Executing controller action with signature System.Threading.Tasks.Task`1[Microsoft.AspNetCore.Mvc.IActionResult] MyPosts(System.Nullable`1[System.Int32]) on controller photogram.Controllers.PostController (photogram).
2024-12-01 06:36:35.266 +01:00 [INF] Executing ViewResult, running view MyPosts.
2024-12-01 06:36:35.267 +01:00 [INF] Executed ViewResult - view MyPosts executed in 1.5698ms.
2024-12-01 06:36:35.267 +01:00 [INF] Executed action photogram.Controllers.PostController.MyPosts (photogram) in 10.8155ms
2024-12-01 06:36:35.267 +01:00 [INF] Executed endpoint 'photogram.Controllers.PostController.MyPosts (photogram)'
2024-12-01 06:36:35.268 +01:00 [INF] Request finished HTTP/1.1 GET http://localhost:5001/Post/MyPosts - 200 null text/html; charset=utf-8 13.9964ms
2024-12-01 06:36:36.491 +01:00 [INF] Request starting HTTP/1.1 GET http://localhost:5001/Home/Feed - null null
2024-12-01 06:36:36.497 +01:00 [INF] Executing endpoint 'photogram.Controllers.HomeController.Feed (photogram)'
2024-12-01 06:36:36.498 +01:00 [INF] Route matched with {action = "Feed", controller = "Home", page = "", area = ""}. Executing controller action with signature Microsoft.AspNetCore.Mvc.IActionResult Feed() on controller photogram.Controllers.HomeController (photogram).
2024-12-01 06:36:36.498 +01:00 [INF] Executing RedirectResult, redirecting to /Post/Feed.
2024-12-01 06:36:36.498 +01:00 [INF] Executed action photogram.Controllers.HomeController.Feed (photogram) in 0.2168ms
2024-12-01 06:36:36.498 +01:00 [INF] Executed endpoint 'photogram.Controllers.HomeController.Feed (photogram)'
2024-12-01 06:36:36.498 +01:00 [INF] Request finished HTTP/1.1 GET http://localhost:5001/Home/Feed - 302 0 null 7.332ms
2024-12-01 06:36:36.514 +01:00 [INF] Request starting HTTP/1.1 GET http://localhost:5001/Post/Feed - null null
2024-12-01 06:36:36.515 +01:00 [INF] Executing endpoint 'photogram.Controllers.PostController.Feed (photogram)'
2024-12-01 06:36:36.515 +01:00 [INF] Route matched with {action = "Feed", controller = "Post", page = "", area = ""}. Executing controller action with signature System.Threading.Tasks.Task`1[Microsoft.AspNetCore.Mvc.IActionResult] Feed(System.Nullable`1[System.Int32], System.Nullable`1[System.Int32]) on controller photogram.Controllers.PostController (photogram).
2024-12-01 06:36:36.518 +01:00 [INF] Executing ViewResult, running view Feed.
2024-12-01 06:36:36.552 +01:00 [INF] Executed ViewResult - view Feed executed in 33.2086ms.
2024-12-01 06:36:36.553 +01:00 [INF] Executed action photogram.Controllers.PostController.Feed (photogram) in 36.904ms
2024-12-01 06:36:36.553 +01:00 [INF] Executed endpoint 'photogram.Controllers.PostController.Feed (photogram)'
2024-12-01 06:36:36.553 +01:00 [INF] Request finished HTTP/1.1 GET http://localhost:5001/Post/Feed - 200 null text/html; charset=utf-8 38.5424ms
2024-12-01 06:36:36.596 +01:00 [INF] Request starting HTTP/1.1 GET http://localhost:5001/images/sunset.jpg - null null
2024-12-01 06:36:36.683 +01:00 [INF] Sending file. Request path: '/images/sunset.jpg'. Physical path: '/Users/yasminali/Desktop/ExamITPE3100/photogram7/wwwroot/images/sunset.jpg'
2024-12-01 06:36:36.685 +01:00 [INF] Request finished HTTP/1.1 GET http://localhost:5001/images/sunset.jpg - 200 524096 image/jpeg 88.613ms
2024-12-01 06:36:42.445 +01:00 [INF] Request starting HTTP/1.1 POST http://localhost:5001/Identity/Account/Logout?returnUrl=%2F - application/x-www-form-urlencoded 225
2024-12-01 06:36:42.447 +01:00 [INF] Executing endpoint '/Account/Logout'
2024-12-01 06:36:42.454 +01:00 [INF] Route matched with {page = "/Account/Logout", area = "Identity", action = "", controller = ""}. Executing page /Account/Logout
2024-12-01 06:36:42.455 +01:00 [INF] Executing handler method photogram.Areas.Identity.Pages.Account.LogoutModel.OnPost - ModelState is "Valid"
2024-12-01 06:36:42.458 +01:00 [INF] AuthenticationScheme: Identity.Application signed out.
2024-12-01 06:36:42.458 +01:00 [INF] AuthenticationScheme: Identity.External signed out.
2024-12-01 06:36:42.459 +01:00 [INF] AuthenticationScheme: Identity.TwoFactorUserId signed out.
2024-12-01 06:36:42.460 +01:00 [INF] User logged out.
2024-12-01 06:36:42.461 +01:00 [INF] Executed handler method OnPost, returned result Microsoft.AspNetCore.Mvc.LocalRedirectResult.
2024-12-01 06:36:42.461 +01:00 [INF] Executing LocalRedirectResult, redirecting to /.
2024-12-01 06:36:42.461 +01:00 [INF] Executed page /Account/Logout in 7.4286ms
2024-12-01 06:36:42.462 +01:00 [INF] Executed endpoint '/Account/Logout'
2024-12-01 06:36:42.463 +01:00 [INF] Request finished HTTP/1.1 POST http://localhost:5001/Identity/Account/Logout?returnUrl=%2F - 302 0 null 17.8542ms
2024-12-01 06:36:42.474 +01:00 [INF] Request starting HTTP/1.1 GET http://localhost:5001/ - null null
2024-12-01 06:36:42.474 +01:00 [INF] Executing endpoint 'photogram.Controllers.HomeController.Index (photogram)'
2024-12-01 06:36:42.474 +01:00 [INF] Route matched with {action = "Index", controller = "Home", page = "", area = ""}. Executing controller action with signature Microsoft.AspNetCore.Mvc.IActionResult Index() on controller photogram.Controllers.HomeController (photogram).
2024-12-01 06:36:42.475 +01:00 [INF] Executing ViewResult, running view Index.
2024-12-01 06:36:42.475 +01:00 [INF] Executed ViewResult - view Index executed in 0.773ms.
2024-12-01 06:36:42.476 +01:00 [INF] Executed action photogram.Controllers.HomeController.Index (photogram) in 1.1314ms
2024-12-01 06:36:42.476 +01:00 [INF] Executed endpoint 'photogram.Controllers.HomeController.Index (photogram)'
2024-12-01 06:36:42.476 +01:00 [INF] Request finished HTTP/1.1 GET http://localhost:5001/ - 200 null text/html; charset=utf-8 2.1246ms
2024-12-01 06:36:43.283 +01:00 [INF] Request starting HTTP/1.1 GET http://localhost:5001/Identity/Account/Login - null null
2024-12-01 06:36:43.283 +01:00 [INF] Executing endpoint '/Account/Login'
2024-12-01 06:36:43.288 +01:00 [INF] Route matched with {page = "/Account/Login", area = "Identity", action = "", controller = ""}. Executing page /Account/Login
2024-12-01 06:36:43.289 +01:00 [INF] Executing handler method photogram.Areas.Identity.Pages.Account.LoginModel.OnGetAsync - ModelState is "Valid"
2024-12-01 06:36:43.289 +01:00 [INF] AuthenticationScheme: Identity.External signed out.
2024-12-01 06:36:43.290 +01:00 [INF] Executed handler method OnGetAsync, returned result .
2024-12-01 06:36:43.290 +01:00 [INF] Executing an implicit handler method - ModelState is "Valid"
2024-12-01 06:36:43.290 +01:00 [INF] Executed an implicit handler method, returned result Microsoft.AspNetCore.Mvc.RazorPages.PageResult.
2024-12-01 06:36:43.303 +01:00 [INF] Executed page /Account/Login in 14.3005ms
2024-12-01 06:36:43.303 +01:00 [INF] Executed endpoint '/Account/Login'
2024-12-01 06:36:43.303 +01:00 [INF] Request finished HTTP/1.1 GET http://localhost:5001/Identity/Account/Login - 200 null text/html; charset=utf-8 19.7814ms
2024-12-01 06:36:43.315 +01:00 [INF] Request starting HTTP/1.1 GET http://localhost:5001/lib/jquery-validation-unobtrusive/dist/jquery.validate.unobtrusive.min.js - null null
2024-12-01 06:36:43.316 +01:00 [INF] Request finished HTTP/1.1 GET http://localhost:5001/lib/jquery-validation-unobtrusive/dist/jquery.validate.unobtrusive.min.js - 404 0 null 0.5709ms
2024-12-01 06:36:43.316 +01:00 [INF] Request reached the end of the middleware pipeline without being handled by application code. Request path: GET http://localhost:5001/lib/jquery-validation-unobtrusive/dist/jquery.validate.unobtrusive.min.js, Response status code: 404
2024-12-01 06:36:46.353 +01:00 [INF] Request starting HTTP/1.1 GET http://localhost:5001/Identity/Account/Login - null null
2024-12-01 06:36:46.353 +01:00 [INF] Executing endpoint '/Account/Login'
2024-12-01 06:36:46.353 +01:00 [INF] Route matched with {page = "/Account/Login", area = "Identity", action = "", controller = ""}. Executing page /Account/Login
2024-12-01 06:36:46.354 +01:00 [INF] Executing handler method photogram.Areas.Identity.Pages.Account.LoginModel.OnGetAsync - ModelState is "Valid"
2024-12-01 06:36:46.354 +01:00 [INF] AuthenticationScheme: Identity.External signed out.
2024-12-01 06:36:46.355 +01:00 [INF] Executed handler method OnGetAsync, returned result .
2024-12-01 06:36:46.355 +01:00 [INF] Executing an implicit handler method - ModelState is "Valid"
2024-12-01 06:36:46.355 +01:00 [INF] Executed an implicit handler method, returned result Microsoft.AspNetCore.Mvc.RazorPages.PageResult.
2024-12-01 06:36:46.359 +01:00 [INF] Executed page /Account/Login in 5.1066ms
2024-12-01 06:36:46.359 +01:00 [INF] Executed endpoint '/Account/Login'
2024-12-01 06:36:46.359 +01:00 [INF] Request finished HTTP/1.1 GET http://localhost:5001/Identity/Account/Login - 200 null text/html; charset=utf-8 6.1746ms
2024-12-01 06:36:46.382 +01:00 [INF] Request starting HTTP/1.1 GET http://localhost:5001/lib/jquery-validation-unobtrusive/dist/jquery.validate.unobtrusive.min.js - null null
2024-12-01 06:36:46.382 +01:00 [INF] Request finished HTTP/1.1 GET http://localhost:5001/lib/jquery-validation-unobtrusive/dist/jquery.validate.unobtrusive.min.js - 404 0 null 0.5175ms
2024-12-01 06:36:46.382 +01:00 [INF] Request reached the end of the middleware pipeline without being handled by application code. Request path: GET http://localhost:5001/lib/jquery-validation-unobtrusive/dist/jquery.validate.unobtrusive.min.js, Response status code: 404
2024-12-01 06:37:06.488 +01:00 [INF] Request starting HTTP/1.1 POST http://localhost:5001/Identity/Account/Login - application/x-www-form-urlencoded 263
2024-12-01 06:37:06.489 +01:00 [INF] Executing endpoint '/Account/Login'
2024-12-01 06:37:06.489 +01:00 [INF] Route matched with {page = "/Account/Login", area = "Identity", action = "", controller = ""}. Executing page /Account/Login
2024-12-01 06:37:06.492 +01:00 [INF] Executing handler method photogram.Areas.Identity.Pages.Account.LoginModel.OnPostAsync - ModelState is "Valid"
2024-12-01 06:37:06.795 +01:00 [INF] AuthenticationScheme: Identity.Application signed in.
2024-12-01 06:37:06.795 +01:00 [INF] User logged in.
2024-12-01 06:37:06.795 +01:00 [INF] Executed handler method OnPostAsync, returned result Microsoft.AspNetCore.Mvc.LocalRedirectResult.
2024-12-01 06:37:06.795 +01:00 [INF] Executing LocalRedirectResult, redirecting to /.
2024-12-01 06:37:06.795 +01:00 [INF] Executed page /Account/Login in 304.4568ms
2024-12-01 06:37:06.796 +01:00 [INF] Executed endpoint '/Account/Login'
2024-12-01 06:37:06.803 +01:00 [INF] Request finished HTTP/1.1 POST http://localhost:5001/Identity/Account/Login - 302 0 null 315.7202ms
2024-12-01 06:37:06.827 +01:00 [INF] Request starting HTTP/1.1 GET http://localhost:5001/ - null null
2024-12-01 06:37:06.827 +01:00 [INF] Executing endpoint 'photogram.Controllers.HomeController.Index (photogram)'
2024-12-01 06:37:06.827 +01:00 [INF] Route matched with {action = "Index", controller = "Home", page = "", area = ""}. Executing controller action with signature Microsoft.AspNetCore.Mvc.IActionResult Index() on controller photogram.Controllers.HomeController (photogram).
2024-12-01 06:37:06.828 +01:00 [INF] Executing ViewResult, running view Index.
2024-12-01 06:37:06.829 +01:00 [INF] Executed ViewResult - view Index executed in 1.2402ms.
2024-12-01 06:37:06.829 +01:00 [INF] Executed action photogram.Controllers.HomeController.Index (photogram) in 1.486ms
2024-12-01 06:37:06.829 +01:00 [INF] Executed endpoint 'photogram.Controllers.HomeController.Index (photogram)'
2024-12-01 06:37:06.829 +01:00 [INF] Request finished HTTP/1.1 GET http://localhost:5001/ - 200 null text/html; charset=utf-8 2.3ms
2024-12-01 06:37:08.310 +01:00 [INF] Request starting HTTP/1.1 GET http://localhost:5001/Home/Feed - null null
2024-12-01 06:37:08.314 +01:00 [INF] Executing endpoint 'photogram.Controllers.HomeController.Feed (photogram)'
2024-12-01 06:37:08.314 +01:00 [INF] Route matched with {action = "Feed", controller = "Home", page = "", area = ""}. Executing controller action with signature Microsoft.AspNetCore.Mvc.IActionResult Feed() on controller photogram.Controllers.HomeController (photogram).
2024-12-01 06:37:08.314 +01:00 [INF] Executing RedirectResult, redirecting to /Post/Feed.
2024-12-01 06:37:08.314 +01:00 [INF] Executed action photogram.Controllers.HomeController.Feed (photogram) in 0.1902ms
2024-12-01 06:37:08.314 +01:00 [INF] Executed endpoint 'photogram.Controllers.HomeController.Feed (photogram)'
2024-12-01 06:37:08.314 +01:00 [INF] Request finished HTTP/1.1 GET http://localhost:5001/Home/Feed - 302 0 null 3.9557ms
2024-12-01 06:37:08.326 +01:00 [INF] Request starting HTTP/1.1 GET http://localhost:5001/Post/Feed - null null
2024-12-01 06:37:08.326 +01:00 [INF] Executing endpoint 'photogram.Controllers.PostController.Feed (photogram)'
2024-12-01 06:37:08.327 +01:00 [INF] Route matched with {action = "Feed", controller = "Post", page = "", area = ""}. Executing controller action with signature System.Threading.Tasks.Task`1[Microsoft.AspNetCore.Mvc.IActionResult] Feed(System.Nullable`1[System.Int32], System.Nullable`1[System.Int32]) on controller photogram.Controllers.PostController (photogram).
2024-12-01 06:37:08.330 +01:00 [INF] Executing ViewResult, running view Feed.
2024-12-01 06:37:08.358 +01:00 [INF] Executed ViewResult - view Feed executed in 27.5182ms.
2024-12-01 06:37:08.358 +01:00 [INF] Executed action photogram.Controllers.PostController.Feed (photogram) in 31.3991ms
2024-12-01 06:37:08.358 +01:00 [INF] Executed endpoint 'photogram.Controllers.PostController.Feed (photogram)'
2024-12-01 06:37:08.358 +01:00 [INF] Request finished HTTP/1.1 GET http://localhost:5001/Post/Feed - 200 null text/html; charset=utf-8 32.5957ms
2024-12-01 06:37:11.270 +01:00 [INF] Request starting HTTP/1.1 POST http://localhost:5001/Comments/AddComment - application/x-www-form-urlencoded 244
2024-12-01 06:37:11.272 +01:00 [INF] Executing endpoint 'photogram.Controllers.CommentsController.AddComment (photogram)'
2024-12-01 06:37:11.272 +01:00 [INF] Route matched with {action = "AddComment", controller = "Comments", page = "", area = ""}. Executing controller action with signature System.Threading.Tasks.Task`1[Microsoft.AspNetCore.Mvc.IActionResult] AddComment(Int32, System.String) on controller photogram.Controllers.CommentsController (photogram).
2024-12-01 06:37:11.309 +01:00 [WRN] Attempted to add an empty comment for PostId 14.
2024-12-01 06:37:11.310 +01:00 [INF] Executing RedirectResult, redirecting to /Post/Feed?postId=14.
2024-12-01 06:37:11.313 +01:00 [INF] Executed action photogram.Controllers.CommentsController.AddComment (photogram) in 41.1414ms
2024-12-01 06:37:11.316 +01:00 [INF] Executed endpoint 'photogram.Controllers.CommentsController.AddComment (photogram)'
2024-12-01 06:37:11.319 +01:00 [INF] Request finished HTTP/1.1 POST http://localhost:5001/Comments/AddComment - 302 0 null 49.4641ms
2024-12-01 06:37:11.332 +01:00 [INF] Request starting HTTP/1.1 GET http://localhost:5001/Post/Feed?postId=14 - null null
2024-12-01 06:37:11.333 +01:00 [INF] Executing endpoint 'photogram.Controllers.PostController.Feed (photogram)'
2024-12-01 06:37:11.333 +01:00 [INF] Route matched with {action = "Feed", controller = "Post", page = "", area = ""}. Executing controller action with signature System.Threading.Tasks.Task`1[Microsoft.AspNetCore.Mvc.IActionResult] Feed(System.Nullable`1[System.Int32], System.Nullable`1[System.Int32]) on controller photogram.Controllers.PostController (photogram).
2024-12-01 06:37:11.335 +01:00 [INF] Executing ViewResult, running view Feed.
2024-12-01 06:37:11.351 +01:00 [INF] Executed ViewResult - view Feed executed in 15.952ms.
2024-12-01 06:37:11.351 +01:00 [INF] Executed action photogram.Controllers.PostController.Feed (photogram) in 18.1149ms
2024-12-01 06:37:11.351 +01:00 [INF] Executed endpoint 'photogram.Controllers.PostController.Feed (photogram)'
2024-12-01 06:37:11.351 +01:00 [INF] Request finished HTTP/1.1 GET http://localhost:5001/Post/Feed?postId=14 - 200 null text/html; charset=utf-8 19.1787ms
