2024-12-01 06:52:38.846 +01:00 [INF] User profile is available. Using '/Users/yasminali/.aspnet/DataProtection-Keys' as key repository; keys will not be encrypted at rest.
2024-12-01 06:52:39.335 +01:00 [INF] Now listening on: http://localhost:5001
2024-12-01 06:52:39.353 +01:00 [INF] Application started. Press Ctrl+C to shut down.
2024-12-01 06:52:39.357 +01:00 [INF] Hosting environment: Development
2024-12-01 06:52:39.358 +01:00 [INF] Content root path: /Users/yasminali/Desktop/ExamITPE3100/photogram7
2024-12-01 06:52:47.785 +01:00 [INF] Request starting HTTP/1.1 GET http://localhost:5001/ - null null
2024-12-01 06:52:47.806 +01:00 [WRN] Failed to determine the https port for redirect.
2024-12-01 06:52:47.973 +01:00 [INF] Executing endpoint 'photogram.Controllers.HomeController.Index (photogram)'
2024-12-01 06:52:48.009 +01:00 [INF] Route matched with {action = "Index", controller = "Home", page = "", area = ""}. Executing controller action with signature Microsoft.AspNetCore.Mvc.IActionResult Index() on controller photogram.Controllers.HomeController (photogram).
2024-12-01 06:52:48.038 +01:00 [INF] Executing ViewResult, running view Index.
2024-12-01 06:52:48.378 +01:00 [INF] Executed ViewResult - view Index executed in 332.4934ms.
2024-12-01 06:52:48.395 +01:00 [INF] Executed action photogram.Controllers.HomeController.Index (photogram) in 384.2312ms
2024-12-01 06:52:48.395 +01:00 [INF] Executed endpoint 'photogram.Controllers.HomeController.Index (photogram)'
2024-12-01 06:52:48.421 +01:00 [INF] Request finished HTTP/1.1 GET http://localhost:5001/ - 200 null text/html; charset=utf-8 640.4766ms
2024-12-01 06:52:51.036 +01:00 [INF] Request starting HTTP/1.1 GET http://localhost:5001/Home/Feed - null null
2024-12-01 06:52:51.056 +01:00 [INF] Executing endpoint 'photogram.Controllers.HomeController.Feed (photogram)'
2024-12-01 06:52:51.078 +01:00 [INF] Route matched with {action = "Feed", controller = "Home", page = "", area = ""}. Executing controller action with signature Microsoft.AspNetCore.Mvc.IActionResult Feed() on controller photogram.Controllers.HomeController (photogram).
2024-12-01 06:52:51.083 +01:00 [INF] Executing RedirectResult, redirecting to /Post/Feed.
2024-12-01 06:52:51.083 +01:00 [INF] Executed action photogram.Controllers.HomeController.Feed (photogram) in 4.7024ms
2024-12-01 06:52:51.084 +01:00 [INF] Executed endpoint 'photogram.Controllers.HomeController.Feed (photogram)'
2024-12-01 06:52:51.084 +01:00 [INF] Request finished HTTP/1.1 GET http://localhost:5001/Home/Feed - 302 0 null 48.5885ms
2024-12-01 06:52:51.103 +01:00 [INF] Request starting HTTP/1.1 GET http://localhost:5001/Post/Feed - null null
2024-12-01 06:52:51.142 +01:00 [INF] Executing endpoint 'photogram.Controllers.PostController.Feed (photogram)'
2024-12-01 06:52:51.170 +01:00 [INF] Route matched with {action = "Feed", controller = "Post", page = "", area = ""}. Executing controller action with signature System.Threading.Tasks.Task`1[Microsoft.AspNetCore.Mvc.IActionResult] Feed(System.Nullable`1[System.Int32], System.Nullable`1[System.Int32]) on controller photogram.Controllers.PostController (photogram).
2024-12-01 06:52:52.063 +01:00 [INF] Executing ViewResult, running view Feed.
2024-12-01 06:52:52.548 +01:00 [INF] Executed ViewResult - view Feed executed in 487.2863ms.
2024-12-01 06:52:52.548 +01:00 [INF] Executed action photogram.Controllers.PostController.Feed (photogram) in 1377.5611ms
2024-12-01 06:52:52.548 +01:00 [INF] Executed endpoint 'photogram.Controllers.PostController.Feed (photogram)'
2024-12-01 06:52:52.572 +01:00 [INF] Request finished HTTP/1.1 GET http://localhost:5001/Post/Feed - 200 null text/html; charset=utf-8 1469.2027ms
2024-12-01 06:53:12.408 +01:00 [INF] Request starting HTTP/1.1 POST http://localhost:5001/Comments/AddComment - application/x-www-form-urlencoded 247
2024-12-01 06:53:12.425 +01:00 [INF] Executing endpoint 'photogram.Controllers.CommentsController.AddComment (photogram)'
2024-12-01 06:53:12.434 +01:00 [INF] Route matched with {action = "AddComment", controller = "Comments", page = "", area = ""}. Executing controller action with signature System.Threading.Tasks.Task`1[Microsoft.AspNetCore.Mvc.IActionResult] AddComment(Int32, System.String) on controller photogram.Controllers.CommentsController (photogram).
2024-12-01 06:53:12.763 +01:00 [INF] Executing RedirectResult, redirecting to /Post/Feed.
2024-12-01 06:53:12.764 +01:00 [INF] Executed action photogram.Controllers.CommentsController.AddComment (photogram) in 328.7321ms
2024-12-01 06:53:12.764 +01:00 [INF] Executed endpoint 'photogram.Controllers.CommentsController.AddComment (photogram)'
2024-12-01 06:53:12.764 +01:00 [INF] Request finished HTTP/1.1 POST http://localhost:5001/Comments/AddComment - 302 0 null 356.4509ms
2024-12-01 06:53:12.775 +01:00 [INF] Request starting HTTP/1.1 GET http://localhost:5001/Post/Feed - null null
2024-12-01 06:53:12.779 +01:00 [INF] Executing endpoint 'photogram.Controllers.PostController.Feed (photogram)'
2024-12-01 06:53:12.779 +01:00 [INF] Route matched with {action = "Feed", controller = "Post", page = "", area = ""}. Executing controller action with signature System.Threading.Tasks.Task`1[Microsoft.AspNetCore.Mvc.IActionResult] Feed(System.Nullable`1[System.Int32], System.Nullable`1[System.Int32]) on controller photogram.Controllers.PostController (photogram).
2024-12-01 06:53:12.784 +01:00 [INF] Executing ViewResult, running view Feed.
2024-12-01 06:53:12.829 +01:00 [INF] Executed ViewResult - view Feed executed in 45.643ms.
2024-12-01 06:53:12.829 +01:00 [INF] Executed action photogram.Controllers.PostController.Feed (photogram) in 50.0826ms
2024-12-01 06:53:12.829 +01:00 [INF] Executed endpoint 'photogram.Controllers.PostController.Feed (photogram)'
2024-12-01 06:53:12.830 +01:00 [INF] Request finished HTTP/1.1 GET http://localhost:5001/Post/Feed - 200 null text/html; charset=utf-8 55.2616ms
2024-12-01 06:53:27.269 +01:00 [INF] Request starting HTTP/1.1 GET http://localhost:5001/Identity/Account/Manage - null null
2024-12-01 06:53:27.275 +01:00 [INF] Executing endpoint '/Account/Manage/Index'
2024-12-01 06:53:27.327 +01:00 [INF] Route matched with {page = "/Account/Manage/Index", area = "Identity", action = "", controller = ""}. Executing page /Account/Manage/Index
2024-12-01 06:53:27.357 +01:00 [INF] Executing handler method photogram.Areas.Identity.Pages.Account.Manage.IndexModel.OnGetAsync - ModelState is "Valid"
2024-12-01 06:53:27.579 +01:00 [INF] Executed handler method OnGetAsync, returned result Microsoft.AspNetCore.Mvc.RazorPages.PageResult.
2024-12-01 06:53:27.733 +01:00 [INF] Executed page /Account/Manage/Index in 405.1927ms
2024-12-01 06:53:27.734 +01:00 [INF] Executed endpoint '/Account/Manage/Index'
2024-12-01 06:53:27.772 +01:00 [INF] Request finished HTTP/1.1 GET http://localhost:5001/Identity/Account/Manage - 200 null text/html; charset=utf-8 503.4184ms
2024-12-01 06:53:27.819 +01:00 [INF] Request starting HTTP/1.1 GET http://localhost:5001/lib/jquery-validation-unobtrusive/dist/jquery.validate.unobtrusive.min.js - null null
2024-12-01 06:53:27.836 +01:00 [INF] Request finished HTTP/1.1 GET http://localhost:5001/lib/jquery-validation-unobtrusive/dist/jquery.validate.unobtrusive.min.js - 404 0 null 16.4318ms
2024-12-01 06:53:27.836 +01:00 [INF] Request reached the end of the middleware pipeline without being handled by application code. Request path: GET http://localhost:5001/lib/jquery-validation-unobtrusive/dist/jquery.validate.unobtrusive.min.js, Response status code: 404
2024-12-01 06:53:35.610 +01:00 [INF] Request starting HTTP/1.1 POST http://localhost:5001/Comments/AddComment - application/x-www-form-urlencoded 244
2024-12-01 06:53:35.621 +01:00 [INF] Executing endpoint 'photogram.Controllers.CommentsController.AddComment (photogram)'
2024-12-01 06:53:35.622 +01:00 [INF] Route matched with {action = "AddComment", controller = "Comments", page = "", area = ""}. Executing controller action with signature System.Threading.Tasks.Task`1[Microsoft.AspNetCore.Mvc.IActionResult] AddComment(Int32, System.String) on controller photogram.Controllers.CommentsController (photogram).
2024-12-01 06:53:35.625 +01:00 [INF] Executing RedirectResult, redirecting to /Post/Feed.
2024-12-01 06:53:35.637 +01:00 [INF] Executed action photogram.Controllers.CommentsController.AddComment (photogram) in 15.46ms
2024-12-01 06:53:35.637 +01:00 [INF] Executed endpoint 'photogram.Controllers.CommentsController.AddComment (photogram)'
2024-12-01 06:53:35.637 +01:00 [INF] Request finished HTTP/1.1 POST http://localhost:5001/Comments/AddComment - 302 0 null 27.075ms
2024-12-01 06:53:35.658 +01:00 [INF] Request starting HTTP/1.1 GET http://localhost:5001/Post/Feed - null null
2024-12-01 06:53:35.659 +01:00 [INF] Executing endpoint 'photogram.Controllers.PostController.Feed (photogram)'
2024-12-01 06:53:35.659 +01:00 [INF] Route matched with {action = "Feed", controller = "Post", page = "", area = ""}. Executing controller action with signature System.Threading.Tasks.Task`1[Microsoft.AspNetCore.Mvc.IActionResult] Feed(System.Nullable`1[System.Int32], System.Nullable`1[System.Int32]) on controller photogram.Controllers.PostController (photogram).
2024-12-01 06:53:35.666 +01:00 [INF] Executing ViewResult, running view Feed.
2024-12-01 06:53:35.698 +01:00 [INF] Executed ViewResult - view Feed executed in 31.8174ms.
2024-12-01 06:53:35.698 +01:00 [INF] Executed action photogram.Controllers.PostController.Feed (photogram) in 38.9988ms
2024-12-01 06:53:35.698 +01:00 [INF] Executed endpoint 'photogram.Controllers.PostController.Feed (photogram)'
2024-12-01 06:53:35.699 +01:00 [INF] Request finished HTTP/1.1 GET http://localhost:5001/Post/Feed - 200 null text/html; charset=utf-8 41.3026ms
2024-12-01 06:53:59.466 +01:00 [INF] Request starting HTTP/1.1 GET http://localhost:5001/Post/MyPosts - null null
2024-12-01 06:53:59.471 +01:00 [INF] Executing endpoint 'photogram.Controllers.PostController.MyPosts (photogram)'
2024-12-01 06:53:59.479 +01:00 [INF] Route matched with {action = "MyPosts", controller = "Post", page = "", area = ""}. Executing controller action with signature System.Threading.Tasks.Task`1[Microsoft.AspNetCore.Mvc.IActionResult] MyPosts(System.Nullable`1[System.Int32]) on controller photogram.Controllers.PostController (photogram).
2024-12-01 06:53:59.603 +01:00 [INF] Executing ViewResult, running view MyPosts.
2024-12-01 06:53:59.621 +01:00 [INF] Executed ViewResult - view MyPosts executed in 19.5335ms.
2024-12-01 06:53:59.622 +01:00 [INF] Executed action photogram.Controllers.PostController.MyPosts (photogram) in 142.7736ms
2024-12-01 06:53:59.622 +01:00 [INF] Executed endpoint 'photogram.Controllers.PostController.MyPosts (photogram)'
2024-12-01 06:53:59.622 +01:00 [INF] Request finished HTTP/1.1 GET http://localhost:5001/Post/MyPosts - 200 null text/html; charset=utf-8 155.7247ms
2024-12-01 06:54:00.217 +01:00 [INF] Request starting HTTP/1.1 GET http://localhost:5001/Post/CreatePost - null null
2024-12-01 06:54:00.220 +01:00 [INF] Executing endpoint 'photogram.Controllers.PostController.CreatePost (photogram)'
2024-12-01 06:54:00.223 +01:00 [INF] Route matched with {action = "CreatePost", controller = "Post", page = "", area = ""}. Executing controller action with signature Microsoft.AspNetCore.Mvc.IActionResult CreatePost() on controller photogram.Controllers.PostController (photogram).
2024-12-01 06:54:00.224 +01:00 [INF] Executing ViewResult, running view CreatePost.
2024-12-01 06:54:00.251 +01:00 [INF] Executed ViewResult - view CreatePost executed in 27.7639ms.
2024-12-01 06:54:00.251 +01:00 [INF] Executed action photogram.Controllers.PostController.CreatePost (photogram) in 28.2579ms
2024-12-01 06:54:00.251 +01:00 [INF] Executed endpoint 'photogram.Controllers.PostController.CreatePost (photogram)'
2024-12-01 06:54:00.251 +01:00 [INF] Request finished HTTP/1.1 GET http://localhost:5001/Post/CreatePost - 200 null text/html; charset=utf-8 34.1004ms
2024-12-01 06:54:01.316 +01:00 [INF] Request starting HTTP/1.1 GET http://localhost:5001/Home/Feed - null null
2024-12-01 06:54:01.320 +01:00 [INF] Executing endpoint 'photogram.Controllers.HomeController.Feed (photogram)'
2024-12-01 06:54:01.320 +01:00 [INF] Route matched with {action = "Feed", controller = "Home", page = "", area = ""}. Executing controller action with signature Microsoft.AspNetCore.Mvc.IActionResult Feed() on controller photogram.Controllers.HomeController (photogram).
2024-12-01 06:54:01.320 +01:00 [INF] Executing RedirectResult, redirecting to /Post/Feed.
2024-12-01 06:54:01.321 +01:00 [INF] Executed action photogram.Controllers.HomeController.Feed (photogram) in 0.4092ms
2024-12-01 06:54:01.321 +01:00 [INF] Executed endpoint 'photogram.Controllers.HomeController.Feed (photogram)'
2024-12-01 06:54:01.321 +01:00 [INF] Request finished HTTP/1.1 GET http://localhost:5001/Home/Feed - 302 0 null 4.6546ms
2024-12-01 06:54:01.336 +01:00 [INF] Request starting HTTP/1.1 GET http://localhost:5001/Post/Feed - null null
2024-12-01 06:54:01.337 +01:00 [INF] Executing endpoint 'photogram.Controllers.PostController.Feed (photogram)'
2024-12-01 06:54:01.337 +01:00 [INF] Route matched with {action = "Feed", controller = "Post", page = "", area = ""}. Executing controller action with signature System.Threading.Tasks.Task`1[Microsoft.AspNetCore.Mvc.IActionResult] Feed(System.Nullable`1[System.Int32], System.Nullable`1[System.Int32]) on controller photogram.Controllers.PostController (photogram).
2024-12-01 06:54:01.343 +01:00 [INF] Executing ViewResult, running view Feed.
2024-12-01 06:54:01.379 +01:00 [INF] Executed ViewResult - view Feed executed in 35.723ms.
2024-12-01 06:54:01.379 +01:00 [INF] Executed action photogram.Controllers.PostController.Feed (photogram) in 41.5581ms
2024-12-01 06:54:01.379 +01:00 [INF] Executed endpoint 'photogram.Controllers.PostController.Feed (photogram)'
2024-12-01 06:54:01.379 +01:00 [INF] Request finished HTTP/1.1 GET http://localhost:5001/Post/Feed - 200 null text/html; charset=utf-8 43.3376ms
2024-12-01 06:54:04.435 +01:00 [INF] Request starting HTTP/1.1 GET http://localhost:5001/Post/MyPosts - null null
2024-12-01 06:54:04.439 +01:00 [INF] Executing endpoint 'photogram.Controllers.PostController.MyPosts (photogram)'
2024-12-01 06:54:04.439 +01:00 [INF] Route matched with {action = "MyPosts", controller = "Post", page = "", area = ""}. Executing controller action with signature System.Threading.Tasks.Task`1[Microsoft.AspNetCore.Mvc.IActionResult] MyPosts(System.Nullable`1[System.Int32]) on controller photogram.Controllers.PostController (photogram).
2024-12-01 06:54:04.442 +01:00 [INF] Executing ViewResult, running view MyPosts.
2024-12-01 06:54:04.443 +01:00 [INF] Executed ViewResult - view MyPosts executed in 1.2033ms.
2024-12-01 06:54:04.443 +01:00 [INF] Executed action photogram.Controllers.PostController.MyPosts (photogram) in 3.6442ms
2024-12-01 06:54:04.443 +01:00 [INF] Executed endpoint 'photogram.Controllers.PostController.MyPosts (photogram)'
2024-12-01 06:54:04.444 +01:00 [INF] Request finished HTTP/1.1 GET http://localhost:5001/Post/MyPosts - 200 null text/html; charset=utf-8 8.4866ms
2024-12-01 06:54:05.266 +01:00 [INF] Request starting HTTP/1.1 GET http://localhost:5001/Home/Feed - null null
2024-12-01 06:54:05.270 +01:00 [INF] Executing endpoint 'photogram.Controllers.HomeController.Feed (photogram)'
2024-12-01 06:54:05.271 +01:00 [INF] Route matched with {action = "Feed", controller = "Home", page = "", area = ""}. Executing controller action with signature Microsoft.AspNetCore.Mvc.IActionResult Feed() on controller photogram.Controllers.HomeController (photogram).
2024-12-01 06:54:05.271 +01:00 [INF] Executing RedirectResult, redirecting to /Post/Feed.
2024-12-01 06:54:05.271 +01:00 [INF] Executed action photogram.Controllers.HomeController.Feed (photogram) in 0.232ms
2024-12-01 06:54:05.272 +01:00 [INF] Executed endpoint 'photogram.Controllers.HomeController.Feed (photogram)'
2024-12-01 06:54:05.272 +01:00 [INF] Request finished HTTP/1.1 GET http://localhost:5001/Home/Feed - 302 0 null 5.495ms
2024-12-01 06:54:05.293 +01:00 [INF] Request starting HTTP/1.1 GET http://localhost:5001/Post/Feed - null null
2024-12-01 06:54:05.294 +01:00 [INF] Executing endpoint 'photogram.Controllers.PostController.Feed (photogram)'
2024-12-01 06:54:05.295 +01:00 [INF] Route matched with {action = "Feed", controller = "Post", page = "", area = ""}. Executing controller action with signature System.Threading.Tasks.Task`1[Microsoft.AspNetCore.Mvc.IActionResult] Feed(System.Nullable`1[System.Int32], System.Nullable`1[System.Int32]) on controller photogram.Controllers.PostController (photogram).
2024-12-01 06:54:05.300 +01:00 [INF] Executing ViewResult, running view Feed.
2024-12-01 06:54:05.334 +01:00 [INF] Executed ViewResult - view Feed executed in 34.999ms.
2024-12-01 06:54:05.334 +01:00 [INF] Executed action photogram.Controllers.PostController.Feed (photogram) in 39.7621ms
2024-12-01 06:54:05.334 +01:00 [INF] Executed endpoint 'photogram.Controllers.PostController.Feed (photogram)'
2024-12-01 06:54:05.335 +01:00 [INF] Request finished HTTP/1.1 GET http://localhost:5001/Post/Feed - 200 null text/html; charset=utf-8 41.241ms
2024-12-01 06:54:10.074 +01:00 [INF] Request starting HTTP/1.1 GET http://localhost:5001/ - null null
2024-12-01 06:54:10.076 +01:00 [INF] Executing endpoint 'photogram.Controllers.HomeController.Index (photogram)'
2024-12-01 06:54:10.076 +01:00 [INF] Route matched with {action = "Index", controller = "Home", page = "", area = ""}. Executing controller action with signature Microsoft.AspNetCore.Mvc.IActionResult Index() on controller photogram.Controllers.HomeController (photogram).
2024-12-01 06:54:10.076 +01:00 [INF] Executing ViewResult, running view Index.
2024-12-01 06:54:10.077 +01:00 [INF] Executed ViewResult - view Index executed in 1.2536ms.
2024-12-01 06:54:10.077 +01:00 [INF] Executed action photogram.Controllers.HomeController.Index (photogram) in 1.451ms
2024-12-01 06:54:10.077 +01:00 [INF] Executed endpoint 'photogram.Controllers.HomeController.Index (photogram)'
2024-12-01 06:54:10.078 +01:00 [INF] Request finished HTTP/1.1 GET http://localhost:5001/ - 200 null text/html; charset=utf-8 4.1139ms
2024-12-01 06:54:20.048 +01:00 [INF] Request starting HTTP/1.1 GET http://localhost:5001/Home/Friends - null null
2024-12-01 06:54:20.049 +01:00 [INF] Executing endpoint 'photogram.Controllers.HomeController.Friends (photogram)'
2024-12-01 06:54:20.053 +01:00 [INF] Route matched with {action = "Friends", controller = "Home", page = "", area = ""}. Executing controller action with signature Microsoft.AspNetCore.Mvc.IActionResult Friends() on controller photogram.Controllers.HomeController (photogram).
2024-12-01 06:54:20.054 +01:00 [INF] Executing RedirectResult, redirecting to /Post/Friends.
2024-12-01 06:54:20.054 +01:00 [INF] Executed action photogram.Controllers.HomeController.Friends (photogram) in 0.6762ms
2024-12-01 06:54:20.054 +01:00 [INF] Executed endpoint 'photogram.Controllers.HomeController.Friends (photogram)'
2024-12-01 06:54:20.054 +01:00 [INF] Request finished HTTP/1.1 GET http://localhost:5001/Home/Friends - 302 0 null 6.3351ms
2024-12-01 06:54:20.063 +01:00 [INF] Request starting HTTP/1.1 GET http://localhost:5001/Post/Friends - null null
2024-12-01 06:54:20.065 +01:00 [INF] Executing endpoint 'photogram.Controllers.PostController.Friends (photogram)'
2024-12-01 06:54:20.073 +01:00 [INF] Route matched with {action = "Friends", controller = "Post", page = "", area = ""}. Executing controller action with signature System.Threading.Tasks.Task`1[Microsoft.AspNetCore.Mvc.IActionResult] Friends() on controller photogram.Controllers.PostController (photogram).
2024-12-01 06:54:20.161 +01:00 [INF] Executing ViewResult, running view Friends.
2024-12-01 06:54:20.171 +01:00 [INF] Executed ViewResult - view Friends executed in 11.6814ms.
2024-12-01 06:54:20.172 +01:00 [INF] Executed action photogram.Controllers.PostController.Friends (photogram) in 98.1811ms
2024-12-01 06:54:20.172 +01:00 [INF] Executed endpoint 'photogram.Controllers.PostController.Friends (photogram)'
2024-12-01 06:54:20.182 +01:00 [INF] Request finished HTTP/1.1 GET http://localhost:5001/Post/Friends - 200 null text/html; charset=utf-8 114.3168ms
2024-12-01 06:54:21.816 +01:00 [INF] Request starting HTTP/1.1 GET http://localhost:5001/Home/Feed - null null
2024-12-01 06:54:21.818 +01:00 [INF] Executing endpoint 'photogram.Controllers.HomeController.Feed (photogram)'
2024-12-01 06:54:21.818 +01:00 [INF] Route matched with {action = "Feed", controller = "Home", page = "", area = ""}. Executing controller action with signature Microsoft.AspNetCore.Mvc.IActionResult Feed() on controller photogram.Controllers.HomeController (photogram).
2024-12-01 06:54:21.818 +01:00 [INF] Executing RedirectResult, redirecting to /Post/Feed.
2024-12-01 06:54:21.818 +01:00 [INF] Executed action photogram.Controllers.HomeController.Feed (photogram) in 0.1759ms
2024-12-01 06:54:21.818 +01:00 [INF] Executed endpoint 'photogram.Controllers.HomeController.Feed (photogram)'
2024-12-01 06:54:21.818 +01:00 [INF] Request finished HTTP/1.1 GET http://localhost:5001/Home/Feed - 302 0 null 2.0234ms
2024-12-01 06:54:21.829 +01:00 [INF] Request starting HTTP/1.1 GET http://localhost:5001/Post/Feed - null null
2024-12-01 06:54:21.830 +01:00 [INF] Executing endpoint 'photogram.Controllers.PostController.Feed (photogram)'
2024-12-01 06:54:21.830 +01:00 [INF] Route matched with {action = "Feed", controller = "Post", page = "", area = ""}. Executing controller action with signature System.Threading.Tasks.Task`1[Microsoft.AspNetCore.Mvc.IActionResult] Feed(System.Nullable`1[System.Int32], System.Nullable`1[System.Int32]) on controller photogram.Controllers.PostController (photogram).
2024-12-01 06:54:21.835 +01:00 [INF] Executing ViewResult, running view Feed.
2024-12-01 06:54:21.862 +01:00 [INF] Executed ViewResult - view Feed executed in 26.9837ms.
2024-12-01 06:54:21.862 +01:00 [INF] Executed action photogram.Controllers.PostController.Feed (photogram) in 31.7582ms
2024-12-01 06:54:21.862 +01:00 [INF] Executed endpoint 'photogram.Controllers.PostController.Feed (photogram)'
2024-12-01 06:54:21.862 +01:00 [INF] Request finished HTTP/1.1 GET http://localhost:5001/Post/Feed - 200 null text/html; charset=utf-8 33.5003ms
2024-12-01 06:54:25.995 +01:00 [INF] Request starting HTTP/1.1 POST http://localhost:5001/Identity/Account/Logout?returnUrl=%2F - application/x-www-form-urlencoded 225
2024-12-01 06:54:26.010 +01:00 [INF] Executing endpoint '/Account/Logout'
2024-12-01 06:54:26.020 +01:00 [INF] Route matched with {page = "/Account/Logout", area = "Identity", action = "", controller = ""}. Executing page /Account/Logout
2024-12-01 06:54:26.037 +01:00 [INF] Executing handler method photogram.Areas.Identity.Pages.Account.LogoutModel.OnPost - ModelState is "Valid"
2024-12-01 06:54:26.048 +01:00 [INF] AuthenticationScheme: Identity.Application signed out.
2024-12-01 06:54:26.054 +01:00 [INF] AuthenticationScheme: Identity.External signed out.
2024-12-01 06:54:26.054 +01:00 [INF] AuthenticationScheme: Identity.TwoFactorUserId signed out.
2024-12-01 06:54:26.055 +01:00 [INF] User logged out.
2024-12-01 06:54:26.055 +01:00 [INF] Executed handler method OnPost, returned result Microsoft.AspNetCore.Mvc.LocalRedirectResult.
2024-12-01 06:54:26.058 +01:00 [INF] Executing LocalRedirectResult, redirecting to /.
2024-12-01 06:54:26.059 +01:00 [INF] Executed page /Account/Logout in 38.6549ms
2024-12-01 06:54:26.059 +01:00 [INF] Executed endpoint '/Account/Logout'
2024-12-01 06:54:26.059 +01:00 [INF] Request finished HTTP/1.1 POST http://localhost:5001/Identity/Account/Logout?returnUrl=%2F - 302 0 null 63.8692ms
2024-12-01 06:54:26.073 +01:00 [INF] Request starting HTTP/1.1 GET http://localhost:5001/ - null null
2024-12-01 06:54:26.074 +01:00 [INF] Executing endpoint 'photogram.Controllers.HomeController.Index (photogram)'
2024-12-01 06:54:26.074 +01:00 [INF] Route matched with {action = "Index", controller = "Home", page = "", area = ""}. Executing controller action with signature Microsoft.AspNetCore.Mvc.IActionResult Index() on controller photogram.Controllers.HomeController (photogram).
2024-12-01 06:54:26.074 +01:00 [INF] Executing ViewResult, running view Index.
2024-12-01 06:54:26.077 +01:00 [INF] Executed ViewResult - view Index executed in 2.211ms.
2024-12-01 06:54:26.077 +01:00 [INF] Executed action photogram.Controllers.HomeController.Index (photogram) in 2.9501ms
2024-12-01 06:54:26.077 +01:00 [INF] Executed endpoint 'photogram.Controllers.HomeController.Index (photogram)'
2024-12-01 06:54:26.077 +01:00 [INF] Request finished HTTP/1.1 GET http://localhost:5001/ - 200 null text/html; charset=utf-8 3.8277ms
2024-12-01 06:54:30.011 +01:00 [INF] Request starting HTTP/1.1 GET http://localhost:5001/ - null null
2024-12-01 06:54:30.011 +01:00 [INF] Executing endpoint 'photogram.Controllers.HomeController.Index (photogram)'
2024-12-01 06:54:30.011 +01:00 [INF] Route matched with {action = "Index", controller = "Home", page = "", area = ""}. Executing controller action with signature Microsoft.AspNetCore.Mvc.IActionResult Index() on controller photogram.Controllers.HomeController (photogram).
2024-12-01 06:54:30.013 +01:00 [INF] Executing ViewResult, running view Index.
2024-12-01 06:54:30.014 +01:00 [INF] Executed ViewResult - view Index executed in 1.2187ms.
2024-12-01 06:54:30.014 +01:00 [INF] Executed action photogram.Controllers.HomeController.Index (photogram) in 2.9951ms
2024-12-01 06:54:30.014 +01:00 [INF] Executed endpoint 'photogram.Controllers.HomeController.Index (photogram)'
2024-12-01 06:54:30.015 +01:00 [INF] Request finished HTTP/1.1 GET http://localhost:5001/ - 200 null text/html; charset=utf-8 3.9257ms
2024-12-01 06:54:33.355 +01:00 [INF] Request starting HTTP/1.1 GET http://localhost:5001/Identity/Account/Login - null null
2024-12-01 06:54:33.357 +01:00 [INF] Executing endpoint '/Account/Login'
2024-12-01 06:54:33.368 +01:00 [INF] Route matched with {page = "/Account/Login", area = "Identity", action = "", controller = ""}. Executing page /Account/Login
2024-12-01 06:54:33.371 +01:00 [INF] Executing handler method photogram.Areas.Identity.Pages.Account.LoginModel.OnGetAsync - ModelState is "Valid"
2024-12-01 06:54:33.374 +01:00 [INF] AuthenticationScheme: Identity.External signed out.
2024-12-01 06:54:33.375 +01:00 [INF] Executed handler method OnGetAsync, returned result .
2024-12-01 06:54:33.381 +01:00 [INF] Executing an implicit handler method - ModelState is "Valid"
2024-12-01 06:54:33.381 +01:00 [INF] Executed an implicit handler method, returned result Microsoft.AspNetCore.Mvc.RazorPages.PageResult.
2024-12-01 06:54:33.446 +01:00 [INF] Executed page /Account/Login in 77.5189ms
2024-12-01 06:54:33.446 +01:00 [INF] Executed endpoint '/Account/Login'
2024-12-01 06:54:33.446 +01:00 [INF] Request finished HTTP/1.1 GET http://localhost:5001/Identity/Account/Login - 200 null text/html; charset=utf-8 90.6934ms
2024-12-01 06:54:33.476 +01:00 [INF] Request starting HTTP/1.1 GET http://localhost:5001/lib/jquery-validation-unobtrusive/dist/jquery.validate.unobtrusive.min.js - null null
2024-12-01 06:54:33.476 +01:00 [INF] Request finished HTTP/1.1 GET http://localhost:5001/lib/jquery-validation-unobtrusive/dist/jquery.validate.unobtrusive.min.js - 404 0 null 1.0048ms
2024-12-01 06:54:33.477 +01:00 [INF] Request reached the end of the middleware pipeline without being handled by application code. Request path: GET http://localhost:5001/lib/jquery-validation-unobtrusive/dist/jquery.validate.unobtrusive.min.js, Response status code: 404
2024-12-01 06:54:49.874 +01:00 [INF] Request starting HTTP/1.1 POST http://localhost:5001/Identity/Account/Login - application/x-www-form-urlencoded 263
2024-12-01 06:54:49.875 +01:00 [INF] Executing endpoint '/Account/Login'
2024-12-01 06:54:49.876 +01:00 [INF] Route matched with {page = "/Account/Login", area = "Identity", action = "", controller = ""}. Executing page /Account/Login
2024-12-01 06:54:49.897 +01:00 [INF] Executing handler method photogram.Areas.Identity.Pages.Account.LoginModel.OnPostAsync - ModelState is "Valid"
2024-12-01 06:54:50.295 +01:00 [INF] AuthenticationScheme: Identity.Application signed in.
2024-12-01 06:54:50.295 +01:00 [INF] User logged in.
2024-12-01 06:54:50.295 +01:00 [INF] Executed handler method OnPostAsync, returned result Microsoft.AspNetCore.Mvc.LocalRedirectResult.
2024-12-01 06:54:50.296 +01:00 [INF] Executing LocalRedirectResult, redirecting to /.
2024-12-01 06:54:50.296 +01:00 [INF] Executed page /Account/Login in 420.1992ms
2024-12-01 06:54:50.297 +01:00 [INF] Executed endpoint '/Account/Login'
2024-12-01 06:54:50.297 +01:00 [INF] Request finished HTTP/1.1 POST http://localhost:5001/Identity/Account/Login - 302 0 null 422.4739ms
2024-12-01 06:54:50.308 +01:00 [INF] Request starting HTTP/1.1 GET http://localhost:5001/ - null null
2024-12-01 06:54:50.308 +01:00 [INF] Executing endpoint 'photogram.Controllers.HomeController.Index (photogram)'
2024-12-01 06:54:50.309 +01:00 [INF] Route matched with {action = "Index", controller = "Home", page = "", area = ""}. Executing controller action with signature Microsoft.AspNetCore.Mvc.IActionResult Index() on controller photogram.Controllers.HomeController (photogram).
2024-12-01 06:54:50.309 +01:00 [INF] Executing ViewResult, running view Index.
2024-12-01 06:54:50.309 +01:00 [INF] Executed ViewResult - view Index executed in 0.7017ms.
2024-12-01 06:54:50.309 +01:00 [INF] Executed action photogram.Controllers.HomeController.Index (photogram) in 0.8944ms
2024-12-01 06:54:50.310 +01:00 [INF] Executed endpoint 'photogram.Controllers.HomeController.Index (photogram)'
2024-12-01 06:54:50.310 +01:00 [INF] Request finished HTTP/1.1 GET http://localhost:5001/ - 200 null text/html; charset=utf-8 2.0633ms
2024-12-01 06:54:53.237 +01:00 [INF] Request starting HTTP/1.1 GET http://localhost:5001/Home/Feed - null null
2024-12-01 06:54:53.239 +01:00 [INF] Executing endpoint 'photogram.Controllers.HomeController.Feed (photogram)'
2024-12-01 06:54:53.239 +01:00 [INF] Route matched with {action = "Feed", controller = "Home", page = "", area = ""}. Executing controller action with signature Microsoft.AspNetCore.Mvc.IActionResult Feed() on controller photogram.Controllers.HomeController (photogram).
2024-12-01 06:54:53.240 +01:00 [INF] Executing RedirectResult, redirecting to /Post/Feed.
2024-12-01 06:54:53.240 +01:00 [INF] Executed action photogram.Controllers.HomeController.Feed (photogram) in 0.283ms
2024-12-01 06:54:53.240 +01:00 [INF] Executed endpoint 'photogram.Controllers.HomeController.Feed (photogram)'
2024-12-01 06:54:53.240 +01:00 [INF] Request finished HTTP/1.1 GET http://localhost:5001/Home/Feed - 302 0 null 2.733ms
2024-12-01 06:54:53.254 +01:00 [INF] Request starting HTTP/1.1 GET http://localhost:5001/Post/Feed - null null
2024-12-01 06:54:53.255 +01:00 [INF] Executing endpoint 'photogram.Controllers.PostController.Feed (photogram)'
2024-12-01 06:54:53.255 +01:00 [INF] Route matched with {action = "Feed", controller = "Post", page = "", area = ""}. Executing controller action with signature System.Threading.Tasks.Task`1[Microsoft.AspNetCore.Mvc.IActionResult] Feed(System.Nullable`1[System.Int32], System.Nullable`1[System.Int32]) on controller photogram.Controllers.PostController (photogram).
2024-12-01 06:54:53.258 +01:00 [INF] Executing ViewResult, running view Feed.
2024-12-01 06:54:53.284 +01:00 [INF] Executed ViewResult - view Feed executed in 25.4484ms.
2024-12-01 06:54:53.284 +01:00 [INF] Executed action photogram.Controllers.PostController.Feed (photogram) in 28.1382ms
2024-12-01 06:54:53.284 +01:00 [INF] Executed endpoint 'photogram.Controllers.PostController.Feed (photogram)'
2024-12-01 06:54:53.284 +01:00 [INF] Request finished HTTP/1.1 GET http://localhost:5001/Post/Feed - 200 null text/html; charset=utf-8 30.214ms
2024-12-01 06:54:59.120 +01:00 [INF] Request starting HTTP/1.1 GET http://localhost:5001/Post/MyPosts - null null
2024-12-01 06:54:59.122 +01:00 [INF] Executing endpoint 'photogram.Controllers.PostController.MyPosts (photogram)'
2024-12-01 06:54:59.122 +01:00 [INF] Route matched with {action = "MyPosts", controller = "Post", page = "", area = ""}. Executing controller action with signature System.Threading.Tasks.Task`1[Microsoft.AspNetCore.Mvc.IActionResult] MyPosts(System.Nullable`1[System.Int32]) on controller photogram.Controllers.PostController (photogram).
2024-12-01 06:54:59.124 +01:00 [INF] Executing ViewResult, running view MyPosts.
2024-12-01 06:54:59.125 +01:00 [INF] Executed ViewResult - view MyPosts executed in 1.2469ms.
2024-12-01 06:54:59.125 +01:00 [INF] Executed action photogram.Controllers.PostController.MyPosts (photogram) in 2.6658ms
2024-12-01 06:54:59.125 +01:00 [INF] Executed endpoint 'photogram.Controllers.PostController.MyPosts (photogram)'
2024-12-01 06:54:59.126 +01:00 [INF] Request finished HTTP/1.1 GET http://localhost:5001/Post/MyPosts - 200 null text/html; charset=utf-8 5.5218ms
2024-12-01 06:55:00.690 +01:00 [INF] Request starting HTTP/1.1 GET http://localhost:5001/Post/CreatePost - null null
2024-12-01 06:55:00.692 +01:00 [INF] Executing endpoint 'photogram.Controllers.PostController.CreatePost (photogram)'
2024-12-01 06:55:00.692 +01:00 [INF] Route matched with {action = "CreatePost", controller = "Post", page = "", area = ""}. Executing controller action with signature Microsoft.AspNetCore.Mvc.IActionResult CreatePost() on controller photogram.Controllers.PostController (photogram).
2024-12-01 06:55:00.692 +01:00 [INF] Executing ViewResult, running view CreatePost.
2024-12-01 06:55:00.695 +01:00 [INF] Executed ViewResult - view CreatePost executed in 2.7886ms.
2024-12-01 06:55:00.695 +01:00 [INF] Executed action photogram.Controllers.PostController.CreatePost (photogram) in 3.0473ms
2024-12-01 06:55:00.695 +01:00 [INF] Executed endpoint 'photogram.Controllers.PostController.CreatePost (photogram)'
2024-12-01 06:55:00.695 +01:00 [INF] Request finished HTTP/1.1 GET http://localhost:5001/Post/CreatePost - 200 null text/html; charset=utf-8 5.514ms
2024-12-01 06:55:04.508 +01:00 [INF] Request starting HTTP/1.1 POST http://localhost:5001/Post/CreatePost - multipart/form-data; boundary=----WebKitFormBoundaryqdjcPpwUuwzdWNDc 598
2024-12-01 06:55:04.510 +01:00 [INF] Executing endpoint 'photogram.Controllers.PostController.CreatePost (photogram)'
2024-12-01 06:55:04.520 +01:00 [INF] Route matched with {action = "CreatePost", controller = "Post", page = "", area = ""}. Executing controller action with signature System.Threading.Tasks.Task`1[Microsoft.AspNetCore.Mvc.IActionResult] CreatePost(photogram.Models.CreatePostModel) on controller photogram.Controllers.PostController (photogram).
2024-12-01 06:55:04.560 +01:00 [INF] Creating a new post in PostController
2024-12-01 06:55:04.585 +01:00 [INF] Executing RedirectResult, redirecting to /Post/MyPosts.
2024-12-01 06:55:04.585 +01:00 [INF] Executed action photogram.Controllers.PostController.CreatePost (photogram) in 64.8484ms
2024-12-01 06:55:04.585 +01:00 [INF] Executed endpoint 'photogram.Controllers.PostController.CreatePost (photogram)'
2024-12-01 06:55:04.585 +01:00 [INF] Request finished HTTP/1.1 POST http://localhost:5001/Post/CreatePost - 302 0 null 77.2422ms
2024-12-01 06:55:04.601 +01:00 [INF] Request starting HTTP/1.1 GET http://localhost:5001/Post/MyPosts - null null
2024-12-01 06:55:04.602 +01:00 [INF] Executing endpoint 'photogram.Controllers.PostController.MyPosts (photogram)'
2024-12-01 06:55:04.602 +01:00 [INF] Route matched with {action = "MyPosts", controller = "Post", page = "", area = ""}. Executing controller action with signature System.Threading.Tasks.Task`1[Microsoft.AspNetCore.Mvc.IActionResult] MyPosts(System.Nullable`1[System.Int32]) on controller photogram.Controllers.PostController (photogram).
2024-12-01 06:55:04.606 +01:00 [INF] Executing ViewResult, running view MyPosts.
2024-12-01 06:55:04.656 +01:00 [INF] Executed ViewResult - view MyPosts executed in 50.9767ms.
2024-12-01 06:55:04.657 +01:00 [INF] Executed action photogram.Controllers.PostController.MyPosts (photogram) in 54.4791ms
2024-12-01 06:55:04.657 +01:00 [INF] Executed endpoint 'photogram.Controllers.PostController.MyPosts (photogram)'
2024-12-01 06:55:04.657 +01:00 [INF] Request finished HTTP/1.1 GET http://localhost:5001/Post/MyPosts - 200 null text/html; charset=utf-8 56.1633ms
2024-12-01 06:55:07.376 +01:00 [INF] Request starting HTTP/1.1 GET http://localhost:5001/Post/EditPost/16 - null null
2024-12-01 06:55:07.377 +01:00 [INF] Executing endpoint 'photogram.Controllers.PostController.EditPost (photogram)'
2024-12-01 06:55:07.383 +01:00 [INF] Route matched with {action = "EditPost", controller = "Post", page = "", area = ""}. Executing controller action with signature System.Threading.Tasks.Task`1[Microsoft.AspNetCore.Mvc.IActionResult] EditPost(Int32) on controller photogram.Controllers.PostController (photogram).
2024-12-01 06:55:07.387 +01:00 [INF] EditPost GET called with ID: 16
2024-12-01 06:55:07.418 +01:00 [INF] Executing RedirectResult, redirecting to /Post/MyPosts?editingPostId=16.
2024-12-01 06:55:07.418 +01:00 [INF] Executed action photogram.Controllers.PostController.EditPost (photogram) in 35.1693ms
2024-12-01 06:55:07.419 +01:00 [INF] Executed endpoint 'photogram.Controllers.PostController.EditPost (photogram)'
2024-12-01 06:55:07.419 +01:00 [INF] Request finished HTTP/1.1 GET http://localhost:5001/Post/EditPost/16 - 302 0 null 42.8068ms
2024-12-01 06:55:07.434 +01:00 [INF] Request starting HTTP/1.1 GET http://localhost:5001/Post/MyPosts?editingPostId=16 - null null
2024-12-01 06:55:07.436 +01:00 [INF] Executing endpoint 'photogram.Controllers.PostController.MyPosts (photogram)'
2024-12-01 06:55:07.436 +01:00 [INF] Route matched with {action = "MyPosts", controller = "Post", page = "", area = ""}. Executing controller action with signature System.Threading.Tasks.Task`1[Microsoft.AspNetCore.Mvc.IActionResult] MyPosts(System.Nullable`1[System.Int32]) on controller photogram.Controllers.PostController (photogram).
2024-12-01 06:55:07.442 +01:00 [INF] Executing ViewResult, running view MyPosts.
2024-12-01 06:55:07.494 +01:00 [INF] Executed ViewResult - view MyPosts executed in 52.2979ms.
2024-12-01 06:55:07.494 +01:00 [INF] Executed action photogram.Controllers.PostController.MyPosts (photogram) in 58.195ms
2024-12-01 06:55:07.494 +01:00 [INF] Executed endpoint 'photogram.Controllers.PostController.MyPosts (photogram)'
2024-12-01 06:55:07.494 +01:00 [INF] Request finished HTTP/1.1 GET http://localhost:5001/Post/MyPosts?editingPostId=16 - 200 null text/html; charset=utf-8 59.7833ms
2024-12-01 06:55:09.815 +01:00 [INF] Request starting HTTP/1.1 POST http://localhost:5001/Post/UpdatePost - application/x-www-form-urlencoded 240
2024-12-01 06:55:09.817 +01:00 [INF] Executing endpoint 'photogram.Controllers.PostController.UpdatePost (photogram)'
2024-12-01 06:55:09.834 +01:00 [INF] Route matched with {action = "UpdatePost", controller = "Post", page = "", area = ""}. Executing controller action with signature System.Threading.Tasks.Task`1[Microsoft.AspNetCore.Mvc.IActionResult] UpdatePost(photogram.Models.UpdatePostRequestModel) on controller photogram.Controllers.PostController (photogram).
2024-12-01 06:55:09.846 +01:00 [INF] UpdatePost called for post ID: 16
2024-12-01 06:55:09.847 +01:00 [INF] Executing RedirectResult, redirecting to /Post/MyPosts?editingPostId=16.
2024-12-01 06:55:09.847 +01:00 [INF] Executed action photogram.Controllers.PostController.UpdatePost (photogram) in 12.3443ms
2024-12-01 06:55:09.847 +01:00 [INF] Executed endpoint 'photogram.Controllers.PostController.UpdatePost (photogram)'
2024-12-01 06:55:09.847 +01:00 [INF] Request finished HTTP/1.1 POST http://localhost:5001/Post/UpdatePost - 302 0 null 31.4035ms
2024-12-01 06:55:09.868 +01:00 [INF] Request starting HTTP/1.1 GET http://localhost:5001/Post/MyPosts?editingPostId=16 - null null
2024-12-01 06:55:09.871 +01:00 [INF] Executing endpoint 'photogram.Controllers.PostController.MyPosts (photogram)'
2024-12-01 06:55:09.871 +01:00 [INF] Route matched with {action = "MyPosts", controller = "Post", page = "", area = ""}. Executing controller action with signature System.Threading.Tasks.Task`1[Microsoft.AspNetCore.Mvc.IActionResult] MyPosts(System.Nullable`1[System.Int32]) on controller photogram.Controllers.PostController (photogram).
2024-12-01 06:55:09.874 +01:00 [INF] Executing ViewResult, running view MyPosts.
2024-12-01 06:55:09.875 +01:00 [INF] Executed ViewResult - view MyPosts executed in 1.4522ms.
2024-12-01 06:55:09.876 +01:00 [INF] Executed action photogram.Controllers.PostController.MyPosts (photogram) in 4.0842ms
2024-12-01 06:55:09.876 +01:00 [INF] Executed endpoint 'photogram.Controllers.PostController.MyPosts (photogram)'
2024-12-01 06:55:09.876 +01:00 [INF] Request finished HTTP/1.1 GET http://localhost:5001/Post/MyPosts?editingPostId=16 - 200 null text/html; charset=utf-8 7.5487ms
2024-12-01 06:55:14.841 +01:00 [INF] Request starting HTTP/1.1 POST http://localhost:5001/Post/DeletePost - application/x-www-form-urlencoded 231
2024-12-01 06:55:14.842 +01:00 [INF] Executing endpoint 'photogram.Controllers.PostController.DeletePost (photogram)'
2024-12-01 06:55:14.851 +01:00 [INF] Route matched with {action = "DeletePost", controller = "Post", page = "", area = ""}. Executing controller action with signature System.Threading.Tasks.Task`1[Microsoft.AspNetCore.Mvc.IActionResult] DeletePost(Int32) on controller photogram.Controllers.PostController (photogram).
2024-12-01 06:55:14.904 +01:00 [INF] Executing RedirectResult, redirecting to /Post/MyPosts.
2024-12-01 06:55:14.904 +01:00 [INF] Executed action photogram.Controllers.PostController.DeletePost (photogram) in 52.9922ms
2024-12-01 06:55:14.904 +01:00 [INF] Executed endpoint 'photogram.Controllers.PostController.DeletePost (photogram)'
2024-12-01 06:55:14.905 +01:00 [INF] Request finished HTTP/1.1 POST http://localhost:5001/Post/DeletePost - 302 0 null 63.691ms
2024-12-01 06:55:14.919 +01:00 [INF] Request starting HTTP/1.1 GET http://localhost:5001/Post/MyPosts - null null
2024-12-01 06:55:14.919 +01:00 [INF] Executing endpoint 'photogram.Controllers.PostController.MyPosts (photogram)'
2024-12-01 06:55:14.920 +01:00 [INF] Route matched with {action = "MyPosts", controller = "Post", page = "", area = ""}. Executing controller action with signature System.Threading.Tasks.Task`1[Microsoft.AspNetCore.Mvc.IActionResult] MyPosts(System.Nullable`1[System.Int32]) on controller photogram.Controllers.PostController (photogram).
2024-12-01 06:55:14.921 +01:00 [INF] Executing ViewResult, running view MyPosts.
2024-12-01 06:55:14.923 +01:00 [INF] Executed ViewResult - view MyPosts executed in 1.5245ms.
2024-12-01 06:55:14.923 +01:00 [INF] Executed action photogram.Controllers.PostController.MyPosts (photogram) in 3.1882ms
2024-12-01 06:55:14.923 +01:00 [INF] Executed endpoint 'photogram.Controllers.PostController.MyPosts (photogram)'
2024-12-01 06:55:14.923 +01:00 [INF] Request finished HTTP/1.1 GET http://localhost:5001/Post/MyPosts - 200 null text/html; charset=utf-8 4.354ms
2024-12-01 06:55:15.957 +01:00 [INF] Request starting HTTP/1.1 GET http://localhost:5001/Home/Feed - null null
2024-12-01 06:55:15.959 +01:00 [INF] Executing endpoint 'photogram.Controllers.HomeController.Feed (photogram)'
2024-12-01 06:55:15.959 +01:00 [INF] Route matched with {action = "Feed", controller = "Home", page = "", area = ""}. Executing controller action with signature Microsoft.AspNetCore.Mvc.IActionResult Feed() on controller photogram.Controllers.HomeController (photogram).
2024-12-01 06:55:15.959 +01:00 [INF] Executing RedirectResult, redirecting to /Post/Feed.
2024-12-01 06:55:15.959 +01:00 [INF] Executed action photogram.Controllers.HomeController.Feed (photogram) in 0.1325ms
2024-12-01 06:55:15.959 +01:00 [INF] Executed endpoint 'photogram.Controllers.HomeController.Feed (photogram)'
2024-12-01 06:55:15.959 +01:00 [INF] Request finished HTTP/1.1 GET http://localhost:5001/Home/Feed - 302 0 null 2.6257ms
2024-12-01 06:55:15.973 +01:00 [INF] Request starting HTTP/1.1 GET http://localhost:5001/Post/Feed - null null
2024-12-01 06:55:15.974 +01:00 [INF] Executing endpoint 'photogram.Controllers.PostController.Feed (photogram)'
2024-12-01 06:55:15.975 +01:00 [INF] Route matched with {action = "Feed", controller = "Post", page = "", area = ""}. Executing controller action with signature System.Threading.Tasks.Task`1[Microsoft.AspNetCore.Mvc.IActionResult] Feed(System.Nullable`1[System.Int32], System.Nullable`1[System.Int32]) on controller photogram.Controllers.PostController (photogram).
2024-12-01 06:55:15.977 +01:00 [INF] Executing ViewResult, running view Feed.
2024-12-01 06:55:15.998 +01:00 [INF] Executed ViewResult - view Feed executed in 20.0987ms.
2024-12-01 06:55:15.998 +01:00 [INF] Executed action photogram.Controllers.PostController.Feed (photogram) in 23.0786ms
2024-12-01 06:55:15.998 +01:00 [INF] Executed endpoint 'photogram.Controllers.PostController.Feed (photogram)'
2024-12-01 06:55:15.998 +01:00 [INF] Request finished HTTP/1.1 GET http://localhost:5001/Post/Feed - 200 null text/html; charset=utf-8 24.9233ms
2024-12-01 06:55:20.192 +01:00 [INF] Request starting HTTP/1.1 GET http://localhost:5001/ - null null
2024-12-01 06:55:20.193 +01:00 [INF] Executing endpoint 'photogram.Controllers.HomeController.Index (photogram)'
2024-12-01 06:55:20.193 +01:00 [INF] Route matched with {action = "Index", controller = "Home", page = "", area = ""}. Executing controller action with signature Microsoft.AspNetCore.Mvc.IActionResult Index() on controller photogram.Controllers.HomeController (photogram).
2024-12-01 06:55:20.193 +01:00 [INF] Executing ViewResult, running view Index.
2024-12-01 06:55:20.194 +01:00 [INF] Executed ViewResult - view Index executed in 0.8355ms.
2024-12-01 06:55:20.194 +01:00 [INF] Executed action photogram.Controllers.HomeController.Index (photogram) in 0.9916ms
2024-12-01 06:55:20.194 +01:00 [INF] Executed endpoint 'photogram.Controllers.HomeController.Index (photogram)'
2024-12-01 06:55:20.194 +01:00 [INF] Request finished HTTP/1.1 GET http://localhost:5001/ - 200 null text/html; charset=utf-8 2.2092ms
2024-12-01 06:55:22.211 +01:00 [INF] Request starting HTTP/1.1 POST http://localhost:5001/Identity/Account/Logout?returnUrl=%2F - application/x-www-form-urlencoded 225
2024-12-01 06:55:22.213 +01:00 [INF] Executing endpoint '/Account/Logout'
2024-12-01 06:55:22.213 +01:00 [INF] Route matched with {page = "/Account/Logout", area = "Identity", action = "", controller = ""}. Executing page /Account/Logout
2024-12-01 06:55:22.218 +01:00 [INF] Executing handler method photogram.Areas.Identity.Pages.Account.LogoutModel.OnPost - ModelState is "Valid"
2024-12-01 06:55:22.219 +01:00 [INF] AuthenticationScheme: Identity.Application signed out.
2024-12-01 06:55:22.219 +01:00 [INF] AuthenticationScheme: Identity.External signed out.
2024-12-01 06:55:22.219 +01:00 [INF] AuthenticationScheme: Identity.TwoFactorUserId signed out.
2024-12-01 06:55:22.219 +01:00 [INF] User logged out.
2024-12-01 06:55:22.220 +01:00 [INF] Executed handler method OnPost, returned result Microsoft.AspNetCore.Mvc.LocalRedirectResult.
2024-12-01 06:55:22.220 +01:00 [INF] Executing LocalRedirectResult, redirecting to /.
2024-12-01 06:55:22.220 +01:00 [INF] Executed page /Account/Logout in 6.5695ms
2024-12-01 06:55:22.220 +01:00 [INF] Executed endpoint '/Account/Logout'
2024-12-01 06:55:22.220 +01:00 [INF] Request finished HTTP/1.1 POST http://localhost:5001/Identity/Account/Logout?returnUrl=%2F - 302 0 null 8.8097ms
2024-12-01 06:55:22.234 +01:00 [INF] Request starting HTTP/1.1 GET http://localhost:5001/ - null null
2024-12-01 06:55:22.234 +01:00 [INF] Executing endpoint 'photogram.Controllers.HomeController.Index (photogram)'
2024-12-01 06:55:22.234 +01:00 [INF] Route matched with {action = "Index", controller = "Home", page = "", area = ""}. Executing controller action with signature Microsoft.AspNetCore.Mvc.IActionResult Index() on controller photogram.Controllers.HomeController (photogram).
2024-12-01 06:55:22.235 +01:00 [INF] Executing ViewResult, running view Index.
2024-12-01 06:55:22.235 +01:00 [INF] Executed ViewResult - view Index executed in 0.525ms.
2024-12-01 06:55:22.235 +01:00 [INF] Executed action photogram.Controllers.HomeController.Index (photogram) in 0.8105ms
2024-12-01 06:55:22.235 +01:00 [INF] Executed endpoint 'photogram.Controllers.HomeController.Index (photogram)'
2024-12-01 06:55:22.235 +01:00 [INF] Request finished HTTP/1.1 GET http://localhost:5001/ - 200 null text/html; charset=utf-8 1.3233ms
2024-12-01 06:55:23.194 +01:00 [INF] Request starting HTTP/1.1 GET http://localhost:5001/Identity/Account/Register - null null
2024-12-01 06:55:23.195 +01:00 [INF] Executing endpoint '/Account/Register'
2024-12-01 06:55:23.212 +01:00 [INF] Route matched with {page = "/Account/Register", area = "Identity", action = "", controller = ""}. Executing page /Account/Register
2024-12-01 06:55:23.214 +01:00 [INF] Executing handler method photogram.Areas.Identity.Pages.Account.RegisterModel.OnGetAsync - ModelState is "Valid"
2024-12-01 06:55:23.215 +01:00 [INF] Executed handler method OnGetAsync, returned result .
2024-12-01 06:55:23.215 +01:00 [INF] Executing an implicit handler method - ModelState is "Valid"
2024-12-01 06:55:23.215 +01:00 [INF] Executed an implicit handler method, returned result Microsoft.AspNetCore.Mvc.RazorPages.PageResult.
2024-12-01 06:55:23.264 +01:00 [INF] Executed page /Account/Register in 51.9482ms
2024-12-01 06:55:23.264 +01:00 [INF] Executed endpoint '/Account/Register'
2024-12-01 06:55:23.264 +01:00 [INF] Request finished HTTP/1.1 GET http://localhost:5001/Identity/Account/Register - 200 null text/html; charset=utf-8 70.1026ms
2024-12-01 06:55:23.270 +01:00 [INF] Request starting HTTP/1.1 GET http://localhost:5001/lib/jquery-validation-unobtrusive/dist/jquery.validate.unobtrusive.min.js - null null
2024-12-01 06:55:23.270 +01:00 [INF] Request finished HTTP/1.1 GET http://localhost:5001/lib/jquery-validation-unobtrusive/dist/jquery.validate.unobtrusive.min.js - 404 0 null 0.7224ms
2024-12-01 06:55:23.270 +01:00 [INF] Request reached the end of the middleware pipeline without being handled by application code. Request path: GET http://localhost:5001/lib/jquery-validation-unobtrusive/dist/jquery.validate.unobtrusive.min.js, Response status code: 404
2024-12-01 06:55:25.955 +01:00 [INF] Request starting HTTP/1.1 GET http://localhost:5001/ - null null
2024-12-01 06:55:25.955 +01:00 [INF] Executing endpoint 'photogram.Controllers.HomeController.Index (photogram)'
2024-12-01 06:55:25.955 +01:00 [INF] Route matched with {action = "Index", controller = "Home", page = "", area = ""}. Executing controller action with signature Microsoft.AspNetCore.Mvc.IActionResult Index() on controller photogram.Controllers.HomeController (photogram).
2024-12-01 06:55:25.955 +01:00 [INF] Executing ViewResult, running view Index.
2024-12-01 06:55:25.956 +01:00 [INF] Executed ViewResult - view Index executed in 0.6249ms.
2024-12-01 06:55:25.956 +01:00 [INF] Executed action photogram.Controllers.HomeController.Index (photogram) in 0.9758ms
2024-12-01 06:55:25.956 +01:00 [INF] Executed endpoint 'photogram.Controllers.HomeController.Index (photogram)'
2024-12-01 06:55:25.956 +01:00 [INF] Request finished HTTP/1.1 GET http://localhost:5001/ - 200 null text/html; charset=utf-8 1.7403ms
2024-12-01 06:55:27.794 +01:00 [INF] Request starting HTTP/1.1 GET http://localhost:5001/Identity/Account/Register - null null
2024-12-01 06:55:27.794 +01:00 [INF] Executing endpoint '/Account/Register'
2024-12-01 06:55:27.794 +01:00 [INF] Route matched with {page = "/Account/Register", area = "Identity", action = "", controller = ""}. Executing page /Account/Register
2024-12-01 06:55:27.795 +01:00 [INF] Executing handler method photogram.Areas.Identity.Pages.Account.RegisterModel.OnGetAsync - ModelState is "Valid"
2024-12-01 06:55:27.795 +01:00 [INF] Executed handler method OnGetAsync, returned result .
2024-12-01 06:55:27.795 +01:00 [INF] Executing an implicit handler method - ModelState is "Valid"
2024-12-01 06:55:27.795 +01:00 [INF] Executed an implicit handler method, returned result Microsoft.AspNetCore.Mvc.RazorPages.PageResult.
2024-12-01 06:55:27.798 +01:00 [INF] Executed page /Account/Register in 3.835ms
2024-12-01 06:55:27.798 +01:00 [INF] Executed endpoint '/Account/Register'
2024-12-01 06:55:27.798 +01:00 [INF] Request finished HTTP/1.1 GET http://localhost:5001/Identity/Account/Register - 200 null text/html; charset=utf-8 4.6021ms
2024-12-01 06:55:27.837 +01:00 [INF] Request starting HTTP/1.1 GET http://localhost:5001/lib/jquery-validation-unobtrusive/dist/jquery.validate.unobtrusive.min.js - null null
2024-12-01 06:55:27.838 +01:00 [INF] Request finished HTTP/1.1 GET http://localhost:5001/lib/jquery-validation-unobtrusive/dist/jquery.validate.unobtrusive.min.js - 404 0 null 0.5518ms
2024-12-01 06:55:27.862 +01:00 [INF] Request reached the end of the middleware pipeline without being handled by application code. Request path: GET http://localhost:5001/lib/jquery-validation-unobtrusive/dist/jquery.validate.unobtrusive.min.js, Response status code: 404
2024-12-01 06:55:55.161 +01:00 [INF] Request starting HTTP/1.1 POST http://localhost:5001/Identity/Account/Register - application/x-www-form-urlencoded 278
2024-12-01 06:55:55.161 +01:00 [INF] Executing endpoint '/Account/Register'
2024-12-01 06:55:55.162 +01:00 [INF] Route matched with {page = "/Account/Register", area = "Identity", action = "", controller = ""}. Executing page /Account/Register
2024-12-01 06:55:55.181 +01:00 [INF] Executing handler method photogram.Areas.Identity.Pages.Account.RegisterModel.OnPostAsync - ModelState is "Valid"
2024-12-01 06:55:55.532 +01:00 [INF] User created a new account with password.
2024-12-01 06:55:55.538 +01:00 [INF] AuthenticationScheme: Identity.Application signed in.
2024-12-01 06:55:55.538 +01:00 [INF] Executed handler method OnPostAsync, returned result Microsoft.AspNetCore.Mvc.LocalRedirectResult.
2024-12-01 06:55:55.538 +01:00 [INF] Executing LocalRedirectResult, redirecting to /.
2024-12-01 06:55:55.539 +01:00 [INF] Executed page /Account/Register in 376.9148ms
2024-12-01 06:55:55.539 +01:00 [INF] Executed endpoint '/Account/Register'
2024-12-01 06:55:55.539 +01:00 [INF] Request finished HTTP/1.1 POST http://localhost:5001/Identity/Account/Register - 302 0 null 377.5958ms
2024-12-01 06:55:55.551 +01:00 [INF] Request starting HTTP/1.1 GET http://localhost:5001/ - null null
2024-12-01 06:55:55.553 +01:00 [INF] Executing endpoint 'photogram.Controllers.HomeController.Index (photogram)'
2024-12-01 06:55:55.553 +01:00 [INF] Route matched with {action = "Index", controller = "Home", page = "", area = ""}. Executing controller action with signature Microsoft.AspNetCore.Mvc.IActionResult Index() on controller photogram.Controllers.HomeController (photogram).
2024-12-01 06:55:55.553 +01:00 [INF] Executing ViewResult, running view Index.
2024-12-01 06:55:55.554 +01:00 [INF] Executed ViewResult - view Index executed in 0.7883ms.
2024-12-01 06:55:55.554 +01:00 [INF] Executed action photogram.Controllers.HomeController.Index (photogram) in 0.9421ms
2024-12-01 06:55:55.554 +01:00 [INF] Executed endpoint 'photogram.Controllers.HomeController.Index (photogram)'
2024-12-01 06:55:55.554 +01:00 [INF] Request finished HTTP/1.1 GET http://localhost:5001/ - 200 null text/html; charset=utf-8 2.9773ms
2024-12-01 06:55:58.780 +01:00 [INF] Request starting HTTP/1.1 GET http://localhost:5001/Home/Feed - null null
2024-12-01 06:55:58.782 +01:00 [INF] Executing endpoint 'photogram.Controllers.HomeController.Feed (photogram)'
2024-12-01 06:55:58.782 +01:00 [INF] Route matched with {action = "Feed", controller = "Home", page = "", area = ""}. Executing controller action with signature Microsoft.AspNetCore.Mvc.IActionResult Feed() on controller photogram.Controllers.HomeController (photogram).
2024-12-01 06:55:58.782 +01:00 [INF] Executing RedirectResult, redirecting to /Post/Feed.
2024-12-01 06:55:58.782 +01:00 [INF] Executed action photogram.Controllers.HomeController.Feed (photogram) in 0.1761ms
2024-12-01 06:55:58.782 +01:00 [INF] Executed endpoint 'photogram.Controllers.HomeController.Feed (photogram)'
2024-12-01 06:55:58.782 +01:00 [INF] Request finished HTTP/1.1 GET http://localhost:5001/Home/Feed - 302 0 null 1.6274ms
2024-12-01 06:55:58.799 +01:00 [INF] Request starting HTTP/1.1 GET http://localhost:5001/Post/Feed - null null
2024-12-01 06:55:58.800 +01:00 [INF] Executing endpoint 'photogram.Controllers.PostController.Feed (photogram)'
2024-12-01 06:55:58.800 +01:00 [INF] Route matched with {action = "Feed", controller = "Post", page = "", area = ""}. Executing controller action with signature System.Threading.Tasks.Task`1[Microsoft.AspNetCore.Mvc.IActionResult] Feed(System.Nullable`1[System.Int32], System.Nullable`1[System.Int32]) on controller photogram.Controllers.PostController (photogram).
2024-12-01 06:55:58.803 +01:00 [INF] Executing ViewResult, running view Feed.
2024-12-01 06:55:58.848 +01:00 [INF] Executed ViewResult - view Feed executed in 45.0012ms.
2024-12-01 06:55:58.848 +01:00 [INF] Executed action photogram.Controllers.PostController.Feed (photogram) in 48.3069ms
2024-12-01 06:55:58.848 +01:00 [INF] Executed endpoint 'photogram.Controllers.PostController.Feed (photogram)'
2024-12-01 06:55:58.848 +01:00 [INF] Request finished HTTP/1.1 GET http://localhost:5001/Post/Feed - 200 null text/html; charset=utf-8 49.3168ms
2024-12-01 06:56:02.209 +01:00 [INF] Request starting HTTP/1.1 GET http://localhost:5001/Post/MyPosts - null null
2024-12-01 06:56:02.211 +01:00 [INF] Executing endpoint 'photogram.Controllers.PostController.MyPosts (photogram)'
2024-12-01 06:56:02.211 +01:00 [INF] Route matched with {action = "MyPosts", controller = "Post", page = "", area = ""}. Executing controller action with signature System.Threading.Tasks.Task`1[Microsoft.AspNetCore.Mvc.IActionResult] MyPosts(System.Nullable`1[System.Int32]) on controller photogram.Controllers.PostController (photogram).
2024-12-01 06:56:02.213 +01:00 [INF] Executing ViewResult, running view MyPosts.
2024-12-01 06:56:02.214 +01:00 [INF] Executed ViewResult - view MyPosts executed in 1.2782ms.
2024-12-01 06:56:02.214 +01:00 [INF] Executed action photogram.Controllers.PostController.MyPosts (photogram) in 2.6247ms
2024-12-01 06:56:02.214 +01:00 [INF] Executed endpoint 'photogram.Controllers.PostController.MyPosts (photogram)'
2024-12-01 06:56:02.215 +01:00 [INF] Request finished HTTP/1.1 GET http://localhost:5001/Post/MyPosts - 200 null text/html; charset=utf-8 5.2816ms
2024-12-01 06:56:02.728 +01:00 [INF] Request starting HTTP/1.1 GET http://localhost:5001/Post/CreatePost - null null
2024-12-01 06:56:02.728 +01:00 [INF] Executing endpoint 'photogram.Controllers.PostController.CreatePost (photogram)'
2024-12-01 06:56:02.728 +01:00 [INF] Route matched with {action = "CreatePost", controller = "Post", page = "", area = ""}. Executing controller action with signature Microsoft.AspNetCore.Mvc.IActionResult CreatePost() on controller photogram.Controllers.PostController (photogram).
2024-12-01 06:56:02.730 +01:00 [INF] Executing ViewResult, running view CreatePost.
2024-12-01 06:56:02.732 +01:00 [INF] Executed ViewResult - view CreatePost executed in 2.5782ms.
2024-12-01 06:56:02.732 +01:00 [INF] Executed action photogram.Controllers.PostController.CreatePost (photogram) in 3.7813ms
2024-12-01 06:56:02.732 +01:00 [INF] Executed endpoint 'photogram.Controllers.PostController.CreatePost (photogram)'
2024-12-01 06:56:02.733 +01:00 [INF] Request finished HTTP/1.1 GET http://localhost:5001/Post/CreatePost - 200 null text/html; charset=utf-8 4.8155ms
