2024-11-29 13:13:50.756 +01:00 [INF] User profile is available. Using '/Users/yasminali/.aspnet/DataProtection-Keys' as key repository; keys will not be encrypted at rest.
2024-11-29 13:13:51.612 +01:00 [INF] Now listening on: https://localhost:7162
2024-11-29 13:13:51.616 +01:00 [INF] Now listening on: http://localhost:5000
2024-11-29 13:13:51.632 +01:00 [INF] Application started. Press Ctrl+C to shut down.
2024-11-29 13:13:51.752 +01:00 [INF] Hosting environment: Development
2024-11-29 13:13:51.760 +01:00 [INF] Content root path: /Users/yasminali/Downloads/photogram 6
2024-11-29 13:13:52.421 +01:00 [INF] Request starting HTTP/2 GET https://localhost:7162/ - null null
2024-11-29 13:13:52.488 +01:00 [INF] Executing endpoint 'photogram.Controllers.HomeController.Index (photogram)'
2024-11-29 13:13:52.518 +01:00 [INF] Route matched with {action = "Index", controller = "Home"}. Executing controller action with signature Microsoft.AspNetCore.Mvc.IActionResult Index() on controller photogram.Controllers.HomeController (photogram).
2024-11-29 13:13:52.552 +01:00 [INF] Executing ViewResult, running view Index.
2024-11-29 13:13:52.690 +01:00 [INF] Accessing expired session, Key:b89e8c98-6b40-71d0-2685-55dde9c16b1c
2024-11-29 13:13:52.724 +01:00 [INF] Executed ViewResult - view Index executed in 166.1796ms.
2024-11-29 13:13:52.732 +01:00 [INF] Executed action photogram.Controllers.HomeController.Index (photogram) in 212.9208ms
2024-11-29 13:13:52.732 +01:00 [INF] Executed endpoint 'photogram.Controllers.HomeController.Index (photogram)'
2024-11-29 13:13:52.761 +01:00 [INF] Request finished HTTP/2 GET https://localhost:7162/ - 200 null text/html; charset=utf-8 345.322ms
2024-11-29 13:13:54.578 +01:00 [INF] Request starting HTTP/2 GET https://localhost:7162/User/Login - null null
2024-11-29 13:13:54.618 +01:00 [INF] Executing endpoint 'photogram.Controllers.UserController.Login (photogram)'
2024-11-29 13:13:54.624 +01:00 [INF] Route matched with {action = "Login", controller = "User"}. Executing controller action with signature Microsoft.AspNetCore.Mvc.IActionResult Login() on controller photogram.Controllers.UserController (photogram).
2024-11-29 13:13:54.688 +01:00 [INF] Executing ViewResult, running view Login.
2024-11-29 13:13:54.757 +01:00 [INF] Accessing expired session, Key:b89e8c98-6b40-71d0-2685-55dde9c16b1c
2024-11-29 13:13:54.777 +01:00 [INF] Executed ViewResult - view Login executed in 90.3625ms.
2024-11-29 13:13:54.780 +01:00 [INF] Executed action photogram.Controllers.UserController.Login (photogram) in 155.6057ms
2024-11-29 13:13:54.780 +01:00 [INF] Executed endpoint 'photogram.Controllers.UserController.Login (photogram)'
2024-11-29 13:13:54.792 +01:00 [INF] Request finished HTTP/2 GET https://localhost:7162/User/Login - 200 null text/html; charset=utf-8 213.3362ms
2024-11-29 13:13:56.723 +01:00 [INF] Request starting HTTP/2 POST https://localhost:7162/User/Login - application/x-www-form-urlencoded 221
2024-11-29 13:13:56.729 +01:00 [INF] Executing endpoint 'photogram.Controllers.UserController.Login (photogram)'
2024-11-29 13:13:56.744 +01:00 [INF] Route matched with {action = "Login", controller = "User"}. Executing controller action with signature Microsoft.AspNetCore.Mvc.IActionResult Login(photogram.ViewModels.LoginViewModel) on controller photogram.Controllers.UserController (photogram).
2024-11-29 13:13:56.915 +01:00 [INF] Attempting to login
2024-11-29 13:13:57.387 +01:00 [INF] Accessing expired session, Key:b89e8c98-6b40-71d0-2685-55dde9c16b1c
2024-11-29 13:13:57.389 +01:00 [INF] Executing RedirectResult, redirecting to /.
2024-11-29 13:13:57.390 +01:00 [INF] Executed action photogram.Controllers.UserController.Login (photogram) in 645.8926ms
2024-11-29 13:13:57.390 +01:00 [INF] Executed endpoint 'photogram.Controllers.UserController.Login (photogram)'
2024-11-29 13:13:57.395 +01:00 [INF] Session started; Key:b89e8c98-6b40-71d0-2685-55dde9c16b1c, Id:7971e209-c935-c533-e23d-0d448c756dad
2024-11-29 13:13:57.483 +01:00 [INF] Request starting HTTP/2 GET https://localhost:7162/ - null null
2024-11-29 13:13:57.484 +01:00 [INF] Executing endpoint 'photogram.Controllers.HomeController.Index (photogram)'
2024-11-29 13:13:57.484 +01:00 [INF] Route matched with {action = "Index", controller = "Home"}. Executing controller action with signature Microsoft.AspNetCore.Mvc.IActionResult Index() on controller photogram.Controllers.HomeController (photogram).
2024-11-29 13:13:57.487 +01:00 [INF] Executing ViewResult, running view Index.
2024-11-29 13:13:57.490 +01:00 [INF] Request finished HTTP/2 POST https://localhost:7162/User/Login - 302 0 null 766.9458ms
2024-11-29 13:13:57.547 +01:00 [INF] Executed ViewResult - view Index executed in 59.597ms.
2024-11-29 13:13:57.597 +01:00 [INF] Executed action photogram.Controllers.HomeController.Index (photogram) in 112.0125ms
2024-11-29 13:13:57.607 +01:00 [INF] Executed endpoint 'photogram.Controllers.HomeController.Index (photogram)'
2024-11-29 13:13:57.628 +01:00 [INF] Request finished HTTP/2 GET https://localhost:7162/ - 200 null text/html; charset=utf-8 170.2958ms
2024-11-29 13:13:58.650 +01:00 [INF] Request starting HTTP/2 GET https://localhost:7162/Post/CreatePost - null null
2024-11-29 13:13:58.653 +01:00 [INF] Executing endpoint 'photogram.Controllers.PostController.CreatePost (photogram)'
2024-11-29 13:13:58.658 +01:00 [INF] Route matched with {action = "CreatePost", controller = "Post"}. Executing controller action with signature Microsoft.AspNetCore.Mvc.IActionResult CreatePost() on controller photogram.Controllers.PostController (photogram).
2024-11-29 13:13:58.662 +01:00 [INF] Executing ViewResult, running view CreatePost.
2024-11-29 13:13:58.698 +01:00 [INF] Executed ViewResult - view CreatePost executed in 36.6046ms.
2024-11-29 13:13:58.726 +01:00 [INF] Executed action photogram.Controllers.PostController.CreatePost (photogram) in 66.8194ms
2024-11-29 13:13:58.726 +01:00 [INF] Executed endpoint 'photogram.Controllers.PostController.CreatePost (photogram)'
2024-11-29 13:13:58.727 +01:00 [INF] Request finished HTTP/2 GET https://localhost:7162/Post/CreatePost - 200 null text/html; charset=utf-8 76.5095ms
2024-11-29 13:14:29.194 +01:00 [INF] Request starting HTTP/2 POST https://localhost:7162/Post/CreatePost - multipart/form-data; boundary=----WebKitFormBoundarytLYIP32eBzG3yc7p 551
2024-11-29 13:14:29.221 +01:00 [INF] Executing endpoint 'photogram.Controllers.PostController.CreatePost (photogram)'
2024-11-29 13:14:29.231 +01:00 [INF] Route matched with {action = "CreatePost", controller = "Post"}. Executing controller action with signature System.Threading.Tasks.Task`1[Microsoft.AspNetCore.Mvc.IActionResult] CreatePost(photogram.Models.CreatePostModel) on controller photogram.Controllers.PostController (photogram).
2024-11-29 13:14:29.264 +01:00 [INF] Creating a new post in PostController
2024-11-29 13:14:29.271 +01:00 [WRN] Invalid model state while creating a post.
2024-11-29 13:14:29.272 +01:00 [INF] Executing ViewResult, running view CreatePost.
2024-11-29 13:14:29.304 +01:00 [INF] Executed ViewResult - view CreatePost executed in 32.7208ms.
2024-11-29 13:14:29.330 +01:00 [INF] Executed action photogram.Controllers.PostController.CreatePost (photogram) in 99.001ms
2024-11-29 13:14:29.343 +01:00 [INF] Executed endpoint 'photogram.Controllers.PostController.CreatePost (photogram)'
2024-11-29 13:14:29.361 +01:00 [INF] Request finished HTTP/2 POST https://localhost:7162/Post/CreatePost - 200 null text/html; charset=utf-8 173.0392ms
2024-11-29 13:14:42.623 +01:00 [INF] Request starting HTTP/2 POST https://localhost:7162/Post/CreatePost - multipart/form-data; boundary=----WebKitFormBoundarycjlOl5CDRcamJBHJ 557
2024-11-29 13:14:42.625 +01:00 [INF] Executing endpoint 'photogram.Controllers.PostController.CreatePost (photogram)'
2024-11-29 13:14:42.625 +01:00 [INF] Route matched with {action = "CreatePost", controller = "Post"}. Executing controller action with signature System.Threading.Tasks.Task`1[Microsoft.AspNetCore.Mvc.IActionResult] CreatePost(photogram.Models.CreatePostModel) on controller photogram.Controllers.PostController (photogram).
2024-11-29 13:14:42.664 +01:00 [INF] Creating a new post in PostController
2024-11-29 13:14:42.979 +01:00 [INF] Executing RedirectResult, redirecting to /Post/MyPosts.
2024-11-29 13:14:42.979 +01:00 [INF] Executed action photogram.Controllers.PostController.CreatePost (photogram) in 353.1899ms
2024-11-29 13:14:42.979 +01:00 [INF] Executed endpoint 'photogram.Controllers.PostController.CreatePost (photogram)'
2024-11-29 13:14:42.981 +01:00 [INF] Request finished HTTP/2 POST https://localhost:7162/Post/CreatePost - 302 0 null 357.1617ms
2024-11-29 13:14:43.037 +01:00 [INF] Request starting HTTP/2 GET https://localhost:7162/Post/MyPosts - null null
2024-11-29 13:14:43.038 +01:00 [INF] Executing endpoint 'photogram.Controllers.PostController.MyPosts (photogram)'
2024-11-29 13:14:43.047 +01:00 [INF] Route matched with {action = "MyPosts", controller = "Post"}. Executing controller action with signature System.Threading.Tasks.Task`1[Microsoft.AspNetCore.Mvc.IActionResult] MyPosts(System.Nullable`1[System.Int32]) on controller photogram.Controllers.PostController (photogram).
2024-11-29 13:14:43.408 +01:00 [INF] Executing ViewResult, running view MyPosts.
2024-11-29 13:14:43.639 +01:00 [INF] Executed ViewResult - view MyPosts executed in 232.7125ms.
2024-11-29 13:14:43.672 +01:00 [INF] Executed action photogram.Controllers.PostController.MyPosts (photogram) in 625.272ms
2024-11-29 13:14:43.673 +01:00 [INF] Executed endpoint 'photogram.Controllers.PostController.MyPosts (photogram)'
2024-11-29 13:14:43.706 +01:00 [INF] Request finished HTTP/2 GET https://localhost:7162/Post/MyPosts - 200 null text/html; charset=utf-8 669.1986ms
2024-11-29 13:14:46.300 +01:00 [INF] Request starting HTTP/2 POST https://localhost:7162/Post/DeletePost - application/x-www-form-urlencoded 187
2024-11-29 13:14:46.329 +01:00 [INF] Executing endpoint 'photogram.Controllers.PostController.DeletePost (photogram)'
2024-11-29 13:14:46.343 +01:00 [INF] Route matched with {action = "DeletePost", controller = "Post"}. Executing controller action with signature System.Threading.Tasks.Task`1[Microsoft.AspNetCore.Mvc.IActionResult] DeletePost(Int32) on controller photogram.Controllers.PostController (photogram).
2024-11-29 13:14:46.433 +01:00 [INF] Post with ID 9 successfully deleted.
2024-11-29 13:14:46.436 +01:00 [INF] Executing RedirectResult, redirecting to /Post/MyPosts.
2024-11-29 13:14:46.437 +01:00 [INF] Executed action photogram.Controllers.PostController.DeletePost (photogram) in 93.5912ms
2024-11-29 13:14:46.437 +01:00 [INF] Executed endpoint 'photogram.Controllers.PostController.DeletePost (photogram)'
2024-11-29 13:14:46.438 +01:00 [INF] Request finished HTTP/2 POST https://localhost:7162/Post/DeletePost - 302 0 null 137.3047ms
2024-11-29 13:14:46.448 +01:00 [INF] Request starting HTTP/2 GET https://localhost:7162/Post/MyPosts - null null
2024-11-29 13:14:46.448 +01:00 [INF] Executing endpoint 'photogram.Controllers.PostController.MyPosts (photogram)'
2024-11-29 13:14:46.448 +01:00 [INF] Route matched with {action = "MyPosts", controller = "Post"}. Executing controller action with signature System.Threading.Tasks.Task`1[Microsoft.AspNetCore.Mvc.IActionResult] MyPosts(System.Nullable`1[System.Int32]) on controller photogram.Controllers.PostController (photogram).
2024-11-29 13:14:46.463 +01:00 [INF] Executing ViewResult, running view MyPosts.
2024-11-29 13:14:46.497 +01:00 [INF] Executed ViewResult - view MyPosts executed in 34.2147ms.
2024-11-29 13:14:46.499 +01:00 [INF] Executed action photogram.Controllers.PostController.MyPosts (photogram) in 49.992ms
2024-11-29 13:14:46.529 +01:00 [INF] Executed endpoint 'photogram.Controllers.PostController.MyPosts (photogram)'
2024-11-29 13:14:46.530 +01:00 [INF] Request finished HTTP/2 GET https://localhost:7162/Post/MyPosts - 200 null text/html; charset=utf-8 82.5491ms
2024-11-29 13:14:47.538 +01:00 [INF] Request starting HTTP/2 GET https://localhost:7162/Post/MyPosts - null null
2024-11-29 13:14:47.540 +01:00 [INF] Executing endpoint 'photogram.Controllers.PostController.MyPosts (photogram)'
2024-11-29 13:14:47.540 +01:00 [INF] Route matched with {action = "MyPosts", controller = "Post"}. Executing controller action with signature System.Threading.Tasks.Task`1[Microsoft.AspNetCore.Mvc.IActionResult] MyPosts(System.Nullable`1[System.Int32]) on controller photogram.Controllers.PostController (photogram).
2024-11-29 13:14:47.552 +01:00 [INF] Executing ViewResult, running view MyPosts.
2024-11-29 13:14:47.559 +01:00 [INF] Executed ViewResult - view MyPosts executed in 7.1877ms.
2024-11-29 13:14:47.561 +01:00 [INF] Executed action photogram.Controllers.PostController.MyPosts (photogram) in 20.5837ms
2024-11-29 13:14:47.562 +01:00 [INF] Executed endpoint 'photogram.Controllers.PostController.MyPosts (photogram)'
2024-11-29 13:14:47.563 +01:00 [INF] Request finished HTTP/2 GET https://localhost:7162/Post/MyPosts - 200 null text/html; charset=utf-8 24.9888ms
2024-11-29 13:14:49.613 +01:00 [INF] Request starting HTTP/2 GET https://localhost:7162/Post/CreatePost - null null
2024-11-29 13:14:49.614 +01:00 [INF] Executing endpoint 'photogram.Controllers.PostController.CreatePost (photogram)'
2024-11-29 13:14:49.614 +01:00 [INF] Route matched with {action = "CreatePost", controller = "Post"}. Executing controller action with signature Microsoft.AspNetCore.Mvc.IActionResult CreatePost() on controller photogram.Controllers.PostController (photogram).
2024-11-29 13:14:49.615 +01:00 [INF] Executing ViewResult, running view CreatePost.
2024-11-29 13:14:49.628 +01:00 [INF] Executed ViewResult - view CreatePost executed in 8.7953ms.
2024-11-29 13:14:49.628 +01:00 [INF] Executed action photogram.Controllers.PostController.CreatePost (photogram) in 13.6516ms
2024-11-29 13:14:49.628 +01:00 [INF] Executed endpoint 'photogram.Controllers.PostController.CreatePost (photogram)'
2024-11-29 13:14:49.633 +01:00 [INF] Request finished HTTP/2 GET https://localhost:7162/Post/CreatePost - 200 null text/html; charset=utf-8 44.6327ms
