2024-11-29 09:46:02.843 +01:00 [INF] User profile is available. Using '/Users/yasminali/.aspnet/DataProtection-Keys' as key repository; keys will not be encrypted at rest.
2024-11-29 09:46:03.740 +01:00 [INF] Now listening on: https://localhost:7162
2024-11-29 09:46:03.827 +01:00 [INF] Now listening on: http://localhost:5000
2024-11-29 09:46:03.864 +01:00 [INF] Application started. Press Ctrl+C to shut down.
2024-11-29 09:46:03.871 +01:00 [INF] Hosting environment: Development
2024-11-29 09:46:03.880 +01:00 [INF] Content root path: /Users/yasminali/Downloads/photogram 6
2024-11-29 09:46:04.391 +01:00 [INF] Request starting HTTP/2 GET https://localhost:7162/ - null null
2024-11-29 09:46:04.451 +01:00 [INF] Executing endpoint 'photogram.Controllers.HomeController.Index (photogram)'
2024-11-29 09:46:04.478 +01:00 [INF] Route matched with {action = "Index", controller = "Home"}. Executing controller action with signature Microsoft.AspNetCore.Mvc.IActionResult Index() on controller photogram.Controllers.HomeController (photogram).
2024-11-29 09:46:04.505 +01:00 [INF] Executing ViewResult, running view Index.
2024-11-29 09:46:04.614 +01:00 [INF] Accessing expired session, Key:b89e8c98-6b40-71d0-2685-55dde9c16b1c
2024-11-29 09:46:04.649 +01:00 [INF] Executed ViewResult - view Index executed in 134.4897ms.
2024-11-29 09:46:04.668 +01:00 [INF] Executed action photogram.Controllers.HomeController.Index (photogram) in 186.5362ms
2024-11-29 09:46:04.668 +01:00 [INF] Executed endpoint 'photogram.Controllers.HomeController.Index (photogram)'
2024-11-29 09:46:04.689 +01:00 [INF] Request starting HTTP/2 GET https://localhost:7162/css/layout.css - null null
2024-11-29 09:46:04.706 +01:00 [INF] Request finished HTTP/2 GET https://localhost:7162/ - 200 null text/html; charset=utf-8 322.0536ms
2024-11-29 09:46:04.720 +01:00 [INF] The file /css/layout.css was not modified
2024-11-29 09:46:04.722 +01:00 [INF] Request finished HTTP/2 GET https://localhost:7162/css/layout.css - 304 null text/css 32.9967ms
2024-11-29 09:46:08.801 +01:00 [INF] Request starting HTTP/2 GET https://localhost:7162/User/Login - null null
2024-11-29 09:46:08.809 +01:00 [INF] Executing endpoint 'photogram.Controllers.UserController.Login (photogram)'
2024-11-29 09:46:08.818 +01:00 [INF] Route matched with {action = "Login", controller = "User"}. Executing controller action with signature Microsoft.AspNetCore.Mvc.IActionResult Login() on controller photogram.Controllers.UserController (photogram).
2024-11-29 09:46:08.899 +01:00 [INF] Executing ViewResult, running view Login.
2024-11-29 09:46:08.967 +01:00 [INF] Accessing expired session, Key:b89e8c98-6b40-71d0-2685-55dde9c16b1c
2024-11-29 09:46:08.978 +01:00 [INF] Executed ViewResult - view Login executed in 81.4712ms.
2024-11-29 09:46:08.979 +01:00 [INF] Executed action photogram.Controllers.UserController.Login (photogram) in 160.4152ms
2024-11-29 09:46:08.979 +01:00 [INF] Executed endpoint 'photogram.Controllers.UserController.Login (photogram)'
2024-11-29 09:46:08.991 +01:00 [INF] Request finished HTTP/2 GET https://localhost:7162/User/Login - 200 null text/html; charset=utf-8 187.2289ms
2024-11-29 09:46:11.531 +01:00 [INF] Request starting HTTP/2 POST https://localhost:7162/User/Login - application/x-www-form-urlencoded 221
2024-11-29 09:46:11.583 +01:00 [INF] Executing endpoint 'photogram.Controllers.UserController.Login (photogram)'
2024-11-29 09:46:11.599 +01:00 [INF] Route matched with {action = "Login", controller = "User"}. Executing controller action with signature Microsoft.AspNetCore.Mvc.IActionResult Login(photogram.ViewModels.LoginViewModel) on controller photogram.Controllers.UserController (photogram).
2024-11-29 09:46:11.767 +01:00 [INF] Attempting to login
2024-11-29 09:46:12.210 +01:00 [INF] Accessing expired session, Key:b89e8c98-6b40-71d0-2685-55dde9c16b1c
2024-11-29 09:46:12.213 +01:00 [INF] Executing RedirectResult, redirecting to /.
2024-11-29 09:46:12.214 +01:00 [INF] Executed action photogram.Controllers.UserController.Login (photogram) in 614.9614ms
2024-11-29 09:46:12.214 +01:00 [INF] Executed endpoint 'photogram.Controllers.UserController.Login (photogram)'
2024-11-29 09:46:12.223 +01:00 [INF] Session started; Key:b89e8c98-6b40-71d0-2685-55dde9c16b1c, Id:8e945d1f-9348-1ac5-14a4-0df8f176b2b4
2024-11-29 09:46:12.262 +01:00 [INF] Request starting HTTP/2 GET https://localhost:7162/ - null null
2024-11-29 09:46:12.263 +01:00 [INF] Executing endpoint 'photogram.Controllers.HomeController.Index (photogram)'
2024-11-29 09:46:12.263 +01:00 [INF] Route matched with {action = "Index", controller = "Home"}. Executing controller action with signature Microsoft.AspNetCore.Mvc.IActionResult Index() on controller photogram.Controllers.HomeController (photogram).
2024-11-29 09:46:12.265 +01:00 [INF] Executing ViewResult, running view Index.
2024-11-29 09:46:12.271 +01:00 [INF] Request finished HTTP/2 POST https://localhost:7162/User/Login - 302 0 null 740.4257ms
2024-11-29 09:46:12.333 +01:00 [INF] Executed ViewResult - view Index executed in 68.0014ms.
2024-11-29 09:46:12.373 +01:00 [INF] Executed action photogram.Controllers.HomeController.Index (photogram) in 110.0099ms
2024-11-29 09:46:12.378 +01:00 [INF] Executed endpoint 'photogram.Controllers.HomeController.Index (photogram)'
2024-11-29 09:46:12.405 +01:00 [INF] Request finished HTTP/2 GET https://localhost:7162/ - 200 null text/html; charset=utf-8 164.8983ms
2024-11-29 09:46:13.403 +01:00 [INF] Request starting HTTP/2 GET https://localhost:7162/Home/Feed - null null
2024-11-29 09:46:13.405 +01:00 [INF] Executing endpoint 'photogram.Controllers.HomeController.Feed (photogram)'
2024-11-29 09:46:13.407 +01:00 [INF] Route matched with {action = "Feed", controller = "Home"}. Executing controller action with signature Microsoft.AspNetCore.Mvc.IActionResult Feed() on controller photogram.Controllers.HomeController (photogram).
2024-11-29 09:46:13.409 +01:00 [INF] Executing RedirectResult, redirecting to /Post/Feed.
2024-11-29 09:46:13.410 +01:00 [INF] Executed action photogram.Controllers.HomeController.Feed (photogram) in 2.07ms
2024-11-29 09:46:13.410 +01:00 [INF] Executed endpoint 'photogram.Controllers.HomeController.Feed (photogram)'
2024-11-29 09:46:13.410 +01:00 [INF] Request finished HTTP/2 GET https://localhost:7162/Home/Feed - 302 0 null 7.2629ms
2024-11-29 09:46:13.422 +01:00 [INF] Request starting HTTP/2 GET https://localhost:7162/Post/Feed - null null
2024-11-29 09:46:13.422 +01:00 [INF] Executing endpoint 'photogram.Controllers.PostController.Feed (photogram)'
2024-11-29 09:46:13.434 +01:00 [INF] Route matched with {action = "Feed", controller = "Post"}. Executing controller action with signature System.Threading.Tasks.Task`1[Microsoft.AspNetCore.Mvc.IActionResult] Feed(System.Nullable`1[System.Int32], System.Nullable`1[System.Int32]) on controller photogram.Controllers.PostController (photogram).
2024-11-29 09:46:13.606 +01:00 [INF] Executing ViewResult, running view Feed.
2024-11-29 09:46:13.920 +01:00 [INF] Executed ViewResult - view Feed executed in 315.3571ms.
2024-11-29 09:46:13.924 +01:00 [INF] Executed action photogram.Controllers.PostController.Feed (photogram) in 488.9741ms
2024-11-29 09:46:13.924 +01:00 [INF] Executed endpoint 'photogram.Controllers.PostController.Feed (photogram)'
2024-11-29 09:46:13.931 +01:00 [INF] Request finished HTTP/2 GET https://localhost:7162/Post/Feed - 200 null text/html; charset=utf-8 509.3178ms
