2024-11-30 11:55:56.837 +01:00 [INF] User profile is available. Using '/Users/yasminali/.aspnet/DataProtection-Keys' as key repository; keys will not be encrypted at rest.
2024-11-30 11:55:58.882 +01:00 [INF] Now listening on: https://localhost:7160
2024-11-30 11:55:58.897 +01:00 [INF] Now listening on: http://localhost:5001
2024-11-30 11:55:59.007 +01:00 [INF] Application started. Press Ctrl+C to shut down.
2024-11-30 11:55:59.052 +01:00 [INF] Hosting environment: Development
2024-11-30 11:55:59.076 +01:00 [INF] Content root path: /Users/yasminali/Downloads/photogram 7
2024-11-30 11:56:05.403 +01:00 [INF] Request starting HTTP/2 GET https://localhost:7160/ - null null
2024-11-30 11:56:07.934 +01:00 [INF] Executing endpoint 'photogram.Controllers.HomeController.Index (photogram)'
2024-11-30 11:56:07.981 +01:00 [INF] Route matched with {action = "Index", controller = "Home", page = "", area = ""}. Executing controller action with signature Microsoft.AspNetCore.Mvc.IActionResult Index() on controller photogram.Controllers.HomeController (photogram).
2024-11-30 11:56:08.009 +01:00 [INF] Executing ViewResult, running view Index.
2024-11-30 11:56:08.326 +01:00 [INF] Executed ViewResult - view Index executed in 324.0254ms.
2024-11-30 11:56:08.329 +01:00 [INF] Request starting HTTP/2 GET https://localhost:7160/css/layout.css - null null
2024-11-30 11:56:08.398 +01:00 [INF] The file /css/layout.css was not modified
2024-11-30 11:56:08.407 +01:00 [INF] Request finished HTTP/2 GET https://localhost:7160/css/layout.css - 304 null text/css 75.8349ms
2024-11-30 11:56:08.421 +01:00 [INF] Executed action photogram.Controllers.HomeController.Index (photogram) in 438.1647ms
2024-11-30 11:56:08.421 +01:00 [INF] Executed endpoint 'photogram.Controllers.HomeController.Index (photogram)'
2024-11-30 11:56:08.486 +01:00 [INF] Request finished HTTP/2 GET https://localhost:7160/ - 200 null text/html; charset=utf-8 3093.0087ms
2024-11-30 11:56:11.284 +01:00 [INF] Request starting HTTP/2 GET https://localhost:7160/Post/CreatePost - null null
2024-11-30 11:56:11.305 +01:00 [INF] Executing endpoint 'photogram.Controllers.PostController.CreatePost (photogram)'
2024-11-30 11:56:11.309 +01:00 [INF] Route matched with {action = "CreatePost", controller = "Post", page = "", area = ""}. Executing controller action with signature Microsoft.AspNetCore.Mvc.IActionResult CreatePost() on controller photogram.Controllers.PostController (photogram).
2024-11-30 11:56:11.314 +01:00 [INF] Executing ViewResult, running view CreatePost.
2024-11-30 11:56:11.408 +01:00 [INF] Executed ViewResult - view CreatePost executed in 96.162ms.
2024-11-30 11:56:11.472 +01:00 [INF] Executed action photogram.Controllers.PostController.CreatePost (photogram) in 163.058ms
2024-11-30 11:56:11.473 +01:00 [INF] Executed endpoint 'photogram.Controllers.PostController.CreatePost (photogram)'
2024-11-30 11:56:11.493 +01:00 [INF] Request finished HTTP/2 GET https://localhost:7160/Post/CreatePost - 200 null text/html; charset=utf-8 208.4999ms
