2024-11-30 00:32:58.081 +01:00 [INF] User profile is available. Using '/Users/kadijayasminbulale/.aspnet/DataProtection-Keys' as key repository; keys will not be encrypted at rest.
2024-11-30 00:32:58.210 +01:00 [INF] Now listening on: http://localhost:5001
2024-11-30 00:32:58.213 +01:00 [INF] Application started. Press Ctrl+C to shut down.
2024-11-30 00:32:58.213 +01:00 [INF] Hosting environment: Development
2024-11-30 00:32:58.213 +01:00 [INF] Content root path: /Users/kadijayasminbulale/Downloads/photogram 7
2024-11-30 00:33:25.772 +01:00 [INF] Request starting HTTP/1.1 GET http://localhost:5001/ - null null
2024-11-30 00:33:25.781 +01:00 [WRN] Failed to determine the https port for redirect.
2024-11-30 00:33:25.802 +01:00 [WRN] Error unprotecting the session cookie.
System.Security.Cryptography.CryptographicException: The payload was invalid. For more information go to https://aka.ms/aspnet/dataprotectionwarning
   at Microsoft.AspNetCore.DataProtection.Managed.ManagedAuthenticatedEncryptor.Decrypt(ArraySegment`1 protectedPayload, ArraySegment`1 additionalAuthenticatedData)
   at Microsoft.AspNetCore.DataProtection.KeyManagement.KeyRingBasedDataProtector.UnprotectCore(Byte[] protectedData, Boolean allowOperationsOnRevokedKeys, UnprotectStatus& status)
   at Microsoft.AspNetCore.DataProtection.KeyManagement.KeyRingBasedDataProtector.Unprotect(Byte[] protectedData)
   at Microsoft.AspNetCore.Session.CookieProtection.Unprotect(IDataProtector protector, String protectedText, ILogger logger)
2024-11-30 00:33:25.849 +01:00 [INF] Executing endpoint 'photogram.Controllers.HomeController.Index (photogram)'
2024-11-30 00:33:25.861 +01:00 [INF] Route matched with {action = "Index", controller = "Home", page = "", area = ""}. Executing controller action with signature Microsoft.AspNetCore.Mvc.IActionResult Index() on controller photogram.Controllers.HomeController (photogram).
2024-11-30 00:33:25.866 +01:00 [INF] Executing ViewResult, running view Index.
2024-11-30 00:33:25.902 +01:00 [INF] Executed ViewResult - view Index executed in 37.2464ms.
2024-11-30 00:33:25.903 +01:00 [INF] Executed action photogram.Controllers.HomeController.Index (photogram) in 41.6053ms
2024-11-30 00:33:25.903 +01:00 [INF] Executed endpoint 'photogram.Controllers.HomeController.Index (photogram)'
2024-11-30 00:33:25.906 +01:00 [INF] Request finished HTTP/1.1 GET http://localhost:5001/ - 200 null text/html; charset=utf-8 135.2798ms
2024-11-30 00:33:25.983 +01:00 [INF] Request starting HTTP/1.1 GET http://localhost:5001/css/layout.css - null null
2024-11-30 00:33:25.987 +01:00 [INF] The file /css/layout.css was not modified
2024-11-30 00:33:25.987 +01:00 [INF] Request finished HTTP/1.1 GET http://localhost:5001/css/layout.css - 304 null text/css 4.2158ms
2024-11-30 00:33:32.052 +01:00 [INF] Request starting HTTP/1.1 GET http://localhost:5001/ - null null
2024-11-30 00:33:32.054 +01:00 [WRN] Error unprotecting the session cookie.
System.Security.Cryptography.CryptographicException: The payload was invalid. For more information go to https://aka.ms/aspnet/dataprotectionwarning
   at Microsoft.AspNetCore.DataProtection.Managed.ManagedAuthenticatedEncryptor.Decrypt(ArraySegment`1 protectedPayload, ArraySegment`1 additionalAuthenticatedData)
   at Microsoft.AspNetCore.DataProtection.KeyManagement.KeyRingBasedDataProtector.UnprotectCore(Byte[] protectedData, Boolean allowOperationsOnRevokedKeys, UnprotectStatus& status)
   at Microsoft.AspNetCore.DataProtection.KeyManagement.KeyRingBasedDataProtector.Unprotect(Byte[] protectedData)
   at Microsoft.AspNetCore.Session.CookieProtection.Unprotect(IDataProtector protector, String protectedText, ILogger logger)
2024-11-30 00:33:32.059 +01:00 [INF] Executing endpoint 'photogram.Controllers.HomeController.Index (photogram)'
2024-11-30 00:33:32.060 +01:00 [INF] Route matched with {action = "Index", controller = "Home", page = "", area = ""}. Executing controller action with signature Microsoft.AspNetCore.Mvc.IActionResult Index() on controller photogram.Controllers.HomeController (photogram).
2024-11-30 00:33:32.061 +01:00 [INF] Executing ViewResult, running view Index.
2024-11-30 00:33:32.065 +01:00 [INF] Executed ViewResult - view Index executed in 3.8075ms.
2024-11-30 00:33:32.065 +01:00 [INF] Executed action photogram.Controllers.HomeController.Index (photogram) in 4.9151ms
2024-11-30 00:33:32.065 +01:00 [INF] Executed endpoint 'photogram.Controllers.HomeController.Index (photogram)'
2024-11-30 00:33:32.065 +01:00 [INF] Request finished HTTP/1.1 GET http://localhost:5001/ - 200 null text/html; charset=utf-8 13.5692ms
2024-11-30 00:33:34.054 +01:00 [INF] Request starting HTTP/1.1 POST http://localhost:5001/Identity/Account/Logout?returnUrl=%2F - application/x-www-form-urlencoded 225
2024-11-30 00:33:34.055 +01:00 [WRN] Error unprotecting the session cookie.
System.Security.Cryptography.CryptographicException: The payload was invalid. For more information go to https://aka.ms/aspnet/dataprotectionwarning
   at Microsoft.AspNetCore.DataProtection.Managed.ManagedAuthenticatedEncryptor.Decrypt(ArraySegment`1 protectedPayload, ArraySegment`1 additionalAuthenticatedData)
   at Microsoft.AspNetCore.DataProtection.KeyManagement.KeyRingBasedDataProtector.UnprotectCore(Byte[] protectedData, Boolean allowOperationsOnRevokedKeys, UnprotectStatus& status)
   at Microsoft.AspNetCore.DataProtection.KeyManagement.KeyRingBasedDataProtector.Unprotect(Byte[] protectedData)
   at Microsoft.AspNetCore.Session.CookieProtection.Unprotect(IDataProtector protector, String protectedText, ILogger logger)
2024-11-30 00:33:34.069 +01:00 [INF] Executing endpoint '/Account/Logout'
2024-11-30 00:33:34.078 +01:00 [INF] Route matched with {page = "/Account/Logout", area = "Identity", action = "", controller = ""}. Executing page /Account/Logout
2024-11-30 00:33:34.090 +01:00 [INF] Executing handler method photogram.Areas.Identity.Pages.Account.LogoutModel.OnPost - ModelState is "Valid"
2024-11-30 00:33:34.094 +01:00 [INF] AuthenticationScheme: Identity.Application signed out.
2024-11-30 00:33:34.094 +01:00 [INF] AuthenticationScheme: Identity.External signed out.
2024-11-30 00:33:34.094 +01:00 [INF] AuthenticationScheme: Identity.TwoFactorUserId signed out.
2024-11-30 00:33:34.094 +01:00 [INF] User logged out.
2024-11-30 00:33:34.094 +01:00 [INF] Executed handler method OnPost, returned result Microsoft.AspNetCore.Mvc.LocalRedirectResult.
2024-11-30 00:33:34.095 +01:00 [INF] Executing LocalRedirectResult, redirecting to /.
2024-11-30 00:33:34.095 +01:00 [INF] Executed page /Account/Logout in 16.8097ms
2024-11-30 00:33:34.095 +01:00 [INF] Executed endpoint '/Account/Logout'
2024-11-30 00:33:34.095 +01:00 [INF] Request finished HTTP/1.1 POST http://localhost:5001/Identity/Account/Logout?returnUrl=%2F - 302 0 null 41.6193ms
2024-11-30 00:33:34.097 +01:00 [INF] Request starting HTTP/1.1 GET http://localhost:5001/ - null null
2024-11-30 00:33:34.098 +01:00 [WRN] Error unprotecting the session cookie.
System.Security.Cryptography.CryptographicException: The payload was invalid. For more information go to https://aka.ms/aspnet/dataprotectionwarning
   at Microsoft.AspNetCore.DataProtection.Managed.ManagedAuthenticatedEncryptor.Decrypt(ArraySegment`1 protectedPayload, ArraySegment`1 additionalAuthenticatedData)
   at Microsoft.AspNetCore.DataProtection.KeyManagement.KeyRingBasedDataProtector.UnprotectCore(Byte[] protectedData, Boolean allowOperationsOnRevokedKeys, UnprotectStatus& status)
   at Microsoft.AspNetCore.DataProtection.KeyManagement.KeyRingBasedDataProtector.Unprotect(Byte[] protectedData)
   at Microsoft.AspNetCore.Session.CookieProtection.Unprotect(IDataProtector protector, String protectedText, ILogger logger)
2024-11-30 00:33:34.098 +01:00 [INF] Executing endpoint 'photogram.Controllers.HomeController.Index (photogram)'
2024-11-30 00:33:34.098 +01:00 [INF] Route matched with {action = "Index", controller = "Home", page = "", area = ""}. Executing controller action with signature Microsoft.AspNetCore.Mvc.IActionResult Index() on controller photogram.Controllers.HomeController (photogram).
2024-11-30 00:33:34.099 +01:00 [INF] Executing ViewResult, running view Index.
2024-11-30 00:33:34.101 +01:00 [INF] Executed ViewResult - view Index executed in 1.7881ms.
2024-11-30 00:33:34.101 +01:00 [INF] Executed action photogram.Controllers.HomeController.Index (photogram) in 2.7592ms
2024-11-30 00:33:34.101 +01:00 [INF] Executed endpoint 'photogram.Controllers.HomeController.Index (photogram)'
2024-11-30 00:33:34.101 +01:00 [INF] Request finished HTTP/1.1 GET http://localhost:5001/ - 200 null text/html; charset=utf-8 3.6184ms
2024-11-30 00:33:34.982 +01:00 [INF] Request starting HTTP/1.1 GET http://localhost:5001/Identity/Account/Register - null null
2024-11-30 00:33:34.983 +01:00 [WRN] Error unprotecting the session cookie.
System.Security.Cryptography.CryptographicException: The payload was invalid. For more information go to https://aka.ms/aspnet/dataprotectionwarning
   at Microsoft.AspNetCore.DataProtection.Managed.ManagedAuthenticatedEncryptor.Decrypt(ArraySegment`1 protectedPayload, ArraySegment`1 additionalAuthenticatedData)
   at Microsoft.AspNetCore.DataProtection.KeyManagement.KeyRingBasedDataProtector.UnprotectCore(Byte[] protectedData, Boolean allowOperationsOnRevokedKeys, UnprotectStatus& status)
   at Microsoft.AspNetCore.DataProtection.KeyManagement.KeyRingBasedDataProtector.Unprotect(Byte[] protectedData)
   at Microsoft.AspNetCore.Session.CookieProtection.Unprotect(IDataProtector protector, String protectedText, ILogger logger)
2024-11-30 00:33:34.989 +01:00 [INF] Executing endpoint '/Account/Register'
2024-11-30 00:33:34.995 +01:00 [INF] Route matched with {page = "/Account/Register", area = "Identity", action = "", controller = ""}. Executing page /Account/Register
2024-11-30 00:33:34.996 +01:00 [INF] Executing handler method photogram.Areas.Identity.Pages.Account.RegisterModel.OnGetAsync - ModelState is "Valid"
2024-11-30 00:33:34.997 +01:00 [INF] Executed handler method OnGetAsync, returned result .
2024-11-30 00:33:34.998 +01:00 [INF] Executing an implicit handler method - ModelState is "Valid"
2024-11-30 00:33:34.998 +01:00 [INF] Executed an implicit handler method, returned result Microsoft.AspNetCore.Mvc.RazorPages.PageResult.
2024-11-30 00:33:35.017 +01:00 [INF] Executed page /Account/Register in 21.2474ms
2024-11-30 00:33:35.017 +01:00 [INF] Executed endpoint '/Account/Register'
2024-11-30 00:33:35.017 +01:00 [INF] Request finished HTTP/1.1 GET http://localhost:5001/Identity/Account/Register - 200 null text/html; charset=utf-8 34.2828ms
2024-11-30 00:33:35.043 +01:00 [INF] Request starting HTTP/1.1 GET http://localhost:5001/lib/jquery-validation-unobtrusive/dist/jquery.validate.unobtrusive.min.js - null null
2024-11-30 00:33:35.044 +01:00 [WRN] Error unprotecting the session cookie.
System.Security.Cryptography.CryptographicException: The payload was invalid. For more information go to https://aka.ms/aspnet/dataprotectionwarning
   at Microsoft.AspNetCore.DataProtection.Managed.ManagedAuthenticatedEncryptor.Decrypt(ArraySegment`1 protectedPayload, ArraySegment`1 additionalAuthenticatedData)
   at Microsoft.AspNetCore.DataProtection.KeyManagement.KeyRingBasedDataProtector.UnprotectCore(Byte[] protectedData, Boolean allowOperationsOnRevokedKeys, UnprotectStatus& status)
   at Microsoft.AspNetCore.DataProtection.KeyManagement.KeyRingBasedDataProtector.Unprotect(Byte[] protectedData)
   at Microsoft.AspNetCore.Session.CookieProtection.Unprotect(IDataProtector protector, String protectedText, ILogger logger)
2024-11-30 00:33:35.045 +01:00 [INF] Request finished HTTP/1.1 GET http://localhost:5001/lib/jquery-validation-unobtrusive/dist/jquery.validate.unobtrusive.min.js - 404 0 null 2.4922ms
2024-11-30 00:33:35.045 +01:00 [INF] Request reached the end of the middleware pipeline without being handled by application code. Request path: GET http://localhost:5001/lib/jquery-validation-unobtrusive/dist/jquery.validate.unobtrusive.min.js, Response status code: 404
2024-11-30 00:33:35.632 +01:00 [INF] Request starting HTTP/1.1 GET http://localhost:5001/Identity/Account/Login - null null
2024-11-30 00:33:35.633 +01:00 [WRN] Error unprotecting the session cookie.
System.Security.Cryptography.CryptographicException: The payload was invalid. For more information go to https://aka.ms/aspnet/dataprotectionwarning
   at Microsoft.AspNetCore.DataProtection.Managed.ManagedAuthenticatedEncryptor.Decrypt(ArraySegment`1 protectedPayload, ArraySegment`1 additionalAuthenticatedData)
   at Microsoft.AspNetCore.DataProtection.KeyManagement.KeyRingBasedDataProtector.UnprotectCore(Byte[] protectedData, Boolean allowOperationsOnRevokedKeys, UnprotectStatus& status)
   at Microsoft.AspNetCore.DataProtection.KeyManagement.KeyRingBasedDataProtector.Unprotect(Byte[] protectedData)
   at Microsoft.AspNetCore.Session.CookieProtection.Unprotect(IDataProtector protector, String protectedText, ILogger logger)
2024-11-30 00:33:35.634 +01:00 [INF] Executing endpoint '/Account/Login'
2024-11-30 00:33:35.639 +01:00 [INF] Route matched with {page = "/Account/Login", area = "Identity", action = "", controller = ""}. Executing page /Account/Login
2024-11-30 00:33:35.642 +01:00 [INF] Executing handler method photogram.Areas.Identity.Pages.Account.LoginModel.OnGetAsync - ModelState is "Valid"
2024-11-30 00:33:35.642 +01:00 [INF] AuthenticationScheme: Identity.External signed out.
2024-11-30 00:33:35.643 +01:00 [INF] Executed handler method OnGetAsync, returned result .
2024-11-30 00:33:35.643 +01:00 [INF] Executing an implicit handler method - ModelState is "Valid"
2024-11-30 00:33:35.643 +01:00 [INF] Executed an implicit handler method, returned result Microsoft.AspNetCore.Mvc.RazorPages.PageResult.
2024-11-30 00:33:35.654 +01:00 [INF] Executed page /Account/Login in 15.1ms
2024-11-30 00:33:35.655 +01:00 [INF] Executed endpoint '/Account/Login'
2024-11-30 00:33:35.655 +01:00 [INF] Request finished HTTP/1.1 GET http://localhost:5001/Identity/Account/Login - 200 null text/html; charset=utf-8 22.4534ms
2024-11-30 00:33:35.680 +01:00 [INF] Request starting HTTP/1.1 GET http://localhost:5001/lib/jquery-validation-unobtrusive/dist/jquery.validate.unobtrusive.min.js - null null
2024-11-30 00:33:35.681 +01:00 [WRN] Error unprotecting the session cookie.
System.Security.Cryptography.CryptographicException: The payload was invalid. For more information go to https://aka.ms/aspnet/dataprotectionwarning
   at Microsoft.AspNetCore.DataProtection.Managed.ManagedAuthenticatedEncryptor.Decrypt(ArraySegment`1 protectedPayload, ArraySegment`1 additionalAuthenticatedData)
   at Microsoft.AspNetCore.DataProtection.KeyManagement.KeyRingBasedDataProtector.UnprotectCore(Byte[] protectedData, Boolean allowOperationsOnRevokedKeys, UnprotectStatus& status)
   at Microsoft.AspNetCore.DataProtection.KeyManagement.KeyRingBasedDataProtector.Unprotect(Byte[] protectedData)
   at Microsoft.AspNetCore.Session.CookieProtection.Unprotect(IDataProtector protector, String protectedText, ILogger logger)
2024-11-30 00:33:35.682 +01:00 [INF] Request finished HTTP/1.1 GET http://localhost:5001/lib/jquery-validation-unobtrusive/dist/jquery.validate.unobtrusive.min.js - 404 0 null 2.1472ms
2024-11-30 00:33:35.682 +01:00 [INF] Request reached the end of the middleware pipeline without being handled by application code. Request path: GET http://localhost:5001/lib/jquery-validation-unobtrusive/dist/jquery.validate.unobtrusive.min.js, Response status code: 404
2024-11-30 00:33:48.333 +01:00 [INF] Request starting HTTP/1.1 POST http://localhost:5001/Identity/Account/Login - application/x-www-form-urlencoded 263
2024-11-30 00:33:48.336 +01:00 [WRN] Error unprotecting the session cookie.
System.Security.Cryptography.CryptographicException: The payload was invalid. For more information go to https://aka.ms/aspnet/dataprotectionwarning
   at Microsoft.AspNetCore.DataProtection.Managed.ManagedAuthenticatedEncryptor.Decrypt(ArraySegment`1 protectedPayload, ArraySegment`1 additionalAuthenticatedData)
   at Microsoft.AspNetCore.DataProtection.KeyManagement.KeyRingBasedDataProtector.UnprotectCore(Byte[] protectedData, Boolean allowOperationsOnRevokedKeys, UnprotectStatus& status)
   at Microsoft.AspNetCore.DataProtection.KeyManagement.KeyRingBasedDataProtector.Unprotect(Byte[] protectedData)
   at Microsoft.AspNetCore.Session.CookieProtection.Unprotect(IDataProtector protector, String protectedText, ILogger logger)
2024-11-30 00:33:48.337 +01:00 [INF] Executing endpoint '/Account/Login'
2024-11-30 00:33:48.338 +01:00 [INF] Route matched with {page = "/Account/Login", area = "Identity", action = "", controller = ""}. Executing page /Account/Login
2024-11-30 00:33:48.356 +01:00 [INF] Executing handler method photogram.Areas.Identity.Pages.Account.LoginModel.OnPostAsync - ModelState is "Valid"
2024-11-30 00:33:48.606 +01:00 [INF] AuthenticationScheme: Identity.Application signed in.
2024-11-30 00:33:48.607 +01:00 [INF] User logged in.
2024-11-30 00:33:48.607 +01:00 [INF] Executed handler method OnPostAsync, returned result Microsoft.AspNetCore.Mvc.LocalRedirectResult.
2024-11-30 00:33:48.607 +01:00 [INF] Executing LocalRedirectResult, redirecting to /.
2024-11-30 00:33:48.607 +01:00 [INF] Executed page /Account/Login in 268.3881ms
2024-11-30 00:33:48.607 +01:00 [INF] Executed endpoint '/Account/Login'
2024-11-30 00:33:48.610 +01:00 [INF] Request finished HTTP/1.1 POST http://localhost:5001/Identity/Account/Login - 302 0 null 277.4756ms
2024-11-30 00:33:48.612 +01:00 [INF] Request starting HTTP/1.1 GET http://localhost:5001/ - null null
2024-11-30 00:33:48.613 +01:00 [WRN] Error unprotecting the session cookie.
System.Security.Cryptography.CryptographicException: The payload was invalid. For more information go to https://aka.ms/aspnet/dataprotectionwarning
   at Microsoft.AspNetCore.DataProtection.Managed.ManagedAuthenticatedEncryptor.Decrypt(ArraySegment`1 protectedPayload, ArraySegment`1 additionalAuthenticatedData)
   at Microsoft.AspNetCore.DataProtection.KeyManagement.KeyRingBasedDataProtector.UnprotectCore(Byte[] protectedData, Boolean allowOperationsOnRevokedKeys, UnprotectStatus& status)
   at Microsoft.AspNetCore.DataProtection.KeyManagement.KeyRingBasedDataProtector.Unprotect(Byte[] protectedData)
   at Microsoft.AspNetCore.Session.CookieProtection.Unprotect(IDataProtector protector, String protectedText, ILogger logger)
2024-11-30 00:33:48.613 +01:00 [INF] Executing endpoint 'photogram.Controllers.HomeController.Index (photogram)'
2024-11-30 00:33:48.613 +01:00 [INF] Route matched with {action = "Index", controller = "Home", page = "", area = ""}. Executing controller action with signature Microsoft.AspNetCore.Mvc.IActionResult Index() on controller photogram.Controllers.HomeController (photogram).
2024-11-30 00:33:48.614 +01:00 [INF] Executing ViewResult, running view Index.
2024-11-30 00:33:48.615 +01:00 [INF] Executed ViewResult - view Index executed in 0.9842ms.
2024-11-30 00:33:48.615 +01:00 [INF] Executed action photogram.Controllers.HomeController.Index (photogram) in 1.1088ms
2024-11-30 00:33:48.615 +01:00 [INF] Executed endpoint 'photogram.Controllers.HomeController.Index (photogram)'
2024-11-30 00:33:48.615 +01:00 [INF] Request finished HTTP/1.1 GET http://localhost:5001/ - 200 null text/html; charset=utf-8 2.2193ms
2024-11-30 00:33:49.921 +01:00 [INF] Request starting HTTP/1.1 GET http://localhost:5001/Home/Feed - null null
2024-11-30 00:33:49.923 +01:00 [WRN] Error unprotecting the session cookie.
System.Security.Cryptography.CryptographicException: The payload was invalid. For more information go to https://aka.ms/aspnet/dataprotectionwarning
   at Microsoft.AspNetCore.DataProtection.Managed.ManagedAuthenticatedEncryptor.Decrypt(ArraySegment`1 protectedPayload, ArraySegment`1 additionalAuthenticatedData)
   at Microsoft.AspNetCore.DataProtection.KeyManagement.KeyRingBasedDataProtector.UnprotectCore(Byte[] protectedData, Boolean allowOperationsOnRevokedKeys, UnprotectStatus& status)
   at Microsoft.AspNetCore.DataProtection.KeyManagement.KeyRingBasedDataProtector.Unprotect(Byte[] protectedData)
   at Microsoft.AspNetCore.Session.CookieProtection.Unprotect(IDataProtector protector, String protectedText, ILogger logger)
2024-11-30 00:33:49.929 +01:00 [INF] Executing endpoint 'photogram.Controllers.HomeController.Feed (photogram)'
2024-11-30 00:33:49.938 +01:00 [INF] Route matched with {action = "Feed", controller = "Home", page = "", area = ""}. Executing controller action with signature Microsoft.AspNetCore.Mvc.IActionResult Feed() on controller photogram.Controllers.HomeController (photogram).
2024-11-30 00:33:49.942 +01:00 [INF] Executing RedirectResult, redirecting to /Post/Feed.
2024-11-30 00:33:49.942 +01:00 [INF] Executed action photogram.Controllers.HomeController.Feed (photogram) in 4.3921ms
2024-11-30 00:33:49.942 +01:00 [INF] Executed endpoint 'photogram.Controllers.HomeController.Feed (photogram)'
2024-11-30 00:33:49.943 +01:00 [INF] Request finished HTTP/1.1 GET http://localhost:5001/Home/Feed - 302 0 null 22.0955ms
2024-11-30 00:33:49.946 +01:00 [INF] Request starting HTTP/1.1 GET http://localhost:5001/Post/Feed - null null
2024-11-30 00:33:49.947 +01:00 [WRN] Error unprotecting the session cookie.
System.Security.Cryptography.CryptographicException: The payload was invalid. For more information go to https://aka.ms/aspnet/dataprotectionwarning
   at Microsoft.AspNetCore.DataProtection.Managed.ManagedAuthenticatedEncryptor.Decrypt(ArraySegment`1 protectedPayload, ArraySegment`1 additionalAuthenticatedData)
   at Microsoft.AspNetCore.DataProtection.KeyManagement.KeyRingBasedDataProtector.UnprotectCore(Byte[] protectedData, Boolean allowOperationsOnRevokedKeys, UnprotectStatus& status)
   at Microsoft.AspNetCore.DataProtection.KeyManagement.KeyRingBasedDataProtector.Unprotect(Byte[] protectedData)
   at Microsoft.AspNetCore.Session.CookieProtection.Unprotect(IDataProtector protector, String protectedText, ILogger logger)
2024-11-30 00:33:49.948 +01:00 [INF] Executing endpoint 'photogram.Controllers.PostController.Feed (photogram)'
2024-11-30 00:33:49.959 +01:00 [INF] Route matched with {action = "Feed", controller = "Post", page = "", area = ""}. Executing controller action with signature System.Threading.Tasks.Task`1[Microsoft.AspNetCore.Mvc.IActionResult] Feed(System.Nullable`1[System.Int32], System.Nullable`1[System.Int32]) on controller photogram.Controllers.PostController (photogram).
2024-11-30 00:33:50.014 +01:00 [INF] Executing ViewResult, running view Feed.
2024-11-30 00:33:50.058 +01:00 [INF] Executed ViewResult - view Feed executed in 44.5042ms.
2024-11-30 00:33:50.058 +01:00 [INF] Executed action photogram.Controllers.PostController.Feed (photogram) in 98.2833ms
2024-11-30 00:33:50.058 +01:00 [INF] Executed endpoint 'photogram.Controllers.PostController.Feed (photogram)'
2024-11-30 00:33:50.058 +01:00 [INF] Request finished HTTP/1.1 GET http://localhost:5001/Post/Feed - 200 null text/html; charset=utf-8 112.2992ms
2024-11-30 00:33:50.111 +01:00 [INF] Request starting HTTP/1.1 GET http://localhost:5001/uploads/150c5aae-9839-45c1-a058-cec277bcafda_tacos.jpg - null null
2024-11-30 00:33:50.117 +01:00 [INF] The file /uploads/150c5aae-9839-45c1-a058-cec277bcafda_tacos.jpg was not modified
2024-11-30 00:33:50.118 +01:00 [INF] Request finished HTTP/1.1 GET http://localhost:5001/uploads/150c5aae-9839-45c1-a058-cec277bcafda_tacos.jpg - 304 null image/jpeg 7.2635ms
2024-11-30 00:33:50.123 +01:00 [INF] Request starting HTTP/1.1 GET http://localhost:5001/images/recipes.jpg - null null
2024-11-30 00:33:50.126 +01:00 [WRN] Error unprotecting the session cookie.
System.Security.Cryptography.CryptographicException: The payload was invalid. For more information go to https://aka.ms/aspnet/dataprotectionwarning
   at Microsoft.AspNetCore.DataProtection.Managed.ManagedAuthenticatedEncryptor.Decrypt(ArraySegment`1 protectedPayload, ArraySegment`1 additionalAuthenticatedData)
   at Microsoft.AspNetCore.DataProtection.KeyManagement.KeyRingBasedDataProtector.UnprotectCore(Byte[] protectedData, Boolean allowOperationsOnRevokedKeys, UnprotectStatus& status)
   at Microsoft.AspNetCore.DataProtection.KeyManagement.KeyRingBasedDataProtector.Unprotect(Byte[] protectedData)
   at Microsoft.AspNetCore.Session.CookieProtection.Unprotect(IDataProtector protector, String protectedText, ILogger logger)
2024-11-30 00:33:50.126 +01:00 [INF] Request starting HTTP/1.1 GET http://localhost:5001/images/conference.jpg - null null
2024-11-30 00:33:50.126 +01:00 [INF] Request starting HTTP/1.1 GET http://localhost:5001/images/sunset.jpg - null null
2024-11-30 00:33:50.126 +01:00 [WRN] Error unprotecting the session cookie.
System.Security.Cryptography.CryptographicException: The payload was invalid. For more information go to https://aka.ms/aspnet/dataprotectionwarning
   at Microsoft.AspNetCore.DataProtection.Managed.ManagedAuthenticatedEncryptor.Decrypt(ArraySegment`1 protectedPayload, ArraySegment`1 additionalAuthenticatedData)
   at Microsoft.AspNetCore.DataProtection.KeyManagement.KeyRingBasedDataProtector.UnprotectCore(Byte[] protectedData, Boolean allowOperationsOnRevokedKeys, UnprotectStatus& status)
   at Microsoft.AspNetCore.DataProtection.KeyManagement.KeyRingBasedDataProtector.Unprotect(Byte[] protectedData)
   at Microsoft.AspNetCore.Session.CookieProtection.Unprotect(IDataProtector protector, String protectedText, ILogger logger)
2024-11-30 00:33:50.126 +01:00 [WRN] Error unprotecting the session cookie.
System.Security.Cryptography.CryptographicException: The payload was invalid. For more information go to https://aka.ms/aspnet/dataprotectionwarning
   at Microsoft.AspNetCore.DataProtection.Managed.ManagedAuthenticatedEncryptor.Decrypt(ArraySegment`1 protectedPayload, ArraySegment`1 additionalAuthenticatedData)
   at Microsoft.AspNetCore.DataProtection.KeyManagement.KeyRingBasedDataProtector.UnprotectCore(Byte[] protectedData, Boolean allowOperationsOnRevokedKeys, UnprotectStatus& status)
   at Microsoft.AspNetCore.DataProtection.KeyManagement.KeyRingBasedDataProtector.Unprotect(Byte[] protectedData)
   at Microsoft.AspNetCore.Session.CookieProtection.Unprotect(IDataProtector protector, String protectedText, ILogger logger)
2024-11-30 00:33:50.127 +01:00 [INF] Request finished HTTP/1.1 GET http://localhost:5001/images/conference.jpg - 404 0 null 0.9384ms
2024-11-30 00:33:50.127 +01:00 [INF] Request finished HTTP/1.1 GET http://localhost:5001/images/recipes.jpg - 404 0 null 3.8707ms
2024-11-30 00:33:50.127 +01:00 [INF] Request reached the end of the middleware pipeline without being handled by application code. Request path: GET http://localhost:5001/images/recipes.jpg, Response status code: 404
2024-11-30 00:33:50.127 +01:00 [INF] Request finished HTTP/1.1 GET http://localhost:5001/images/sunset.jpg - 404 0 null 1.0597ms
2024-11-30 00:33:50.127 +01:00 [INF] Request reached the end of the middleware pipeline without being handled by application code. Request path: GET http://localhost:5001/images/conference.jpg, Response status code: 404
2024-11-30 00:33:50.127 +01:00 [INF] Request reached the end of the middleware pipeline without being handled by application code. Request path: GET http://localhost:5001/images/sunset.jpg, Response status code: 404
2024-11-30 00:33:50.127 +01:00 [INF] Request starting HTTP/1.1 GET http://localhost:5001/images/norway.jpg - null null
2024-11-30 00:33:50.129 +01:00 [WRN] Error unprotecting the session cookie.
System.Security.Cryptography.CryptographicException: The payload was invalid. For more information go to https://aka.ms/aspnet/dataprotectionwarning
   at Microsoft.AspNetCore.DataProtection.Managed.ManagedAuthenticatedEncryptor.Decrypt(ArraySegment`1 protectedPayload, ArraySegment`1 additionalAuthenticatedData)
   at Microsoft.AspNetCore.DataProtection.KeyManagement.KeyRingBasedDataProtector.UnprotectCore(Byte[] protectedData, Boolean allowOperationsOnRevokedKeys, UnprotectStatus& status)
   at Microsoft.AspNetCore.DataProtection.KeyManagement.KeyRingBasedDataProtector.Unprotect(Byte[] protectedData)
   at Microsoft.AspNetCore.Session.CookieProtection.Unprotect(IDataProtector protector, String protectedText, ILogger logger)
2024-11-30 00:33:50.130 +01:00 [INF] Request finished HTTP/1.1 GET http://localhost:5001/images/norway.jpg - 404 0 null 3.3767ms
2024-11-30 00:33:50.130 +01:00 [INF] Request reached the end of the middleware pipeline without being handled by application code. Request path: GET http://localhost:5001/images/norway.jpg, Response status code: 404
