2024-11-29 13:08:26.581 +01:00 [INF] User profile is available. Using '/Users/yasminali/.aspnet/DataProtection-Keys' as key repository; keys will not be encrypted at rest.
2024-11-29 13:08:27.425 +01:00 [INF] Now listening on: https://localhost:7162
2024-11-29 13:08:27.431 +01:00 [INF] Now listening on: http://localhost:5000
2024-11-29 13:08:27.456 +01:00 [INF] Application started. Press Ctrl+C to shut down.
2024-11-29 13:08:27.466 +01:00 [INF] Hosting environment: Development
2024-11-29 13:08:27.470 +01:00 [INF] Content root path: /Users/yasminali/Downloads/photogram 6
2024-11-29 13:08:27.875 +01:00 [INF] Request starting HTTP/2 GET https://localhost:7162/ - null null
2024-11-29 13:08:27.934 +01:00 [INF] Executing endpoint 'photogram.Controllers.HomeController.Index (photogram)'
2024-11-29 13:08:27.958 +01:00 [INF] Route matched with {action = "Index", controller = "Home"}. Executing controller action with signature Microsoft.AspNetCore.Mvc.IActionResult Index() on controller photogram.Controllers.HomeController (photogram).
2024-11-29 13:08:27.983 +01:00 [INF] Executing ViewResult, running view Index.
2024-11-29 13:08:28.083 +01:00 [INF] Accessing expired session, Key:b89e8c98-6b40-71d0-2685-55dde9c16b1c
2024-11-29 13:08:28.113 +01:00 [INF] Executed ViewResult - view Index executed in 123.0562ms.
2024-11-29 13:08:28.120 +01:00 [INF] Executed action photogram.Controllers.HomeController.Index (photogram) in 160.8824ms
2024-11-29 13:08:28.120 +01:00 [INF] Executed endpoint 'photogram.Controllers.HomeController.Index (photogram)'
2024-11-29 13:08:28.210 +01:00 [INF] Request starting HTTP/2 GET https://localhost:7162/css/layout.css - null null
2024-11-29 13:08:28.211 +01:00 [INF] Request starting HTTP/2 GET https://localhost:7162/css/layout.css - null null
2024-11-29 13:08:28.225 +01:00 [INF] Request finished HTTP/2 GET https://localhost:7162/ - 200 null text/html; charset=utf-8 353.4245ms
2024-11-29 13:08:28.237 +01:00 [INF] The file /css/layout.css was not modified
2024-11-29 13:08:28.237 +01:00 [INF] The file /css/layout.css was not modified
2024-11-29 13:08:28.239 +01:00 [INF] Request finished HTTP/2 GET https://localhost:7162/css/layout.css - 304 null text/css 57.654ms
2024-11-29 13:08:28.239 +01:00 [INF] Request finished HTTP/2 GET https://localhost:7162/css/layout.css - 304 null text/css 28.1149ms
2024-11-29 13:08:29.605 +01:00 [INF] Request starting HTTP/2 GET https://localhost:7162/User/Login - null null
2024-11-29 13:08:29.634 +01:00 [INF] Executing endpoint 'photogram.Controllers.UserController.Login (photogram)'
2024-11-29 13:08:29.642 +01:00 [INF] Route matched with {action = "Login", controller = "User"}. Executing controller action with signature Microsoft.AspNetCore.Mvc.IActionResult Login() on controller photogram.Controllers.UserController (photogram).
2024-11-29 13:08:29.710 +01:00 [INF] Executing ViewResult, running view Login.
2024-11-29 13:08:29.771 +01:00 [INF] Accessing expired session, Key:b89e8c98-6b40-71d0-2685-55dde9c16b1c
2024-11-29 13:08:29.783 +01:00 [INF] Executed ViewResult - view Login executed in 74.4618ms.
2024-11-29 13:08:29.784 +01:00 [INF] Executed action photogram.Controllers.UserController.Login (photogram) in 141.451ms
2024-11-29 13:08:29.784 +01:00 [INF] Executed endpoint 'photogram.Controllers.UserController.Login (photogram)'
2024-11-29 13:08:29.792 +01:00 [INF] Request finished HTTP/2 GET https://localhost:7162/User/Login - 200 null text/html; charset=utf-8 187.1702ms
2024-11-29 13:08:31.532 +01:00 [INF] Request starting HTTP/2 POST https://localhost:7162/User/Login - application/x-www-form-urlencoded 221
2024-11-29 13:08:31.538 +01:00 [INF] Executing endpoint 'photogram.Controllers.UserController.Login (photogram)'
2024-11-29 13:08:31.554 +01:00 [INF] Route matched with {action = "Login", controller = "User"}. Executing controller action with signature Microsoft.AspNetCore.Mvc.IActionResult Login(photogram.ViewModels.LoginViewModel) on controller photogram.Controllers.UserController (photogram).
2024-11-29 13:08:31.729 +01:00 [INF] Attempting to login
2024-11-29 13:08:32.151 +01:00 [INF] Accessing expired session, Key:b89e8c98-6b40-71d0-2685-55dde9c16b1c
2024-11-29 13:08:32.154 +01:00 [INF] Executing RedirectResult, redirecting to /.
2024-11-29 13:08:32.154 +01:00 [INF] Executed action photogram.Controllers.UserController.Login (photogram) in 599.8805ms
2024-11-29 13:08:32.155 +01:00 [INF] Executed endpoint 'photogram.Controllers.UserController.Login (photogram)'
2024-11-29 13:08:32.164 +01:00 [INF] Session started; Key:b89e8c98-6b40-71d0-2685-55dde9c16b1c, Id:f4548069-2019-e3cf-85b5-fa18d5974c94
2024-11-29 13:08:32.180 +01:00 [INF] Request starting HTTP/2 GET https://localhost:7162/ - null null
2024-11-29 13:08:32.182 +01:00 [INF] Executing endpoint 'photogram.Controllers.HomeController.Index (photogram)'
2024-11-29 13:08:32.182 +01:00 [INF] Route matched with {action = "Index", controller = "Home"}. Executing controller action with signature Microsoft.AspNetCore.Mvc.IActionResult Index() on controller photogram.Controllers.HomeController (photogram).
2024-11-29 13:08:32.184 +01:00 [INF] Executing ViewResult, running view Index.
2024-11-29 13:08:32.188 +01:00 [INF] Request finished HTTP/2 POST https://localhost:7162/User/Login - 302 0 null 655.8279ms
2024-11-29 13:08:32.263 +01:00 [INF] Executed ViewResult - view Index executed in 78.5996ms.
2024-11-29 13:08:32.269 +01:00 [INF] Executed action photogram.Controllers.HomeController.Index (photogram) in 86.2815ms
2024-11-29 13:08:32.271 +01:00 [INF] Executed endpoint 'photogram.Controllers.HomeController.Index (photogram)'
2024-11-29 13:08:32.272 +01:00 [INF] Request finished HTTP/2 GET https://localhost:7162/ - 200 null text/html; charset=utf-8 91.4971ms
2024-11-29 13:08:33.653 +01:00 [INF] Request starting HTTP/2 GET https://localhost:7162/Home/Feed - null null
2024-11-29 13:08:33.656 +01:00 [INF] Executing endpoint 'photogram.Controllers.HomeController.Feed (photogram)'
2024-11-29 13:08:33.658 +01:00 [INF] Route matched with {action = "Feed", controller = "Home"}. Executing controller action with signature Microsoft.AspNetCore.Mvc.IActionResult Feed() on controller photogram.Controllers.HomeController (photogram).
2024-11-29 13:08:33.661 +01:00 [INF] Executing RedirectResult, redirecting to /Post/Feed.
2024-11-29 13:08:33.661 +01:00 [INF] Executed action photogram.Controllers.HomeController.Feed (photogram) in 2.7481ms
2024-11-29 13:08:33.662 +01:00 [INF] Executed endpoint 'photogram.Controllers.HomeController.Feed (photogram)'
2024-11-29 13:08:33.662 +01:00 [INF] Request finished HTTP/2 GET https://localhost:7162/Home/Feed - 302 0 null 8.7776ms
2024-11-29 13:08:33.695 +01:00 [INF] Request starting HTTP/2 GET https://localhost:7162/Post/Feed - null null
2024-11-29 13:08:33.696 +01:00 [INF] Executing endpoint 'photogram.Controllers.PostController.Feed (photogram)'
2024-11-29 13:08:33.706 +01:00 [INF] Route matched with {action = "Feed", controller = "Post"}. Executing controller action with signature System.Threading.Tasks.Task`1[Microsoft.AspNetCore.Mvc.IActionResult] Feed(System.Nullable`1[System.Int32], System.Nullable`1[System.Int32]) on controller photogram.Controllers.PostController (photogram).
2024-11-29 13:08:33.858 +01:00 [INF] Executing ViewResult, running view Feed.
2024-11-29 13:08:34.119 +01:00 [INF] Executed ViewResult - view Feed executed in 261.9311ms.
2024-11-29 13:08:34.127 +01:00 [INF] Executed action photogram.Controllers.PostController.Feed (photogram) in 420.8309ms
2024-11-29 13:08:34.127 +01:00 [INF] Executed endpoint 'photogram.Controllers.PostController.Feed (photogram)'
2024-11-29 13:08:34.134 +01:00 [INF] Request finished HTTP/2 GET https://localhost:7162/Post/Feed - 200 null text/html; charset=utf-8 439.8687ms
2024-11-29 13:08:35.473 +01:00 [INF] Request starting HTTP/2 GET https://localhost:7162/Post/CreatePost - null null
2024-11-29 13:08:35.476 +01:00 [INF] Executing endpoint 'photogram.Controllers.PostController.CreatePost (photogram)'
2024-11-29 13:08:35.478 +01:00 [INF] Route matched with {action = "CreatePost", controller = "Post"}. Executing controller action with signature Microsoft.AspNetCore.Mvc.IActionResult CreatePost() on controller photogram.Controllers.PostController (photogram).
2024-11-29 13:08:35.480 +01:00 [INF] Executing ViewResult, running view CreatePost.
2024-11-29 13:08:35.588 +01:00 [INF] Executed ViewResult - view CreatePost executed in 108.6392ms.
2024-11-29 13:08:35.604 +01:00 [INF] Executed action photogram.Controllers.PostController.CreatePost (photogram) in 125.6597ms
2024-11-29 13:08:35.608 +01:00 [INF] Executed endpoint 'photogram.Controllers.PostController.CreatePost (photogram)'
2024-11-29 13:08:35.632 +01:00 [INF] Request finished HTTP/2 GET https://localhost:7162/Post/CreatePost - 200 null text/html; charset=utf-8 159.9436ms
