2024-11-30 13:06:24.988 +01:00 [INF] User profile is available. Using '/Users/yasminali/.aspnet/DataProtection-Keys' as key repository; keys will not be encrypted at rest.
2024-11-30 13:06:25.882 +01:00 [INF] Now listening on: http://localhost:5001
2024-11-30 13:06:25.910 +01:00 [INF] Application started. Press Ctrl+C to shut down.
2024-11-30 13:06:25.914 +01:00 [INF] Hosting environment: Development
2024-11-30 13:06:25.915 +01:00 [INF] Content root path: /Users/yasminali/Downloads/photogram 7
2024-11-30 13:06:32.671 +01:00 [INF] Request starting HTTP/1.1 GET http://localhost:5001/ - null null
2024-11-30 13:06:32.691 +01:00 [WRN] Failed to determine the https port for redirect.
2024-11-30 13:06:32.855 +01:00 [INF] Executing endpoint 'photogram.Controllers.HomeController.Index (photogram)'
2024-11-30 13:06:32.908 +01:00 [INF] Route matched with {action = "Index", controller = "Home", page = "", area = ""}. Executing controller action with signature Microsoft.AspNetCore.Mvc.IActionResult Index() on controller photogram.Controllers.HomeController (photogram).
2024-11-30 13:06:32.951 +01:00 [INF] Executing ViewResult, running view Index.
2024-11-30 13:06:33.277 +01:00 [INF] Executed ViewResult - view Index executed in 302.7098ms.
2024-11-30 13:06:33.316 +01:00 [INF] Request starting HTTP/1.1 GET http://localhost:5001/css/layout.css - null null
2024-11-30 13:06:33.406 +01:00 [INF] Executed action photogram.Controllers.HomeController.Index (photogram) in 493.2089ms
2024-11-30 13:06:33.406 +01:00 [INF] Executed endpoint 'photogram.Controllers.HomeController.Index (photogram)'
2024-11-30 13:06:33.472 +01:00 [INF] Sending file. Request path: '/css/layout.css'. Physical path: '/Users/yasminali/Downloads/photogram 7/wwwroot/css/layout.css'
2024-11-30 13:06:33.476 +01:00 [INF] Request finished HTTP/1.1 GET http://localhost:5001/css/layout.css - 200 4891 text/css 160.2701ms
2024-11-30 13:06:33.508 +01:00 [INF] Request finished HTTP/1.1 GET http://localhost:5001/ - 200 null text/html; charset=utf-8 847.5344ms
2024-11-30 13:06:37.524 +01:00 [INF] Request starting HTTP/1.1 GET http://localhost:5001/Identity/Account/Login - null null
2024-11-30 13:06:37.530 +01:00 [INF] Executing endpoint '/Account/Login'
2024-11-30 13:06:37.574 +01:00 [INF] Route matched with {page = "/Account/Login", area = "Identity", action = "", controller = ""}. Executing page /Account/Login
2024-11-30 13:06:37.623 +01:00 [INF] Executing handler method photogram.Areas.Identity.Pages.Account.LoginModel.OnGetAsync - ModelState is "Valid"
2024-11-30 13:06:37.650 +01:00 [INF] AuthenticationScheme: Identity.External signed out.
2024-11-30 13:06:37.655 +01:00 [INF] Executed handler method OnGetAsync, returned result .
2024-11-30 13:06:37.662 +01:00 [INF] Executing an implicit handler method - ModelState is "Valid"
2024-11-30 13:06:37.662 +01:00 [INF] Executed an implicit handler method, returned result Microsoft.AspNetCore.Mvc.RazorPages.PageResult.
2024-11-30 13:06:37.854 +01:00 [INF] Executed page /Account/Login in 279.3295ms
2024-11-30 13:06:37.854 +01:00 [INF] Executed endpoint '/Account/Login'
2024-11-30 13:06:37.855 +01:00 [INF] Request finished HTTP/1.1 GET http://localhost:5001/Identity/Account/Login - 200 null text/html; charset=utf-8 331.1351ms
2024-11-30 13:06:37.910 +01:00 [INF] Request starting HTTP/1.1 GET http://localhost:5001/lib/jquery-validation-unobtrusive/dist/jquery.validate.unobtrusive.min.js - null null
2024-11-30 13:06:37.916 +01:00 [INF] Request finished HTTP/1.1 GET http://localhost:5001/lib/jquery-validation-unobtrusive/dist/jquery.validate.unobtrusive.min.js - 404 0 null 5.5412ms
2024-11-30 13:06:37.916 +01:00 [INF] Request reached the end of the middleware pipeline without being handled by application code. Request path: GET http://localhost:5001/lib/jquery-validation-unobtrusive/dist/jquery.validate.unobtrusive.min.js, Response status code: 404
2024-11-30 13:06:42.659 +01:00 [INF] Request starting HTTP/1.1 GET http://localhost:5001/Identity/Account/Register - null null
2024-11-30 13:06:42.670 +01:00 [INF] Executing endpoint '/Account/Register'
2024-11-30 13:06:42.684 +01:00 [INF] Route matched with {page = "/Account/Register", area = "Identity", action = "", controller = ""}. Executing page /Account/Register
2024-11-30 13:06:42.713 +01:00 [INF] Executing handler method photogram.Areas.Identity.Pages.Account.RegisterModel.OnGetAsync - ModelState is "Valid"
2024-11-30 13:06:42.715 +01:00 [INF] Executed handler method OnGetAsync, returned result .
2024-11-30 13:06:42.715 +01:00 [INF] Executing an implicit handler method - ModelState is "Valid"
2024-11-30 13:06:42.715 +01:00 [INF] Executed an implicit handler method, returned result Microsoft.AspNetCore.Mvc.RazorPages.PageResult.
2024-11-30 13:06:42.764 +01:00 [INF] Executed page /Account/Register in 79.9316ms
2024-11-30 13:06:42.765 +01:00 [INF] Executed endpoint '/Account/Register'
2024-11-30 13:06:42.765 +01:00 [INF] Request finished HTTP/1.1 GET http://localhost:5001/Identity/Account/Register - 200 null text/html; charset=utf-8 105.6729ms
2024-11-30 13:06:42.809 +01:00 [INF] Request starting HTTP/1.1 GET http://localhost:5001/lib/jquery-validation-unobtrusive/dist/jquery.validate.unobtrusive.min.js - null null
2024-11-30 13:06:42.812 +01:00 [INF] Request finished HTTP/1.1 GET http://localhost:5001/lib/jquery-validation-unobtrusive/dist/jquery.validate.unobtrusive.min.js - 404 0 null 2.8742ms
2024-11-30 13:06:42.812 +01:00 [INF] Request reached the end of the middleware pipeline without being handled by application code. Request path: GET http://localhost:5001/lib/jquery-validation-unobtrusive/dist/jquery.validate.unobtrusive.min.js, Response status code: 404
2024-11-30 13:07:13.855 +01:00 [INF] Request starting HTTP/1.1 POST http://localhost:5001/Identity/Account/Register - application/x-www-form-urlencoded 279
2024-11-30 13:07:13.857 +01:00 [INF] Executing endpoint '/Account/Register'
2024-11-30 13:07:13.857 +01:00 [INF] Route matched with {page = "/Account/Register", area = "Identity", action = "", controller = ""}. Executing page /Account/Register
2024-11-30 13:07:13.910 +01:00 [INF] Executing handler method photogram.Areas.Identity.Pages.Account.RegisterModel.OnPostAsync - ModelState is "Valid"
2024-11-30 13:07:15.922 +01:00 [INF] User created a new account with password.
2024-11-30 13:07:16.052 +01:00 [INF] AuthenticationScheme: Identity.Application signed in.
2024-11-30 13:07:16.057 +01:00 [INF] Executed handler method OnPostAsync, returned result Microsoft.AspNetCore.Mvc.LocalRedirectResult.
2024-11-30 13:07:16.061 +01:00 [INF] Executing LocalRedirectResult, redirecting to /.
2024-11-30 13:07:16.061 +01:00 [INF] Executed page /Account/Register in 2203.4281ms
2024-11-30 13:07:16.061 +01:00 [INF] Executed endpoint '/Account/Register'
2024-11-30 13:07:16.069 +01:00 [INF] Request finished HTTP/1.1 POST http://localhost:5001/Identity/Account/Register - 302 0 null 2214.1554ms
2024-11-30 13:07:16.075 +01:00 [INF] Request starting HTTP/1.1 GET http://localhost:5001/ - null null
2024-11-30 13:07:16.076 +01:00 [INF] Executing endpoint 'photogram.Controllers.HomeController.Index (photogram)'
2024-11-30 13:07:16.076 +01:00 [INF] Route matched with {action = "Index", controller = "Home", page = "", area = ""}. Executing controller action with signature Microsoft.AspNetCore.Mvc.IActionResult Index() on controller photogram.Controllers.HomeController (photogram).
2024-11-30 13:07:16.078 +01:00 [INF] Executing ViewResult, running view Index.
2024-11-30 13:07:16.079 +01:00 [INF] Executed ViewResult - view Index executed in 1.7484ms.
2024-11-30 13:07:16.079 +01:00 [INF] Executed action photogram.Controllers.HomeController.Index (photogram) in 3.2109ms
2024-11-30 13:07:16.080 +01:00 [INF] Executed endpoint 'photogram.Controllers.HomeController.Index (photogram)'
2024-11-30 13:07:16.080 +01:00 [INF] Request finished HTTP/1.1 GET http://localhost:5001/ - 200 null text/html; charset=utf-8 4.642ms
2024-11-30 13:07:16.129 +01:00 [INF] Request starting HTTP/1.1 GET http://localhost:5001/css/layout.css - null null
2024-11-30 13:07:16.130 +01:00 [INF] The file /css/layout.css was not modified
2024-11-30 13:07:16.130 +01:00 [INF] Request finished HTTP/1.1 GET http://localhost:5001/css/layout.css - 304 null text/css 1.4552ms
2024-11-30 13:07:18.112 +01:00 [INF] Request starting HTTP/1.1 GET http://localhost:5001/Identity/Account/Login - null null
2024-11-30 13:07:18.114 +01:00 [INF] Executing endpoint '/Account/Login'
2024-11-30 13:07:18.115 +01:00 [INF] Route matched with {page = "/Account/Login", area = "Identity", action = "", controller = ""}. Executing page /Account/Login
2024-11-30 13:07:18.116 +01:00 [INF] Executing handler method photogram.Areas.Identity.Pages.Account.LoginModel.OnGetAsync - ModelState is "Valid"
2024-11-30 13:07:18.117 +01:00 [INF] AuthenticationScheme: Identity.External signed out.
2024-11-30 13:07:18.117 +01:00 [INF] Executed handler method OnGetAsync, returned result .
2024-11-30 13:07:18.117 +01:00 [INF] Executing an implicit handler method - ModelState is "Valid"
2024-11-30 13:07:18.117 +01:00 [INF] Executed an implicit handler method, returned result Microsoft.AspNetCore.Mvc.RazorPages.PageResult.
2024-11-30 13:07:18.123 +01:00 [INF] Executed page /Account/Login in 7.594ms
2024-11-30 13:07:18.123 +01:00 [INF] Executed endpoint '/Account/Login'
2024-11-30 13:07:18.123 +01:00 [INF] Request finished HTTP/1.1 GET http://localhost:5001/Identity/Account/Login - 200 null text/html; charset=utf-8 11.5595ms
2024-11-30 13:07:18.174 +01:00 [INF] Request starting HTTP/1.1 GET http://localhost:5001/lib/jquery-validation-unobtrusive/dist/jquery.validate.unobtrusive.min.js - null null
2024-11-30 13:07:18.175 +01:00 [INF] Request finished HTTP/1.1 GET http://localhost:5001/lib/jquery-validation-unobtrusive/dist/jquery.validate.unobtrusive.min.js - 404 0 null 0.9212ms
2024-11-30 13:07:18.175 +01:00 [INF] Request reached the end of the middleware pipeline without being handled by application code. Request path: GET http://localhost:5001/lib/jquery-validation-unobtrusive/dist/jquery.validate.unobtrusive.min.js, Response status code: 404
2024-11-30 13:07:34.542 +01:00 [INF] Request starting HTTP/1.1 POST http://localhost:5001/Identity/Account/Login - application/x-www-form-urlencoded 268
2024-11-30 13:07:34.543 +01:00 [INF] Executing endpoint '/Account/Login'
2024-11-30 13:07:34.546 +01:00 [INF] Route matched with {page = "/Account/Login", area = "Identity", action = "", controller = ""}. Executing page /Account/Login
2024-11-30 13:07:34.555 +01:00 [INF] Executing handler method photogram.Areas.Identity.Pages.Account.LoginModel.OnPostAsync - ModelState is "Valid"
2024-11-30 13:07:34.897 +01:00 [INF] AuthenticationScheme: Identity.Application signed in.
2024-11-30 13:07:34.898 +01:00 [INF] User logged in.
2024-11-30 13:07:34.899 +01:00 [INF] Executed handler method OnPostAsync, returned result Microsoft.AspNetCore.Mvc.LocalRedirectResult.
2024-11-30 13:07:34.900 +01:00 [INF] Executing LocalRedirectResult, redirecting to /.
2024-11-30 13:07:34.902 +01:00 [INF] Executed page /Account/Login in 356.7139ms
2024-11-30 13:07:34.903 +01:00 [INF] Executed endpoint '/Account/Login'
2024-11-30 13:07:34.904 +01:00 [INF] Request finished HTTP/1.1 POST http://localhost:5001/Identity/Account/Login - 302 0 null 361.8982ms
2024-11-30 13:07:34.913 +01:00 [INF] Request starting HTTP/1.1 GET http://localhost:5001/ - null null
2024-11-30 13:07:34.913 +01:00 [INF] Executing endpoint 'photogram.Controllers.HomeController.Index (photogram)'
2024-11-30 13:07:34.913 +01:00 [INF] Route matched with {action = "Index", controller = "Home", page = "", area = ""}. Executing controller action with signature Microsoft.AspNetCore.Mvc.IActionResult Index() on controller photogram.Controllers.HomeController (photogram).
2024-11-30 13:07:34.916 +01:00 [INF] Executing ViewResult, running view Index.
2024-11-30 13:07:34.917 +01:00 [INF] Executed ViewResult - view Index executed in 1.4678ms.
2024-11-30 13:07:34.917 +01:00 [INF] Executed action photogram.Controllers.HomeController.Index (photogram) in 3.6912ms
2024-11-30 13:07:34.917 +01:00 [INF] Executed endpoint 'photogram.Controllers.HomeController.Index (photogram)'
2024-11-30 13:07:34.918 +01:00 [INF] Request finished HTTP/1.1 GET http://localhost:5001/ - 200 null text/html; charset=utf-8 4.7189ms
2024-11-30 13:07:34.952 +01:00 [INF] Request starting HTTP/1.1 GET http://localhost:5001/css/layout.css - null null
2024-11-30 13:07:34.952 +01:00 [INF] The file /css/layout.css was not modified
2024-11-30 13:07:34.953 +01:00 [INF] Request finished HTTP/1.1 GET http://localhost:5001/css/layout.css - 304 null text/css 0.3694ms
2024-11-30 13:07:40.000 +01:00 [INF] Request starting HTTP/1.1 GET http://localhost:5001/ - null null
2024-11-30 13:07:40.003 +01:00 [INF] Executing endpoint 'photogram.Controllers.HomeController.Index (photogram)'
2024-11-30 13:07:40.003 +01:00 [INF] Route matched with {action = "Index", controller = "Home", page = "", area = ""}. Executing controller action with signature Microsoft.AspNetCore.Mvc.IActionResult Index() on controller photogram.Controllers.HomeController (photogram).
2024-11-30 13:07:40.004 +01:00 [INF] Executing ViewResult, running view Index.
2024-11-30 13:07:40.005 +01:00 [INF] Executed ViewResult - view Index executed in 0.797ms.
2024-11-30 13:07:40.005 +01:00 [INF] Executed action photogram.Controllers.HomeController.Index (photogram) in 1.4243ms
2024-11-30 13:07:40.005 +01:00 [INF] Executed endpoint 'photogram.Controllers.HomeController.Index (photogram)'
2024-11-30 13:07:40.005 +01:00 [INF] Request finished HTTP/1.1 GET http://localhost:5001/ - 200 null text/html; charset=utf-8 5.4273ms
2024-11-30 13:07:45.482 +01:00 [INF] Request starting HTTP/1.1 GET http://localhost:5001/ - null null
2024-11-30 13:07:45.515 +01:00 [WRN] Error unprotecting the session cookie.
System.Security.Cryptography.CryptographicException: The payload was invalid. For more information go to https://aka.ms/aspnet/dataprotectionwarning
   at Microsoft.AspNetCore.DataProtection.Managed.ManagedAuthenticatedEncryptor.Decrypt(ArraySegment`1 protectedPayload, ArraySegment`1 additionalAuthenticatedData)
   at Microsoft.AspNetCore.DataProtection.KeyManagement.KeyRingBasedDataProtector.UnprotectCore(Byte[] protectedData, Boolean allowOperationsOnRevokedKeys, UnprotectStatus& status)
   at Microsoft.AspNetCore.DataProtection.KeyManagement.KeyRingBasedDataProtector.Unprotect(Byte[] protectedData)
   at Microsoft.AspNetCore.Session.CookieProtection.Unprotect(IDataProtector protector, String protectedText, ILogger logger)
2024-11-30 13:07:45.851 +01:00 [INF] Executing endpoint 'photogram.Controllers.HomeController.Index (photogram)'
2024-11-30 13:07:45.852 +01:00 [INF] Route matched with {action = "Index", controller = "Home", page = "", area = ""}. Executing controller action with signature Microsoft.AspNetCore.Mvc.IActionResult Index() on controller photogram.Controllers.HomeController (photogram).
2024-11-30 13:07:45.852 +01:00 [INF] Executing ViewResult, running view Index.
2024-11-30 13:07:45.865 +01:00 [INF] Executed ViewResult - view Index executed in 13.6746ms.
2024-11-30 13:07:45.865 +01:00 [INF] Executed action photogram.Controllers.HomeController.Index (photogram) in 13.8964ms
2024-11-30 13:07:45.866 +01:00 [INF] Executed endpoint 'photogram.Controllers.HomeController.Index (photogram)'
2024-11-30 13:07:45.866 +01:00 [INF] Request finished HTTP/1.1 GET http://localhost:5001/ - 200 null text/html; charset=utf-8 383.5364ms
2024-11-30 13:07:45.902 +01:00 [INF] Request starting HTTP/1.1 GET http://localhost:5001/css/layout.css - null null
2024-11-30 13:07:45.922 +01:00 [INF] Sending file. Request path: '/css/layout.css'. Physical path: '/Users/yasminali/Downloads/photogram 7/wwwroot/css/layout.css'
2024-11-30 13:07:45.922 +01:00 [INF] Request finished HTTP/1.1 GET http://localhost:5001/css/layout.css - 200 4891 text/css 20.5804ms
2024-11-30 13:09:00.787 +01:00 [INF] Request starting HTTP/1.1 GET http://localhost:5001/Home/Friends - null null
2024-11-30 13:09:00.789 +01:00 [WRN] Error unprotecting the session cookie.
System.Security.Cryptography.CryptographicException: The payload was invalid. For more information go to https://aka.ms/aspnet/dataprotectionwarning
   at Microsoft.AspNetCore.DataProtection.Managed.ManagedAuthenticatedEncryptor.Decrypt(ArraySegment`1 protectedPayload, ArraySegment`1 additionalAuthenticatedData)
   at Microsoft.AspNetCore.DataProtection.KeyManagement.KeyRingBasedDataProtector.UnprotectCore(Byte[] protectedData, Boolean allowOperationsOnRevokedKeys, UnprotectStatus& status)
   at Microsoft.AspNetCore.DataProtection.KeyManagement.KeyRingBasedDataProtector.Unprotect(Byte[] protectedData)
   at Microsoft.AspNetCore.Session.CookieProtection.Unprotect(IDataProtector protector, String protectedText, ILogger logger)
2024-11-30 13:09:00.792 +01:00 [INF] Executing endpoint 'photogram.Controllers.HomeController.Friends (photogram)'
2024-11-30 13:09:00.798 +01:00 [INF] Route matched with {action = "Friends", controller = "Home", page = "", area = ""}. Executing controller action with signature Microsoft.AspNetCore.Mvc.IActionResult Friends() on controller photogram.Controllers.HomeController (photogram).
2024-11-30 13:09:00.801 +01:00 [INF] Executing RedirectResult, redirecting to /Post/Friends.
2024-11-30 13:09:00.801 +01:00 [INF] Executed action photogram.Controllers.HomeController.Friends (photogram) in 3.4118ms
2024-11-30 13:09:00.801 +01:00 [INF] Executed endpoint 'photogram.Controllers.HomeController.Friends (photogram)'
2024-11-30 13:09:00.802 +01:00 [INF] Request finished HTTP/1.1 GET http://localhost:5001/Home/Friends - 302 0 null 14.7902ms
2024-11-30 13:09:00.807 +01:00 [INF] Request starting HTTP/1.1 GET http://localhost:5001/Post/Friends - null null
2024-11-30 13:09:00.808 +01:00 [WRN] Error unprotecting the session cookie.
System.Security.Cryptography.CryptographicException: The payload was invalid. For more information go to https://aka.ms/aspnet/dataprotectionwarning
   at Microsoft.AspNetCore.DataProtection.Managed.ManagedAuthenticatedEncryptor.Decrypt(ArraySegment`1 protectedPayload, ArraySegment`1 additionalAuthenticatedData)
   at Microsoft.AspNetCore.DataProtection.KeyManagement.KeyRingBasedDataProtector.UnprotectCore(Byte[] protectedData, Boolean allowOperationsOnRevokedKeys, UnprotectStatus& status)
   at Microsoft.AspNetCore.DataProtection.KeyManagement.KeyRingBasedDataProtector.Unprotect(Byte[] protectedData)
   at Microsoft.AspNetCore.Session.CookieProtection.Unprotect(IDataProtector protector, String protectedText, ILogger logger)
2024-11-30 13:09:00.813 +01:00 [INF] Executing endpoint 'photogram.Controllers.PostController.Friends (photogram)'
2024-11-30 13:09:00.827 +01:00 [INF] Route matched with {action = "Friends", controller = "Post", page = "", area = ""}. Executing controller action with signature System.Threading.Tasks.Task`1[Microsoft.AspNetCore.Mvc.IActionResult] Friends() on controller photogram.Controllers.PostController (photogram).
2024-11-30 13:09:00.935 +01:00 [INF] Executing ViewResult, running view Friends.
2024-11-30 13:09:00.963 +01:00 [INF] Executed ViewResult - view Friends executed in 31.5652ms.
2024-11-30 13:09:00.964 +01:00 [INF] Executed action photogram.Controllers.PostController.Friends (photogram) in 136.7249ms
2024-11-30 13:09:00.964 +01:00 [INF] Executed endpoint 'photogram.Controllers.PostController.Friends (photogram)'
2024-11-30 13:09:00.970 +01:00 [INF] Request finished HTTP/1.1 GET http://localhost:5001/Post/Friends - 200 null text/html; charset=utf-8 162.9239ms
2024-11-30 13:09:01.034 +01:00 [INF] Request starting HTTP/1.1 GET http://localhost:5001/css/layout.css - null null
2024-11-30 13:09:01.035 +01:00 [INF] The file /css/layout.css was not modified
2024-11-30 13:09:01.035 +01:00 [INF] Request finished HTTP/1.1 GET http://localhost:5001/css/layout.css - 304 null text/css 0.9397ms
2024-11-30 13:09:01.732 +01:00 [INF] Request starting HTTP/1.1 GET http://localhost:5001/Home/Feed - null null
2024-11-30 13:09:01.732 +01:00 [WRN] Error unprotecting the session cookie.
System.Security.Cryptography.CryptographicException: The payload was invalid. For more information go to https://aka.ms/aspnet/dataprotectionwarning
   at Microsoft.AspNetCore.DataProtection.Managed.ManagedAuthenticatedEncryptor.Decrypt(ArraySegment`1 protectedPayload, ArraySegment`1 additionalAuthenticatedData)
   at Microsoft.AspNetCore.DataProtection.KeyManagement.KeyRingBasedDataProtector.UnprotectCore(Byte[] protectedData, Boolean allowOperationsOnRevokedKeys, UnprotectStatus& status)
   at Microsoft.AspNetCore.DataProtection.KeyManagement.KeyRingBasedDataProtector.Unprotect(Byte[] protectedData)
   at Microsoft.AspNetCore.Session.CookieProtection.Unprotect(IDataProtector protector, String protectedText, ILogger logger)
2024-11-30 13:09:01.737 +01:00 [INF] Executing endpoint 'photogram.Controllers.HomeController.Feed (photogram)'
2024-11-30 13:09:01.749 +01:00 [INF] Route matched with {action = "Feed", controller = "Home", page = "", area = ""}. Executing controller action with signature Microsoft.AspNetCore.Mvc.IActionResult Feed() on controller photogram.Controllers.HomeController (photogram).
2024-11-30 13:09:01.753 +01:00 [INF] Executing RedirectResult, redirecting to /Post/Feed.
2024-11-30 13:09:01.762 +01:00 [INF] Executed action photogram.Controllers.HomeController.Feed (photogram) in 10.423ms
2024-11-30 13:09:01.762 +01:00 [INF] Executed endpoint 'photogram.Controllers.HomeController.Feed (photogram)'
2024-11-30 13:09:01.762 +01:00 [INF] Request finished HTTP/1.1 GET http://localhost:5001/Home/Feed - 302 0 null 30.4853ms
2024-11-30 13:09:01.768 +01:00 [INF] Request starting HTTP/1.1 GET http://localhost:5001/Post/Feed - null null
2024-11-30 13:09:01.768 +01:00 [WRN] Error unprotecting the session cookie.
System.Security.Cryptography.CryptographicException: The payload was invalid. For more information go to https://aka.ms/aspnet/dataprotectionwarning
   at Microsoft.AspNetCore.DataProtection.Managed.ManagedAuthenticatedEncryptor.Decrypt(ArraySegment`1 protectedPayload, ArraySegment`1 additionalAuthenticatedData)
   at Microsoft.AspNetCore.DataProtection.KeyManagement.KeyRingBasedDataProtector.UnprotectCore(Byte[] protectedData, Boolean allowOperationsOnRevokedKeys, UnprotectStatus& status)
   at Microsoft.AspNetCore.DataProtection.KeyManagement.KeyRingBasedDataProtector.Unprotect(Byte[] protectedData)
   at Microsoft.AspNetCore.Session.CookieProtection.Unprotect(IDataProtector protector, String protectedText, ILogger logger)
2024-11-30 13:09:01.782 +01:00 [INF] Executing endpoint 'photogram.Controllers.PostController.Feed (photogram)'
2024-11-30 13:09:01.793 +01:00 [INF] Route matched with {action = "Feed", controller = "Post", page = "", area = ""}. Executing controller action with signature System.Threading.Tasks.Task`1[Microsoft.AspNetCore.Mvc.IActionResult] Feed(System.Nullable`1[System.Int32], System.Nullable`1[System.Int32]) on controller photogram.Controllers.PostController (photogram).
2024-11-30 13:09:01.918 +01:00 [INF] Executing ViewResult, running view Feed.
2024-11-30 13:09:02.215 +01:00 [INF] Executed ViewResult - view Feed executed in 304.4566ms.
2024-11-30 13:09:02.215 +01:00 [INF] Executed action photogram.Controllers.PostController.Feed (photogram) in 421.8054ms
2024-11-30 13:09:02.215 +01:00 [INF] Executed endpoint 'photogram.Controllers.PostController.Feed (photogram)'
2024-11-30 13:09:02.217 +01:00 [INF] Request finished HTTP/1.1 GET http://localhost:5001/Post/Feed - 200 null text/html; charset=utf-8 448.5108ms
2024-11-30 13:09:02.289 +01:00 [INF] Request starting HTTP/1.1 GET http://localhost:5001/uploads/d5f308d6-5e29-4c51-ab51-946e5939f892_concert.jpg - null null
2024-11-30 13:09:02.290 +01:00 [INF] Request starting HTTP/1.1 GET http://localhost:5001/uploads/150c5aae-9839-45c1-a058-cec277bcafda_tacos.jpg - null null
2024-11-30 13:09:02.290 +01:00 [INF] Request starting HTTP/1.1 GET http://localhost:5001/images/recipes.jpg - null null
2024-11-30 13:09:02.290 +01:00 [INF] Request starting HTTP/1.1 GET http://localhost:5001/images/sunset.jpg - null null
2024-11-30 13:09:02.292 +01:00 [INF] The file /images/recipes.jpg was not modified
2024-11-30 13:09:02.292 +01:00 [INF] The file /uploads/150c5aae-9839-45c1-a058-cec277bcafda_tacos.jpg was not modified
2024-11-30 13:09:02.292 +01:00 [INF] The file /uploads/d5f308d6-5e29-4c51-ab51-946e5939f892_concert.jpg was not modified
2024-11-30 13:09:02.292 +01:00 [INF] The file /images/sunset.jpg was not modified
2024-11-30 13:09:02.292 +01:00 [INF] Request finished HTTP/1.1 GET http://localhost:5001/uploads/d5f308d6-5e29-4c51-ab51-946e5939f892_concert.jpg - 304 null image/jpeg 2.9182ms
2024-11-30 13:09:02.292 +01:00 [INF] Request finished HTTP/1.1 GET http://localhost:5001/uploads/150c5aae-9839-45c1-a058-cec277bcafda_tacos.jpg - 304 null image/jpeg 2.3794ms
2024-11-30 13:09:02.292 +01:00 [INF] Request finished HTTP/1.1 GET http://localhost:5001/images/sunset.jpg - 304 null image/jpeg 2.327ms
2024-11-30 13:09:02.292 +01:00 [INF] Request finished HTTP/1.1 GET http://localhost:5001/images/recipes.jpg - 304 null image/jpeg 2.3945ms
2024-11-30 13:09:02.293 +01:00 [INF] Request starting HTTP/1.1 GET http://localhost:5001/images/conference.jpg - null null
2024-11-30 13:09:02.293 +01:00 [INF] Request starting HTTP/1.1 GET http://localhost:5001/uploads/892b7245-916c-4e39-ad08-e1f509e45f50_view.jpg - null null
2024-11-30 13:09:02.293 +01:00 [INF] The file /uploads/892b7245-916c-4e39-ad08-e1f509e45f50_view.jpg was not modified
2024-11-30 13:09:02.293 +01:00 [INF] The file /images/conference.jpg was not modified
2024-11-30 13:09:02.293 +01:00 [INF] Request finished HTTP/1.1 GET http://localhost:5001/images/conference.jpg - 304 null image/jpeg 0.5937ms
2024-11-30 13:09:02.293 +01:00 [INF] Request finished HTTP/1.1 GET http://localhost:5001/uploads/892b7245-916c-4e39-ad08-e1f509e45f50_view.jpg - 304 null image/jpeg 0.4942ms
2024-11-30 13:09:02.386 +01:00 [INF] Request starting HTTP/1.1 GET http://localhost:5001/images/norway.jpg - null null
2024-11-30 13:09:02.386 +01:00 [INF] The file /images/norway.jpg was not modified
2024-11-30 13:09:02.386 +01:00 [INF] Request finished HTTP/1.1 GET http://localhost:5001/images/norway.jpg - 304 null image/jpeg 0.5219ms
2024-11-30 13:09:19.016 +01:00 [INF] Request starting HTTP/1.1 GET http://localhost:5001/Post/MyPosts - null null
2024-11-30 13:09:19.018 +01:00 [WRN] Error unprotecting the session cookie.
System.Security.Cryptography.CryptographicException: The payload was invalid. For more information go to https://aka.ms/aspnet/dataprotectionwarning
   at Microsoft.AspNetCore.DataProtection.Managed.ManagedAuthenticatedEncryptor.Decrypt(ArraySegment`1 protectedPayload, ArraySegment`1 additionalAuthenticatedData)
   at Microsoft.AspNetCore.DataProtection.KeyManagement.KeyRingBasedDataProtector.UnprotectCore(Byte[] protectedData, Boolean allowOperationsOnRevokedKeys, UnprotectStatus& status)
   at Microsoft.AspNetCore.DataProtection.KeyManagement.KeyRingBasedDataProtector.Unprotect(Byte[] protectedData)
   at Microsoft.AspNetCore.Session.CookieProtection.Unprotect(IDataProtector protector, String protectedText, ILogger logger)
2024-11-30 13:09:19.019 +01:00 [INF] Executing endpoint 'photogram.Controllers.PostController.MyPosts (photogram)'
2024-11-30 13:09:19.035 +01:00 [INF] Route matched with {action = "MyPosts", controller = "Post", page = "", area = ""}. Executing controller action with signature System.Threading.Tasks.Task`1[Microsoft.AspNetCore.Mvc.IActionResult] MyPosts(System.Nullable`1[System.Int32]) on controller photogram.Controllers.PostController (photogram).
2024-11-30 13:09:19.139 +01:00 [INF] Executing ViewResult, running view MyPosts.
2024-11-30 13:09:19.195 +01:00 [INF] Executed ViewResult - view MyPosts executed in 56.718ms.
2024-11-30 13:09:19.195 +01:00 [INF] Executed action photogram.Controllers.PostController.MyPosts (photogram) in 160.4906ms
2024-11-30 13:09:19.195 +01:00 [INF] Executed endpoint 'photogram.Controllers.PostController.MyPosts (photogram)'
2024-11-30 13:09:19.197 +01:00 [INF] Request finished HTTP/1.1 GET http://localhost:5001/Post/MyPosts - 200 null text/html; charset=utf-8 180.0186ms
2024-11-30 13:09:20.598 +01:00 [INF] Request starting HTTP/1.1 GET http://localhost:5001/Post/CreatePost - null null
2024-11-30 13:09:20.598 +01:00 [WRN] Error unprotecting the session cookie.
System.Security.Cryptography.CryptographicException: The payload was invalid. For more information go to https://aka.ms/aspnet/dataprotectionwarning
   at Microsoft.AspNetCore.DataProtection.Managed.ManagedAuthenticatedEncryptor.Decrypt(ArraySegment`1 protectedPayload, ArraySegment`1 additionalAuthenticatedData)
   at Microsoft.AspNetCore.DataProtection.KeyManagement.KeyRingBasedDataProtector.UnprotectCore(Byte[] protectedData, Boolean allowOperationsOnRevokedKeys, UnprotectStatus& status)
   at Microsoft.AspNetCore.DataProtection.KeyManagement.KeyRingBasedDataProtector.Unprotect(Byte[] protectedData)
   at Microsoft.AspNetCore.Session.CookieProtection.Unprotect(IDataProtector protector, String protectedText, ILogger logger)
2024-11-30 13:09:20.599 +01:00 [INF] Executing endpoint 'photogram.Controllers.PostController.CreatePost (photogram)'
2024-11-30 13:09:20.605 +01:00 [INF] Route matched with {action = "CreatePost", controller = "Post", page = "", area = ""}. Executing controller action with signature Microsoft.AspNetCore.Mvc.IActionResult CreatePost() on controller photogram.Controllers.PostController (photogram).
2024-11-30 13:09:20.613 +01:00 [INF] Executing ViewResult, running view CreatePost.
2024-11-30 13:09:20.642 +01:00 [INF] Executed ViewResult - view CreatePost executed in 31.0308ms.
2024-11-30 13:09:20.643 +01:00 [INF] Executed action photogram.Controllers.PostController.CreatePost (photogram) in 37.5438ms
2024-11-30 13:09:20.643 +01:00 [INF] Executed endpoint 'photogram.Controllers.PostController.CreatePost (photogram)'
2024-11-30 13:09:20.643 +01:00 [INF] Request finished HTTP/1.1 GET http://localhost:5001/Post/CreatePost - 200 null text/html; charset=utf-8 45.3392ms
2024-11-30 13:09:22.267 +01:00 [INF] Request starting HTTP/1.1 GET http://localhost:5001/Post/MyPosts - null null
2024-11-30 13:09:22.267 +01:00 [WRN] Error unprotecting the session cookie.
System.Security.Cryptography.CryptographicException: The payload was invalid. For more information go to https://aka.ms/aspnet/dataprotectionwarning
   at Microsoft.AspNetCore.DataProtection.Managed.ManagedAuthenticatedEncryptor.Decrypt(ArraySegment`1 protectedPayload, ArraySegment`1 additionalAuthenticatedData)
   at Microsoft.AspNetCore.DataProtection.KeyManagement.KeyRingBasedDataProtector.UnprotectCore(Byte[] protectedData, Boolean allowOperationsOnRevokedKeys, UnprotectStatus& status)
   at Microsoft.AspNetCore.DataProtection.KeyManagement.KeyRingBasedDataProtector.Unprotect(Byte[] protectedData)
   at Microsoft.AspNetCore.Session.CookieProtection.Unprotect(IDataProtector protector, String protectedText, ILogger logger)
2024-11-30 13:09:22.270 +01:00 [INF] Executing endpoint 'photogram.Controllers.PostController.MyPosts (photogram)'
2024-11-30 13:09:22.270 +01:00 [INF] Route matched with {action = "MyPosts", controller = "Post", page = "", area = ""}. Executing controller action with signature System.Threading.Tasks.Task`1[Microsoft.AspNetCore.Mvc.IActionResult] MyPosts(System.Nullable`1[System.Int32]) on controller photogram.Controllers.PostController (photogram).
2024-11-30 13:09:22.282 +01:00 [INF] Executing ViewResult, running view MyPosts.
2024-11-30 13:09:22.287 +01:00 [INF] Executed ViewResult - view MyPosts executed in 4.5224ms.
2024-11-30 13:09:22.287 +01:00 [INF] Executed action photogram.Controllers.PostController.MyPosts (photogram) in 16.9741ms
2024-11-30 13:09:22.287 +01:00 [INF] Executed endpoint 'photogram.Controllers.PostController.MyPosts (photogram)'
2024-11-30 13:09:22.287 +01:00 [INF] Request finished HTTP/1.1 GET http://localhost:5001/Post/MyPosts - 200 null text/html; charset=utf-8 20.2372ms
2024-11-30 13:09:23.431 +01:00 [INF] Request starting HTTP/1.1 GET http://localhost:5001/Home/Feed - null null
2024-11-30 13:09:23.432 +01:00 [WRN] Error unprotecting the session cookie.
System.Security.Cryptography.CryptographicException: The payload was invalid. For more information go to https://aka.ms/aspnet/dataprotectionwarning
   at Microsoft.AspNetCore.DataProtection.Managed.ManagedAuthenticatedEncryptor.Decrypt(ArraySegment`1 protectedPayload, ArraySegment`1 additionalAuthenticatedData)
   at Microsoft.AspNetCore.DataProtection.KeyManagement.KeyRingBasedDataProtector.UnprotectCore(Byte[] protectedData, Boolean allowOperationsOnRevokedKeys, UnprotectStatus& status)
   at Microsoft.AspNetCore.DataProtection.KeyManagement.KeyRingBasedDataProtector.Unprotect(Byte[] protectedData)
   at Microsoft.AspNetCore.Session.CookieProtection.Unprotect(IDataProtector protector, String protectedText, ILogger logger)
2024-11-30 13:09:23.433 +01:00 [INF] Executing endpoint 'photogram.Controllers.HomeController.Feed (photogram)'
2024-11-30 13:09:23.433 +01:00 [INF] Route matched with {action = "Feed", controller = "Home", page = "", area = ""}. Executing controller action with signature Microsoft.AspNetCore.Mvc.IActionResult Feed() on controller photogram.Controllers.HomeController (photogram).
2024-11-30 13:09:23.433 +01:00 [INF] Executing RedirectResult, redirecting to /Post/Feed.
2024-11-30 13:09:23.434 +01:00 [INF] Executed action photogram.Controllers.HomeController.Feed (photogram) in 0.3289ms
2024-11-30 13:09:23.434 +01:00 [INF] Executed endpoint 'photogram.Controllers.HomeController.Feed (photogram)'
2024-11-30 13:09:23.434 +01:00 [INF] Request finished HTTP/1.1 GET http://localhost:5001/Home/Feed - 302 0 null 3.4938ms
2024-11-30 13:09:23.454 +01:00 [INF] Request starting HTTP/1.1 GET http://localhost:5001/Post/Feed - null null
2024-11-30 13:09:23.455 +01:00 [WRN] Error unprotecting the session cookie.
System.Security.Cryptography.CryptographicException: The payload was invalid. For more information go to https://aka.ms/aspnet/dataprotectionwarning
   at Microsoft.AspNetCore.DataProtection.Managed.ManagedAuthenticatedEncryptor.Decrypt(ArraySegment`1 protectedPayload, ArraySegment`1 additionalAuthenticatedData)
   at Microsoft.AspNetCore.DataProtection.KeyManagement.KeyRingBasedDataProtector.UnprotectCore(Byte[] protectedData, Boolean allowOperationsOnRevokedKeys, UnprotectStatus& status)
   at Microsoft.AspNetCore.DataProtection.KeyManagement.KeyRingBasedDataProtector.Unprotect(Byte[] protectedData)
   at Microsoft.AspNetCore.Session.CookieProtection.Unprotect(IDataProtector protector, String protectedText, ILogger logger)
2024-11-30 13:09:23.456 +01:00 [INF] Executing endpoint 'photogram.Controllers.PostController.Feed (photogram)'
2024-11-30 13:09:23.457 +01:00 [INF] Route matched with {action = "Feed", controller = "Post", page = "", area = ""}. Executing controller action with signature System.Threading.Tasks.Task`1[Microsoft.AspNetCore.Mvc.IActionResult] Feed(System.Nullable`1[System.Int32], System.Nullable`1[System.Int32]) on controller photogram.Controllers.PostController (photogram).
2024-11-30 13:09:23.466 +01:00 [INF] Executing ViewResult, running view Feed.
2024-11-30 13:09:23.492 +01:00 [INF] Executed ViewResult - view Feed executed in 26.1537ms.
2024-11-30 13:09:23.492 +01:00 [INF] Executed action photogram.Controllers.PostController.Feed (photogram) in 35.5147ms
2024-11-30 13:09:23.492 +01:00 [INF] Executed endpoint 'photogram.Controllers.PostController.Feed (photogram)'
2024-11-30 13:09:23.492 +01:00 [INF] Request finished HTTP/1.1 GET http://localhost:5001/Post/Feed - 200 null text/html; charset=utf-8 38.7886ms
2024-11-30 13:11:54.124 +01:00 [INF] Application is shutting down...
