2024-11-30 05:48:08.147 +01:00 [INF] User profile is available. Using '/Users/yasminali/.aspnet/DataProtection-Keys' as key repository; keys will not be encrypted at rest.
2024-11-30 05:48:09.699 +01:00 [INF] Now listening on: http://localhost:5001
2024-11-30 05:48:09.724 +01:00 [INF] Application started. Press Ctrl+C to shut down.
2024-11-30 05:48:09.727 +01:00 [INF] Hosting environment: Development
2024-11-30 05:48:09.728 +01:00 [INF] Content root path: /Users/yasminali/Downloads/photogram 7
2024-11-30 05:48:16.953 +01:00 [INF] Request starting HTTP/1.1 GET http://localhost:5001/ - null null
2024-11-30 05:48:17.252 +01:00 [WRN] Failed to determine the https port for redirect.
2024-11-30 05:48:17.370 +01:00 [WRN] Error unprotecting the session cookie.
System.Security.Cryptography.CryptographicException: The payload was invalid. For more information go to https://aka.ms/aspnet/dataprotectionwarning
   at Microsoft.AspNetCore.DataProtection.Managed.ManagedAuthenticatedEncryptor.Decrypt(ArraySegment`1 protectedPayload, ArraySegment`1 additionalAuthenticatedData)
   at Microsoft.AspNetCore.DataProtection.KeyManagement.KeyRingBasedDataProtector.UnprotectCore(Byte[] protectedData, Boolean allowOperationsOnRevokedKeys, UnprotectStatus& status)
   at Microsoft.AspNetCore.DataProtection.KeyManagement.KeyRingBasedDataProtector.Unprotect(Byte[] protectedData)
   at Microsoft.AspNetCore.Session.CookieProtection.Unprotect(IDataProtector protector, String protectedText, ILogger logger)
2024-11-30 05:48:18.262 +01:00 [INF] Executing endpoint 'photogram.Controllers.HomeController.Index (photogram)'
2024-11-30 05:48:18.542 +01:00 [INF] Route matched with {action = "Index", controller = "Home", page = "", area = ""}. Executing controller action with signature Microsoft.AspNetCore.Mvc.IActionResult Index() on controller photogram.Controllers.HomeController (photogram).
2024-11-30 05:48:18.657 +01:00 [INF] Executing ViewResult, running view Index.
2024-11-30 05:48:20.178 +01:00 [INF] Executed ViewResult - view Index executed in 1550.6147ms.
2024-11-30 05:48:20.230 +01:00 [INF] Executed action photogram.Controllers.HomeController.Index (photogram) in 1663.9004ms
2024-11-30 05:48:20.231 +01:00 [INF] Executed endpoint 'photogram.Controllers.HomeController.Index (photogram)'
2024-11-30 05:48:20.252 +01:00 [INF] Request starting HTTP/1.1 GET http://localhost:5001/css/layout.css - null null
2024-11-30 05:48:20.279 +01:00 [INF] The file /css/layout.css was not modified
2024-11-30 05:48:20.290 +01:00 [INF] Request finished HTTP/1.1 GET http://localhost:5001/css/layout.css - 304 null text/css 38.8695ms
2024-11-30 05:48:20.540 +01:00 [INF] Request finished HTTP/1.1 GET http://localhost:5001/ - 200 null text/html; charset=utf-8 3629.2328ms
2024-11-30 05:48:25.041 +01:00 [INF] Request starting HTTP/1.1 GET http://localhost:5001/Home/Feed - null null
2024-11-30 05:48:25.042 +01:00 [WRN] Error unprotecting the session cookie.
System.Security.Cryptography.CryptographicException: The payload was invalid. For more information go to https://aka.ms/aspnet/dataprotectionwarning
   at Microsoft.AspNetCore.DataProtection.Managed.ManagedAuthenticatedEncryptor.Decrypt(ArraySegment`1 protectedPayload, ArraySegment`1 additionalAuthenticatedData)
   at Microsoft.AspNetCore.DataProtection.KeyManagement.KeyRingBasedDataProtector.UnprotectCore(Byte[] protectedData, Boolean allowOperationsOnRevokedKeys, UnprotectStatus& status)
   at Microsoft.AspNetCore.DataProtection.KeyManagement.KeyRingBasedDataProtector.Unprotect(Byte[] protectedData)
   at Microsoft.AspNetCore.Session.CookieProtection.Unprotect(IDataProtector protector, String protectedText, ILogger logger)
2024-11-30 05:48:25.072 +01:00 [INF] Executing endpoint 'photogram.Controllers.HomeController.Feed (photogram)'
2024-11-30 05:48:25.076 +01:00 [INF] Route matched with {action = "Feed", controller = "Home", page = "", area = ""}. Executing controller action with signature Microsoft.AspNetCore.Mvc.IActionResult Feed() on controller photogram.Controllers.HomeController (photogram).
2024-11-30 05:48:25.080 +01:00 [INF] Executing RedirectResult, redirecting to /Post/Feed.
2024-11-30 05:48:25.080 +01:00 [INF] Executed action photogram.Controllers.HomeController.Feed (photogram) in 3.6703ms
2024-11-30 05:48:25.080 +01:00 [INF] Executed endpoint 'photogram.Controllers.HomeController.Feed (photogram)'
2024-11-30 05:48:25.080 +01:00 [INF] Request finished HTTP/1.1 GET http://localhost:5001/Home/Feed - 302 0 null 39.4923ms
2024-11-30 05:48:25.092 +01:00 [INF] Request starting HTTP/1.1 GET http://localhost:5001/Post/Feed - null null
2024-11-30 05:48:25.092 +01:00 [WRN] Error unprotecting the session cookie.
System.Security.Cryptography.CryptographicException: The payload was invalid. For more information go to https://aka.ms/aspnet/dataprotectionwarning
   at Microsoft.AspNetCore.DataProtection.Managed.ManagedAuthenticatedEncryptor.Decrypt(ArraySegment`1 protectedPayload, ArraySegment`1 additionalAuthenticatedData)
   at Microsoft.AspNetCore.DataProtection.KeyManagement.KeyRingBasedDataProtector.UnprotectCore(Byte[] protectedData, Boolean allowOperationsOnRevokedKeys, UnprotectStatus& status)
   at Microsoft.AspNetCore.DataProtection.KeyManagement.KeyRingBasedDataProtector.Unprotect(Byte[] protectedData)
   at Microsoft.AspNetCore.Session.CookieProtection.Unprotect(IDataProtector protector, String protectedText, ILogger logger)
2024-11-30 05:48:25.140 +01:00 [INF] Executing endpoint 'photogram.Controllers.PostController.Feed (photogram)'
2024-11-30 05:48:25.198 +01:00 [INF] Route matched with {action = "Feed", controller = "Post", page = "", area = ""}. Executing controller action with signature System.Threading.Tasks.Task`1[Microsoft.AspNetCore.Mvc.IActionResult] Feed(System.Nullable`1[System.Int32], System.Nullable`1[System.Int32]) on controller photogram.Controllers.PostController (photogram).
2024-11-30 05:48:26.598 +01:00 [INF] Executing ViewResult, running view Feed.
2024-11-30 05:48:27.252 +01:00 [INF] Executed ViewResult - view Feed executed in 655.7464ms.
2024-11-30 05:48:27.309 +01:00 [INF] Request starting HTTP/1.1 GET http://localhost:5001/uploads/892b7245-916c-4e39-ad08-e1f509e45f50_view.jpg - null null
2024-11-30 05:48:27.309 +01:00 [INF] The file /uploads/892b7245-916c-4e39-ad08-e1f509e45f50_view.jpg was not modified
2024-11-30 05:48:27.310 +01:00 [INF] Request finished HTTP/1.1 GET http://localhost:5001/uploads/892b7245-916c-4e39-ad08-e1f509e45f50_view.jpg - 304 null image/jpeg 0.961ms
2024-11-30 05:48:27.310 +01:00 [INF] Request starting HTTP/1.1 GET http://localhost:5001/images/sunset.jpg - null null
2024-11-30 05:48:27.310 +01:00 [INF] The file /images/sunset.jpg was not modified
2024-11-30 05:48:27.311 +01:00 [INF] Request finished HTTP/1.1 GET http://localhost:5001/images/sunset.jpg - 304 null image/jpeg 0.4924ms
2024-11-30 05:48:27.311 +01:00 [INF] Request starting HTTP/1.1 GET http://localhost:5001/images/recipes.jpg - null null
2024-11-30 05:48:27.311 +01:00 [INF] The file /images/recipes.jpg was not modified
2024-11-30 05:48:27.311 +01:00 [INF] Request finished HTTP/1.1 GET http://localhost:5001/images/recipes.jpg - 304 null image/jpeg 0.5022ms
2024-11-30 05:48:27.312 +01:00 [INF] Request starting HTTP/1.1 GET http://localhost:5001/images/conference.jpg - null null
2024-11-30 05:48:27.313 +01:00 [INF] The file /images/conference.jpg was not modified
2024-11-30 05:48:27.313 +01:00 [INF] Request finished HTTP/1.1 GET http://localhost:5001/images/conference.jpg - 304 null image/jpeg 0.6461ms
2024-11-30 05:48:27.313 +01:00 [INF] Request starting HTTP/1.1 GET http://localhost:5001/images/norway.jpg - null null
2024-11-30 05:48:27.313 +01:00 [INF] The file /images/norway.jpg was not modified
2024-11-30 05:48:27.313 +01:00 [INF] Request finished HTTP/1.1 GET http://localhost:5001/images/norway.jpg - 304 null image/jpeg 0.4331ms
2024-11-30 05:48:27.252 +01:00 [INF] Executed action photogram.Controllers.PostController.Feed (photogram) in 2053.4629ms
2024-11-30 05:48:27.331 +01:00 [INF] Executed endpoint 'photogram.Controllers.PostController.Feed (photogram)'
2024-11-30 05:48:27.491 +01:00 [INF] Request finished HTTP/1.1 GET http://localhost:5001/Post/Feed - 200 null text/html; charset=utf-8 2398.953ms
2024-11-30 05:48:32.039 +01:00 [INF] Request starting HTTP/1.1 GET http://localhost:5001/Home/Friends - null null
2024-11-30 05:48:32.040 +01:00 [WRN] Error unprotecting the session cookie.
System.Security.Cryptography.CryptographicException: The payload was invalid. For more information go to https://aka.ms/aspnet/dataprotectionwarning
   at Microsoft.AspNetCore.DataProtection.Managed.ManagedAuthenticatedEncryptor.Decrypt(ArraySegment`1 protectedPayload, ArraySegment`1 additionalAuthenticatedData)
   at Microsoft.AspNetCore.DataProtection.KeyManagement.KeyRingBasedDataProtector.UnprotectCore(Byte[] protectedData, Boolean allowOperationsOnRevokedKeys, UnprotectStatus& status)
   at Microsoft.AspNetCore.DataProtection.KeyManagement.KeyRingBasedDataProtector.Unprotect(Byte[] protectedData)
   at Microsoft.AspNetCore.Session.CookieProtection.Unprotect(IDataProtector protector, String protectedText, ILogger logger)
2024-11-30 05:48:32.054 +01:00 [INF] Executing endpoint 'photogram.Controllers.HomeController.Friends (photogram)'
2024-11-30 05:48:32.060 +01:00 [INF] Route matched with {action = "Friends", controller = "Home", page = "", area = ""}. Executing controller action with signature Microsoft.AspNetCore.Mvc.IActionResult Friends() on controller photogram.Controllers.HomeController (photogram).
2024-11-30 05:48:32.062 +01:00 [INF] Executing RedirectResult, redirecting to /Post/Friends.
2024-11-30 05:48:32.062 +01:00 [INF] Executed action photogram.Controllers.HomeController.Friends (photogram) in 1.1587ms
2024-11-30 05:48:32.062 +01:00 [INF] Executed endpoint 'photogram.Controllers.HomeController.Friends (photogram)'
2024-11-30 05:48:32.062 +01:00 [INF] Request finished HTTP/1.1 GET http://localhost:5001/Home/Friends - 302 0 null 23.413ms
2024-11-30 05:48:32.069 +01:00 [INF] Request starting HTTP/1.1 GET http://localhost:5001/Post/Friends - null null
2024-11-30 05:48:32.072 +01:00 [WRN] Error unprotecting the session cookie.
System.Security.Cryptography.CryptographicException: The payload was invalid. For more information go to https://aka.ms/aspnet/dataprotectionwarning
   at Microsoft.AspNetCore.DataProtection.Managed.ManagedAuthenticatedEncryptor.Decrypt(ArraySegment`1 protectedPayload, ArraySegment`1 additionalAuthenticatedData)
   at Microsoft.AspNetCore.DataProtection.KeyManagement.KeyRingBasedDataProtector.UnprotectCore(Byte[] protectedData, Boolean allowOperationsOnRevokedKeys, UnprotectStatus& status)
   at Microsoft.AspNetCore.DataProtection.KeyManagement.KeyRingBasedDataProtector.Unprotect(Byte[] protectedData)
   at Microsoft.AspNetCore.Session.CookieProtection.Unprotect(IDataProtector protector, String protectedText, ILogger logger)
2024-11-30 05:48:32.081 +01:00 [INF] Executing endpoint 'photogram.Controllers.PostController.Friends (photogram)'
2024-11-30 05:48:32.093 +01:00 [INF] Route matched with {action = "Friends", controller = "Post", page = "", area = ""}. Executing controller action with signature System.Threading.Tasks.Task`1[Microsoft.AspNetCore.Mvc.IActionResult] Friends() on controller photogram.Controllers.PostController (photogram).
2024-11-30 05:48:32.552 +01:00 [INF] Executing ViewResult, running view Friends.
2024-11-30 05:48:32.578 +01:00 [INF] Executed ViewResult - view Friends executed in 32.3225ms.
2024-11-30 05:48:32.578 +01:00 [INF] Executed action photogram.Controllers.PostController.Friends (photogram) in 485.3067ms
2024-11-30 05:48:32.578 +01:00 [INF] Executed endpoint 'photogram.Controllers.PostController.Friends (photogram)'
2024-11-30 05:48:32.691 +01:00 [INF] Request finished HTTP/1.1 GET http://localhost:5001/Post/Friends - 200 null text/html; charset=utf-8 621.4949ms
2024-11-30 05:48:35.460 +01:00 [INF] Request starting HTTP/1.1 POST http://localhost:5001/Post/AddFriend - application/x-www-form-urlencoded 261
2024-11-30 05:48:35.461 +01:00 [WRN] Error unprotecting the session cookie.
System.Security.Cryptography.CryptographicException: The payload was invalid. For more information go to https://aka.ms/aspnet/dataprotectionwarning
   at Microsoft.AspNetCore.DataProtection.Managed.ManagedAuthenticatedEncryptor.Decrypt(ArraySegment`1 protectedPayload, ArraySegment`1 additionalAuthenticatedData)
   at Microsoft.AspNetCore.DataProtection.KeyManagement.KeyRingBasedDataProtector.UnprotectCore(Byte[] protectedData, Boolean allowOperationsOnRevokedKeys, UnprotectStatus& status)
   at Microsoft.AspNetCore.DataProtection.KeyManagement.KeyRingBasedDataProtector.Unprotect(Byte[] protectedData)
   at Microsoft.AspNetCore.Session.CookieProtection.Unprotect(IDataProtector protector, String protectedText, ILogger logger)
2024-11-30 05:48:35.471 +01:00 [INF] Executing endpoint 'photogram.Controllers.PostController.AddFriend (photogram)'
2024-11-30 05:48:35.494 +01:00 [INF] Route matched with {action = "AddFriend", controller = "Post", page = "", area = ""}. Executing controller action with signature System.Threading.Tasks.Task`1[Microsoft.AspNetCore.Mvc.IActionResult] AddFriend(System.String) on controller photogram.Controllers.PostController (photogram).
2024-11-30 05:48:36.118 +01:00 [INF] Executing RedirectResult, redirecting to /Post/Friends.
2024-11-30 05:48:36.118 +01:00 [INF] Executed action photogram.Controllers.PostController.AddFriend (photogram) in 623.2652ms
2024-11-30 05:48:36.118 +01:00 [INF] Executed endpoint 'photogram.Controllers.PostController.AddFriend (photogram)'
2024-11-30 05:48:36.120 +01:00 [INF] Request finished HTTP/1.1 POST http://localhost:5001/Post/AddFriend - 302 0 null 658.972ms
2024-11-30 05:48:36.124 +01:00 [INF] Request starting HTTP/1.1 GET http://localhost:5001/Post/Friends - null null
2024-11-30 05:48:36.124 +01:00 [WRN] Error unprotecting the session cookie.
System.Security.Cryptography.CryptographicException: The payload was invalid. For more information go to https://aka.ms/aspnet/dataprotectionwarning
   at Microsoft.AspNetCore.DataProtection.Managed.ManagedAuthenticatedEncryptor.Decrypt(ArraySegment`1 protectedPayload, ArraySegment`1 additionalAuthenticatedData)
   at Microsoft.AspNetCore.DataProtection.KeyManagement.KeyRingBasedDataProtector.UnprotectCore(Byte[] protectedData, Boolean allowOperationsOnRevokedKeys, UnprotectStatus& status)
   at Microsoft.AspNetCore.DataProtection.KeyManagement.KeyRingBasedDataProtector.Unprotect(Byte[] protectedData)
   at Microsoft.AspNetCore.Session.CookieProtection.Unprotect(IDataProtector protector, String protectedText, ILogger logger)
2024-11-30 05:48:36.126 +01:00 [INF] Executing endpoint 'photogram.Controllers.PostController.Friends (photogram)'
2024-11-30 05:48:36.126 +01:00 [INF] Route matched with {action = "Friends", controller = "Post", page = "", area = ""}. Executing controller action with signature System.Threading.Tasks.Task`1[Microsoft.AspNetCore.Mvc.IActionResult] Friends() on controller photogram.Controllers.PostController (photogram).
2024-11-30 05:48:36.132 +01:00 [INF] Executing ViewResult, running view Friends.
2024-11-30 05:48:36.136 +01:00 [INF] Executed ViewResult - view Friends executed in 3.5894ms.
2024-11-30 05:48:36.136 +01:00 [INF] Executed action photogram.Controllers.PostController.Friends (photogram) in 10.16ms
2024-11-30 05:48:36.136 +01:00 [INF] Executed endpoint 'photogram.Controllers.PostController.Friends (photogram)'
2024-11-30 05:48:36.137 +01:00 [INF] Request finished HTTP/1.1 GET http://localhost:5001/Post/Friends - 200 null text/html; charset=utf-8 12.9214ms
2024-11-30 05:48:36.758 +01:00 [INF] Request starting HTTP/1.1 POST http://localhost:5001/Post/AddFriend - application/x-www-form-urlencoded 254
2024-11-30 05:48:36.760 +01:00 [WRN] Error unprotecting the session cookie.
System.Security.Cryptography.CryptographicException: The payload was invalid. For more information go to https://aka.ms/aspnet/dataprotectionwarning
   at Microsoft.AspNetCore.DataProtection.Managed.ManagedAuthenticatedEncryptor.Decrypt(ArraySegment`1 protectedPayload, ArraySegment`1 additionalAuthenticatedData)
   at Microsoft.AspNetCore.DataProtection.KeyManagement.KeyRingBasedDataProtector.UnprotectCore(Byte[] protectedData, Boolean allowOperationsOnRevokedKeys, UnprotectStatus& status)
   at Microsoft.AspNetCore.DataProtection.KeyManagement.KeyRingBasedDataProtector.Unprotect(Byte[] protectedData)
   at Microsoft.AspNetCore.Session.CookieProtection.Unprotect(IDataProtector protector, String protectedText, ILogger logger)
2024-11-30 05:48:36.763 +01:00 [INF] Executing endpoint 'photogram.Controllers.PostController.AddFriend (photogram)'
2024-11-30 05:48:36.764 +01:00 [INF] Route matched with {action = "AddFriend", controller = "Post", page = "", area = ""}. Executing controller action with signature System.Threading.Tasks.Task`1[Microsoft.AspNetCore.Mvc.IActionResult] AddFriend(System.String) on controller photogram.Controllers.PostController (photogram).
2024-11-30 05:48:36.792 +01:00 [INF] Executing RedirectResult, redirecting to /Post/Friends.
2024-11-30 05:48:36.793 +01:00 [INF] Executed action photogram.Controllers.PostController.AddFriend (photogram) in 28.837ms
2024-11-30 05:48:36.793 +01:00 [INF] Executed endpoint 'photogram.Controllers.PostController.AddFriend (photogram)'
2024-11-30 05:48:36.793 +01:00 [INF] Request finished HTTP/1.1 POST http://localhost:5001/Post/AddFriend - 302 0 null 34.9726ms
2024-11-30 05:48:36.799 +01:00 [INF] Request starting HTTP/1.1 GET http://localhost:5001/Post/Friends - null null
2024-11-30 05:48:36.801 +01:00 [WRN] Error unprotecting the session cookie.
System.Security.Cryptography.CryptographicException: The payload was invalid. For more information go to https://aka.ms/aspnet/dataprotectionwarning
   at Microsoft.AspNetCore.DataProtection.Managed.ManagedAuthenticatedEncryptor.Decrypt(ArraySegment`1 protectedPayload, ArraySegment`1 additionalAuthenticatedData)
   at Microsoft.AspNetCore.DataProtection.KeyManagement.KeyRingBasedDataProtector.UnprotectCore(Byte[] protectedData, Boolean allowOperationsOnRevokedKeys, UnprotectStatus& status)
   at Microsoft.AspNetCore.DataProtection.KeyManagement.KeyRingBasedDataProtector.Unprotect(Byte[] protectedData)
   at Microsoft.AspNetCore.Session.CookieProtection.Unprotect(IDataProtector protector, String protectedText, ILogger logger)
2024-11-30 05:48:36.804 +01:00 [INF] Executing endpoint 'photogram.Controllers.PostController.Friends (photogram)'
2024-11-30 05:48:36.810 +01:00 [INF] Route matched with {action = "Friends", controller = "Post", page = "", area = ""}. Executing controller action with signature System.Threading.Tasks.Task`1[Microsoft.AspNetCore.Mvc.IActionResult] Friends() on controller photogram.Controllers.PostController (photogram).
2024-11-30 05:48:36.814 +01:00 [INF] Executing ViewResult, running view Friends.
2024-11-30 05:48:36.822 +01:00 [INF] Executed ViewResult - view Friends executed in 7.1263ms.
2024-11-30 05:48:36.822 +01:00 [INF] Executed action photogram.Controllers.PostController.Friends (photogram) in 11.6883ms
2024-11-30 05:48:36.822 +01:00 [INF] Executed endpoint 'photogram.Controllers.PostController.Friends (photogram)'
2024-11-30 05:48:36.822 +01:00 [INF] Request finished HTTP/1.1 GET http://localhost:5001/Post/Friends - 200 null text/html; charset=utf-8 23.0725ms
2024-11-30 05:48:37.727 +01:00 [INF] Request starting HTTP/1.1 POST http://localhost:5001/Post/RemoveFriend - application/x-www-form-urlencoded 231
2024-11-30 05:48:37.728 +01:00 [WRN] Error unprotecting the session cookie.
System.Security.Cryptography.CryptographicException: The payload was invalid. For more information go to https://aka.ms/aspnet/dataprotectionwarning
   at Microsoft.AspNetCore.DataProtection.Managed.ManagedAuthenticatedEncryptor.Decrypt(ArraySegment`1 protectedPayload, ArraySegment`1 additionalAuthenticatedData)
   at Microsoft.AspNetCore.DataProtection.KeyManagement.KeyRingBasedDataProtector.UnprotectCore(Byte[] protectedData, Boolean allowOperationsOnRevokedKeys, UnprotectStatus& status)
   at Microsoft.AspNetCore.DataProtection.KeyManagement.KeyRingBasedDataProtector.Unprotect(Byte[] protectedData)
   at Microsoft.AspNetCore.Session.CookieProtection.Unprotect(IDataProtector protector, String protectedText, ILogger logger)
2024-11-30 05:48:37.730 +01:00 [INF] Executing endpoint 'photogram.Controllers.PostController.RemoveFriend (photogram)'
2024-11-30 05:48:37.758 +01:00 [INF] Route matched with {action = "RemoveFriend", controller = "Post", page = "", area = ""}. Executing controller action with signature System.Threading.Tasks.Task`1[Microsoft.AspNetCore.Mvc.IActionResult] RemoveFriend(Int32) on controller photogram.Controllers.PostController (photogram).
2024-11-30 05:48:38.345 +01:00 [INF] Executing RedirectResult, redirecting to /Post/Friends.
2024-11-30 05:48:38.346 +01:00 [INF] Executed action photogram.Controllers.PostController.RemoveFriend (photogram) in 587.0091ms
2024-11-30 05:48:38.346 +01:00 [INF] Executed endpoint 'photogram.Controllers.PostController.RemoveFriend (photogram)'
2024-11-30 05:48:38.346 +01:00 [INF] Request finished HTTP/1.1 POST http://localhost:5001/Post/RemoveFriend - 302 0 null 618.4008ms
2024-11-30 05:48:38.367 +01:00 [INF] Request starting HTTP/1.1 GET http://localhost:5001/Post/Friends - null null
2024-11-30 05:48:38.368 +01:00 [WRN] Error unprotecting the session cookie.
System.Security.Cryptography.CryptographicException: The payload was invalid. For more information go to https://aka.ms/aspnet/dataprotectionwarning
   at Microsoft.AspNetCore.DataProtection.Managed.ManagedAuthenticatedEncryptor.Decrypt(ArraySegment`1 protectedPayload, ArraySegment`1 additionalAuthenticatedData)
   at Microsoft.AspNetCore.DataProtection.KeyManagement.KeyRingBasedDataProtector.UnprotectCore(Byte[] protectedData, Boolean allowOperationsOnRevokedKeys, UnprotectStatus& status)
   at Microsoft.AspNetCore.DataProtection.KeyManagement.KeyRingBasedDataProtector.Unprotect(Byte[] protectedData)
   at Microsoft.AspNetCore.Session.CookieProtection.Unprotect(IDataProtector protector, String protectedText, ILogger logger)
2024-11-30 05:48:38.370 +01:00 [INF] Executing endpoint 'photogram.Controllers.PostController.Friends (photogram)'
2024-11-30 05:48:38.370 +01:00 [INF] Route matched with {action = "Friends", controller = "Post", page = "", area = ""}. Executing controller action with signature System.Threading.Tasks.Task`1[Microsoft.AspNetCore.Mvc.IActionResult] Friends() on controller photogram.Controllers.PostController (photogram).
2024-11-30 05:48:38.374 +01:00 [INF] Executing ViewResult, running view Friends.
2024-11-30 05:48:38.377 +01:00 [INF] Executed ViewResult - view Friends executed in 2.1074ms.
2024-11-30 05:48:38.377 +01:00 [INF] Executed action photogram.Controllers.PostController.Friends (photogram) in 6.1624ms
2024-11-30 05:48:38.377 +01:00 [INF] Executed endpoint 'photogram.Controllers.PostController.Friends (photogram)'
2024-11-30 05:48:38.377 +01:00 [INF] Request finished HTTP/1.1 GET http://localhost:5001/Post/Friends - 200 null text/html; charset=utf-8 9.6853ms
2024-11-30 05:48:39.158 +01:00 [INF] Request starting HTTP/1.1 POST http://localhost:5001/Post/RemoveFriend - application/x-www-form-urlencoded 231
2024-11-30 05:48:39.159 +01:00 [WRN] Error unprotecting the session cookie.
System.Security.Cryptography.CryptographicException: The payload was invalid. For more information go to https://aka.ms/aspnet/dataprotectionwarning
   at Microsoft.AspNetCore.DataProtection.Managed.ManagedAuthenticatedEncryptor.Decrypt(ArraySegment`1 protectedPayload, ArraySegment`1 additionalAuthenticatedData)
   at Microsoft.AspNetCore.DataProtection.KeyManagement.KeyRingBasedDataProtector.UnprotectCore(Byte[] protectedData, Boolean allowOperationsOnRevokedKeys, UnprotectStatus& status)
   at Microsoft.AspNetCore.DataProtection.KeyManagement.KeyRingBasedDataProtector.Unprotect(Byte[] protectedData)
   at Microsoft.AspNetCore.Session.CookieProtection.Unprotect(IDataProtector protector, String protectedText, ILogger logger)
2024-11-30 05:48:39.162 +01:00 [INF] Executing endpoint 'photogram.Controllers.PostController.RemoveFriend (photogram)'
2024-11-30 05:48:39.162 +01:00 [INF] Route matched with {action = "RemoveFriend", controller = "Post", page = "", area = ""}. Executing controller action with signature System.Threading.Tasks.Task`1[Microsoft.AspNetCore.Mvc.IActionResult] RemoveFriend(Int32) on controller photogram.Controllers.PostController (photogram).
2024-11-30 05:48:39.196 +01:00 [INF] Executing RedirectResult, redirecting to /Post/Friends.
2024-11-30 05:48:39.197 +01:00 [INF] Executed action photogram.Controllers.PostController.RemoveFriend (photogram) in 34.687ms
2024-11-30 05:48:39.197 +01:00 [INF] Executed endpoint 'photogram.Controllers.PostController.RemoveFriend (photogram)'
2024-11-30 05:48:39.197 +01:00 [INF] Request finished HTTP/1.1 POST http://localhost:5001/Post/RemoveFriend - 302 0 null 38.9208ms
2024-11-30 05:48:39.208 +01:00 [INF] Request starting HTTP/1.1 GET http://localhost:5001/Post/Friends - null null
2024-11-30 05:48:39.209 +01:00 [WRN] Error unprotecting the session cookie.
System.Security.Cryptography.CryptographicException: The payload was invalid. For more information go to https://aka.ms/aspnet/dataprotectionwarning
   at Microsoft.AspNetCore.DataProtection.Managed.ManagedAuthenticatedEncryptor.Decrypt(ArraySegment`1 protectedPayload, ArraySegment`1 additionalAuthenticatedData)
   at Microsoft.AspNetCore.DataProtection.KeyManagement.KeyRingBasedDataProtector.UnprotectCore(Byte[] protectedData, Boolean allowOperationsOnRevokedKeys, UnprotectStatus& status)
   at Microsoft.AspNetCore.DataProtection.KeyManagement.KeyRingBasedDataProtector.Unprotect(Byte[] protectedData)
   at Microsoft.AspNetCore.Session.CookieProtection.Unprotect(IDataProtector protector, String protectedText, ILogger logger)
2024-11-30 05:48:39.211 +01:00 [INF] Executing endpoint 'photogram.Controllers.PostController.Friends (photogram)'
2024-11-30 05:48:39.211 +01:00 [INF] Route matched with {action = "Friends", controller = "Post", page = "", area = ""}. Executing controller action with signature System.Threading.Tasks.Task`1[Microsoft.AspNetCore.Mvc.IActionResult] Friends() on controller photogram.Controllers.PostController (photogram).
2024-11-30 05:48:39.219 +01:00 [INF] Executing ViewResult, running view Friends.
2024-11-30 05:48:39.221 +01:00 [INF] Executed ViewResult - view Friends executed in 2.0384ms.
2024-11-30 05:48:39.221 +01:00 [INF] Executed action photogram.Controllers.PostController.Friends (photogram) in 10.3956ms
2024-11-30 05:48:39.221 +01:00 [INF] Executed endpoint 'photogram.Controllers.PostController.Friends (photogram)'
2024-11-30 05:48:39.222 +01:00 [INF] Request finished HTTP/1.1 GET http://localhost:5001/Post/Friends - 200 null text/html; charset=utf-8 13.2988ms
2024-11-30 05:48:39.926 +01:00 [INF] Request starting HTTP/1.1 POST http://localhost:5001/Post/RemoveFriend - application/x-www-form-urlencoded 231
2024-11-30 05:48:39.927 +01:00 [WRN] Error unprotecting the session cookie.
System.Security.Cryptography.CryptographicException: The payload was invalid. For more information go to https://aka.ms/aspnet/dataprotectionwarning
   at Microsoft.AspNetCore.DataProtection.Managed.ManagedAuthenticatedEncryptor.Decrypt(ArraySegment`1 protectedPayload, ArraySegment`1 additionalAuthenticatedData)
   at Microsoft.AspNetCore.DataProtection.KeyManagement.KeyRingBasedDataProtector.UnprotectCore(Byte[] protectedData, Boolean allowOperationsOnRevokedKeys, UnprotectStatus& status)
   at Microsoft.AspNetCore.DataProtection.KeyManagement.KeyRingBasedDataProtector.Unprotect(Byte[] protectedData)
   at Microsoft.AspNetCore.Session.CookieProtection.Unprotect(IDataProtector protector, String protectedText, ILogger logger)
2024-11-30 05:48:39.928 +01:00 [INF] Executing endpoint 'photogram.Controllers.PostController.RemoveFriend (photogram)'
2024-11-30 05:48:39.928 +01:00 [INF] Route matched with {action = "RemoveFriend", controller = "Post", page = "", area = ""}. Executing controller action with signature System.Threading.Tasks.Task`1[Microsoft.AspNetCore.Mvc.IActionResult] RemoveFriend(Int32) on controller photogram.Controllers.PostController (photogram).
2024-11-30 05:48:39.947 +01:00 [INF] Executing RedirectResult, redirecting to /Post/Friends.
2024-11-30 05:48:39.948 +01:00 [INF] Executed action photogram.Controllers.PostController.RemoveFriend (photogram) in 19.23ms
2024-11-30 05:48:39.948 +01:00 [INF] Executed endpoint 'photogram.Controllers.PostController.RemoveFriend (photogram)'
2024-11-30 05:48:39.948 +01:00 [INF] Request finished HTTP/1.1 POST http://localhost:5001/Post/RemoveFriend - 302 0 null 22.7096ms
2024-11-30 05:48:39.959 +01:00 [INF] Request starting HTTP/1.1 GET http://localhost:5001/Post/Friends - null null
2024-11-30 05:48:39.960 +01:00 [WRN] Error unprotecting the session cookie.
System.Security.Cryptography.CryptographicException: The payload was invalid. For more information go to https://aka.ms/aspnet/dataprotectionwarning
   at Microsoft.AspNetCore.DataProtection.Managed.ManagedAuthenticatedEncryptor.Decrypt(ArraySegment`1 protectedPayload, ArraySegment`1 additionalAuthenticatedData)
   at Microsoft.AspNetCore.DataProtection.KeyManagement.KeyRingBasedDataProtector.UnprotectCore(Byte[] protectedData, Boolean allowOperationsOnRevokedKeys, UnprotectStatus& status)
   at Microsoft.AspNetCore.DataProtection.KeyManagement.KeyRingBasedDataProtector.Unprotect(Byte[] protectedData)
   at Microsoft.AspNetCore.Session.CookieProtection.Unprotect(IDataProtector protector, String protectedText, ILogger logger)
2024-11-30 05:48:39.962 +01:00 [INF] Executing endpoint 'photogram.Controllers.PostController.Friends (photogram)'
2024-11-30 05:48:39.962 +01:00 [INF] Route matched with {action = "Friends", controller = "Post", page = "", area = ""}. Executing controller action with signature System.Threading.Tasks.Task`1[Microsoft.AspNetCore.Mvc.IActionResult] Friends() on controller photogram.Controllers.PostController (photogram).
2024-11-30 05:48:39.977 +01:00 [INF] Executing ViewResult, running view Friends.
2024-11-30 05:48:39.979 +01:00 [INF] Executed ViewResult - view Friends executed in 2.7368ms.
2024-11-30 05:48:39.980 +01:00 [INF] Executed action photogram.Controllers.PostController.Friends (photogram) in 17.5516ms
2024-11-30 05:48:39.980 +01:00 [INF] Executed endpoint 'photogram.Controllers.PostController.Friends (photogram)'
2024-11-30 05:48:39.980 +01:00 [INF] Request finished HTTP/1.1 GET http://localhost:5001/Post/Friends - 200 null text/html; charset=utf-8 21.494ms
