2024-11-29 16:20:52.731 +01:00 [INF] User profile is available. Using '/Users/yasminali/.aspnet/DataProtection-Keys' as key repository; keys will not be encrypted at rest.
2024-11-29 16:20:52.878 +01:00 [INF] Now listening on: http://localhost:5000
2024-11-29 16:20:52.891 +01:00 [INF] Application started. Press Ctrl+C to shut down.
2024-11-29 16:20:52.898 +01:00 [INF] Hosting environment: Development
2024-11-29 16:20:52.900 +01:00 [INF] Content root path: /Users/yasminali/Downloads/photogram 6
2024-11-29 16:20:58.909 +01:00 [INF] Request starting HTTP/1.1 GET http://localhost:5000/ - null null
2024-11-29 16:20:58.940 +01:00 [WRN] Failed to determine the https port for redirect.
2024-11-29 16:20:59.558 +01:00 [INF] Executing endpoint 'photogram.Controllers.HomeController.Index (photogram)'
2024-11-29 16:20:59.830 +01:00 [INF] Route matched with {action = "Index", controller = "Home"}. Executing controller action with signature Microsoft.AspNetCore.Mvc.IActionResult Index() on controller photogram.Controllers.HomeController (photogram).
2024-11-29 16:21:00.131 +01:00 [INF] Executing ViewResult, running view Index.
2024-11-29 16:21:00.634 +01:00 [INF] Accessing expired session, Key:1b961540-7930-550b-e4e9-eca90a899f9a
2024-11-29 16:21:00.694 +01:00 [INF] Executed ViewResult - view Index executed in 593.9872ms.
2024-11-29 16:21:00.712 +01:00 [INF] Executed action photogram.Controllers.HomeController.Index (photogram) in 874.9981ms
2024-11-29 16:21:00.712 +01:00 [INF] Executed endpoint 'photogram.Controllers.HomeController.Index (photogram)'
2024-11-29 16:21:00.760 +01:00 [INF] Request finished HTTP/1.1 GET http://localhost:5000/ - 200 null text/html; charset=utf-8 1855.7695ms
2024-11-29 16:21:00.777 +01:00 [INF] Request starting HTTP/1.1 GET http://localhost:5000/images/frontpage.png - null null
2024-11-29 16:21:00.788 +01:00 [INF] Request starting HTTP/1.1 GET http://localhost:5000/css/layout.css - null null
2024-11-29 16:21:00.824 +01:00 [INF] Sending file. Request path: '/css/layout.css'. Physical path: '/Users/yasminali/Downloads/photogram 6/wwwroot/css/layout.css'
2024-11-29 16:21:00.828 +01:00 [INF] Request finished HTTP/1.1 GET http://localhost:5000/css/layout.css - 200 4476 text/css 39.9608ms
2024-11-29 16:21:00.870 +01:00 [INF] Sending file. Request path: '/images/frontpage.png'. Physical path: '/Users/yasminali/Downloads/photogram 6/wwwroot/images/frontpage.png'
2024-11-29 16:21:00.871 +01:00 [INF] Request finished HTTP/1.1 GET http://localhost:5000/images/frontpage.png - 200 2309811 image/png 93.7505ms
2024-11-29 16:21:08.457 +01:00 [INF] Request starting HTTP/1.1 GET http://localhost:5000/User/Login - null null
2024-11-29 16:21:08.477 +01:00 [INF] Executing endpoint 'photogram.Controllers.UserController.Login (photogram)'
2024-11-29 16:21:08.489 +01:00 [INF] Route matched with {action = "Login", controller = "User"}. Executing controller action with signature Microsoft.AspNetCore.Mvc.IActionResult Login() on controller photogram.Controllers.UserController (photogram).
2024-11-29 16:21:08.567 +01:00 [INF] Executing ViewResult, running view Login.
2024-11-29 16:21:08.634 +01:00 [INF] Accessing expired session, Key:1b961540-7930-550b-e4e9-eca90a899f9a
2024-11-29 16:21:08.644 +01:00 [INF] Executed ViewResult - view Login executed in 78.7375ms.
2024-11-29 16:21:08.645 +01:00 [INF] Executed action photogram.Controllers.UserController.Login (photogram) in 155.3493ms
2024-11-29 16:21:08.645 +01:00 [INF] Executed endpoint 'photogram.Controllers.UserController.Login (photogram)'
2024-11-29 16:21:08.732 +01:00 [INF] Request finished HTTP/1.1 GET http://localhost:5000/User/Login - 200 null text/html; charset=utf-8 274.1202ms
2024-11-29 16:21:10.169 +01:00 [INF] Request starting HTTP/1.1 POST http://localhost:5000/User/Login - application/x-www-form-urlencoded 221
2024-11-29 16:21:10.185 +01:00 [INF] Executing endpoint 'photogram.Controllers.UserController.Login (photogram)'
2024-11-29 16:21:10.221 +01:00 [INF] Route matched with {action = "Login", controller = "User"}. Executing controller action with signature Microsoft.AspNetCore.Mvc.IActionResult Login(photogram.ViewModels.LoginViewModel) on controller photogram.Controllers.UserController (photogram).
2024-11-29 16:21:10.428 +01:00 [INF] Attempting to login
2024-11-29 16:21:10.874 +01:00 [INF] Accessing expired session, Key:1b961540-7930-550b-e4e9-eca90a899f9a
2024-11-29 16:21:10.876 +01:00 [INF] Executing RedirectResult, redirecting to /.
2024-11-29 16:21:10.877 +01:00 [INF] Executed action photogram.Controllers.UserController.Login (photogram) in 655.3549ms
2024-11-29 16:21:10.877 +01:00 [INF] Executed endpoint 'photogram.Controllers.UserController.Login (photogram)'
2024-11-29 16:21:10.878 +01:00 [INF] Session started; Key:1b961540-7930-550b-e4e9-eca90a899f9a, Id:4f589f7c-9ab7-73de-b4bd-b201b7e165bc
2024-11-29 16:21:10.906 +01:00 [INF] Request finished HTTP/1.1 POST http://localhost:5000/User/Login - 302 0 null 737.0105ms
2024-11-29 16:21:10.906 +01:00 [INF] Request starting HTTP/1.1 GET http://localhost:5000/ - null null
2024-11-29 16:21:10.907 +01:00 [INF] Executing endpoint 'photogram.Controllers.HomeController.Index (photogram)'
2024-11-29 16:21:10.907 +01:00 [INF] Route matched with {action = "Index", controller = "Home"}. Executing controller action with signature Microsoft.AspNetCore.Mvc.IActionResult Index() on controller photogram.Controllers.HomeController (photogram).
2024-11-29 16:21:10.909 +01:00 [INF] Executing ViewResult, running view Index.
2024-11-29 16:21:10.911 +01:00 [INF] Executed ViewResult - view Index executed in 2.1798ms.
2024-11-29 16:21:10.911 +01:00 [INF] Executed action photogram.Controllers.HomeController.Index (photogram) in 3.5741ms
2024-11-29 16:21:10.911 +01:00 [INF] Executed endpoint 'photogram.Controllers.HomeController.Index (photogram)'
2024-11-29 16:21:10.912 +01:00 [INF] Request finished HTTP/1.1 GET http://localhost:5000/ - 200 null text/html; charset=utf-8 6.0126ms
2024-11-29 16:21:14.060 +01:00 [INF] Request starting HTTP/1.1 GET http://localhost:5000/Post/MyPosts - null null
2024-11-29 16:21:14.062 +01:00 [INF] Executing endpoint 'photogram.Controllers.PostController.MyPosts (photogram)'
2024-11-29 16:21:14.090 +01:00 [INF] Route matched with {action = "MyPosts", controller = "Post"}. Executing controller action with signature System.Threading.Tasks.Task`1[Microsoft.AspNetCore.Mvc.IActionResult] MyPosts(System.Nullable`1[System.Int32]) on controller photogram.Controllers.PostController (photogram).
2024-11-29 16:21:14.302 +01:00 [INF] Executing ViewResult, running view MyPosts.
2024-11-29 16:21:14.345 +01:00 [INF] Executed ViewResult - view MyPosts executed in 44.0653ms.
2024-11-29 16:21:14.345 +01:00 [INF] Executed action photogram.Controllers.PostController.MyPosts (photogram) in 254.753ms
2024-11-29 16:21:14.345 +01:00 [INF] Executed endpoint 'photogram.Controllers.PostController.MyPosts (photogram)'
2024-11-29 16:21:14.399 +01:00 [INF] Request finished HTTP/1.1 GET http://localhost:5000/Post/MyPosts - 200 null text/html; charset=utf-8 339.0418ms
2024-11-29 16:21:14.399 +01:00 [INF] Request starting HTTP/1.1 GET http://localhost:5000/uploads/35f82379-dbce-4b1c-997c-5fe832e922d4_coke.jpg - null null
2024-11-29 16:21:14.402 +01:00 [INF] Request starting HTTP/1.1 GET http://localhost:5000/uploads/f646c156-a4eb-4076-9b62-c70624463b55_chickenleg.jpg - null null
2024-11-29 16:21:14.414 +01:00 [INF] The file /uploads/f646c156-a4eb-4076-9b62-c70624463b55_chickenleg.jpg was not modified
2024-11-29 16:21:14.415 +01:00 [INF] Request finished HTTP/1.1 GET http://localhost:5000/uploads/f646c156-a4eb-4076-9b62-c70624463b55_chickenleg.jpg - 304 null image/jpeg 12.6087ms
2024-11-29 16:21:14.423 +01:00 [INF] The file /uploads/35f82379-dbce-4b1c-997c-5fe832e922d4_coke.jpg was not modified
2024-11-29 16:21:14.425 +01:00 [INF] Request finished HTTP/1.1 GET http://localhost:5000/uploads/35f82379-dbce-4b1c-997c-5fe832e922d4_coke.jpg - 304 null image/jpeg 25.7547ms
2024-11-29 16:21:16.753 +01:00 [INF] Request starting HTTP/1.1 GET http://localhost:5000/Home/Feed - null null
2024-11-29 16:21:16.753 +01:00 [INF] Executing endpoint 'photogram.Controllers.HomeController.Feed (photogram)'
2024-11-29 16:21:16.761 +01:00 [INF] Route matched with {action = "Feed", controller = "Home"}. Executing controller action with signature Microsoft.AspNetCore.Mvc.IActionResult Feed() on controller photogram.Controllers.HomeController (photogram).
2024-11-29 16:21:16.762 +01:00 [INF] Executing RedirectResult, redirecting to /Post/Feed.
2024-11-29 16:21:16.762 +01:00 [INF] Executed action photogram.Controllers.HomeController.Feed (photogram) in 1.3342ms
2024-11-29 16:21:16.763 +01:00 [INF] Executed endpoint 'photogram.Controllers.HomeController.Feed (photogram)'
2024-11-29 16:21:16.763 +01:00 [INF] Request finished HTTP/1.1 GET http://localhost:5000/Home/Feed - 302 0 null 10.1562ms
2024-11-29 16:21:16.768 +01:00 [INF] Request starting HTTP/1.1 GET http://localhost:5000/Post/Feed - null null
2024-11-29 16:21:16.778 +01:00 [INF] Executing endpoint 'photogram.Controllers.PostController.Feed (photogram)'
2024-11-29 16:21:16.793 +01:00 [INF] Route matched with {action = "Feed", controller = "Post"}. Executing controller action with signature System.Threading.Tasks.Task`1[Microsoft.AspNetCore.Mvc.IActionResult] Feed(System.Nullable`1[System.Int32], System.Nullable`1[System.Int32]) on controller photogram.Controllers.PostController (photogram).
2024-11-29 16:21:16.818 +01:00 [INF] Executing ViewResult, running view Feed.
2024-11-29 16:21:16.974 +01:00 [INF] Executed ViewResult - view Feed executed in 158.2126ms.
2024-11-29 16:21:16.975 +01:00 [INF] Executed action photogram.Controllers.PostController.Feed (photogram) in 181.8227ms
2024-11-29 16:21:16.975 +01:00 [INF] Executed endpoint 'photogram.Controllers.PostController.Feed (photogram)'
2024-11-29 16:21:16.975 +01:00 [INF] Request finished HTTP/1.1 GET http://localhost:5000/Post/Feed - 200 null text/html; charset=utf-8 206.5885ms
2024-11-29 16:21:17.045 +01:00 [INF] Request starting HTTP/1.1 GET http://localhost:5000/uploads/5e421b25-4a07-447b-ab3f-e65c4fe2e3fb_image.jpg - null null
2024-11-29 16:21:17.147 +01:00 [INF] Sending file. Request path: '/uploads/5e421b25-4a07-447b-ab3f-e65c4fe2e3fb_image.jpg'. Physical path: '/Users/yasminali/Downloads/photogram 6/wwwroot/uploads/5e421b25-4a07-447b-ab3f-e65c4fe2e3fb_image.jpg'
2024-11-29 16:21:17.151 +01:00 [INF] Request finished HTTP/1.1 GET http://localhost:5000/uploads/5e421b25-4a07-447b-ab3f-e65c4fe2e3fb_image.jpg - 200 585810 image/jpeg 115.4028ms
2024-11-29 16:21:28.636 +01:00 [INF] Request starting HTTP/1.1 POST http://localhost:5000/Comments/AddComment - application/x-www-form-urlencoded 206
2024-11-29 16:21:28.638 +01:00 [INF] Executing endpoint 'photogram.Controllers.CommentsController.AddComment (photogram)'
2024-11-29 16:21:28.653 +01:00 [INF] Route matched with {action = "AddComment", controller = "Comments"}. Executing controller action with signature System.Threading.Tasks.Task`1[Microsoft.AspNetCore.Mvc.IActionResult] AddComment(Int32, System.String) on controller photogram.Controllers.CommentsController (photogram).
2024-11-29 16:21:28.889 +01:00 [INF] Comment added successfully for PostId 8 by User hei@gmail.com.
2024-11-29 16:21:28.890 +01:00 [INF] Executing RedirectResult, redirecting to /Post/Feed.
2024-11-29 16:21:28.890 +01:00 [INF] Executed action photogram.Controllers.CommentsController.AddComment (photogram) in 236.7866ms
2024-11-29 16:21:28.890 +01:00 [INF] Executed endpoint 'photogram.Controllers.CommentsController.AddComment (photogram)'
2024-11-29 16:21:28.890 +01:00 [INF] Request finished HTTP/1.1 POST http://localhost:5000/Comments/AddComment - 302 0 null 253.8369ms
2024-11-29 16:21:28.893 +01:00 [INF] Request starting HTTP/1.1 GET http://localhost:5000/Post/Feed - null null
2024-11-29 16:21:28.894 +01:00 [INF] Executing endpoint 'photogram.Controllers.PostController.Feed (photogram)'
2024-11-29 16:21:28.894 +01:00 [INF] Route matched with {action = "Feed", controller = "Post"}. Executing controller action with signature System.Threading.Tasks.Task`1[Microsoft.AspNetCore.Mvc.IActionResult] Feed(System.Nullable`1[System.Int32], System.Nullable`1[System.Int32]) on controller photogram.Controllers.PostController (photogram).
2024-11-29 16:21:28.901 +01:00 [INF] Executing ViewResult, running view Feed.
2024-11-29 16:21:28.919 +01:00 [INF] Executed ViewResult - view Feed executed in 17.8856ms.
2024-11-29 16:21:28.919 +01:00 [INF] Executed action photogram.Controllers.PostController.Feed (photogram) in 25.218ms
2024-11-29 16:21:28.919 +01:00 [INF] Executed endpoint 'photogram.Controllers.PostController.Feed (photogram)'
2024-11-29 16:21:28.920 +01:00 [INF] Request finished HTTP/1.1 GET http://localhost:5000/Post/Feed - 200 null text/html; charset=utf-8 27.0003ms
2024-11-29 16:21:40.522 +01:00 [INF] Request starting HTTP/1.1 POST http://localhost:5000/Comments/EditComment - application/x-www-form-urlencoded 241
2024-11-29 16:21:40.532 +01:00 [INF] Executing endpoint 'photogram.Controllers.CommentsController.EditComment (photogram)'
2024-11-29 16:21:40.544 +01:00 [INF] Route matched with {action = "EditComment", controller = "Comments"}. Executing controller action with signature System.Threading.Tasks.Task`1[Microsoft.AspNetCore.Mvc.IActionResult] EditComment(Int32, System.String) on controller photogram.Controllers.CommentsController (photogram).
2024-11-29 16:21:40.638 +01:00 [INF] Comment with Id 13 updated successfully.
2024-11-29 16:21:40.638 +01:00 [INF] Executing RedirectResult, redirecting to /Post/Feed.
2024-11-29 16:21:40.638 +01:00 [INF] Executed action photogram.Controllers.CommentsController.EditComment (photogram) in 93.6526ms
2024-11-29 16:21:40.638 +01:00 [INF] Executed endpoint 'photogram.Controllers.CommentsController.EditComment (photogram)'
2024-11-29 16:21:40.639 +01:00 [INF] Request finished HTTP/1.1 POST http://localhost:5000/Comments/EditComment - 302 0 null 116.6022ms
2024-11-29 16:21:40.641 +01:00 [INF] Request starting HTTP/1.1 GET http://localhost:5000/Post/Feed - null null
2024-11-29 16:21:40.642 +01:00 [INF] Executing endpoint 'photogram.Controllers.PostController.Feed (photogram)'
2024-11-29 16:21:40.642 +01:00 [INF] Route matched with {action = "Feed", controller = "Post"}. Executing controller action with signature System.Threading.Tasks.Task`1[Microsoft.AspNetCore.Mvc.IActionResult] Feed(System.Nullable`1[System.Int32], System.Nullable`1[System.Int32]) on controller photogram.Controllers.PostController (photogram).
2024-11-29 16:21:40.647 +01:00 [INF] Executing ViewResult, running view Feed.
2024-11-29 16:21:40.661 +01:00 [INF] Executed ViewResult - view Feed executed in 13.7683ms.
2024-11-29 16:21:40.661 +01:00 [INF] Executed action photogram.Controllers.PostController.Feed (photogram) in 18.8895ms
2024-11-29 16:21:40.661 +01:00 [INF] Executed endpoint 'photogram.Controllers.PostController.Feed (photogram)'
2024-11-29 16:21:40.661 +01:00 [INF] Request finished HTTP/1.1 GET http://localhost:5000/Post/Feed - 200 null text/html; charset=utf-8 19.8326ms
2024-11-29 16:21:53.168 +01:00 [INF] Request starting HTTP/1.1 POST http://localhost:5000/Comments/EditComment - application/x-www-form-urlencoded 220
2024-11-29 16:21:53.172 +01:00 [INF] Executing endpoint 'photogram.Controllers.CommentsController.EditComment (photogram)'
2024-11-29 16:21:53.172 +01:00 [INF] Route matched with {action = "EditComment", controller = "Comments"}. Executing controller action with signature System.Threading.Tasks.Task`1[Microsoft.AspNetCore.Mvc.IActionResult] EditComment(Int32, System.String) on controller photogram.Controllers.CommentsController (photogram).
2024-11-29 16:21:53.201 +01:00 [INF] Comment with Id 13 updated successfully.
2024-11-29 16:21:53.202 +01:00 [INF] Executing RedirectResult, redirecting to /Post/Feed.
2024-11-29 16:21:53.202 +01:00 [INF] Executed action photogram.Controllers.CommentsController.EditComment (photogram) in 29.057ms
2024-11-29 16:21:53.202 +01:00 [INF] Executed endpoint 'photogram.Controllers.CommentsController.EditComment (photogram)'
2024-11-29 16:21:53.202 +01:00 [INF] Request finished HTTP/1.1 POST http://localhost:5000/Comments/EditComment - 302 0 null 33.7639ms
2024-11-29 16:21:53.212 +01:00 [INF] Request starting HTTP/1.1 GET http://localhost:5000/Post/Feed - null null
2024-11-29 16:21:53.215 +01:00 [INF] Executing endpoint 'photogram.Controllers.PostController.Feed (photogram)'
2024-11-29 16:21:53.215 +01:00 [INF] Route matched with {action = "Feed", controller = "Post"}. Executing controller action with signature System.Threading.Tasks.Task`1[Microsoft.AspNetCore.Mvc.IActionResult] Feed(System.Nullable`1[System.Int32], System.Nullable`1[System.Int32]) on controller photogram.Controllers.PostController (photogram).
2024-11-29 16:21:53.236 +01:00 [INF] Executing ViewResult, running view Feed.
2024-11-29 16:21:53.256 +01:00 [INF] Executed ViewResult - view Feed executed in 20.6015ms.
2024-11-29 16:21:53.256 +01:00 [INF] Executed action photogram.Controllers.PostController.Feed (photogram) in 38.15ms
2024-11-29 16:21:53.256 +01:00 [INF] Executed endpoint 'photogram.Controllers.PostController.Feed (photogram)'
2024-11-29 16:21:53.257 +01:00 [INF] Request finished HTTP/1.1 GET http://localhost:5000/Post/Feed - 200 null text/html; charset=utf-8 44.3657ms
2024-11-29 16:22:06.779 +01:00 [INF] Request starting HTTP/1.1 POST http://localhost:5000/Comments/DeleteComment - application/x-www-form-urlencoded 188
2024-11-29 16:22:06.780 +01:00 [INF] Executing endpoint 'photogram.Controllers.CommentsController.DeleteComment (photogram)'
2024-11-29 16:22:06.802 +01:00 [INF] Route matched with {action = "DeleteComment", controller = "Comments"}. Executing controller action with signature System.Threading.Tasks.Task`1[Microsoft.AspNetCore.Mvc.IActionResult] DeleteComment(Int32) on controller photogram.Controllers.CommentsController (photogram).
2024-11-29 16:22:06.873 +01:00 [INF] Comment with Id 13 deleted successfully.
2024-11-29 16:22:06.874 +01:00 [INF] Executing RedirectResult, redirecting to /Post/Feed.
2024-11-29 16:22:06.874 +01:00 [INF] Executed action photogram.Controllers.CommentsController.DeleteComment (photogram) in 71.662ms
2024-11-29 16:22:06.874 +01:00 [INF] Executed endpoint 'photogram.Controllers.CommentsController.DeleteComment (photogram)'
2024-11-29 16:22:06.874 +01:00 [INF] Request finished HTTP/1.1 POST http://localhost:5000/Comments/DeleteComment - 302 0 null 95.1309ms
2024-11-29 16:22:06.877 +01:00 [INF] Request starting HTTP/1.1 GET http://localhost:5000/Post/Feed - null null
2024-11-29 16:22:06.878 +01:00 [INF] Executing endpoint 'photogram.Controllers.PostController.Feed (photogram)'
2024-11-29 16:22:06.878 +01:00 [INF] Route matched with {action = "Feed", controller = "Post"}. Executing controller action with signature System.Threading.Tasks.Task`1[Microsoft.AspNetCore.Mvc.IActionResult] Feed(System.Nullable`1[System.Int32], System.Nullable`1[System.Int32]) on controller photogram.Controllers.PostController (photogram).
2024-11-29 16:22:06.882 +01:00 [INF] Executing ViewResult, running view Feed.
2024-11-29 16:22:06.890 +01:00 [INF] Executed ViewResult - view Feed executed in 8.1128ms.
2024-11-29 16:22:06.890 +01:00 [INF] Executed action photogram.Controllers.PostController.Feed (photogram) in 11.758ms
2024-11-29 16:22:06.890 +01:00 [INF] Executed endpoint 'photogram.Controllers.PostController.Feed (photogram)'
2024-11-29 16:22:06.890 +01:00 [INF] Request finished HTTP/1.1 GET http://localhost:5000/Post/Feed - 200 null text/html; charset=utf-8 12.9643ms
2024-11-29 16:22:19.542 +01:00 [INF] Request starting HTTP/1.1 GET http://localhost:5000/Home/Friends - null null
2024-11-29 16:22:19.551 +01:00 [INF] Executing endpoint 'photogram.Controllers.HomeController.Friends (photogram)'
2024-11-29 16:22:19.558 +01:00 [INF] Route matched with {action = "Friends", controller = "Home"}. Executing controller action with signature Microsoft.AspNetCore.Mvc.IActionResult Friends() on controller photogram.Controllers.HomeController (photogram).
2024-11-29 16:22:19.559 +01:00 [INF] Executing RedirectResult, redirecting to /Post/Friends.
2024-11-29 16:22:19.560 +01:00 [INF] Executed action photogram.Controllers.HomeController.Friends (photogram) in 1.4058ms
2024-11-29 16:22:19.560 +01:00 [INF] Executed endpoint 'photogram.Controllers.HomeController.Friends (photogram)'
2024-11-29 16:22:19.560 +01:00 [INF] Request finished HTTP/1.1 GET http://localhost:5000/Home/Friends - 302 0 null 18.2508ms
2024-11-29 16:22:19.567 +01:00 [INF] Request starting HTTP/1.1 GET http://localhost:5000/Post/Friends - null null
2024-11-29 16:22:19.568 +01:00 [INF] Executing endpoint 'photogram.Controllers.PostController.Friends (photogram)'
2024-11-29 16:22:19.578 +01:00 [INF] Route matched with {action = "Friends", controller = "Post"}. Executing controller action with signature System.Threading.Tasks.Task`1[Microsoft.AspNetCore.Mvc.IActionResult] Friends() on controller photogram.Controllers.PostController (photogram).
2024-11-29 16:22:19.646 +01:00 [INF] Executing ViewResult, running view Friends.
2024-11-29 16:22:19.655 +01:00 [INF] Executed ViewResult - view Friends executed in 10.2655ms.
2024-11-29 16:22:19.656 +01:00 [INF] Executed action photogram.Controllers.PostController.Friends (photogram) in 77.4338ms
2024-11-29 16:22:19.656 +01:00 [INF] Executed endpoint 'photogram.Controllers.PostController.Friends (photogram)'
2024-11-29 16:22:19.744 +01:00 [INF] Request finished HTTP/1.1 GET http://localhost:5000/Post/Friends - 200 null text/html; charset=utf-8 177.4305ms
2024-11-29 16:22:22.749 +01:00 [INF] Request starting HTTP/1.1 POST http://localhost:5000/Post/RemoveFriend - application/x-www-form-urlencoded 188
2024-11-29 16:22:22.750 +01:00 [INF] Executing endpoint 'photogram.Controllers.PostController.RemoveFriend (photogram)'
2024-11-29 16:22:22.760 +01:00 [INF] Route matched with {action = "RemoveFriend", controller = "Post"}. Executing controller action with signature System.Threading.Tasks.Task`1[Microsoft.AspNetCore.Mvc.IActionResult] RemoveFriend(Int32) on controller photogram.Controllers.PostController (photogram).
2024-11-29 16:22:22.796 +01:00 [INF] Executing RedirectResult, redirecting to /Post/Friends.
2024-11-29 16:22:22.796 +01:00 [INF] Executed action photogram.Controllers.PostController.RemoveFriend (photogram) in 35.9949ms
2024-11-29 16:22:22.796 +01:00 [INF] Executed endpoint 'photogram.Controllers.PostController.RemoveFriend (photogram)'
2024-11-29 16:22:22.797 +01:00 [INF] Request finished HTTP/1.1 POST http://localhost:5000/Post/RemoveFriend - 302 0 null 47.4587ms
2024-11-29 16:22:22.804 +01:00 [INF] Request starting HTTP/1.1 GET http://localhost:5000/Post/Friends - null null
2024-11-29 16:22:22.804 +01:00 [INF] Executing endpoint 'photogram.Controllers.PostController.Friends (photogram)'
2024-11-29 16:22:22.805 +01:00 [INF] Route matched with {action = "Friends", controller = "Post"}. Executing controller action with signature System.Threading.Tasks.Task`1[Microsoft.AspNetCore.Mvc.IActionResult] Friends() on controller photogram.Controllers.PostController (photogram).
2024-11-29 16:22:22.810 +01:00 [INF] Executing ViewResult, running view Friends.
2024-11-29 16:22:22.812 +01:00 [INF] Executed ViewResult - view Friends executed in 2.4501ms.
2024-11-29 16:22:22.813 +01:00 [INF] Executed action photogram.Controllers.PostController.Friends (photogram) in 7.762ms
2024-11-29 16:22:22.813 +01:00 [INF] Executed endpoint 'photogram.Controllers.PostController.Friends (photogram)'
2024-11-29 16:22:22.813 +01:00 [INF] Request finished HTTP/1.1 GET http://localhost:5000/Post/Friends - 200 null text/html; charset=utf-8 8.6974ms
2024-11-29 16:22:23.058 +01:00 [INF] Request starting HTTP/1.1 POST http://localhost:5000/Post/RemoveFriend - application/x-www-form-urlencoded 188
2024-11-29 16:22:23.058 +01:00 [INF] Executing endpoint 'photogram.Controllers.PostController.RemoveFriend (photogram)'
2024-11-29 16:22:23.058 +01:00 [INF] Route matched with {action = "RemoveFriend", controller = "Post"}. Executing controller action with signature System.Threading.Tasks.Task`1[Microsoft.AspNetCore.Mvc.IActionResult] RemoveFriend(Int32) on controller photogram.Controllers.PostController (photogram).
2024-11-29 16:22:23.072 +01:00 [INF] Executing RedirectResult, redirecting to /Post/Friends.
2024-11-29 16:22:23.073 +01:00 [INF] Executed action photogram.Controllers.PostController.RemoveFriend (photogram) in 14.2325ms
2024-11-29 16:22:23.073 +01:00 [INF] Executed endpoint 'photogram.Controllers.PostController.RemoveFriend (photogram)'
2024-11-29 16:22:23.077 +01:00 [INF] Request finished HTTP/1.1 POST http://localhost:5000/Post/RemoveFriend - 302 0 null 18.8294ms
2024-11-29 16:22:23.083 +01:00 [INF] Request starting HTTP/1.1 GET http://localhost:5000/Post/Friends - null null
2024-11-29 16:22:23.083 +01:00 [INF] Executing endpoint 'photogram.Controllers.PostController.Friends (photogram)'
2024-11-29 16:22:23.083 +01:00 [INF] Route matched with {action = "Friends", controller = "Post"}. Executing controller action with signature System.Threading.Tasks.Task`1[Microsoft.AspNetCore.Mvc.IActionResult] Friends() on controller photogram.Controllers.PostController (photogram).
2024-11-29 16:22:23.086 +01:00 [INF] Executing ViewResult, running view Friends.
2024-11-29 16:22:23.092 +01:00 [INF] Executed ViewResult - view Friends executed in 5.823ms.
2024-11-29 16:22:23.093 +01:00 [INF] Executed action photogram.Controllers.PostController.Friends (photogram) in 9.2327ms
2024-11-29 16:22:23.094 +01:00 [INF] Executed endpoint 'photogram.Controllers.PostController.Friends (photogram)'
2024-11-29 16:22:23.095 +01:00 [INF] Request finished HTTP/1.1 GET http://localhost:5000/Post/Friends - 200 null text/html; charset=utf-8 11.5199ms
2024-11-29 16:22:26.322 +01:00 [INF] Request starting HTTP/1.1 GET http://localhost:5000/Post/CreatePost - null null
2024-11-29 16:22:26.323 +01:00 [INF] Executing endpoint 'photogram.Controllers.PostController.CreatePost (photogram)'
2024-11-29 16:22:26.325 +01:00 [INF] Route matched with {action = "CreatePost", controller = "Post"}. Executing controller action with signature Microsoft.AspNetCore.Mvc.IActionResult CreatePost() on controller photogram.Controllers.PostController (photogram).
2024-11-29 16:22:26.328 +01:00 [INF] Executing ViewResult, running view CreatePost.
2024-11-29 16:22:26.358 +01:00 [INF] Executed ViewResult - view CreatePost executed in 31.2761ms.
2024-11-29 16:22:26.358 +01:00 [INF] Executed action photogram.Controllers.PostController.CreatePost (photogram) in 32.5982ms
2024-11-29 16:22:26.358 +01:00 [INF] Executed endpoint 'photogram.Controllers.PostController.CreatePost (photogram)'
2024-11-29 16:22:26.358 +01:00 [INF] Request finished HTTP/1.1 GET http://localhost:5000/Post/CreatePost - 200 null text/html; charset=utf-8 35.8473ms
2024-11-29 16:22:46.528 +01:00 [INF] Request starting HTTP/1.1 POST http://localhost:5000/Post/CreatePost - multipart/form-data; boundary=----WebKitFormBoundaryZSPicsL3z3kpnh2K 586356
2024-11-29 16:22:46.532 +01:00 [INF] Executing endpoint 'photogram.Controllers.PostController.CreatePost (photogram)'
2024-11-29 16:22:46.560 +01:00 [INF] Route matched with {action = "CreatePost", controller = "Post"}. Executing controller action with signature System.Threading.Tasks.Task`1[Microsoft.AspNetCore.Mvc.IActionResult] CreatePost(photogram.Models.CreatePostModel) on controller photogram.Controllers.PostController (photogram).
2024-11-29 16:22:46.642 +01:00 [INF] Creating a new post in PostController
2024-11-29 16:22:46.721 +01:00 [ERR] Failed executing DbCommand (18ms) [Parameters=[@p0='?', @p1='?' (DbType = DateTime), @p2='?' (Size = 55), @p3='?' (Size = 13)], CommandType='"Text"', CommandTimeout='30']
INSERT INTO "Posts" ("Content", "CreatedAt", "ImagePath", "UserName")
VALUES (@p0, @p1, @p2, @p3)
RETURNING "Id";
2024-11-29 16:22:47.008 +01:00 [ERR] An exception occurred in the database while saving changes for context type 'photogram.DAL.PostDbContext'.
Microsoft.EntityFrameworkCore.DbUpdateException: An error occurred while saving the entity changes. See the inner exception for details.
 ---> Microsoft.Data.Sqlite.SqliteException (0x80004005): SQLite Error 19: 'NOT NULL constraint failed: Posts.Content'.
   at Microsoft.Data.Sqlite.SqliteException.ThrowExceptionForRC(Int32 rc, sqlite3 db)
   at Microsoft.Data.Sqlite.SqliteDataReader.NextResult()
   at Microsoft.Data.Sqlite.SqliteCommand.ExecuteReader(CommandBehavior behavior)
   at Microsoft.Data.Sqlite.SqliteCommand.ExecuteReaderAsync(CommandBehavior behavior, CancellationToken cancellationToken)
   at Microsoft.Data.Sqlite.SqliteCommand.ExecuteDbDataReaderAsync(CommandBehavior behavior, CancellationToken cancellationToken)
   at Microsoft.EntityFrameworkCore.Storage.RelationalCommand.ExecuteReaderAsync(RelationalCommandParameterObject parameterObject, CancellationToken cancellationToken)
   at Microsoft.EntityFrameworkCore.Storage.RelationalCommand.ExecuteReaderAsync(RelationalCommandParameterObject parameterObject, CancellationToken cancellationToken)
   at Microsoft.EntityFrameworkCore.Update.ReaderModificationCommandBatch.ExecuteAsync(IRelationalConnection connection, CancellationToken cancellationToken)
   --- End of inner exception stack trace ---
   at Microsoft.EntityFrameworkCore.Update.ReaderModificationCommandBatch.ExecuteAsync(IRelationalConnection connection, CancellationToken cancellationToken)
   at Microsoft.EntityFrameworkCore.Update.Internal.BatchExecutor.ExecuteAsync(IEnumerable`1 commandBatches, IRelationalConnection connection, CancellationToken cancellationToken)
   at Microsoft.EntityFrameworkCore.Update.Internal.BatchExecutor.ExecuteAsync(IEnumerable`1 commandBatches, IRelationalConnection connection, CancellationToken cancellationToken)
   at Microsoft.EntityFrameworkCore.Update.Internal.BatchExecutor.ExecuteAsync(IEnumerable`1 commandBatches, IRelationalConnection connection, CancellationToken cancellationToken)
   at Microsoft.EntityFrameworkCore.Storage.RelationalDatabase.SaveChangesAsync(IList`1 entries, CancellationToken cancellationToken)
   at Microsoft.EntityFrameworkCore.ChangeTracking.Internal.StateManager.SaveChangesAsync(IList`1 entriesToSave, CancellationToken cancellationToken)
   at Microsoft.EntityFrameworkCore.ChangeTracking.Internal.StateManager.SaveChangesAsync(StateManager stateManager, Boolean acceptAllChangesOnSuccess, CancellationToken cancellationToken)
   at Microsoft.EntityFrameworkCore.DbContext.SaveChangesAsync(Boolean acceptAllChangesOnSuccess, CancellationToken cancellationToken)
Microsoft.EntityFrameworkCore.DbUpdateException: An error occurred while saving the entity changes. See the inner exception for details.
 ---> Microsoft.Data.Sqlite.SqliteException (0x80004005): SQLite Error 19: 'NOT NULL constraint failed: Posts.Content'.
   at Microsoft.Data.Sqlite.SqliteException.ThrowExceptionForRC(Int32 rc, sqlite3 db)
   at Microsoft.Data.Sqlite.SqliteDataReader.NextResult()
   at Microsoft.Data.Sqlite.SqliteCommand.ExecuteReader(CommandBehavior behavior)
   at Microsoft.Data.Sqlite.SqliteCommand.ExecuteReaderAsync(CommandBehavior behavior, CancellationToken cancellationToken)
   at Microsoft.Data.Sqlite.SqliteCommand.ExecuteDbDataReaderAsync(CommandBehavior behavior, CancellationToken cancellationToken)
   at Microsoft.EntityFrameworkCore.Storage.RelationalCommand.ExecuteReaderAsync(RelationalCommandParameterObject parameterObject, CancellationToken cancellationToken)
   at Microsoft.EntityFrameworkCore.Storage.RelationalCommand.ExecuteReaderAsync(RelationalCommandParameterObject parameterObject, CancellationToken cancellationToken)
   at Microsoft.EntityFrameworkCore.Update.ReaderModificationCommandBatch.ExecuteAsync(IRelationalConnection connection, CancellationToken cancellationToken)
   --- End of inner exception stack trace ---
   at Microsoft.EntityFrameworkCore.Update.ReaderModificationCommandBatch.ExecuteAsync(IRelationalConnection connection, CancellationToken cancellationToken)
   at Microsoft.EntityFrameworkCore.Update.Internal.BatchExecutor.ExecuteAsync(IEnumerable`1 commandBatches, IRelationalConnection connection, CancellationToken cancellationToken)
   at Microsoft.EntityFrameworkCore.Update.Internal.BatchExecutor.ExecuteAsync(IEnumerable`1 commandBatches, IRelationalConnection connection, CancellationToken cancellationToken)
   at Microsoft.EntityFrameworkCore.Update.Internal.BatchExecutor.ExecuteAsync(IEnumerable`1 commandBatches, IRelationalConnection connection, CancellationToken cancellationToken)
   at Microsoft.EntityFrameworkCore.Storage.RelationalDatabase.SaveChangesAsync(IList`1 entries, CancellationToken cancellationToken)
   at Microsoft.EntityFrameworkCore.ChangeTracking.Internal.StateManager.SaveChangesAsync(IList`1 entriesToSave, CancellationToken cancellationToken)
   at Microsoft.EntityFrameworkCore.ChangeTracking.Internal.StateManager.SaveChangesAsync(StateManager stateManager, Boolean acceptAllChangesOnSuccess, CancellationToken cancellationToken)
   at Microsoft.EntityFrameworkCore.DbContext.SaveChangesAsync(Boolean acceptAllChangesOnSuccess, CancellationToken cancellationToken)
2024-11-29 16:22:47.031 +01:00 [ERR] [PostRepository] Create failed for Post {"Id":0,"Content":null,"UserName":"hei@gmail.com","ImagePath":"/uploads/ab61faf9-57da-4b4f-be62-128006949714_image.jpg","CreatedAt":"2024-11-29T16:22:46.6427800+01:00","Comments":[],"$type":"Post"}: An error occurred while saving the entity changes. See the inner exception for details.
2024-11-29 16:22:47.034 +01:00 [ERR] Failed to create the post.
2024-11-29 16:22:47.096 +01:00 [INF] Executing ObjectResult, writing value of type 'System.String'.
2024-11-29 16:22:47.111 +01:00 [INF] Executed action photogram.Controllers.PostController.CreatePost (photogram) in 550.8734ms
2024-11-29 16:22:47.113 +01:00 [INF] Executed endpoint 'photogram.Controllers.PostController.CreatePost (photogram)'
2024-11-29 16:22:47.120 +01:00 [INF] Request finished HTTP/1.1 POST http://localhost:5000/Post/CreatePost - 500 null text/plain; charset=utf-8 592.016ms
2024-11-29 16:22:50.769 +01:00 [INF] Request starting HTTP/1.1 GET http://localhost:5000/Post/CreatePost - null null
2024-11-29 16:22:50.771 +01:00 [INF] Executing endpoint 'photogram.Controllers.PostController.CreatePost (photogram)'
2024-11-29 16:22:50.776 +01:00 [INF] Route matched with {action = "CreatePost", controller = "Post"}. Executing controller action with signature Microsoft.AspNetCore.Mvc.IActionResult CreatePost() on controller photogram.Controllers.PostController (photogram).
2024-11-29 16:22:50.777 +01:00 [INF] Executing ViewResult, running view CreatePost.
2024-11-29 16:22:50.785 +01:00 [INF] Executed ViewResult - view CreatePost executed in 7.4906ms.
2024-11-29 16:22:50.785 +01:00 [INF] Executed action photogram.Controllers.PostController.CreatePost (photogram) in 8.368ms
2024-11-29 16:22:50.785 +01:00 [INF] Executed endpoint 'photogram.Controllers.PostController.CreatePost (photogram)'
2024-11-29 16:22:50.786 +01:00 [INF] Request finished HTTP/1.1 GET http://localhost:5000/Post/CreatePost - 200 null text/html; charset=utf-8 16.1211ms
2024-11-29 16:23:16.392 +01:00 [INF] Request starting HTTP/1.1 GET http://localhost:5000/Post/MyPosts - null null
2024-11-29 16:23:16.394 +01:00 [INF] Executing endpoint 'photogram.Controllers.PostController.MyPosts (photogram)'
2024-11-29 16:23:16.394 +01:00 [INF] Route matched with {action = "MyPosts", controller = "Post"}. Executing controller action with signature System.Threading.Tasks.Task`1[Microsoft.AspNetCore.Mvc.IActionResult] MyPosts(System.Nullable`1[System.Int32]) on controller photogram.Controllers.PostController (photogram).
2024-11-29 16:23:16.402 +01:00 [INF] Executing ViewResult, running view MyPosts.
2024-11-29 16:23:16.406 +01:00 [INF] Executed ViewResult - view MyPosts executed in 3.8313ms.
2024-11-29 16:23:16.406 +01:00 [INF] Executed action photogram.Controllers.PostController.MyPosts (photogram) in 12.1913ms
2024-11-29 16:23:16.406 +01:00 [INF] Executed endpoint 'photogram.Controllers.PostController.MyPosts (photogram)'
2024-11-29 16:23:16.407 +01:00 [INF] Request finished HTTP/1.1 GET http://localhost:5000/Post/MyPosts - 200 null text/html; charset=utf-8 14.2199ms
2024-11-29 16:23:19.138 +01:00 [INF] Request starting HTTP/1.1 GET http://localhost:5000/Home/Friends - null null
2024-11-29 16:23:19.139 +01:00 [INF] Executing endpoint 'photogram.Controllers.HomeController.Friends (photogram)'
2024-11-29 16:23:19.140 +01:00 [INF] Route matched with {action = "Friends", controller = "Home"}. Executing controller action with signature Microsoft.AspNetCore.Mvc.IActionResult Friends() on controller photogram.Controllers.HomeController (photogram).
2024-11-29 16:23:19.149 +01:00 [INF] Executing RedirectResult, redirecting to /Post/Friends.
2024-11-29 16:23:19.152 +01:00 [INF] Executed action photogram.Controllers.HomeController.Friends (photogram) in 7.4504ms
2024-11-29 16:23:19.152 +01:00 [INF] Executed endpoint 'photogram.Controllers.HomeController.Friends (photogram)'
2024-11-29 16:23:19.152 +01:00 [INF] Request finished HTTP/1.1 GET http://localhost:5000/Home/Friends - 302 0 null 14.0035ms
2024-11-29 16:23:19.162 +01:00 [INF] Request starting HTTP/1.1 GET http://localhost:5000/Post/Friends - null null
2024-11-29 16:23:19.163 +01:00 [INF] Executing endpoint 'photogram.Controllers.PostController.Friends (photogram)'
2024-11-29 16:23:19.163 +01:00 [INF] Route matched with {action = "Friends", controller = "Post"}. Executing controller action with signature System.Threading.Tasks.Task`1[Microsoft.AspNetCore.Mvc.IActionResult] Friends() on controller photogram.Controllers.PostController (photogram).
2024-11-29 16:23:19.171 +01:00 [INF] Executing ViewResult, running view Friends.
2024-11-29 16:23:19.179 +01:00 [INF] Executed ViewResult - view Friends executed in 7.6453ms.
2024-11-29 16:23:19.179 +01:00 [INF] Executed action photogram.Controllers.PostController.Friends (photogram) in 15.9687ms
2024-11-29 16:23:19.179 +01:00 [INF] Executed endpoint 'photogram.Controllers.PostController.Friends (photogram)'
2024-11-29 16:23:19.179 +01:00 [INF] Request finished HTTP/1.1 GET http://localhost:5000/Post/Friends - 200 null text/html; charset=utf-8 16.7731ms
2024-11-29 16:27:53.307 +01:00 [INF] Application is shutting down...
