2024-11-30 15:53:25.071 +01:00 [INF] User profile is available. Using '/Users/yasminali/.aspnet/DataProtection-Keys' as key repository; keys will not be encrypted at rest.
2024-11-30 15:53:25.840 +01:00 [INF] Now listening on: http://localhost:5001
2024-11-30 15:53:25.877 +01:00 [INF] Application started. Press Ctrl+C to shut down.
2024-11-30 15:53:25.879 +01:00 [INF] Hosting environment: Development
2024-11-30 15:53:25.879 +01:00 [INF] Content root path: /Users/yasminali/Desktop/ExamITPE3100/photogram7
2024-11-30 15:53:32.382 +01:00 [INF] Request starting HTTP/1.1 GET http://localhost:5001/ - null null
2024-11-30 15:53:32.421 +01:00 [WRN] Failed to determine the https port for redirect.
2024-11-30 15:53:32.655 +01:00 [WRN] Error unprotecting the session cookie.
System.Security.Cryptography.CryptographicException: The payload was invalid. For more information go to https://aka.ms/aspnet/dataprotectionwarning
   at Microsoft.AspNetCore.DataProtection.Managed.ManagedAuthenticatedEncryptor.Decrypt(ArraySegment`1 protectedPayload, ArraySegment`1 additionalAuthenticatedData)
   at Microsoft.AspNetCore.DataProtection.KeyManagement.KeyRingBasedDataProtector.UnprotectCore(Byte[] protectedData, Boolean allowOperationsOnRevokedKeys, UnprotectStatus& status)
   at Microsoft.AspNetCore.DataProtection.KeyManagement.KeyRingBasedDataProtector.Unprotect(Byte[] protectedData)
   at Microsoft.AspNetCore.Session.CookieProtection.Unprotect(IDataProtector protector, String protectedText, ILogger logger)
2024-11-30 15:53:33.088 +01:00 [INF] Identity.Application was not authenticated. Failure message: Unprotect ticket failed
2024-11-30 15:53:33.117 +01:00 [INF] Executing endpoint 'photogram.Controllers.HomeController.Index (photogram)'
2024-11-30 15:53:33.317 +01:00 [INF] Route matched with {action = "Index", controller = "Home", page = "", area = ""}. Executing controller action with signature Microsoft.AspNetCore.Mvc.IActionResult Index() on controller photogram.Controllers.HomeController (photogram).
2024-11-30 15:53:33.359 +01:00 [INF] Executing ViewResult, running view Index.
2024-11-30 15:53:33.588 +01:00 [INF] Executed ViewResult - view Index executed in 178.1397ms.
2024-11-30 15:53:33.623 +01:00 [INF] Request starting HTTP/1.1 GET http://localhost:5001/css/layout.css - null null
2024-11-30 15:53:33.631 +01:00 [INF] Executed action photogram.Controllers.HomeController.Index (photogram) in 310.9893ms
2024-11-30 15:53:33.632 +01:00 [INF] Executed endpoint 'photogram.Controllers.HomeController.Index (photogram)'
2024-11-30 15:53:33.646 +01:00 [INF] The file /css/layout.css was not modified
2024-11-30 15:53:33.648 +01:00 [INF] Request finished HTTP/1.1 GET http://localhost:5001/css/layout.css - 304 null text/css 27.6606ms
2024-11-30 15:53:33.667 +01:00 [INF] Request finished HTTP/1.1 GET http://localhost:5001/ - 200 null text/html; charset=utf-8 1293.2052ms
2024-11-30 15:53:36.346 +01:00 [INF] Request starting HTTP/1.1 GET http://localhost:5001/Identity/Account/Login - null null
2024-11-30 15:53:36.350 +01:00 [WRN] Error unprotecting the session cookie.
System.Security.Cryptography.CryptographicException: The payload was invalid. For more information go to https://aka.ms/aspnet/dataprotectionwarning
   at Microsoft.AspNetCore.DataProtection.Managed.ManagedAuthenticatedEncryptor.Decrypt(ArraySegment`1 protectedPayload, ArraySegment`1 additionalAuthenticatedData)
   at Microsoft.AspNetCore.DataProtection.KeyManagement.KeyRingBasedDataProtector.UnprotectCore(Byte[] protectedData, Boolean allowOperationsOnRevokedKeys, UnprotectStatus& status)
   at Microsoft.AspNetCore.DataProtection.KeyManagement.KeyRingBasedDataProtector.Unprotect(Byte[] protectedData)
   at Microsoft.AspNetCore.Session.CookieProtection.Unprotect(IDataProtector protector, String protectedText, ILogger logger)
2024-11-30 15:53:36.379 +01:00 [INF] Identity.Application was not authenticated. Failure message: Unprotect ticket failed
2024-11-30 15:53:36.380 +01:00 [INF] Executing endpoint '/Account/Login'
2024-11-30 15:53:36.415 +01:00 [INF] Route matched with {page = "/Account/Login", area = "Identity", action = "", controller = ""}. Executing page /Account/Login
2024-11-30 15:53:36.444 +01:00 [INF] Executing handler method photogram.Areas.Identity.Pages.Account.LoginModel.OnGetAsync - ModelState is "Valid"
2024-11-30 15:53:36.461 +01:00 [INF] AuthenticationScheme: Identity.External signed out.
2024-11-30 15:53:36.462 +01:00 [INF] Executed handler method OnGetAsync, returned result .
2024-11-30 15:53:36.468 +01:00 [INF] Executing an implicit handler method - ModelState is "Valid"
2024-11-30 15:53:36.468 +01:00 [INF] Executed an implicit handler method, returned result Microsoft.AspNetCore.Mvc.RazorPages.PageResult.
2024-11-30 15:53:36.625 +01:00 [INF] Executed page /Account/Login in 210.072ms
2024-11-30 15:53:36.627 +01:00 [INF] Executed endpoint '/Account/Login'
2024-11-30 15:53:36.630 +01:00 [INF] Request finished HTTP/1.1 GET http://localhost:5001/Identity/Account/Login - 200 null text/html; charset=utf-8 284.2972ms
2024-11-30 15:53:36.727 +01:00 [INF] Request starting HTTP/1.1 GET http://localhost:5001/lib/jquery-validation-unobtrusive/dist/jquery.validate.unobtrusive.min.js - null null
2024-11-30 15:53:36.729 +01:00 [WRN] Error unprotecting the session cookie.
System.Security.Cryptography.CryptographicException: The payload was invalid. For more information go to https://aka.ms/aspnet/dataprotectionwarning
   at Microsoft.AspNetCore.DataProtection.Managed.ManagedAuthenticatedEncryptor.Decrypt(ArraySegment`1 protectedPayload, ArraySegment`1 additionalAuthenticatedData)
   at Microsoft.AspNetCore.DataProtection.KeyManagement.KeyRingBasedDataProtector.UnprotectCore(Byte[] protectedData, Boolean allowOperationsOnRevokedKeys, UnprotectStatus& status)
   at Microsoft.AspNetCore.DataProtection.KeyManagement.KeyRingBasedDataProtector.Unprotect(Byte[] protectedData)
   at Microsoft.AspNetCore.Session.CookieProtection.Unprotect(IDataProtector protector, String protectedText, ILogger logger)
2024-11-30 15:53:36.743 +01:00 [INF] Identity.Application was not authenticated. Failure message: Unprotect ticket failed
2024-11-30 15:53:36.743 +01:00 [INF] Request finished HTTP/1.1 GET http://localhost:5001/lib/jquery-validation-unobtrusive/dist/jquery.validate.unobtrusive.min.js - 404 0 null 16.2286ms
2024-11-30 15:53:36.747 +01:00 [INF] Request reached the end of the middleware pipeline without being handled by application code. Request path: GET http://localhost:5001/lib/jquery-validation-unobtrusive/dist/jquery.validate.unobtrusive.min.js, Response status code: 404
2024-11-30 15:53:57.018 +01:00 [INF] Request starting HTTP/1.1 POST http://localhost:5001/Identity/Account/Login - application/x-www-form-urlencoded 275
2024-11-30 15:53:57.021 +01:00 [WRN] Error unprotecting the session cookie.
System.Security.Cryptography.CryptographicException: The payload was invalid. For more information go to https://aka.ms/aspnet/dataprotectionwarning
   at Microsoft.AspNetCore.DataProtection.Managed.ManagedAuthenticatedEncryptor.Decrypt(ArraySegment`1 protectedPayload, ArraySegment`1 additionalAuthenticatedData)
   at Microsoft.AspNetCore.DataProtection.KeyManagement.KeyRingBasedDataProtector.UnprotectCore(Byte[] protectedData, Boolean allowOperationsOnRevokedKeys, UnprotectStatus& status)
   at Microsoft.AspNetCore.DataProtection.KeyManagement.KeyRingBasedDataProtector.Unprotect(Byte[] protectedData)
   at Microsoft.AspNetCore.Session.CookieProtection.Unprotect(IDataProtector protector, String protectedText, ILogger logger)
2024-11-30 15:53:57.034 +01:00 [INF] Identity.Application was not authenticated. Failure message: Unprotect ticket failed
2024-11-30 15:53:57.034 +01:00 [INF] Executing endpoint '/Account/Login'
2024-11-30 15:53:57.035 +01:00 [INF] Route matched with {page = "/Account/Login", area = "Identity", action = "", controller = ""}. Executing page /Account/Login
2024-11-30 15:53:57.080 +01:00 [INF] Executing handler method photogram.Areas.Identity.Pages.Account.LoginModel.OnPostAsync - ModelState is "Valid"
2024-11-30 15:53:57.981 +01:00 [INF] Executed handler method OnPostAsync, returned result Microsoft.AspNetCore.Mvc.RazorPages.PageResult.
2024-11-30 15:53:57.994 +01:00 [INF] Executed page /Account/Login in 958.8194ms
2024-11-30 15:53:57.996 +01:00 [INF] Executed endpoint '/Account/Login'
2024-11-30 15:53:58.120 +01:00 [INF] Request finished HTTP/1.1 POST http://localhost:5001/Identity/Account/Login - 200 null text/html; charset=utf-8 1101.7092ms
2024-11-30 15:53:58.121 +01:00 [INF] Request starting HTTP/1.1 GET http://localhost:5001/lib/jquery-validation-unobtrusive/dist/jquery.validate.unobtrusive.min.js - null null
2024-11-30 15:53:58.123 +01:00 [WRN] Error unprotecting the session cookie.
System.Security.Cryptography.CryptographicException: The payload was invalid. For more information go to https://aka.ms/aspnet/dataprotectionwarning
   at Microsoft.AspNetCore.DataProtection.Managed.ManagedAuthenticatedEncryptor.Decrypt(ArraySegment`1 protectedPayload, ArraySegment`1 additionalAuthenticatedData)
   at Microsoft.AspNetCore.DataProtection.KeyManagement.KeyRingBasedDataProtector.UnprotectCore(Byte[] protectedData, Boolean allowOperationsOnRevokedKeys, UnprotectStatus& status)
   at Microsoft.AspNetCore.DataProtection.KeyManagement.KeyRingBasedDataProtector.Unprotect(Byte[] protectedData)
   at Microsoft.AspNetCore.Session.CookieProtection.Unprotect(IDataProtector protector, String protectedText, ILogger logger)
2024-11-30 15:53:58.124 +01:00 [INF] Identity.Application was not authenticated. Failure message: Unprotect ticket failed
2024-11-30 15:53:58.126 +01:00 [INF] Request finished HTTP/1.1 GET http://localhost:5001/lib/jquery-validation-unobtrusive/dist/jquery.validate.unobtrusive.min.js - 404 0 null 3.8289ms
2024-11-30 15:53:58.126 +01:00 [INF] Request reached the end of the middleware pipeline without being handled by application code. Request path: GET http://localhost:5001/lib/jquery-validation-unobtrusive/dist/jquery.validate.unobtrusive.min.js, Response status code: 404
2024-11-30 15:54:06.186 +01:00 [INF] Request starting HTTP/1.1 POST http://localhost:5001/Identity/Account/Login - application/x-www-form-urlencoded 268
2024-11-30 15:54:06.200 +01:00 [WRN] Error unprotecting the session cookie.
System.Security.Cryptography.CryptographicException: The payload was invalid. For more information go to https://aka.ms/aspnet/dataprotectionwarning
   at Microsoft.AspNetCore.DataProtection.Managed.ManagedAuthenticatedEncryptor.Decrypt(ArraySegment`1 protectedPayload, ArraySegment`1 additionalAuthenticatedData)
   at Microsoft.AspNetCore.DataProtection.KeyManagement.KeyRingBasedDataProtector.UnprotectCore(Byte[] protectedData, Boolean allowOperationsOnRevokedKeys, UnprotectStatus& status)
   at Microsoft.AspNetCore.DataProtection.KeyManagement.KeyRingBasedDataProtector.Unprotect(Byte[] protectedData)
   at Microsoft.AspNetCore.Session.CookieProtection.Unprotect(IDataProtector protector, String protectedText, ILogger logger)
2024-11-30 15:54:06.203 +01:00 [INF] Identity.Application was not authenticated. Failure message: Unprotect ticket failed
2024-11-30 15:54:06.208 +01:00 [INF] Executing endpoint '/Account/Login'
2024-11-30 15:54:06.209 +01:00 [INF] Route matched with {page = "/Account/Login", area = "Identity", action = "", controller = ""}. Executing page /Account/Login
2024-11-30 15:54:06.216 +01:00 [INF] Executing handler method photogram.Areas.Identity.Pages.Account.LoginModel.OnPostAsync - ModelState is "Valid"
2024-11-30 15:54:06.560 +01:00 [INF] AuthenticationScheme: Identity.Application signed in.
2024-11-30 15:54:06.561 +01:00 [INF] User logged in.
2024-11-30 15:54:06.561 +01:00 [INF] Executed handler method OnPostAsync, returned result Microsoft.AspNetCore.Mvc.LocalRedirectResult.
2024-11-30 15:54:06.564 +01:00 [INF] Executing LocalRedirectResult, redirecting to /.
2024-11-30 15:54:06.564 +01:00 [INF] Executed page /Account/Login in 355.2445ms
2024-11-30 15:54:06.565 +01:00 [INF] Executed endpoint '/Account/Login'
2024-11-30 15:54:06.566 +01:00 [INF] Request finished HTTP/1.1 POST http://localhost:5001/Identity/Account/Login - 302 0 null 380.2876ms
2024-11-30 15:54:06.569 +01:00 [INF] Request starting HTTP/1.1 GET http://localhost:5001/ - null null
2024-11-30 15:54:06.569 +01:00 [WRN] Error unprotecting the session cookie.
System.Security.Cryptography.CryptographicException: The payload was invalid. For more information go to https://aka.ms/aspnet/dataprotectionwarning
   at Microsoft.AspNetCore.DataProtection.Managed.ManagedAuthenticatedEncryptor.Decrypt(ArraySegment`1 protectedPayload, ArraySegment`1 additionalAuthenticatedData)
   at Microsoft.AspNetCore.DataProtection.KeyManagement.KeyRingBasedDataProtector.UnprotectCore(Byte[] protectedData, Boolean allowOperationsOnRevokedKeys, UnprotectStatus& status)
   at Microsoft.AspNetCore.DataProtection.KeyManagement.KeyRingBasedDataProtector.Unprotect(Byte[] protectedData)
   at Microsoft.AspNetCore.Session.CookieProtection.Unprotect(IDataProtector protector, String protectedText, ILogger logger)
2024-11-30 15:54:06.578 +01:00 [INF] Executing endpoint 'photogram.Controllers.HomeController.Index (photogram)'
2024-11-30 15:54:06.578 +01:00 [INF] Route matched with {action = "Index", controller = "Home", page = "", area = ""}. Executing controller action with signature Microsoft.AspNetCore.Mvc.IActionResult Index() on controller photogram.Controllers.HomeController (photogram).
2024-11-30 15:54:06.579 +01:00 [INF] Executing ViewResult, running view Index.
2024-11-30 15:54:06.588 +01:00 [INF] Executed ViewResult - view Index executed in 8.8061ms.
2024-11-30 15:54:06.588 +01:00 [INF] Executed action photogram.Controllers.HomeController.Index (photogram) in 10.2174ms
2024-11-30 15:54:06.649 +01:00 [INF] Executed endpoint 'photogram.Controllers.HomeController.Index (photogram)'
2024-11-30 15:54:06.649 +01:00 [INF] Request finished HTTP/1.1 GET http://localhost:5001/ - 200 null text/html; charset=utf-8 80.6315ms
2024-11-30 15:54:10.009 +01:00 [INF] Request starting HTTP/1.1 GET http://localhost:5001/Home/Feed - null null
2024-11-30 15:54:10.015 +01:00 [WRN] Error unprotecting the session cookie.
System.Security.Cryptography.CryptographicException: The payload was invalid. For more information go to https://aka.ms/aspnet/dataprotectionwarning
   at Microsoft.AspNetCore.DataProtection.Managed.ManagedAuthenticatedEncryptor.Decrypt(ArraySegment`1 protectedPayload, ArraySegment`1 additionalAuthenticatedData)
   at Microsoft.AspNetCore.DataProtection.KeyManagement.KeyRingBasedDataProtector.UnprotectCore(Byte[] protectedData, Boolean allowOperationsOnRevokedKeys, UnprotectStatus& status)
   at Microsoft.AspNetCore.DataProtection.KeyManagement.KeyRingBasedDataProtector.Unprotect(Byte[] protectedData)
   at Microsoft.AspNetCore.Session.CookieProtection.Unprotect(IDataProtector protector, String protectedText, ILogger logger)
2024-11-30 15:54:10.025 +01:00 [INF] Executing endpoint 'photogram.Controllers.HomeController.Feed (photogram)'
2024-11-30 15:54:10.030 +01:00 [INF] Route matched with {action = "Feed", controller = "Home", page = "", area = ""}. Executing controller action with signature Microsoft.AspNetCore.Mvc.IActionResult Feed() on controller photogram.Controllers.HomeController (photogram).
2024-11-30 15:54:10.036 +01:00 [INF] Executing RedirectResult, redirecting to /Post/Feed.
2024-11-30 15:54:10.036 +01:00 [INF] Executed action photogram.Controllers.HomeController.Feed (photogram) in 5.6695ms
2024-11-30 15:54:10.037 +01:00 [INF] Executed endpoint 'photogram.Controllers.HomeController.Feed (photogram)'
2024-11-30 15:54:10.037 +01:00 [INF] Request finished HTTP/1.1 GET http://localhost:5001/Home/Feed - 302 0 null 27.4287ms
2024-11-30 15:54:10.041 +01:00 [INF] Request starting HTTP/1.1 GET http://localhost:5001/Post/Feed - null null
2024-11-30 15:54:10.042 +01:00 [WRN] Error unprotecting the session cookie.
System.Security.Cryptography.CryptographicException: The payload was invalid. For more information go to https://aka.ms/aspnet/dataprotectionwarning
   at Microsoft.AspNetCore.DataProtection.Managed.ManagedAuthenticatedEncryptor.Decrypt(ArraySegment`1 protectedPayload, ArraySegment`1 additionalAuthenticatedData)
   at Microsoft.AspNetCore.DataProtection.KeyManagement.KeyRingBasedDataProtector.UnprotectCore(Byte[] protectedData, Boolean allowOperationsOnRevokedKeys, UnprotectStatus& status)
   at Microsoft.AspNetCore.DataProtection.KeyManagement.KeyRingBasedDataProtector.Unprotect(Byte[] protectedData)
   at Microsoft.AspNetCore.Session.CookieProtection.Unprotect(IDataProtector protector, String protectedText, ILogger logger)
2024-11-30 15:54:10.060 +01:00 [INF] Executing endpoint 'photogram.Controllers.PostController.Feed (photogram)'
2024-11-30 15:54:10.068 +01:00 [INF] Route matched with {action = "Feed", controller = "Post", page = "", area = ""}. Executing controller action with signature System.Threading.Tasks.Task`1[Microsoft.AspNetCore.Mvc.IActionResult] Feed(System.Nullable`1[System.Int32], System.Nullable`1[System.Int32]) on controller photogram.Controllers.PostController (photogram).
2024-11-30 15:54:10.137 +01:00 [INF] Executing ViewResult, running view Feed.
2024-11-30 15:54:10.417 +01:00 [INF] Executed ViewResult - view Feed executed in 281.3529ms.
2024-11-30 15:54:10.418 +01:00 [INF] Executed action photogram.Controllers.PostController.Feed (photogram) in 349.2491ms
2024-11-30 15:54:10.418 +01:00 [INF] Executed endpoint 'photogram.Controllers.PostController.Feed (photogram)'
2024-11-30 15:54:10.418 +01:00 [INF] Request finished HTTP/1.1 GET http://localhost:5001/Post/Feed - 200 null text/html; charset=utf-8 376.9269ms
2024-11-30 15:54:10.519 +01:00 [INF] Request starting HTTP/1.1 GET http://localhost:5001/uploads/d5f308d6-5e29-4c51-ab51-946e5939f892_concert.jpg - null null
2024-11-30 15:54:10.519 +01:00 [INF] Request starting HTTP/1.1 GET http://localhost:5001/uploads/892b7245-916c-4e39-ad08-e1f509e45f50_view.jpg - null null
2024-11-30 15:54:10.520 +01:00 [INF] Request starting HTTP/1.1 GET http://localhost:5001/images/recipes.jpg - null null
2024-11-30 15:54:10.521 +01:00 [INF] The file /images/recipes.jpg was not modified
2024-11-30 15:54:10.521 +01:00 [INF] The file /uploads/d5f308d6-5e29-4c51-ab51-946e5939f892_concert.jpg was not modified
2024-11-30 15:54:10.521 +01:00 [INF] The file /uploads/892b7245-916c-4e39-ad08-e1f509e45f50_view.jpg was not modified
2024-11-30 15:54:10.521 +01:00 [INF] Request finished HTTP/1.1 GET http://localhost:5001/uploads/d5f308d6-5e29-4c51-ab51-946e5939f892_concert.jpg - 304 null image/jpeg 2.3385ms
2024-11-30 15:54:10.521 +01:00 [INF] Request finished HTTP/1.1 GET http://localhost:5001/uploads/892b7245-916c-4e39-ad08-e1f509e45f50_view.jpg - 304 null image/jpeg 2.0484ms
2024-11-30 15:54:10.522 +01:00 [INF] Request starting HTTP/1.1 GET http://localhost:5001/images/conference.jpg - null null
2024-11-30 15:54:10.522 +01:00 [INF] Request starting HTTP/1.1 GET http://localhost:5001/images/sunset.jpg - null null
2024-11-30 15:54:10.522 +01:00 [INF] Request finished HTTP/1.1 GET http://localhost:5001/images/recipes.jpg - 304 null image/jpeg 2.3772ms
2024-11-30 15:54:10.523 +01:00 [INF] The file /images/conference.jpg was not modified
2024-11-30 15:54:10.523 +01:00 [INF] The file /images/sunset.jpg was not modified
2024-11-30 15:54:10.524 +01:00 [INF] Request finished HTTP/1.1 GET http://localhost:5001/images/conference.jpg - 304 null image/jpeg 1.8497ms
2024-11-30 15:54:10.524 +01:00 [INF] Request finished HTTP/1.1 GET http://localhost:5001/images/sunset.jpg - 304 null image/jpeg 1.8888ms
2024-11-30 15:54:10.530 +01:00 [INF] Request starting HTTP/1.1 GET http://localhost:5001/uploads/150c5aae-9839-45c1-a058-cec277bcafda_tacos.jpg - null null
2024-11-30 15:54:10.531 +01:00 [INF] The file /uploads/150c5aae-9839-45c1-a058-cec277bcafda_tacos.jpg was not modified
2024-11-30 15:54:10.531 +01:00 [INF] Request finished HTTP/1.1 GET http://localhost:5001/uploads/150c5aae-9839-45c1-a058-cec277bcafda_tacos.jpg - 304 null image/jpeg 1.8027ms
2024-11-30 15:54:10.532 +01:00 [INF] Request starting HTTP/1.1 GET http://localhost:5001/images/norway.jpg - null null
2024-11-30 15:54:10.533 +01:00 [INF] The file /images/norway.jpg was not modified
2024-11-30 15:54:10.533 +01:00 [INF] Request finished HTTP/1.1 GET http://localhost:5001/images/norway.jpg - 304 null image/jpeg 1.0646ms
2024-11-30 15:54:54.265 +01:00 [INF] Request starting HTTP/1.1 GET http://localhost:5001/Home/Feed - null null
2024-11-30 15:54:54.272 +01:00 [WRN] Error unprotecting the session cookie.
System.Security.Cryptography.CryptographicException: The payload was invalid. For more information go to https://aka.ms/aspnet/dataprotectionwarning
   at Microsoft.AspNetCore.DataProtection.Managed.ManagedAuthenticatedEncryptor.Decrypt(ArraySegment`1 protectedPayload, ArraySegment`1 additionalAuthenticatedData)
   at Microsoft.AspNetCore.DataProtection.KeyManagement.KeyRingBasedDataProtector.UnprotectCore(Byte[] protectedData, Boolean allowOperationsOnRevokedKeys, UnprotectStatus& status)
   at Microsoft.AspNetCore.DataProtection.KeyManagement.KeyRingBasedDataProtector.Unprotect(Byte[] protectedData)
   at Microsoft.AspNetCore.Session.CookieProtection.Unprotect(IDataProtector protector, String protectedText, ILogger logger)
2024-11-30 15:54:54.281 +01:00 [INF] Executing endpoint 'photogram.Controllers.HomeController.Feed (photogram)'
2024-11-30 15:54:54.288 +01:00 [INF] Route matched with {action = "Feed", controller = "Home", page = "", area = ""}. Executing controller action with signature Microsoft.AspNetCore.Mvc.IActionResult Feed() on controller photogram.Controllers.HomeController (photogram).
2024-11-30 15:54:54.289 +01:00 [INF] Executing RedirectResult, redirecting to /Post/Feed.
2024-11-30 15:54:54.289 +01:00 [INF] Executed action photogram.Controllers.HomeController.Feed (photogram) in 1.1589ms
2024-11-30 15:54:54.289 +01:00 [INF] Executed endpoint 'photogram.Controllers.HomeController.Feed (photogram)'
2024-11-30 15:54:54.290 +01:00 [INF] Request finished HTTP/1.1 GET http://localhost:5001/Home/Feed - 302 0 null 25.108ms
2024-11-30 15:54:54.299 +01:00 [INF] Request starting HTTP/1.1 GET http://localhost:5001/Post/Feed - null null
2024-11-30 15:54:54.300 +01:00 [WRN] Error unprotecting the session cookie.
System.Security.Cryptography.CryptographicException: The payload was invalid. For more information go to https://aka.ms/aspnet/dataprotectionwarning
   at Microsoft.AspNetCore.DataProtection.Managed.ManagedAuthenticatedEncryptor.Decrypt(ArraySegment`1 protectedPayload, ArraySegment`1 additionalAuthenticatedData)
   at Microsoft.AspNetCore.DataProtection.KeyManagement.KeyRingBasedDataProtector.UnprotectCore(Byte[] protectedData, Boolean allowOperationsOnRevokedKeys, UnprotectStatus& status)
   at Microsoft.AspNetCore.DataProtection.KeyManagement.KeyRingBasedDataProtector.Unprotect(Byte[] protectedData)
   at Microsoft.AspNetCore.Session.CookieProtection.Unprotect(IDataProtector protector, String protectedText, ILogger logger)
2024-11-30 15:54:54.302 +01:00 [INF] Executing endpoint 'photogram.Controllers.PostController.Feed (photogram)'
2024-11-30 15:54:54.302 +01:00 [INF] Route matched with {action = "Feed", controller = "Post", page = "", area = ""}. Executing controller action with signature System.Threading.Tasks.Task`1[Microsoft.AspNetCore.Mvc.IActionResult] Feed(System.Nullable`1[System.Int32], System.Nullable`1[System.Int32]) on controller photogram.Controllers.PostController (photogram).
2024-11-30 15:54:54.311 +01:00 [INF] Executing ViewResult, running view Feed.
2024-11-30 15:54:54.349 +01:00 [INF] Executed ViewResult - view Feed executed in 38.3994ms.
2024-11-30 15:54:54.349 +01:00 [INF] Executed action photogram.Controllers.PostController.Feed (photogram) in 46.6183ms
2024-11-30 15:54:54.349 +01:00 [INF] Executed endpoint 'photogram.Controllers.PostController.Feed (photogram)'
2024-11-30 15:54:54.349 +01:00 [INF] Request finished HTTP/1.1 GET http://localhost:5001/Post/Feed - 200 null text/html; charset=utf-8 50.2789ms
2024-11-30 15:54:56.130 +01:00 [INF] Request starting HTTP/1.1 GET http://localhost:5001/ - null null
2024-11-30 15:54:56.130 +01:00 [WRN] Error unprotecting the session cookie.
System.Security.Cryptography.CryptographicException: The payload was invalid. For more information go to https://aka.ms/aspnet/dataprotectionwarning
   at Microsoft.AspNetCore.DataProtection.Managed.ManagedAuthenticatedEncryptor.Decrypt(ArraySegment`1 protectedPayload, ArraySegment`1 additionalAuthenticatedData)
   at Microsoft.AspNetCore.DataProtection.KeyManagement.KeyRingBasedDataProtector.UnprotectCore(Byte[] protectedData, Boolean allowOperationsOnRevokedKeys, UnprotectStatus& status)
   at Microsoft.AspNetCore.DataProtection.KeyManagement.KeyRingBasedDataProtector.Unprotect(Byte[] protectedData)
   at Microsoft.AspNetCore.Session.CookieProtection.Unprotect(IDataProtector protector, String protectedText, ILogger logger)
2024-11-30 15:54:56.132 +01:00 [INF] Executing endpoint 'photogram.Controllers.HomeController.Index (photogram)'
2024-11-30 15:54:56.132 +01:00 [INF] Route matched with {action = "Index", controller = "Home", page = "", area = ""}. Executing controller action with signature Microsoft.AspNetCore.Mvc.IActionResult Index() on controller photogram.Controllers.HomeController (photogram).
2024-11-30 15:54:56.133 +01:00 [INF] Executing ViewResult, running view Index.
2024-11-30 15:54:56.144 +01:00 [INF] Executed ViewResult - view Index executed in 11.8284ms.
2024-11-30 15:54:56.145 +01:00 [INF] Executed action photogram.Controllers.HomeController.Index (photogram) in 12.1466ms
2024-11-30 15:54:56.146 +01:00 [INF] Executed endpoint 'photogram.Controllers.HomeController.Index (photogram)'
2024-11-30 15:54:56.150 +01:00 [INF] Request finished HTTP/1.1 GET http://localhost:5001/ - 200 null text/html; charset=utf-8 20.0466ms
2024-11-30 15:55:00.376 +01:00 [INF] Request starting HTTP/1.1 GET http://localhost:5001/Home/Feed - null null
2024-11-30 15:55:00.383 +01:00 [WRN] Error unprotecting the session cookie.
System.Security.Cryptography.CryptographicException: The payload was invalid. For more information go to https://aka.ms/aspnet/dataprotectionwarning
   at Microsoft.AspNetCore.DataProtection.Managed.ManagedAuthenticatedEncryptor.Decrypt(ArraySegment`1 protectedPayload, ArraySegment`1 additionalAuthenticatedData)
   at Microsoft.AspNetCore.DataProtection.KeyManagement.KeyRingBasedDataProtector.UnprotectCore(Byte[] protectedData, Boolean allowOperationsOnRevokedKeys, UnprotectStatus& status)
   at Microsoft.AspNetCore.DataProtection.KeyManagement.KeyRingBasedDataProtector.Unprotect(Byte[] protectedData)
   at Microsoft.AspNetCore.Session.CookieProtection.Unprotect(IDataProtector protector, String protectedText, ILogger logger)
2024-11-30 15:55:00.384 +01:00 [INF] Executing endpoint 'photogram.Controllers.HomeController.Feed (photogram)'
2024-11-30 15:55:00.385 +01:00 [INF] Route matched with {action = "Feed", controller = "Home", page = "", area = ""}. Executing controller action with signature Microsoft.AspNetCore.Mvc.IActionResult Feed() on controller photogram.Controllers.HomeController (photogram).
2024-11-30 15:55:00.385 +01:00 [INF] Executing RedirectResult, redirecting to /Post/Feed.
2024-11-30 15:55:00.385 +01:00 [INF] Executed action photogram.Controllers.HomeController.Feed (photogram) in 0.2626ms
2024-11-30 15:55:00.385 +01:00 [INF] Executed endpoint 'photogram.Controllers.HomeController.Feed (photogram)'
2024-11-30 15:55:00.385 +01:00 [INF] Request finished HTTP/1.1 GET http://localhost:5001/Home/Feed - 302 0 null 9.34ms
2024-11-30 15:55:00.401 +01:00 [INF] Request starting HTTP/1.1 GET http://localhost:5001/Post/Feed - null null
2024-11-30 15:55:00.402 +01:00 [WRN] Error unprotecting the session cookie.
System.Security.Cryptography.CryptographicException: The payload was invalid. For more information go to https://aka.ms/aspnet/dataprotectionwarning
   at Microsoft.AspNetCore.DataProtection.Managed.ManagedAuthenticatedEncryptor.Decrypt(ArraySegment`1 protectedPayload, ArraySegment`1 additionalAuthenticatedData)
   at Microsoft.AspNetCore.DataProtection.KeyManagement.KeyRingBasedDataProtector.UnprotectCore(Byte[] protectedData, Boolean allowOperationsOnRevokedKeys, UnprotectStatus& status)
   at Microsoft.AspNetCore.DataProtection.KeyManagement.KeyRingBasedDataProtector.Unprotect(Byte[] protectedData)
   at Microsoft.AspNetCore.Session.CookieProtection.Unprotect(IDataProtector protector, String protectedText, ILogger logger)
2024-11-30 15:55:00.404 +01:00 [INF] Executing endpoint 'photogram.Controllers.PostController.Feed (photogram)'
2024-11-30 15:55:00.404 +01:00 [INF] Route matched with {action = "Feed", controller = "Post", page = "", area = ""}. Executing controller action with signature System.Threading.Tasks.Task`1[Microsoft.AspNetCore.Mvc.IActionResult] Feed(System.Nullable`1[System.Int32], System.Nullable`1[System.Int32]) on controller photogram.Controllers.PostController (photogram).
2024-11-30 15:55:00.410 +01:00 [INF] Executing ViewResult, running view Feed.
2024-11-30 15:55:00.448 +01:00 [INF] Executed ViewResult - view Feed executed in 38.5053ms.
2024-11-30 15:55:00.448 +01:00 [INF] Executed action photogram.Controllers.PostController.Feed (photogram) in 44.3578ms
2024-11-30 15:55:00.448 +01:00 [INF] Executed endpoint 'photogram.Controllers.PostController.Feed (photogram)'
2024-11-30 15:55:00.449 +01:00 [INF] Request finished HTTP/1.1 GET http://localhost:5001/Post/Feed - 200 null text/html; charset=utf-8 47.2395ms
2024-11-30 15:55:24.275 +01:00 [INF] Request starting HTTP/1.1 POST http://localhost:5001/Comments/AddComment - application/x-www-form-urlencoded 274
2024-11-30 15:55:24.284 +01:00 [WRN] Error unprotecting the session cookie.
System.Security.Cryptography.CryptographicException: The payload was invalid. For more information go to https://aka.ms/aspnet/dataprotectionwarning
   at Microsoft.AspNetCore.DataProtection.Managed.ManagedAuthenticatedEncryptor.Decrypt(ArraySegment`1 protectedPayload, ArraySegment`1 additionalAuthenticatedData)
   at Microsoft.AspNetCore.DataProtection.KeyManagement.KeyRingBasedDataProtector.UnprotectCore(Byte[] protectedData, Boolean allowOperationsOnRevokedKeys, UnprotectStatus& status)
   at Microsoft.AspNetCore.DataProtection.KeyManagement.KeyRingBasedDataProtector.Unprotect(Byte[] protectedData)
   at Microsoft.AspNetCore.Session.CookieProtection.Unprotect(IDataProtector protector, String protectedText, ILogger logger)
2024-11-30 15:55:24.291 +01:00 [INF] Executing endpoint 'photogram.Controllers.CommentsController.AddComment (photogram)'
2024-11-30 15:55:24.310 +01:00 [INF] Route matched with {action = "AddComment", controller = "Comments", page = "", area = ""}. Executing controller action with signature System.Threading.Tasks.Task`1[Microsoft.AspNetCore.Mvc.IActionResult] AddComment(Int32, System.String) on controller photogram.Controllers.CommentsController (photogram).
2024-11-30 15:55:24.853 +01:00 [INF] Comment added successfully for PostId 11 by User Billclinton@gmail.com.
2024-11-30 15:55:24.854 +01:00 [INF] Executing RedirectResult, redirecting to /Post/Feed.
2024-11-30 15:55:24.854 +01:00 [INF] Executed action photogram.Controllers.CommentsController.AddComment (photogram) in 543.4841ms
2024-11-30 15:55:24.854 +01:00 [INF] Executed endpoint 'photogram.Controllers.CommentsController.AddComment (photogram)'
2024-11-30 15:55:24.854 +01:00 [INF] Request finished HTTP/1.1 POST http://localhost:5001/Comments/AddComment - 302 0 null 578.7481ms
2024-11-30 15:55:24.863 +01:00 [INF] Request starting HTTP/1.1 GET http://localhost:5001/Post/Feed - null null
2024-11-30 15:55:24.866 +01:00 [WRN] Error unprotecting the session cookie.
System.Security.Cryptography.CryptographicException: The payload was invalid. For more information go to https://aka.ms/aspnet/dataprotectionwarning
   at Microsoft.AspNetCore.DataProtection.Managed.ManagedAuthenticatedEncryptor.Decrypt(ArraySegment`1 protectedPayload, ArraySegment`1 additionalAuthenticatedData)
   at Microsoft.AspNetCore.DataProtection.KeyManagement.KeyRingBasedDataProtector.UnprotectCore(Byte[] protectedData, Boolean allowOperationsOnRevokedKeys, UnprotectStatus& status)
   at Microsoft.AspNetCore.DataProtection.KeyManagement.KeyRingBasedDataProtector.Unprotect(Byte[] protectedData)
   at Microsoft.AspNetCore.Session.CookieProtection.Unprotect(IDataProtector protector, String protectedText, ILogger logger)
2024-11-30 15:55:24.867 +01:00 [INF] Executing endpoint 'photogram.Controllers.PostController.Feed (photogram)'
2024-11-30 15:55:24.867 +01:00 [INF] Route matched with {action = "Feed", controller = "Post", page = "", area = ""}. Executing controller action with signature System.Threading.Tasks.Task`1[Microsoft.AspNetCore.Mvc.IActionResult] Feed(System.Nullable`1[System.Int32], System.Nullable`1[System.Int32]) on controller photogram.Controllers.PostController (photogram).
2024-11-30 15:55:24.869 +01:00 [INF] Executing ViewResult, running view Feed.
2024-11-30 15:55:24.903 +01:00 [INF] Executed ViewResult - view Feed executed in 33.7528ms.
2024-11-30 15:55:24.903 +01:00 [INF] Executed action photogram.Controllers.PostController.Feed (photogram) in 35.8561ms
2024-11-30 15:55:24.903 +01:00 [INF] Executed endpoint 'photogram.Controllers.PostController.Feed (photogram)'
2024-11-30 15:55:24.904 +01:00 [INF] Request finished HTTP/1.1 GET http://localhost:5001/Post/Feed - 200 null text/html; charset=utf-8 40.304ms
2024-11-30 15:55:34.533 +01:00 [INF] Request starting HTTP/1.1 GET http://localhost:5001/Home/Feed - null null
2024-11-30 15:55:34.534 +01:00 [WRN] Error unprotecting the session cookie.
System.Security.Cryptography.CryptographicException: The payload was invalid. For more information go to https://aka.ms/aspnet/dataprotectionwarning
   at Microsoft.AspNetCore.DataProtection.Managed.ManagedAuthenticatedEncryptor.Decrypt(ArraySegment`1 protectedPayload, ArraySegment`1 additionalAuthenticatedData)
   at Microsoft.AspNetCore.DataProtection.KeyManagement.KeyRingBasedDataProtector.UnprotectCore(Byte[] protectedData, Boolean allowOperationsOnRevokedKeys, UnprotectStatus& status)
   at Microsoft.AspNetCore.DataProtection.KeyManagement.KeyRingBasedDataProtector.Unprotect(Byte[] protectedData)
   at Microsoft.AspNetCore.Session.CookieProtection.Unprotect(IDataProtector protector, String protectedText, ILogger logger)
2024-11-30 15:55:34.536 +01:00 [INF] Executing endpoint 'photogram.Controllers.HomeController.Feed (photogram)'
2024-11-30 15:55:34.536 +01:00 [INF] Route matched with {action = "Feed", controller = "Home", page = "", area = ""}. Executing controller action with signature Microsoft.AspNetCore.Mvc.IActionResult Feed() on controller photogram.Controllers.HomeController (photogram).
2024-11-30 15:55:34.549 +01:00 [INF] Executing RedirectResult, redirecting to /Post/Feed.
2024-11-30 15:55:34.552 +01:00 [INF] Executed action photogram.Controllers.HomeController.Feed (photogram) in 3.0626ms
2024-11-30 15:55:34.553 +01:00 [INF] Executed endpoint 'photogram.Controllers.HomeController.Feed (photogram)'
2024-11-30 15:55:34.554 +01:00 [INF] Request finished HTTP/1.1 GET http://localhost:5001/Home/Feed - 302 0 null 20.2566ms
2024-11-30 15:55:34.559 +01:00 [INF] Request starting HTTP/1.1 GET http://localhost:5001/Post/Feed - null null
2024-11-30 15:55:34.560 +01:00 [WRN] Error unprotecting the session cookie.
System.Security.Cryptography.CryptographicException: The payload was invalid. For more information go to https://aka.ms/aspnet/dataprotectionwarning
   at Microsoft.AspNetCore.DataProtection.Managed.ManagedAuthenticatedEncryptor.Decrypt(ArraySegment`1 protectedPayload, ArraySegment`1 additionalAuthenticatedData)
   at Microsoft.AspNetCore.DataProtection.KeyManagement.KeyRingBasedDataProtector.UnprotectCore(Byte[] protectedData, Boolean allowOperationsOnRevokedKeys, UnprotectStatus& status)
   at Microsoft.AspNetCore.DataProtection.KeyManagement.KeyRingBasedDataProtector.Unprotect(Byte[] protectedData)
   at Microsoft.AspNetCore.Session.CookieProtection.Unprotect(IDataProtector protector, String protectedText, ILogger logger)
2024-11-30 15:55:34.562 +01:00 [INF] Executing endpoint 'photogram.Controllers.PostController.Feed (photogram)'
2024-11-30 15:55:34.562 +01:00 [INF] Route matched with {action = "Feed", controller = "Post", page = "", area = ""}. Executing controller action with signature System.Threading.Tasks.Task`1[Microsoft.AspNetCore.Mvc.IActionResult] Feed(System.Nullable`1[System.Int32], System.Nullable`1[System.Int32]) on controller photogram.Controllers.PostController (photogram).
2024-11-30 15:55:34.572 +01:00 [INF] Executing ViewResult, running view Feed.
2024-11-30 15:55:34.609 +01:00 [INF] Executed ViewResult - view Feed executed in 36.8755ms.
2024-11-30 15:55:34.609 +01:00 [INF] Executed action photogram.Controllers.PostController.Feed (photogram) in 46.7474ms
2024-11-30 15:55:34.609 +01:00 [INF] Executed endpoint 'photogram.Controllers.PostController.Feed (photogram)'
2024-11-30 15:55:34.612 +01:00 [INF] Request finished HTTP/1.1 GET http://localhost:5001/Post/Feed - 200 null text/html; charset=utf-8 52.8051ms
2024-11-30 15:55:36.885 +01:00 [INF] Request starting HTTP/1.1 GET http://localhost:5001/Home/Friends - null null
2024-11-30 15:55:36.886 +01:00 [WRN] Error unprotecting the session cookie.
System.Security.Cryptography.CryptographicException: The payload was invalid. For more information go to https://aka.ms/aspnet/dataprotectionwarning
   at Microsoft.AspNetCore.DataProtection.Managed.ManagedAuthenticatedEncryptor.Decrypt(ArraySegment`1 protectedPayload, ArraySegment`1 additionalAuthenticatedData)
   at Microsoft.AspNetCore.DataProtection.KeyManagement.KeyRingBasedDataProtector.UnprotectCore(Byte[] protectedData, Boolean allowOperationsOnRevokedKeys, UnprotectStatus& status)
   at Microsoft.AspNetCore.DataProtection.KeyManagement.KeyRingBasedDataProtector.Unprotect(Byte[] protectedData)
   at Microsoft.AspNetCore.Session.CookieProtection.Unprotect(IDataProtector protector, String protectedText, ILogger logger)
2024-11-30 15:55:36.888 +01:00 [INF] Executing endpoint 'photogram.Controllers.HomeController.Friends (photogram)'
2024-11-30 15:55:36.903 +01:00 [INF] Route matched with {action = "Friends", controller = "Home", page = "", area = ""}. Executing controller action with signature Microsoft.AspNetCore.Mvc.IActionResult Friends() on controller photogram.Controllers.HomeController (photogram).
2024-11-30 15:55:36.908 +01:00 [INF] Executing RedirectResult, redirecting to /Post/Friends.
2024-11-30 15:55:36.908 +01:00 [INF] Executed action photogram.Controllers.HomeController.Friends (photogram) in 0.7207ms
2024-11-30 15:55:36.908 +01:00 [INF] Executed endpoint 'photogram.Controllers.HomeController.Friends (photogram)'
2024-11-30 15:55:36.908 +01:00 [INF] Request finished HTTP/1.1 GET http://localhost:5001/Home/Friends - 302 0 null 23.0953ms
2024-11-30 15:55:36.922 +01:00 [INF] Request starting HTTP/1.1 GET http://localhost:5001/Post/Friends - null null
2024-11-30 15:55:36.922 +01:00 [WRN] Error unprotecting the session cookie.
System.Security.Cryptography.CryptographicException: The payload was invalid. For more information go to https://aka.ms/aspnet/dataprotectionwarning
   at Microsoft.AspNetCore.DataProtection.Managed.ManagedAuthenticatedEncryptor.Decrypt(ArraySegment`1 protectedPayload, ArraySegment`1 additionalAuthenticatedData)
   at Microsoft.AspNetCore.DataProtection.KeyManagement.KeyRingBasedDataProtector.UnprotectCore(Byte[] protectedData, Boolean allowOperationsOnRevokedKeys, UnprotectStatus& status)
   at Microsoft.AspNetCore.DataProtection.KeyManagement.KeyRingBasedDataProtector.Unprotect(Byte[] protectedData)
   at Microsoft.AspNetCore.Session.CookieProtection.Unprotect(IDataProtector protector, String protectedText, ILogger logger)
2024-11-30 15:55:36.923 +01:00 [INF] Executing endpoint 'photogram.Controllers.PostController.Friends (photogram)'
2024-11-30 15:55:36.938 +01:00 [INF] Route matched with {action = "Friends", controller = "Post", page = "", area = ""}. Executing controller action with signature System.Threading.Tasks.Task`1[Microsoft.AspNetCore.Mvc.IActionResult] Friends() on controller photogram.Controllers.PostController (photogram).
2024-11-30 15:55:37.004 +01:00 [INF] Executing ViewResult, running view Friends.
2024-11-30 15:55:37.024 +01:00 [INF] Executed ViewResult - view Friends executed in 21.0134ms.
2024-11-30 15:55:37.024 +01:00 [INF] Executed action photogram.Controllers.PostController.Friends (photogram) in 85.9522ms
2024-11-30 15:55:37.024 +01:00 [INF] Executed endpoint 'photogram.Controllers.PostController.Friends (photogram)'
2024-11-30 15:55:37.024 +01:00 [INF] Request finished HTTP/1.1 GET http://localhost:5001/Post/Friends - 200 null text/html; charset=utf-8 102.138ms
2024-11-30 15:55:39.371 +01:00 [INF] Request starting HTTP/1.1 POST http://localhost:5001/Post/AddFriend - application/x-www-form-urlencoded 254
2024-11-30 15:55:39.371 +01:00 [WRN] Error unprotecting the session cookie.
System.Security.Cryptography.CryptographicException: The payload was invalid. For more information go to https://aka.ms/aspnet/dataprotectionwarning
   at Microsoft.AspNetCore.DataProtection.Managed.ManagedAuthenticatedEncryptor.Decrypt(ArraySegment`1 protectedPayload, ArraySegment`1 additionalAuthenticatedData)
   at Microsoft.AspNetCore.DataProtection.KeyManagement.KeyRingBasedDataProtector.UnprotectCore(Byte[] protectedData, Boolean allowOperationsOnRevokedKeys, UnprotectStatus& status)
   at Microsoft.AspNetCore.DataProtection.KeyManagement.KeyRingBasedDataProtector.Unprotect(Byte[] protectedData)
   at Microsoft.AspNetCore.Session.CookieProtection.Unprotect(IDataProtector protector, String protectedText, ILogger logger)
2024-11-30 15:55:39.388 +01:00 [INF] Executing endpoint 'photogram.Controllers.PostController.AddFriend (photogram)'
2024-11-30 15:55:39.406 +01:00 [INF] Route matched with {action = "AddFriend", controller = "Post", page = "", area = ""}. Executing controller action with signature System.Threading.Tasks.Task`1[Microsoft.AspNetCore.Mvc.IActionResult] AddFriend(System.String) on controller photogram.Controllers.PostController (photogram).
2024-11-30 15:55:39.475 +01:00 [INF] Executing RedirectResult, redirecting to /Post/Friends.
2024-11-30 15:55:39.475 +01:00 [INF] Executed action photogram.Controllers.PostController.AddFriend (photogram) in 68.7707ms
2024-11-30 15:55:39.475 +01:00 [INF] Executed endpoint 'photogram.Controllers.PostController.AddFriend (photogram)'
2024-11-30 15:55:39.475 +01:00 [INF] Request finished HTTP/1.1 POST http://localhost:5001/Post/AddFriend - 302 0 null 104.103ms
2024-11-30 15:55:39.484 +01:00 [INF] Request starting HTTP/1.1 GET http://localhost:5001/Post/Friends - null null
2024-11-30 15:55:39.485 +01:00 [WRN] Error unprotecting the session cookie.
System.Security.Cryptography.CryptographicException: The payload was invalid. For more information go to https://aka.ms/aspnet/dataprotectionwarning
   at Microsoft.AspNetCore.DataProtection.Managed.ManagedAuthenticatedEncryptor.Decrypt(ArraySegment`1 protectedPayload, ArraySegment`1 additionalAuthenticatedData)
   at Microsoft.AspNetCore.DataProtection.KeyManagement.KeyRingBasedDataProtector.UnprotectCore(Byte[] protectedData, Boolean allowOperationsOnRevokedKeys, UnprotectStatus& status)
   at Microsoft.AspNetCore.DataProtection.KeyManagement.KeyRingBasedDataProtector.Unprotect(Byte[] protectedData)
   at Microsoft.AspNetCore.Session.CookieProtection.Unprotect(IDataProtector protector, String protectedText, ILogger logger)
2024-11-30 15:55:39.487 +01:00 [INF] Executing endpoint 'photogram.Controllers.PostController.Friends (photogram)'
2024-11-30 15:55:39.487 +01:00 [INF] Route matched with {action = "Friends", controller = "Post", page = "", area = ""}. Executing controller action with signature System.Threading.Tasks.Task`1[Microsoft.AspNetCore.Mvc.IActionResult] Friends() on controller photogram.Controllers.PostController (photogram).
2024-11-30 15:55:39.493 +01:00 [INF] Executing ViewResult, running view Friends.
2024-11-30 15:55:39.500 +01:00 [INF] Executed ViewResult - view Friends executed in 7.02ms.
2024-11-30 15:55:39.500 +01:00 [INF] Executed action photogram.Controllers.PostController.Friends (photogram) in 13.0711ms
2024-11-30 15:55:39.500 +01:00 [INF] Executed endpoint 'photogram.Controllers.PostController.Friends (photogram)'
2024-11-30 15:55:39.501 +01:00 [INF] Request finished HTTP/1.1 GET http://localhost:5001/Post/Friends - 200 null text/html; charset=utf-8 16.5813ms
2024-11-30 15:55:41.135 +01:00 [INF] Request starting HTTP/1.1 GET http://localhost:5001/Post/CreatePost - null null
2024-11-30 15:55:41.135 +01:00 [WRN] Error unprotecting the session cookie.
System.Security.Cryptography.CryptographicException: The payload was invalid. For more information go to https://aka.ms/aspnet/dataprotectionwarning
   at Microsoft.AspNetCore.DataProtection.Managed.ManagedAuthenticatedEncryptor.Decrypt(ArraySegment`1 protectedPayload, ArraySegment`1 additionalAuthenticatedData)
   at Microsoft.AspNetCore.DataProtection.KeyManagement.KeyRingBasedDataProtector.UnprotectCore(Byte[] protectedData, Boolean allowOperationsOnRevokedKeys, UnprotectStatus& status)
   at Microsoft.AspNetCore.DataProtection.KeyManagement.KeyRingBasedDataProtector.Unprotect(Byte[] protectedData)
   at Microsoft.AspNetCore.Session.CookieProtection.Unprotect(IDataProtector protector, String protectedText, ILogger logger)
2024-11-30 15:55:41.137 +01:00 [INF] Executing endpoint 'photogram.Controllers.PostController.CreatePost (photogram)'
2024-11-30 15:55:41.147 +01:00 [INF] Route matched with {action = "CreatePost", controller = "Post", page = "", area = ""}. Executing controller action with signature Microsoft.AspNetCore.Mvc.IActionResult CreatePost() on controller photogram.Controllers.PostController (photogram).
2024-11-30 15:55:41.150 +01:00 [INF] Executing ViewResult, running view CreatePost.
2024-11-30 15:55:41.173 +01:00 [INF] Executed ViewResult - view CreatePost executed in 24.426ms.
2024-11-30 15:55:41.173 +01:00 [INF] Executed action photogram.Controllers.PostController.CreatePost (photogram) in 24.9793ms
2024-11-30 15:55:41.173 +01:00 [INF] Executed endpoint 'photogram.Controllers.PostController.CreatePost (photogram)'
2024-11-30 15:55:41.173 +01:00 [INF] Request finished HTTP/1.1 GET http://localhost:5001/Post/CreatePost - 200 null text/html; charset=utf-8 38.4356ms
2024-11-30 15:55:43.370 +01:00 [INF] Request starting HTTP/1.1 GET http://localhost:5001/Post/MyPosts - null null
2024-11-30 15:55:43.370 +01:00 [WRN] Error unprotecting the session cookie.
System.Security.Cryptography.CryptographicException: The payload was invalid. For more information go to https://aka.ms/aspnet/dataprotectionwarning
   at Microsoft.AspNetCore.DataProtection.Managed.ManagedAuthenticatedEncryptor.Decrypt(ArraySegment`1 protectedPayload, ArraySegment`1 additionalAuthenticatedData)
   at Microsoft.AspNetCore.DataProtection.KeyManagement.KeyRingBasedDataProtector.UnprotectCore(Byte[] protectedData, Boolean allowOperationsOnRevokedKeys, UnprotectStatus& status)
   at Microsoft.AspNetCore.DataProtection.KeyManagement.KeyRingBasedDataProtector.Unprotect(Byte[] protectedData)
   at Microsoft.AspNetCore.Session.CookieProtection.Unprotect(IDataProtector protector, String protectedText, ILogger logger)
2024-11-30 15:55:43.372 +01:00 [INF] Executing endpoint 'photogram.Controllers.PostController.MyPosts (photogram)'
2024-11-30 15:55:43.386 +01:00 [INF] Route matched with {action = "MyPosts", controller = "Post", page = "", area = ""}. Executing controller action with signature System.Threading.Tasks.Task`1[Microsoft.AspNetCore.Mvc.IActionResult] MyPosts(System.Nullable`1[System.Int32]) on controller photogram.Controllers.PostController (photogram).
2024-11-30 15:55:43.532 +01:00 [INF] Executing ViewResult, running view MyPosts.
2024-11-30 15:55:43.572 +01:00 [INF] Executed ViewResult - view MyPosts executed in 45.0691ms.
2024-11-30 15:55:43.573 +01:00 [INF] Executed action photogram.Controllers.PostController.MyPosts (photogram) in 186.0776ms
2024-11-30 15:55:43.573 +01:00 [INF] Executed endpoint 'photogram.Controllers.PostController.MyPosts (photogram)'
2024-11-30 15:55:43.573 +01:00 [INF] Request finished HTTP/1.1 GET http://localhost:5001/Post/MyPosts - 200 null text/html; charset=utf-8 203.1191ms
2024-11-30 15:55:45.236 +01:00 [INF] Request starting HTTP/1.1 GET http://localhost:5001/Post/CreatePost - null null
2024-11-30 15:55:45.237 +01:00 [WRN] Error unprotecting the session cookie.
System.Security.Cryptography.CryptographicException: The payload was invalid. For more information go to https://aka.ms/aspnet/dataprotectionwarning
   at Microsoft.AspNetCore.DataProtection.Managed.ManagedAuthenticatedEncryptor.Decrypt(ArraySegment`1 protectedPayload, ArraySegment`1 additionalAuthenticatedData)
   at Microsoft.AspNetCore.DataProtection.KeyManagement.KeyRingBasedDataProtector.UnprotectCore(Byte[] protectedData, Boolean allowOperationsOnRevokedKeys, UnprotectStatus& status)
   at Microsoft.AspNetCore.DataProtection.KeyManagement.KeyRingBasedDataProtector.Unprotect(Byte[] protectedData)
   at Microsoft.AspNetCore.Session.CookieProtection.Unprotect(IDataProtector protector, String protectedText, ILogger logger)
2024-11-30 15:55:45.241 +01:00 [INF] Executing endpoint 'photogram.Controllers.PostController.CreatePost (photogram)'
2024-11-30 15:55:45.241 +01:00 [INF] Route matched with {action = "CreatePost", controller = "Post", page = "", area = ""}. Executing controller action with signature Microsoft.AspNetCore.Mvc.IActionResult CreatePost() on controller photogram.Controllers.PostController (photogram).
2024-11-30 15:55:45.241 +01:00 [INF] Executing ViewResult, running view CreatePost.
2024-11-30 15:55:45.248 +01:00 [INF] Executed ViewResult - view CreatePost executed in 6.9009ms.
2024-11-30 15:55:45.248 +01:00 [INF] Executed action photogram.Controllers.PostController.CreatePost (photogram) in 7.0968ms
2024-11-30 15:55:45.248 +01:00 [INF] Executed endpoint 'photogram.Controllers.PostController.CreatePost (photogram)'
2024-11-30 15:55:45.248 +01:00 [INF] Request finished HTTP/1.1 GET http://localhost:5001/Post/CreatePost - 200 null text/html; charset=utf-8 12.4979ms
2024-11-30 15:56:43.773 +01:00 [INF] Request starting HTTP/1.1 POST http://localhost:5001/Post/CreatePost - multipart/form-data; boundary=----WebKitFormBoundaryvF0WrJfPpS9vLHCN 5753
2024-11-30 15:56:43.777 +01:00 [WRN] Error unprotecting the session cookie.
System.Security.Cryptography.CryptographicException: The payload was invalid. For more information go to https://aka.ms/aspnet/dataprotectionwarning
   at Microsoft.AspNetCore.DataProtection.Managed.ManagedAuthenticatedEncryptor.Decrypt(ArraySegment`1 protectedPayload, ArraySegment`1 additionalAuthenticatedData)
   at Microsoft.AspNetCore.DataProtection.KeyManagement.KeyRingBasedDataProtector.UnprotectCore(Byte[] protectedData, Boolean allowOperationsOnRevokedKeys, UnprotectStatus& status)
   at Microsoft.AspNetCore.DataProtection.KeyManagement.KeyRingBasedDataProtector.Unprotect(Byte[] protectedData)
   at Microsoft.AspNetCore.Session.CookieProtection.Unprotect(IDataProtector protector, String protectedText, ILogger logger)
2024-11-30 15:56:43.781 +01:00 [INF] Executing endpoint 'photogram.Controllers.PostController.CreatePost (photogram)'
2024-11-30 15:56:43.804 +01:00 [INF] Route matched with {action = "CreatePost", controller = "Post", page = "", area = ""}. Executing controller action with signature System.Threading.Tasks.Task`1[Microsoft.AspNetCore.Mvc.IActionResult] CreatePost(photogram.Models.CreatePostModel) on controller photogram.Controllers.PostController (photogram).
2024-11-30 15:56:43.857 +01:00 [INF] Creating a new post in PostController
2024-11-30 15:56:43.906 +01:00 [INF] Executing RedirectResult, redirecting to /Post/MyPosts.
2024-11-30 15:56:43.908 +01:00 [INF] Executed action photogram.Controllers.PostController.CreatePost (photogram) in 104.1883ms
2024-11-30 15:56:43.909 +01:00 [INF] Executed endpoint 'photogram.Controllers.PostController.CreatePost (photogram)'
2024-11-30 15:56:43.915 +01:00 [INF] Request finished HTTP/1.1 POST http://localhost:5001/Post/CreatePost - 302 0 null 141.5856ms
2024-11-30 15:56:43.922 +01:00 [INF] Request starting HTTP/1.1 GET http://localhost:5001/Post/MyPosts - null null
2024-11-30 15:56:43.923 +01:00 [WRN] Error unprotecting the session cookie.
System.Security.Cryptography.CryptographicException: The payload was invalid. For more information go to https://aka.ms/aspnet/dataprotectionwarning
   at Microsoft.AspNetCore.DataProtection.Managed.ManagedAuthenticatedEncryptor.Decrypt(ArraySegment`1 protectedPayload, ArraySegment`1 additionalAuthenticatedData)
   at Microsoft.AspNetCore.DataProtection.KeyManagement.KeyRingBasedDataProtector.UnprotectCore(Byte[] protectedData, Boolean allowOperationsOnRevokedKeys, UnprotectStatus& status)
   at Microsoft.AspNetCore.DataProtection.KeyManagement.KeyRingBasedDataProtector.Unprotect(Byte[] protectedData)
   at Microsoft.AspNetCore.Session.CookieProtection.Unprotect(IDataProtector protector, String protectedText, ILogger logger)
2024-11-30 15:56:43.924 +01:00 [INF] Executing endpoint 'photogram.Controllers.PostController.MyPosts (photogram)'
2024-11-30 15:56:43.925 +01:00 [INF] Route matched with {action = "MyPosts", controller = "Post", page = "", area = ""}. Executing controller action with signature System.Threading.Tasks.Task`1[Microsoft.AspNetCore.Mvc.IActionResult] MyPosts(System.Nullable`1[System.Int32]) on controller photogram.Controllers.PostController (photogram).
2024-11-30 15:56:43.930 +01:00 [INF] Executing ViewResult, running view MyPosts.
2024-11-30 15:56:43.977 +01:00 [INF] Executed ViewResult - view MyPosts executed in 48.1568ms.
2024-11-30 15:56:43.977 +01:00 [INF] Executed action photogram.Controllers.PostController.MyPosts (photogram) in 52.678ms
2024-11-30 15:56:43.977 +01:00 [INF] Executed endpoint 'photogram.Controllers.PostController.MyPosts (photogram)'
2024-11-30 15:56:43.978 +01:00 [INF] Request finished HTTP/1.1 GET http://localhost:5001/Post/MyPosts - 200 null text/html; charset=utf-8 55.4995ms
2024-11-30 15:56:44.116 +01:00 [INF] Request starting HTTP/1.1 GET http://localhost:5001/uploads/f3185d25-5b64-42f3-9086-207feb10373f_bill.jpg - null null
2024-11-30 15:56:44.171 +01:00 [INF] Sending file. Request path: '/uploads/f3185d25-5b64-42f3-9086-207feb10373f_bill.jpg'. Physical path: '/Users/yasminali/Desktop/ExamITPE3100/photogram7/wwwroot/uploads/f3185d25-5b64-42f3-9086-207feb10373f_bill.jpg'
2024-11-30 15:56:44.172 +01:00 [INF] Request finished HTTP/1.1 GET http://localhost:5001/uploads/f3185d25-5b64-42f3-9086-207feb10373f_bill.jpg - 200 5135 image/jpeg 55.0828ms
2024-11-30 15:56:53.831 +01:00 [INF] Request starting HTTP/1.1 GET http://localhost:5001/Home/Feed - null null
2024-11-30 15:56:53.833 +01:00 [WRN] Error unprotecting the session cookie.
System.Security.Cryptography.CryptographicException: The payload was invalid. For more information go to https://aka.ms/aspnet/dataprotectionwarning
   at Microsoft.AspNetCore.DataProtection.Managed.ManagedAuthenticatedEncryptor.Decrypt(ArraySegment`1 protectedPayload, ArraySegment`1 additionalAuthenticatedData)
   at Microsoft.AspNetCore.DataProtection.KeyManagement.KeyRingBasedDataProtector.UnprotectCore(Byte[] protectedData, Boolean allowOperationsOnRevokedKeys, UnprotectStatus& status)
   at Microsoft.AspNetCore.DataProtection.KeyManagement.KeyRingBasedDataProtector.Unprotect(Byte[] protectedData)
   at Microsoft.AspNetCore.Session.CookieProtection.Unprotect(IDataProtector protector, String protectedText, ILogger logger)
2024-11-30 15:56:53.841 +01:00 [INF] Executing endpoint 'photogram.Controllers.HomeController.Feed (photogram)'
2024-11-30 15:56:53.841 +01:00 [INF] Route matched with {action = "Feed", controller = "Home", page = "", area = ""}. Executing controller action with signature Microsoft.AspNetCore.Mvc.IActionResult Feed() on controller photogram.Controllers.HomeController (photogram).
2024-11-30 15:56:53.842 +01:00 [INF] Executing RedirectResult, redirecting to /Post/Feed.
2024-11-30 15:56:53.842 +01:00 [INF] Executed action photogram.Controllers.HomeController.Feed (photogram) in 1.201ms
2024-11-30 15:56:53.842 +01:00 [INF] Executed endpoint 'photogram.Controllers.HomeController.Feed (photogram)'
2024-11-30 15:56:53.842 +01:00 [INF] Request finished HTTP/1.1 GET http://localhost:5001/Home/Feed - 302 0 null 10.8877ms
2024-11-30 15:56:53.847 +01:00 [INF] Request starting HTTP/1.1 GET http://localhost:5001/Post/Feed - null null
2024-11-30 15:56:53.847 +01:00 [WRN] Error unprotecting the session cookie.
System.Security.Cryptography.CryptographicException: The payload was invalid. For more information go to https://aka.ms/aspnet/dataprotectionwarning
   at Microsoft.AspNetCore.DataProtection.Managed.ManagedAuthenticatedEncryptor.Decrypt(ArraySegment`1 protectedPayload, ArraySegment`1 additionalAuthenticatedData)
   at Microsoft.AspNetCore.DataProtection.KeyManagement.KeyRingBasedDataProtector.UnprotectCore(Byte[] protectedData, Boolean allowOperationsOnRevokedKeys, UnprotectStatus& status)
   at Microsoft.AspNetCore.DataProtection.KeyManagement.KeyRingBasedDataProtector.Unprotect(Byte[] protectedData)
   at Microsoft.AspNetCore.Session.CookieProtection.Unprotect(IDataProtector protector, String protectedText, ILogger logger)
2024-11-30 15:56:53.855 +01:00 [INF] Executing endpoint 'photogram.Controllers.PostController.Feed (photogram)'
2024-11-30 15:56:53.856 +01:00 [INF] Route matched with {action = "Feed", controller = "Post", page = "", area = ""}. Executing controller action with signature System.Threading.Tasks.Task`1[Microsoft.AspNetCore.Mvc.IActionResult] Feed(System.Nullable`1[System.Int32], System.Nullable`1[System.Int32]) on controller photogram.Controllers.PostController (photogram).
2024-11-30 15:56:53.863 +01:00 [INF] Executing ViewResult, running view Feed.
2024-11-30 15:56:53.908 +01:00 [INF] Executed ViewResult - view Feed executed in 45.3393ms.
2024-11-30 15:56:53.908 +01:00 [INF] Executed action photogram.Controllers.PostController.Feed (photogram) in 52.5363ms
2024-11-30 15:56:53.908 +01:00 [INF] Executed endpoint 'photogram.Controllers.PostController.Feed (photogram)'
2024-11-30 15:56:53.909 +01:00 [INF] Request finished HTTP/1.1 GET http://localhost:5001/Post/Feed - 200 null text/html; charset=utf-8 61.692ms
2024-11-30 15:56:53.995 +01:00 [INF] Request starting HTTP/1.1 GET http://localhost:5001/uploads/f3185d25-5b64-42f3-9086-207feb10373f_bill.jpg - null null
2024-11-30 15:56:53.996 +01:00 [INF] The file /uploads/f3185d25-5b64-42f3-9086-207feb10373f_bill.jpg was not modified
2024-11-30 15:56:53.996 +01:00 [INF] Request finished HTTP/1.1 GET http://localhost:5001/uploads/f3185d25-5b64-42f3-9086-207feb10373f_bill.jpg - 304 null image/jpeg 1.1488ms
2024-11-30 15:57:07.802 +01:00 [INF] Request starting HTTP/1.1 GET http://localhost:5001/Post/Feed - null null
2024-11-30 15:57:07.814 +01:00 [WRN] Error unprotecting the session cookie.
System.Security.Cryptography.CryptographicException: The payload was invalid. For more information go to https://aka.ms/aspnet/dataprotectionwarning
   at Microsoft.AspNetCore.DataProtection.Managed.ManagedAuthenticatedEncryptor.Decrypt(ArraySegment`1 protectedPayload, ArraySegment`1 additionalAuthenticatedData)
   at Microsoft.AspNetCore.DataProtection.KeyManagement.KeyRingBasedDataProtector.UnprotectCore(Byte[] protectedData, Boolean allowOperationsOnRevokedKeys, UnprotectStatus& status)
   at Microsoft.AspNetCore.DataProtection.KeyManagement.KeyRingBasedDataProtector.Unprotect(Byte[] protectedData)
   at Microsoft.AspNetCore.Session.CookieProtection.Unprotect(IDataProtector protector, String protectedText, ILogger logger)
2024-11-30 15:57:07.814 +01:00 [INF] Executing endpoint 'photogram.Controllers.PostController.Feed (photogram)'
2024-11-30 15:57:07.815 +01:00 [INF] Route matched with {action = "Feed", controller = "Post", page = "", area = ""}. Executing controller action with signature System.Threading.Tasks.Task`1[Microsoft.AspNetCore.Mvc.IActionResult] Feed(System.Nullable`1[System.Int32], System.Nullable`1[System.Int32]) on controller photogram.Controllers.PostController (photogram).
2024-11-30 15:57:07.831 +01:00 [INF] Executing ViewResult, running view Feed.
2024-11-30 15:57:07.914 +01:00 [INF] Executed ViewResult - view Feed executed in 83.1173ms.
2024-11-30 15:57:07.914 +01:00 [INF] Executed action photogram.Controllers.PostController.Feed (photogram) in 99.0859ms
2024-11-30 15:57:07.914 +01:00 [INF] Executed endpoint 'photogram.Controllers.PostController.Feed (photogram)'
2024-11-30 15:57:07.914 +01:00 [INF] Request finished HTTP/1.1 GET http://localhost:5001/Post/Feed - 200 null text/html; charset=utf-8 112.0622ms
2024-11-30 15:58:32.386 +01:00 [INF] Request starting HTTP/1.1 GET http://localhost:5001/Home/Friends - null null
2024-11-30 15:58:32.389 +01:00 [WRN] Error unprotecting the session cookie.
System.Security.Cryptography.CryptographicException: The payload was invalid. For more information go to https://aka.ms/aspnet/dataprotectionwarning
   at Microsoft.AspNetCore.DataProtection.Managed.ManagedAuthenticatedEncryptor.Decrypt(ArraySegment`1 protectedPayload, ArraySegment`1 additionalAuthenticatedData)
   at Microsoft.AspNetCore.DataProtection.KeyManagement.KeyRingBasedDataProtector.UnprotectCore(Byte[] protectedData, Boolean allowOperationsOnRevokedKeys, UnprotectStatus& status)
   at Microsoft.AspNetCore.DataProtection.KeyManagement.KeyRingBasedDataProtector.Unprotect(Byte[] protectedData)
   at Microsoft.AspNetCore.Session.CookieProtection.Unprotect(IDataProtector protector, String protectedText, ILogger logger)
2024-11-30 15:58:32.403 +01:00 [INF] Executing endpoint 'photogram.Controllers.HomeController.Friends (photogram)'
2024-11-30 15:58:32.425 +01:00 [INF] Route matched with {action = "Friends", controller = "Home", page = "", area = ""}. Executing controller action with signature Microsoft.AspNetCore.Mvc.IActionResult Friends() on controller photogram.Controllers.HomeController (photogram).
2024-11-30 15:58:32.426 +01:00 [INF] Executing RedirectResult, redirecting to /Post/Friends.
2024-11-30 15:58:32.426 +01:00 [INF] Executed action photogram.Controllers.HomeController.Friends (photogram) in 0.3475ms
2024-11-30 15:58:32.426 +01:00 [INF] Executed endpoint 'photogram.Controllers.HomeController.Friends (photogram)'
2024-11-30 15:58:32.427 +01:00 [INF] Request finished HTTP/1.1 GET http://localhost:5001/Home/Friends - 302 0 null 40.988ms
2024-11-30 15:58:32.436 +01:00 [INF] Request starting HTTP/1.1 GET http://localhost:5001/Post/Friends - null null
2024-11-30 15:58:32.437 +01:00 [WRN] Error unprotecting the session cookie.
System.Security.Cryptography.CryptographicException: The payload was invalid. For more information go to https://aka.ms/aspnet/dataprotectionwarning
   at Microsoft.AspNetCore.DataProtection.Managed.ManagedAuthenticatedEncryptor.Decrypt(ArraySegment`1 protectedPayload, ArraySegment`1 additionalAuthenticatedData)
   at Microsoft.AspNetCore.DataProtection.KeyManagement.KeyRingBasedDataProtector.UnprotectCore(Byte[] protectedData, Boolean allowOperationsOnRevokedKeys, UnprotectStatus& status)
   at Microsoft.AspNetCore.DataProtection.KeyManagement.KeyRingBasedDataProtector.Unprotect(Byte[] protectedData)
   at Microsoft.AspNetCore.Session.CookieProtection.Unprotect(IDataProtector protector, String protectedText, ILogger logger)
2024-11-30 15:58:32.438 +01:00 [INF] Executing endpoint 'photogram.Controllers.PostController.Friends (photogram)'
2024-11-30 15:58:32.438 +01:00 [INF] Route matched with {action = "Friends", controller = "Post", page = "", area = ""}. Executing controller action with signature System.Threading.Tasks.Task`1[Microsoft.AspNetCore.Mvc.IActionResult] Friends() on controller photogram.Controllers.PostController (photogram).
2024-11-30 15:58:32.454 +01:00 [INF] Executing ViewResult, running view Friends.
2024-11-30 15:58:32.456 +01:00 [INF] Executed ViewResult - view Friends executed in 2.4837ms.
2024-11-30 15:58:32.456 +01:00 [INF] Executed action photogram.Controllers.PostController.Friends (photogram) in 17.9318ms
2024-11-30 15:58:32.456 +01:00 [INF] Executed endpoint 'photogram.Controllers.PostController.Friends (photogram)'
2024-11-30 15:58:32.456 +01:00 [INF] Request finished HTTP/1.1 GET http://localhost:5001/Post/Friends - 200 null text/html; charset=utf-8 20.2831ms
2024-11-30 15:58:35.749 +01:00 [INF] Request starting HTTP/1.1 POST http://localhost:5001/Post/AddFriend - application/x-www-form-urlencoded 261
2024-11-30 15:58:35.750 +01:00 [WRN] Error unprotecting the session cookie.
System.Security.Cryptography.CryptographicException: The payload was invalid. For more information go to https://aka.ms/aspnet/dataprotectionwarning
   at Microsoft.AspNetCore.DataProtection.Managed.ManagedAuthenticatedEncryptor.Decrypt(ArraySegment`1 protectedPayload, ArraySegment`1 additionalAuthenticatedData)
   at Microsoft.AspNetCore.DataProtection.KeyManagement.KeyRingBasedDataProtector.UnprotectCore(Byte[] protectedData, Boolean allowOperationsOnRevokedKeys, UnprotectStatus& status)
   at Microsoft.AspNetCore.DataProtection.KeyManagement.KeyRingBasedDataProtector.Unprotect(Byte[] protectedData)
   at Microsoft.AspNetCore.Session.CookieProtection.Unprotect(IDataProtector protector, String protectedText, ILogger logger)
2024-11-30 15:58:35.752 +01:00 [INF] Executing endpoint 'photogram.Controllers.PostController.AddFriend (photogram)'
2024-11-30 15:58:35.752 +01:00 [INF] Route matched with {action = "AddFriend", controller = "Post", page = "", area = ""}. Executing controller action with signature System.Threading.Tasks.Task`1[Microsoft.AspNetCore.Mvc.IActionResult] AddFriend(System.String) on controller photogram.Controllers.PostController (photogram).
2024-11-30 15:58:35.776 +01:00 [INF] Executing RedirectResult, redirecting to /Post/Friends.
2024-11-30 15:58:35.776 +01:00 [INF] Executed action photogram.Controllers.PostController.AddFriend (photogram) in 23.89ms
2024-11-30 15:58:35.776 +01:00 [INF] Executed endpoint 'photogram.Controllers.PostController.AddFriend (photogram)'
2024-11-30 15:58:35.776 +01:00 [INF] Request finished HTTP/1.1 POST http://localhost:5001/Post/AddFriend - 302 0 null 27.6071ms
2024-11-30 15:58:35.787 +01:00 [INF] Request starting HTTP/1.1 GET http://localhost:5001/Post/Friends - null null
2024-11-30 15:58:35.788 +01:00 [WRN] Error unprotecting the session cookie.
System.Security.Cryptography.CryptographicException: The payload was invalid. For more information go to https://aka.ms/aspnet/dataprotectionwarning
   at Microsoft.AspNetCore.DataProtection.Managed.ManagedAuthenticatedEncryptor.Decrypt(ArraySegment`1 protectedPayload, ArraySegment`1 additionalAuthenticatedData)
   at Microsoft.AspNetCore.DataProtection.KeyManagement.KeyRingBasedDataProtector.UnprotectCore(Byte[] protectedData, Boolean allowOperationsOnRevokedKeys, UnprotectStatus& status)
   at Microsoft.AspNetCore.DataProtection.KeyManagement.KeyRingBasedDataProtector.Unprotect(Byte[] protectedData)
   at Microsoft.AspNetCore.Session.CookieProtection.Unprotect(IDataProtector protector, String protectedText, ILogger logger)
2024-11-30 15:58:35.789 +01:00 [INF] Executing endpoint 'photogram.Controllers.PostController.Friends (photogram)'
2024-11-30 15:58:35.789 +01:00 [INF] Route matched with {action = "Friends", controller = "Post", page = "", area = ""}. Executing controller action with signature System.Threading.Tasks.Task`1[Microsoft.AspNetCore.Mvc.IActionResult] Friends() on controller photogram.Controllers.PostController (photogram).
2024-11-30 15:58:35.794 +01:00 [INF] Executing ViewResult, running view Friends.
2024-11-30 15:58:35.805 +01:00 [INF] Executed ViewResult - view Friends executed in 11.0484ms.
2024-11-30 15:58:35.806 +01:00 [INF] Executed action photogram.Controllers.PostController.Friends (photogram) in 16.5104ms
2024-11-30 15:58:35.806 +01:00 [INF] Executed endpoint 'photogram.Controllers.PostController.Friends (photogram)'
2024-11-30 15:58:35.807 +01:00 [INF] Request finished HTTP/1.1 GET http://localhost:5001/Post/Friends - 200 null text/html; charset=utf-8 20.0893ms
2024-11-30 15:58:36.629 +01:00 [INF] Request starting HTTP/1.1 POST http://localhost:5001/Post/AddFriend - application/x-www-form-urlencoded 254
2024-11-30 15:58:36.630 +01:00 [WRN] Error unprotecting the session cookie.
System.Security.Cryptography.CryptographicException: The payload was invalid. For more information go to https://aka.ms/aspnet/dataprotectionwarning
   at Microsoft.AspNetCore.DataProtection.Managed.ManagedAuthenticatedEncryptor.Decrypt(ArraySegment`1 protectedPayload, ArraySegment`1 additionalAuthenticatedData)
   at Microsoft.AspNetCore.DataProtection.KeyManagement.KeyRingBasedDataProtector.UnprotectCore(Byte[] protectedData, Boolean allowOperationsOnRevokedKeys, UnprotectStatus& status)
   at Microsoft.AspNetCore.DataProtection.KeyManagement.KeyRingBasedDataProtector.Unprotect(Byte[] protectedData)
   at Microsoft.AspNetCore.Session.CookieProtection.Unprotect(IDataProtector protector, String protectedText, ILogger logger)
2024-11-30 15:58:36.636 +01:00 [INF] Executing endpoint 'photogram.Controllers.PostController.AddFriend (photogram)'
2024-11-30 15:58:36.636 +01:00 [INF] Route matched with {action = "AddFriend", controller = "Post", page = "", area = ""}. Executing controller action with signature System.Threading.Tasks.Task`1[Microsoft.AspNetCore.Mvc.IActionResult] AddFriend(System.String) on controller photogram.Controllers.PostController (photogram).
2024-11-30 15:58:36.656 +01:00 [INF] Executing RedirectResult, redirecting to /Post/Friends.
2024-11-30 15:58:36.656 +01:00 [INF] Executed action photogram.Controllers.PostController.AddFriend (photogram) in 19.5529ms
2024-11-30 15:58:36.656 +01:00 [INF] Executed endpoint 'photogram.Controllers.PostController.AddFriend (photogram)'
2024-11-30 15:58:36.656 +01:00 [INF] Request finished HTTP/1.1 POST http://localhost:5001/Post/AddFriend - 302 0 null 27.1336ms
2024-11-30 15:58:36.677 +01:00 [INF] Request starting HTTP/1.1 GET http://localhost:5001/Post/Friends - null null
2024-11-30 15:58:36.678 +01:00 [WRN] Error unprotecting the session cookie.
System.Security.Cryptography.CryptographicException: The payload was invalid. For more information go to https://aka.ms/aspnet/dataprotectionwarning
   at Microsoft.AspNetCore.DataProtection.Managed.ManagedAuthenticatedEncryptor.Decrypt(ArraySegment`1 protectedPayload, ArraySegment`1 additionalAuthenticatedData)
   at Microsoft.AspNetCore.DataProtection.KeyManagement.KeyRingBasedDataProtector.UnprotectCore(Byte[] protectedData, Boolean allowOperationsOnRevokedKeys, UnprotectStatus& status)
   at Microsoft.AspNetCore.DataProtection.KeyManagement.KeyRingBasedDataProtector.Unprotect(Byte[] protectedData)
   at Microsoft.AspNetCore.Session.CookieProtection.Unprotect(IDataProtector protector, String protectedText, ILogger logger)
2024-11-30 15:58:36.679 +01:00 [INF] Executing endpoint 'photogram.Controllers.PostController.Friends (photogram)'
2024-11-30 15:58:36.680 +01:00 [INF] Route matched with {action = "Friends", controller = "Post", page = "", area = ""}. Executing controller action with signature System.Threading.Tasks.Task`1[Microsoft.AspNetCore.Mvc.IActionResult] Friends() on controller photogram.Controllers.PostController (photogram).
2024-11-30 15:58:36.685 +01:00 [INF] Executing ViewResult, running view Friends.
2024-11-30 15:58:36.688 +01:00 [INF] Executed ViewResult - view Friends executed in 2.9801ms.
2024-11-30 15:58:36.688 +01:00 [INF] Executed action photogram.Controllers.PostController.Friends (photogram) in 7.1843ms
2024-11-30 15:58:36.688 +01:00 [INF] Executed endpoint 'photogram.Controllers.PostController.Friends (photogram)'
2024-11-30 15:58:36.688 +01:00 [INF] Request finished HTTP/1.1 GET http://localhost:5001/Post/Friends - 200 null text/html; charset=utf-8 10.6572ms
2024-11-30 15:58:38.811 +01:00 [INF] Request starting HTTP/1.1 GET http://localhost:5001/Home/Friends - null null
2024-11-30 15:58:38.812 +01:00 [WRN] Error unprotecting the session cookie.
System.Security.Cryptography.CryptographicException: The payload was invalid. For more information go to https://aka.ms/aspnet/dataprotectionwarning
   at Microsoft.AspNetCore.DataProtection.Managed.ManagedAuthenticatedEncryptor.Decrypt(ArraySegment`1 protectedPayload, ArraySegment`1 additionalAuthenticatedData)
   at Microsoft.AspNetCore.DataProtection.KeyManagement.KeyRingBasedDataProtector.UnprotectCore(Byte[] protectedData, Boolean allowOperationsOnRevokedKeys, UnprotectStatus& status)
   at Microsoft.AspNetCore.DataProtection.KeyManagement.KeyRingBasedDataProtector.Unprotect(Byte[] protectedData)
   at Microsoft.AspNetCore.Session.CookieProtection.Unprotect(IDataProtector protector, String protectedText, ILogger logger)
2024-11-30 15:58:38.815 +01:00 [INF] Executing endpoint 'photogram.Controllers.HomeController.Friends (photogram)'
2024-11-30 15:58:38.815 +01:00 [INF] Route matched with {action = "Friends", controller = "Home", page = "", area = ""}. Executing controller action with signature Microsoft.AspNetCore.Mvc.IActionResult Friends() on controller photogram.Controllers.HomeController (photogram).
2024-11-30 15:58:38.816 +01:00 [INF] Executing RedirectResult, redirecting to /Post/Friends.
2024-11-30 15:58:38.816 +01:00 [INF] Executed action photogram.Controllers.HomeController.Friends (photogram) in 0.5721ms
2024-11-30 15:58:38.816 +01:00 [INF] Executed endpoint 'photogram.Controllers.HomeController.Friends (photogram)'
2024-11-30 15:58:38.816 +01:00 [INF] Request finished HTTP/1.1 GET http://localhost:5001/Home/Friends - 302 0 null 4.9321ms
2024-11-30 15:58:38.824 +01:00 [INF] Request starting HTTP/1.1 GET http://localhost:5001/Post/Friends - null null
2024-11-30 15:58:38.825 +01:00 [WRN] Error unprotecting the session cookie.
System.Security.Cryptography.CryptographicException: The payload was invalid. For more information go to https://aka.ms/aspnet/dataprotectionwarning
   at Microsoft.AspNetCore.DataProtection.Managed.ManagedAuthenticatedEncryptor.Decrypt(ArraySegment`1 protectedPayload, ArraySegment`1 additionalAuthenticatedData)
   at Microsoft.AspNetCore.DataProtection.KeyManagement.KeyRingBasedDataProtector.UnprotectCore(Byte[] protectedData, Boolean allowOperationsOnRevokedKeys, UnprotectStatus& status)
   at Microsoft.AspNetCore.DataProtection.KeyManagement.KeyRingBasedDataProtector.Unprotect(Byte[] protectedData)
   at Microsoft.AspNetCore.Session.CookieProtection.Unprotect(IDataProtector protector, String protectedText, ILogger logger)
2024-11-30 15:58:38.827 +01:00 [INF] Executing endpoint 'photogram.Controllers.PostController.Friends (photogram)'
2024-11-30 15:58:38.827 +01:00 [INF] Route matched with {action = "Friends", controller = "Post", page = "", area = ""}. Executing controller action with signature System.Threading.Tasks.Task`1[Microsoft.AspNetCore.Mvc.IActionResult] Friends() on controller photogram.Controllers.PostController (photogram).
2024-11-30 15:58:38.835 +01:00 [INF] Executing ViewResult, running view Friends.
2024-11-30 15:58:38.836 +01:00 [INF] Executed ViewResult - view Friends executed in 1.1164ms.
2024-11-30 15:58:38.836 +01:00 [INF] Executed action photogram.Controllers.PostController.Friends (photogram) in 8.8057ms
2024-11-30 15:58:38.836 +01:00 [INF] Executed endpoint 'photogram.Controllers.PostController.Friends (photogram)'
2024-11-30 15:58:38.837 +01:00 [INF] Request finished HTTP/1.1 GET http://localhost:5001/Post/Friends - 200 null text/html; charset=utf-8 12.9708ms
2024-11-30 15:58:39.894 +01:00 [INF] Request starting HTTP/1.1 GET http://localhost:5001/Post/CreatePost - null null
2024-11-30 15:58:39.895 +01:00 [WRN] Error unprotecting the session cookie.
System.Security.Cryptography.CryptographicException: The payload was invalid. For more information go to https://aka.ms/aspnet/dataprotectionwarning
   at Microsoft.AspNetCore.DataProtection.Managed.ManagedAuthenticatedEncryptor.Decrypt(ArraySegment`1 protectedPayload, ArraySegment`1 additionalAuthenticatedData)
   at Microsoft.AspNetCore.DataProtection.KeyManagement.KeyRingBasedDataProtector.UnprotectCore(Byte[] protectedData, Boolean allowOperationsOnRevokedKeys, UnprotectStatus& status)
   at Microsoft.AspNetCore.DataProtection.KeyManagement.KeyRingBasedDataProtector.Unprotect(Byte[] protectedData)
   at Microsoft.AspNetCore.Session.CookieProtection.Unprotect(IDataProtector protector, String protectedText, ILogger logger)
2024-11-30 15:58:39.899 +01:00 [INF] Executing endpoint 'photogram.Controllers.PostController.CreatePost (photogram)'
2024-11-30 15:58:39.899 +01:00 [INF] Route matched with {action = "CreatePost", controller = "Post", page = "", area = ""}. Executing controller action with signature Microsoft.AspNetCore.Mvc.IActionResult CreatePost() on controller photogram.Controllers.PostController (photogram).
2024-11-30 15:58:39.899 +01:00 [INF] Executing ViewResult, running view CreatePost.
2024-11-30 15:58:39.910 +01:00 [INF] Executed ViewResult - view CreatePost executed in 11.0886ms.
2024-11-30 15:58:39.910 +01:00 [INF] Executed action photogram.Controllers.PostController.CreatePost (photogram) in 11.3032ms
2024-11-30 15:58:39.910 +01:00 [INF] Executed endpoint 'photogram.Controllers.PostController.CreatePost (photogram)'
2024-11-30 15:58:39.911 +01:00 [INF] Request finished HTTP/1.1 GET http://localhost:5001/Post/CreatePost - 200 null text/html; charset=utf-8 17.9844ms
2024-11-30 15:58:41.257 +01:00 [INF] Request starting HTTP/1.1 GET http://localhost:5001/Post/MyPosts - null null
2024-11-30 15:58:41.257 +01:00 [WRN] Error unprotecting the session cookie.
System.Security.Cryptography.CryptographicException: The payload was invalid. For more information go to https://aka.ms/aspnet/dataprotectionwarning
   at Microsoft.AspNetCore.DataProtection.Managed.ManagedAuthenticatedEncryptor.Decrypt(ArraySegment`1 protectedPayload, ArraySegment`1 additionalAuthenticatedData)
   at Microsoft.AspNetCore.DataProtection.KeyManagement.KeyRingBasedDataProtector.UnprotectCore(Byte[] protectedData, Boolean allowOperationsOnRevokedKeys, UnprotectStatus& status)
   at Microsoft.AspNetCore.DataProtection.KeyManagement.KeyRingBasedDataProtector.Unprotect(Byte[] protectedData)
   at Microsoft.AspNetCore.Session.CookieProtection.Unprotect(IDataProtector protector, String protectedText, ILogger logger)
2024-11-30 15:58:41.268 +01:00 [INF] Executing endpoint 'photogram.Controllers.PostController.MyPosts (photogram)'
2024-11-30 15:58:41.268 +01:00 [INF] Route matched with {action = "MyPosts", controller = "Post", page = "", area = ""}. Executing controller action with signature System.Threading.Tasks.Task`1[Microsoft.AspNetCore.Mvc.IActionResult] MyPosts(System.Nullable`1[System.Int32]) on controller photogram.Controllers.PostController (photogram).
2024-11-30 15:58:41.271 +01:00 [INF] Executing ViewResult, running view MyPosts.
2024-11-30 15:58:41.273 +01:00 [INF] Executed ViewResult - view MyPosts executed in 2.2646ms.
2024-11-30 15:58:41.273 +01:00 [INF] Executed action photogram.Controllers.PostController.MyPosts (photogram) in 4.8236ms
2024-11-30 15:58:41.273 +01:00 [INF] Executed endpoint 'photogram.Controllers.PostController.MyPosts (photogram)'
2024-11-30 15:58:41.274 +01:00 [INF] Request finished HTTP/1.1 GET http://localhost:5001/Post/MyPosts - 200 null text/html; charset=utf-8 16.8784ms
2024-11-30 15:58:41.373 +01:00 [INF] Request starting HTTP/1.1 GET http://localhost:5001/uploads/f3185d25-5b64-42f3-9086-207feb10373f_bill.jpg - null null
2024-11-30 15:58:41.374 +01:00 [INF] The file /uploads/f3185d25-5b64-42f3-9086-207feb10373f_bill.jpg was not modified
2024-11-30 15:58:41.374 +01:00 [INF] Request finished HTTP/1.1 GET http://localhost:5001/uploads/f3185d25-5b64-42f3-9086-207feb10373f_bill.jpg - 304 null image/jpeg 0.7579ms
