2024-11-30 02:45:39.826 +01:00 [INF] User profile is available. Using '/Users/yasminali/.aspnet/DataProtection-Keys' as key repository; keys will not be encrypted at rest.
2024-11-30 02:45:40.123 +01:00 [INF] Now listening on: http://localhost:5001
2024-11-30 02:45:40.133 +01:00 [INF] Application started. Press Ctrl+C to shut down.
2024-11-30 02:45:40.139 +01:00 [INF] Hosting environment: Development
2024-11-30 02:45:40.140 +01:00 [INF] Content root path: /Users/yasminali/Downloads/photogram 7
2024-11-30 02:45:49.857 +01:00 [INF] Request starting HTTP/1.1 GET http://localhost:5001/ - null null
2024-11-30 02:45:49.879 +01:00 [WRN] Failed to determine the https port for redirect.
2024-11-30 02:45:49.904 +01:00 [WRN] Error unprotecting the session cookie.
System.Security.Cryptography.CryptographicException: The payload was invalid. For more information go to https://aka.ms/aspnet/dataprotectionwarning
   at Microsoft.AspNetCore.DataProtection.Managed.ManagedAuthenticatedEncryptor.Decrypt(ArraySegment`1 protectedPayload, ArraySegment`1 additionalAuthenticatedData)
   at Microsoft.AspNetCore.DataProtection.KeyManagement.KeyRingBasedDataProtector.UnprotectCore(Byte[] protectedData, Boolean allowOperationsOnRevokedKeys, UnprotectStatus& status)
   at Microsoft.AspNetCore.DataProtection.KeyManagement.KeyRingBasedDataProtector.Unprotect(Byte[] protectedData)
   at Microsoft.AspNetCore.Session.CookieProtection.Unprotect(IDataProtector protector, String protectedText, ILogger logger)
2024-11-30 02:45:50.657 +01:00 [INF] Executing endpoint 'photogram.Controllers.HomeController.Index (photogram)'
2024-11-30 02:45:50.682 +01:00 [INF] Route matched with {action = "Index", controller = "Home", page = "", area = ""}. Executing controller action with signature Microsoft.AspNetCore.Mvc.IActionResult Index() on controller photogram.Controllers.HomeController (photogram).
2024-11-30 02:45:50.706 +01:00 [INF] Executing ViewResult, running view Index.
2024-11-30 02:45:50.947 +01:00 [INF] Executed ViewResult - view Index executed in 241.9106ms.
2024-11-30 02:45:50.951 +01:00 [INF] Executed action photogram.Controllers.HomeController.Index (photogram) in 266.6918ms
2024-11-30 02:45:50.972 +01:00 [INF] Executed endpoint 'photogram.Controllers.HomeController.Index (photogram)'
2024-11-30 02:45:51.087 +01:00 [INF] Request finished HTTP/1.1 GET http://localhost:5001/ - 200 null text/html; charset=utf-8 1231.9686ms
2024-11-30 02:45:51.092 +01:00 [INF] Request starting HTTP/1.1 GET http://localhost:5001/css/layout.css - null null
2024-11-30 02:45:51.121 +01:00 [INF] The file /css/layout.css was not modified
2024-11-30 02:45:51.123 +01:00 [INF] Request finished HTTP/1.1 GET http://localhost:5001/css/layout.css - 304 null text/css 30.7044ms
2024-11-30 02:45:55.953 +01:00 [INF] Request starting HTTP/1.1 GET http://localhost:5001/Home/Feed - null null
2024-11-30 02:45:55.958 +01:00 [WRN] Error unprotecting the session cookie.
System.Security.Cryptography.CryptographicException: The payload was invalid. For more information go to https://aka.ms/aspnet/dataprotectionwarning
   at Microsoft.AspNetCore.DataProtection.Managed.ManagedAuthenticatedEncryptor.Decrypt(ArraySegment`1 protectedPayload, ArraySegment`1 additionalAuthenticatedData)
   at Microsoft.AspNetCore.DataProtection.KeyManagement.KeyRingBasedDataProtector.UnprotectCore(Byte[] protectedData, Boolean allowOperationsOnRevokedKeys, UnprotectStatus& status)
   at Microsoft.AspNetCore.DataProtection.KeyManagement.KeyRingBasedDataProtector.Unprotect(Byte[] protectedData)
   at Microsoft.AspNetCore.Session.CookieProtection.Unprotect(IDataProtector protector, String protectedText, ILogger logger)
2024-11-30 02:45:55.986 +01:00 [INF] Executing endpoint 'photogram.Controllers.HomeController.Feed (photogram)'
2024-11-30 02:45:55.998 +01:00 [INF] Route matched with {action = "Feed", controller = "Home", page = "", area = ""}. Executing controller action with signature Microsoft.AspNetCore.Mvc.IActionResult Feed() on controller photogram.Controllers.HomeController (photogram).
2024-11-30 02:45:56.001 +01:00 [INF] Executing RedirectResult, redirecting to /Post/Feed.
2024-11-30 02:45:56.001 +01:00 [INF] Executed action photogram.Controllers.HomeController.Feed (photogram) in 3.0932ms
2024-11-30 02:45:56.002 +01:00 [INF] Executed endpoint 'photogram.Controllers.HomeController.Feed (photogram)'
2024-11-30 02:45:56.002 +01:00 [INF] Request finished HTTP/1.1 GET http://localhost:5001/Home/Feed - 302 0 null 49.1877ms
2024-11-30 02:45:56.009 +01:00 [INF] Request starting HTTP/1.1 GET http://localhost:5001/Post/Feed - null null
2024-11-30 02:45:56.010 +01:00 [WRN] Error unprotecting the session cookie.
System.Security.Cryptography.CryptographicException: The payload was invalid. For more information go to https://aka.ms/aspnet/dataprotectionwarning
   at Microsoft.AspNetCore.DataProtection.Managed.ManagedAuthenticatedEncryptor.Decrypt(ArraySegment`1 protectedPayload, ArraySegment`1 additionalAuthenticatedData)
   at Microsoft.AspNetCore.DataProtection.KeyManagement.KeyRingBasedDataProtector.UnprotectCore(Byte[] protectedData, Boolean allowOperationsOnRevokedKeys, UnprotectStatus& status)
   at Microsoft.AspNetCore.DataProtection.KeyManagement.KeyRingBasedDataProtector.Unprotect(Byte[] protectedData)
   at Microsoft.AspNetCore.Session.CookieProtection.Unprotect(IDataProtector protector, String protectedText, ILogger logger)
2024-11-30 02:45:56.049 +01:00 [INF] Executing endpoint 'photogram.Controllers.PostController.Feed (photogram)'
2024-11-30 02:45:56.070 +01:00 [INF] Route matched with {action = "Feed", controller = "Post", page = "", area = ""}. Executing controller action with signature System.Threading.Tasks.Task`1[Microsoft.AspNetCore.Mvc.IActionResult] Feed(System.Nullable`1[System.Int32], System.Nullable`1[System.Int32]) on controller photogram.Controllers.PostController (photogram).
2024-11-30 02:45:56.252 +01:00 [INF] Executing ViewResult, running view Feed.
2024-11-30 02:45:56.436 +01:00 [INF] Executed ViewResult - view Feed executed in 185.2003ms.
2024-11-30 02:45:56.436 +01:00 [INF] Executed action photogram.Controllers.PostController.Feed (photogram) in 365.3989ms
2024-11-30 02:45:56.436 +01:00 [INF] Executed endpoint 'photogram.Controllers.PostController.Feed (photogram)'
2024-11-30 02:45:56.438 +01:00 [INF] Request finished HTTP/1.1 GET http://localhost:5001/Post/Feed - 200 null text/html; charset=utf-8 429.7892ms
2024-11-30 02:45:56.598 +01:00 [INF] Request starting HTTP/1.1 GET http://localhost:5001/images/recipes.jpg - null null
2024-11-30 02:45:56.599 +01:00 [INF] Request starting HTTP/1.1 GET http://localhost:5001/images/norway.jpg - null null
2024-11-30 02:45:56.599 +01:00 [INF] Request starting HTTP/1.1 GET http://localhost:5001/images/sunset.jpg - null null
2024-11-30 02:45:56.599 +01:00 [INF] Request starting HTTP/1.1 GET http://localhost:5001/images/conference.jpg - null null
2024-11-30 02:45:56.600 +01:00 [INF] Request starting HTTP/1.1 GET http://localhost:5001/uploads/150c5aae-9839-45c1-a058-cec277bcafda_tacos.jpg - null null
2024-11-30 02:45:56.601 +01:00 [WRN] Error unprotecting the session cookie.
System.Security.Cryptography.CryptographicException: The payload was invalid. For more information go to https://aka.ms/aspnet/dataprotectionwarning
   at Microsoft.AspNetCore.DataProtection.Managed.ManagedAuthenticatedEncryptor.Decrypt(ArraySegment`1 protectedPayload, ArraySegment`1 additionalAuthenticatedData)
   at Microsoft.AspNetCore.DataProtection.KeyManagement.KeyRingBasedDataProtector.UnprotectCore(Byte[] protectedData, Boolean allowOperationsOnRevokedKeys, UnprotectStatus& status)
   at Microsoft.AspNetCore.DataProtection.KeyManagement.KeyRingBasedDataProtector.Unprotect(Byte[] protectedData)
   at Microsoft.AspNetCore.Session.CookieProtection.Unprotect(IDataProtector protector, String protectedText, ILogger logger)
2024-11-30 02:45:56.601 +01:00 [WRN] Error unprotecting the session cookie.
System.Security.Cryptography.CryptographicException: The payload was invalid. For more information go to https://aka.ms/aspnet/dataprotectionwarning
   at Microsoft.AspNetCore.DataProtection.Managed.ManagedAuthenticatedEncryptor.Decrypt(ArraySegment`1 protectedPayload, ArraySegment`1 additionalAuthenticatedData)
   at Microsoft.AspNetCore.DataProtection.KeyManagement.KeyRingBasedDataProtector.UnprotectCore(Byte[] protectedData, Boolean allowOperationsOnRevokedKeys, UnprotectStatus& status)
   at Microsoft.AspNetCore.DataProtection.KeyManagement.KeyRingBasedDataProtector.Unprotect(Byte[] protectedData)
   at Microsoft.AspNetCore.Session.CookieProtection.Unprotect(IDataProtector protector, String protectedText, ILogger logger)
2024-11-30 02:45:56.601 +01:00 [INF] The file /uploads/150c5aae-9839-45c1-a058-cec277bcafda_tacos.jpg was not modified
2024-11-30 02:45:56.602 +01:00 [INF] Request finished HTTP/1.1 GET http://localhost:5001/uploads/150c5aae-9839-45c1-a058-cec277bcafda_tacos.jpg - 304 null image/jpeg 1.4253ms
2024-11-30 02:45:56.602 +01:00 [WRN] Error unprotecting the session cookie.
System.Security.Cryptography.CryptographicException: The payload was invalid. For more information go to https://aka.ms/aspnet/dataprotectionwarning
   at Microsoft.AspNetCore.DataProtection.Managed.ManagedAuthenticatedEncryptor.Decrypt(ArraySegment`1 protectedPayload, ArraySegment`1 additionalAuthenticatedData)
   at Microsoft.AspNetCore.DataProtection.KeyManagement.KeyRingBasedDataProtector.UnprotectCore(Byte[] protectedData, Boolean allowOperationsOnRevokedKeys, UnprotectStatus& status)
   at Microsoft.AspNetCore.DataProtection.KeyManagement.KeyRingBasedDataProtector.Unprotect(Byte[] protectedData)
   at Microsoft.AspNetCore.Session.CookieProtection.Unprotect(IDataProtector protector, String protectedText, ILogger logger)
2024-11-30 02:45:56.602 +01:00 [WRN] Error unprotecting the session cookie.
System.Security.Cryptography.CryptographicException: The payload was invalid. For more information go to https://aka.ms/aspnet/dataprotectionwarning
   at Microsoft.AspNetCore.DataProtection.Managed.ManagedAuthenticatedEncryptor.Decrypt(ArraySegment`1 protectedPayload, ArraySegment`1 additionalAuthenticatedData)
   at Microsoft.AspNetCore.DataProtection.KeyManagement.KeyRingBasedDataProtector.UnprotectCore(Byte[] protectedData, Boolean allowOperationsOnRevokedKeys, UnprotectStatus& status)
   at Microsoft.AspNetCore.DataProtection.KeyManagement.KeyRingBasedDataProtector.Unprotect(Byte[] protectedData)
   at Microsoft.AspNetCore.Session.CookieProtection.Unprotect(IDataProtector protector, String protectedText, ILogger logger)
2024-11-30 02:45:56.616 +01:00 [INF] Request finished HTTP/1.1 GET http://localhost:5001/images/conference.jpg - 404 0 null 16.9545ms
2024-11-30 02:45:56.617 +01:00 [INF] Request finished HTTP/1.1 GET http://localhost:5001/images/norway.jpg - 404 0 null 18.0576ms
2024-11-30 02:45:56.617 +01:00 [INF] Request reached the end of the middleware pipeline without being handled by application code. Request path: GET http://localhost:5001/images/conference.jpg, Response status code: 404
2024-11-30 02:45:56.633 +01:00 [INF] Request finished HTTP/1.1 GET http://localhost:5001/images/sunset.jpg - 404 0 null 20.489ms
2024-11-30 02:45:56.636 +01:00 [INF] Request finished HTTP/1.1 GET http://localhost:5001/images/recipes.jpg - 404 0 null 34.8111ms
2024-11-30 02:45:56.645 +01:00 [INF] Request reached the end of the middleware pipeline without being handled by application code. Request path: GET http://localhost:5001/images/sunset.jpg, Response status code: 404
2024-11-30 02:45:56.636 +01:00 [INF] Request reached the end of the middleware pipeline without being handled by application code. Request path: GET http://localhost:5001/images/recipes.jpg, Response status code: 404
2024-11-30 02:45:56.636 +01:00 [INF] Request reached the end of the middleware pipeline without being handled by application code. Request path: GET http://localhost:5001/images/norway.jpg, Response status code: 404
2024-11-30 02:47:10.370 +01:00 [INF] Request starting HTTP/1.1 GET http://localhost:5001/Post/MyPosts - null null
2024-11-30 02:47:10.372 +01:00 [WRN] Error unprotecting the session cookie.
System.Security.Cryptography.CryptographicException: The payload was invalid. For more information go to https://aka.ms/aspnet/dataprotectionwarning
   at Microsoft.AspNetCore.DataProtection.Managed.ManagedAuthenticatedEncryptor.Decrypt(ArraySegment`1 protectedPayload, ArraySegment`1 additionalAuthenticatedData)
   at Microsoft.AspNetCore.DataProtection.KeyManagement.KeyRingBasedDataProtector.UnprotectCore(Byte[] protectedData, Boolean allowOperationsOnRevokedKeys, UnprotectStatus& status)
   at Microsoft.AspNetCore.DataProtection.KeyManagement.KeyRingBasedDataProtector.Unprotect(Byte[] protectedData)
   at Microsoft.AspNetCore.Session.CookieProtection.Unprotect(IDataProtector protector, String protectedText, ILogger logger)
2024-11-30 02:47:10.392 +01:00 [INF] Executing endpoint 'photogram.Controllers.PostController.MyPosts (photogram)'
2024-11-30 02:47:10.404 +01:00 [INF] Route matched with {action = "MyPosts", controller = "Post", page = "", area = ""}. Executing controller action with signature System.Threading.Tasks.Task`1[Microsoft.AspNetCore.Mvc.IActionResult] MyPosts(System.Nullable`1[System.Int32]) on controller photogram.Controllers.PostController (photogram).
2024-11-30 02:47:10.483 +01:00 [INF] Executing ViewResult, running view MyPosts.
2024-11-30 02:47:10.492 +01:00 [INF] Executed ViewResult - view MyPosts executed in 11.1571ms.
2024-11-30 02:47:10.493 +01:00 [INF] Executed action photogram.Controllers.PostController.MyPosts (photogram) in 88.1048ms
2024-11-30 02:47:10.493 +01:00 [INF] Executed endpoint 'photogram.Controllers.PostController.MyPosts (photogram)'
2024-11-30 02:47:10.493 +01:00 [INF] Request finished HTTP/1.1 GET http://localhost:5001/Post/MyPosts - 200 null text/html; charset=utf-8 122.741ms
2024-11-30 02:47:11.815 +01:00 [INF] Request starting HTTP/1.1 GET http://localhost:5001/Home/Feed - null null
2024-11-30 02:47:11.816 +01:00 [WRN] Error unprotecting the session cookie.
System.Security.Cryptography.CryptographicException: The payload was invalid. For more information go to https://aka.ms/aspnet/dataprotectionwarning
   at Microsoft.AspNetCore.DataProtection.Managed.ManagedAuthenticatedEncryptor.Decrypt(ArraySegment`1 protectedPayload, ArraySegment`1 additionalAuthenticatedData)
   at Microsoft.AspNetCore.DataProtection.KeyManagement.KeyRingBasedDataProtector.UnprotectCore(Byte[] protectedData, Boolean allowOperationsOnRevokedKeys, UnprotectStatus& status)
   at Microsoft.AspNetCore.DataProtection.KeyManagement.KeyRingBasedDataProtector.Unprotect(Byte[] protectedData)
   at Microsoft.AspNetCore.Session.CookieProtection.Unprotect(IDataProtector protector, String protectedText, ILogger logger)
2024-11-30 02:47:11.823 +01:00 [INF] Executing endpoint 'photogram.Controllers.HomeController.Feed (photogram)'
2024-11-30 02:47:11.824 +01:00 [INF] Route matched with {action = "Feed", controller = "Home", page = "", area = ""}. Executing controller action with signature Microsoft.AspNetCore.Mvc.IActionResult Feed() on controller photogram.Controllers.HomeController (photogram).
2024-11-30 02:47:11.824 +01:00 [INF] Executing RedirectResult, redirecting to /Post/Feed.
2024-11-30 02:47:11.825 +01:00 [INF] Executed action photogram.Controllers.HomeController.Feed (photogram) in 0.4384ms
2024-11-30 02:47:11.825 +01:00 [INF] Executed endpoint 'photogram.Controllers.HomeController.Feed (photogram)'
2024-11-30 02:47:11.825 +01:00 [INF] Request finished HTTP/1.1 GET http://localhost:5001/Home/Feed - 302 0 null 9.5691ms
2024-11-30 02:47:11.833 +01:00 [INF] Request starting HTTP/1.1 GET http://localhost:5001/Post/Feed - null null
2024-11-30 02:47:11.835 +01:00 [WRN] Error unprotecting the session cookie.
System.Security.Cryptography.CryptographicException: The payload was invalid. For more information go to https://aka.ms/aspnet/dataprotectionwarning
   at Microsoft.AspNetCore.DataProtection.Managed.ManagedAuthenticatedEncryptor.Decrypt(ArraySegment`1 protectedPayload, ArraySegment`1 additionalAuthenticatedData)
   at Microsoft.AspNetCore.DataProtection.KeyManagement.KeyRingBasedDataProtector.UnprotectCore(Byte[] protectedData, Boolean allowOperationsOnRevokedKeys, UnprotectStatus& status)
   at Microsoft.AspNetCore.DataProtection.KeyManagement.KeyRingBasedDataProtector.Unprotect(Byte[] protectedData)
   at Microsoft.AspNetCore.Session.CookieProtection.Unprotect(IDataProtector protector, String protectedText, ILogger logger)
2024-11-30 02:47:11.836 +01:00 [INF] Executing endpoint 'photogram.Controllers.PostController.Feed (photogram)'
2024-11-30 02:47:11.836 +01:00 [INF] Route matched with {action = "Feed", controller = "Post", page = "", area = ""}. Executing controller action with signature System.Threading.Tasks.Task`1[Microsoft.AspNetCore.Mvc.IActionResult] Feed(System.Nullable`1[System.Int32], System.Nullable`1[System.Int32]) on controller photogram.Controllers.PostController (photogram).
2024-11-30 02:47:11.840 +01:00 [INF] Executing ViewResult, running view Feed.
2024-11-30 02:47:11.860 +01:00 [INF] Executed ViewResult - view Feed executed in 20.9608ms.
2024-11-30 02:47:11.861 +01:00 [INF] Executed action photogram.Controllers.PostController.Feed (photogram) in 24.4757ms
2024-11-30 02:47:11.861 +01:00 [INF] Executed endpoint 'photogram.Controllers.PostController.Feed (photogram)'
2024-11-30 02:47:11.927 +01:00 [INF] Request finished HTTP/1.1 GET http://localhost:5001/Post/Feed - 200 null text/html; charset=utf-8 93.0628ms
2024-11-30 02:47:11.945 +01:00 [INF] Request starting HTTP/1.1 GET http://localhost:5001/images/recipes.jpg - null null
2024-11-30 02:47:11.948 +01:00 [WRN] Error unprotecting the session cookie.
System.Security.Cryptography.CryptographicException: The payload was invalid. For more information go to https://aka.ms/aspnet/dataprotectionwarning
   at Microsoft.AspNetCore.DataProtection.Managed.ManagedAuthenticatedEncryptor.Decrypt(ArraySegment`1 protectedPayload, ArraySegment`1 additionalAuthenticatedData)
   at Microsoft.AspNetCore.DataProtection.KeyManagement.KeyRingBasedDataProtector.UnprotectCore(Byte[] protectedData, Boolean allowOperationsOnRevokedKeys, UnprotectStatus& status)
   at Microsoft.AspNetCore.DataProtection.KeyManagement.KeyRingBasedDataProtector.Unprotect(Byte[] protectedData)
   at Microsoft.AspNetCore.Session.CookieProtection.Unprotect(IDataProtector protector, String protectedText, ILogger logger)
2024-11-30 02:47:11.954 +01:00 [INF] Request finished HTTP/1.1 GET http://localhost:5001/images/recipes.jpg - 404 0 null 8.1561ms
2024-11-30 02:47:11.954 +01:00 [INF] Request starting HTTP/1.1 GET http://localhost:5001/images/conference.jpg - null null
2024-11-30 02:47:11.955 +01:00 [INF] Request reached the end of the middleware pipeline without being handled by application code. Request path: GET http://localhost:5001/images/recipes.jpg, Response status code: 404
2024-11-30 02:47:11.955 +01:00 [INF] Request starting HTTP/1.1 GET http://localhost:5001/images/norway.jpg - null null
2024-11-30 02:47:11.957 +01:00 [INF] Request starting HTTP/1.1 GET http://localhost:5001/images/sunset.jpg - null null
2024-11-30 02:47:11.957 +01:00 [WRN] Error unprotecting the session cookie.
System.Security.Cryptography.CryptographicException: The payload was invalid. For more information go to https://aka.ms/aspnet/dataprotectionwarning
   at Microsoft.AspNetCore.DataProtection.Managed.ManagedAuthenticatedEncryptor.Decrypt(ArraySegment`1 protectedPayload, ArraySegment`1 additionalAuthenticatedData)
   at Microsoft.AspNetCore.DataProtection.KeyManagement.KeyRingBasedDataProtector.UnprotectCore(Byte[] protectedData, Boolean allowOperationsOnRevokedKeys, UnprotectStatus& status)
   at Microsoft.AspNetCore.DataProtection.KeyManagement.KeyRingBasedDataProtector.Unprotect(Byte[] protectedData)
   at Microsoft.AspNetCore.Session.CookieProtection.Unprotect(IDataProtector protector, String protectedText, ILogger logger)
2024-11-30 02:47:11.958 +01:00 [WRN] Error unprotecting the session cookie.
System.Security.Cryptography.CryptographicException: The payload was invalid. For more information go to https://aka.ms/aspnet/dataprotectionwarning
   at Microsoft.AspNetCore.DataProtection.Managed.ManagedAuthenticatedEncryptor.Decrypt(ArraySegment`1 protectedPayload, ArraySegment`1 additionalAuthenticatedData)
   at Microsoft.AspNetCore.DataProtection.KeyManagement.KeyRingBasedDataProtector.UnprotectCore(Byte[] protectedData, Boolean allowOperationsOnRevokedKeys, UnprotectStatus& status)
   at Microsoft.AspNetCore.DataProtection.KeyManagement.KeyRingBasedDataProtector.Unprotect(Byte[] protectedData)
   at Microsoft.AspNetCore.Session.CookieProtection.Unprotect(IDataProtector protector, String protectedText, ILogger logger)
2024-11-30 02:47:11.959 +01:00 [WRN] Error unprotecting the session cookie.
System.Security.Cryptography.CryptographicException: The payload was invalid. For more information go to https://aka.ms/aspnet/dataprotectionwarning
   at Microsoft.AspNetCore.DataProtection.Managed.ManagedAuthenticatedEncryptor.Decrypt(ArraySegment`1 protectedPayload, ArraySegment`1 additionalAuthenticatedData)
   at Microsoft.AspNetCore.DataProtection.KeyManagement.KeyRingBasedDataProtector.UnprotectCore(Byte[] protectedData, Boolean allowOperationsOnRevokedKeys, UnprotectStatus& status)
   at Microsoft.AspNetCore.DataProtection.KeyManagement.KeyRingBasedDataProtector.Unprotect(Byte[] protectedData)
   at Microsoft.AspNetCore.Session.CookieProtection.Unprotect(IDataProtector protector, String protectedText, ILogger logger)
2024-11-30 02:47:11.960 +01:00 [INF] Request finished HTTP/1.1 GET http://localhost:5001/images/conference.jpg - 404 0 null 5.9248ms
2024-11-30 02:47:11.960 +01:00 [INF] Request finished HTTP/1.1 GET http://localhost:5001/images/norway.jpg - 404 0 null 4.641ms
2024-11-30 02:47:11.960 +01:00 [INF] Request reached the end of the middleware pipeline without being handled by application code. Request path: GET http://localhost:5001/images/norway.jpg, Response status code: 404
2024-11-30 02:47:11.960 +01:00 [INF] Request reached the end of the middleware pipeline without being handled by application code. Request path: GET http://localhost:5001/images/conference.jpg, Response status code: 404
2024-11-30 02:47:11.960 +01:00 [INF] Request finished HTTP/1.1 GET http://localhost:5001/images/sunset.jpg - 404 0 null 3.1335ms
2024-11-30 02:47:11.960 +01:00 [INF] Request reached the end of the middleware pipeline without being handled by application code. Request path: GET http://localhost:5001/images/sunset.jpg, Response status code: 404
2024-11-30 02:56:49.437 +01:00 [INF] Application is shutting down...
