2024-11-30 13:12:58.284 +01:00 [INF] User profile is available. Using '/Users/yasminali/.aspnet/DataProtection-Keys' as key repository; keys will not be encrypted at rest.
2024-11-30 13:12:59.244 +01:00 [INF] Now listening on: http://localhost:5001
2024-11-30 13:12:59.277 +01:00 [INF] Application started. Press Ctrl+C to shut down.
2024-11-30 13:12:59.281 +01:00 [INF] Hosting environment: Development
2024-11-30 13:12:59.282 +01:00 [INF] Content root path: /Users/yasminali/Downloads/photogram 7
2024-11-30 13:13:04.979 +01:00 [INF] Request starting HTTP/1.1 GET http://localhost:5001/ - null null
2024-11-30 13:13:05.067 +01:00 [WRN] Failed to determine the https port for redirect.
2024-11-30 13:13:05.311 +01:00 [WRN] Error unprotecting the session cookie.
System.Security.Cryptography.CryptographicException: The payload was invalid. For more information go to https://aka.ms/aspnet/dataprotectionwarning
   at Microsoft.AspNetCore.DataProtection.Managed.ManagedAuthenticatedEncryptor.Decrypt(ArraySegment`1 protectedPayload, ArraySegment`1 additionalAuthenticatedData)
   at Microsoft.AspNetCore.DataProtection.KeyManagement.KeyRingBasedDataProtector.UnprotectCore(Byte[] protectedData, Boolean allowOperationsOnRevokedKeys, UnprotectStatus& status)
   at Microsoft.AspNetCore.DataProtection.KeyManagement.KeyRingBasedDataProtector.Unprotect(Byte[] protectedData)
   at Microsoft.AspNetCore.Session.CookieProtection.Unprotect(IDataProtector protector, String protectedText, ILogger logger)
2024-11-30 13:13:05.734 +01:00 [INF] Executing endpoint 'photogram.Controllers.HomeController.Index (photogram)'
2024-11-30 13:13:05.786 +01:00 [INF] Route matched with {action = "Index", controller = "Home", page = "", area = ""}. Executing controller action with signature Microsoft.AspNetCore.Mvc.IActionResult Index() on controller photogram.Controllers.HomeController (photogram).
2024-11-30 13:13:05.841 +01:00 [INF] Executing ViewResult, running view Index.
2024-11-30 13:13:06.206 +01:00 [INF] Request starting HTTP/1.1 GET http://localhost:5001/css/layout.css - null null
2024-11-30 13:13:06.231 +01:00 [INF] The file /css/layout.css was not modified
2024-11-30 13:13:06.236 +01:00 [INF] Request finished HTTP/1.1 GET http://localhost:5001/css/layout.css - 304 null text/css 26.6475ms
2024-11-30 13:13:06.424 +01:00 [INF] Executed ViewResult - view Index executed in 318.9148ms.
2024-11-30 13:13:06.431 +01:00 [INF] Executed action photogram.Controllers.HomeController.Index (photogram) in 642.1537ms
2024-11-30 13:13:06.432 +01:00 [INF] Executed endpoint 'photogram.Controllers.HomeController.Index (photogram)'
2024-11-30 13:13:06.617 +01:00 [INF] Request finished HTTP/1.1 GET http://localhost:5001/ - 200 null text/html; charset=utf-8 1680.2067ms
2024-11-30 13:15:10.835 +01:00 [INF] Application is shutting down...
