2024-11-28 19:14:50.754 +01:00 [INF] User profile is available. Using '/Users/kadijayasminbulale/.aspnet/DataProtection-Keys' as key repository; keys will not be encrypted at rest.
2024-11-28 19:14:51.057 +01:00 [INF] Now listening on: https://localhost:7162
2024-11-28 19:14:51.058 +01:00 [INF] Now listening on: http://localhost:5000
2024-11-28 19:14:51.062 +01:00 [INF] Application started. Press Ctrl+C to shut down.
2024-11-28 19:14:51.063 +01:00 [INF] Hosting environment: Development
2024-11-28 19:14:51.064 +01:00 [INF] Content root path: /Users/kadijayasminbulale/Downloads/photogram 2
2024-11-28 19:14:52.069 +01:00 [INF] Request starting HTTP/2 GET https://localhost:7162/ - null null
2024-11-28 19:14:52.086 +01:00 [INF] Executing endpoint 'photogram.Controllers.HomeController.Index (photogram)'
2024-11-28 19:14:52.093 +01:00 [INF] Route matched with {action = "Index", controller = "Home"}. Executing controller action with signature Microsoft.AspNetCore.Mvc.IActionResult Index() on controller photogram.Controllers.HomeController (photogram).
2024-11-28 19:14:52.098 +01:00 [INF] Executing ViewResult, running view Index.
2024-11-28 19:14:52.127 +01:00 [INF] Accessing expired session, Key:a4f56e15-ea08-68c8-7a7a-ea649e256234
2024-11-28 19:14:52.132 +01:00 [INF] Executed ViewResult - view Index executed in 34.6283ms.
2024-11-28 19:14:52.133 +01:00 [INF] Executed action photogram.Controllers.HomeController.Index (photogram) in 40.4438ms
2024-11-28 19:14:52.133 +01:00 [INF] Executed endpoint 'photogram.Controllers.HomeController.Index (photogram)'
2024-11-28 19:14:52.136 +01:00 [INF] Request finished HTTP/2 GET https://localhost:7162/ - 200 null text/html; charset=utf-8 67.9042ms
2024-11-28 19:14:53.781 +01:00 [INF] Request starting HTTP/2 GET https://localhost:7162/User/Login - null null
2024-11-28 19:14:53.788 +01:00 [INF] Executing endpoint 'photogram.Controllers.UserController.Login (photogram)'
2024-11-28 19:14:53.790 +01:00 [INF] Route matched with {action = "Login", controller = "User"}. Executing controller action with signature Microsoft.AspNetCore.Mvc.IActionResult Login() on controller photogram.Controllers.UserController (photogram).
2024-11-28 19:14:53.819 +01:00 [INF] Executing ViewResult, running view Login.
2024-11-28 19:14:53.841 +01:00 [INF] Accessing expired session, Key:a4f56e15-ea08-68c8-7a7a-ea649e256234
2024-11-28 19:14:53.845 +01:00 [INF] Executed ViewResult - view Login executed in 26.685ms.
2024-11-28 19:14:53.845 +01:00 [INF] Executed action photogram.Controllers.UserController.Login (photogram) in 54.1396ms
2024-11-28 19:14:53.845 +01:00 [INF] Executed endpoint 'photogram.Controllers.UserController.Login (photogram)'
2024-11-28 19:14:53.846 +01:00 [INF] Request finished HTTP/2 GET https://localhost:7162/User/Login - 200 null text/html; charset=utf-8 65.6672ms
2024-11-28 19:15:10.518 +01:00 [INF] Request starting HTTP/2 POST https://localhost:7162/User/Login - application/x-www-form-urlencoded 221
2024-11-28 19:15:10.525 +01:00 [INF] Executing endpoint 'photogram.Controllers.UserController.Login (photogram)'
2024-11-28 19:15:10.542 +01:00 [INF] Route matched with {action = "Login", controller = "User"}. Executing controller action with signature Microsoft.AspNetCore.Mvc.IActionResult Login(photogram.ViewModels.LoginViewModel) on controller photogram.Controllers.UserController (photogram).
2024-11-28 19:15:10.592 +01:00 [INF] Attempting to login
2024-11-28 19:15:10.701 +01:00 [INF] Accessing expired session, Key:a4f56e15-ea08-68c8-7a7a-ea649e256234
2024-11-28 19:15:10.703 +01:00 [INF] Executing RedirectResult, redirecting to /.
2024-11-28 19:15:10.705 +01:00 [INF] Executed action photogram.Controllers.UserController.Login (photogram) in 163.6707ms
2024-11-28 19:15:10.706 +01:00 [INF] Executed endpoint 'photogram.Controllers.UserController.Login (photogram)'
2024-11-28 19:15:10.709 +01:00 [INF] Session started; Key:a4f56e15-ea08-68c8-7a7a-ea649e256234, Id:45f2acf0-7ba4-6d5e-2a82-0f73d6e90d5f
2024-11-28 19:15:10.714 +01:00 [INF] Request finished HTTP/2 POST https://localhost:7162/User/Login - 302 0 null 196.0045ms
2024-11-28 19:15:10.811 +01:00 [INF] Request starting HTTP/2 GET https://localhost:7162/ - null null
2024-11-28 19:15:10.812 +01:00 [INF] Executing endpoint 'photogram.Controllers.HomeController.Index (photogram)'
2024-11-28 19:15:10.812 +01:00 [INF] Route matched with {action = "Index", controller = "Home"}. Executing controller action with signature Microsoft.AspNetCore.Mvc.IActionResult Index() on controller photogram.Controllers.HomeController (photogram).
2024-11-28 19:15:10.813 +01:00 [INF] Executing ViewResult, running view Index.
2024-11-28 19:15:10.819 +01:00 [INF] Executed ViewResult - view Index executed in 6.0381ms.
2024-11-28 19:15:10.846 +01:00 [INF] Executed action photogram.Controllers.HomeController.Index (photogram) in 33.8734ms
2024-11-28 19:15:10.846 +01:00 [INF] Executed endpoint 'photogram.Controllers.HomeController.Index (photogram)'
2024-11-28 19:15:10.851 +01:00 [INF] Request finished HTTP/2 GET https://localhost:7162/ - 200 null text/html; charset=utf-8 35.5055ms
2024-11-28 19:15:12.649 +01:00 [INF] Request starting HTTP/2 GET https://localhost:7162/Home/Friends - null null
2024-11-28 19:15:12.650 +01:00 [INF] Executing endpoint 'photogram.Controllers.HomeController.Friends (photogram)'
2024-11-28 19:15:12.652 +01:00 [INF] Route matched with {action = "Friends", controller = "Home"}. Executing controller action with signature Microsoft.AspNetCore.Mvc.IActionResult Friends() on controller photogram.Controllers.HomeController (photogram).
2024-11-28 19:15:12.654 +01:00 [INF] Executing RedirectResult, redirecting to /Post/Friends.
2024-11-28 19:15:12.654 +01:00 [INF] Executed action photogram.Controllers.HomeController.Friends (photogram) in 1.6382ms
2024-11-28 19:15:12.654 +01:00 [INF] Executed endpoint 'photogram.Controllers.HomeController.Friends (photogram)'
2024-11-28 19:15:12.654 +01:00 [INF] Request finished HTTP/2 GET https://localhost:7162/Home/Friends - 302 0 null 4.6937ms
2024-11-28 19:15:12.661 +01:00 [INF] Request starting HTTP/2 GET https://localhost:7162/Post/Friends - null null
2024-11-28 19:15:12.662 +01:00 [INF] Executing endpoint 'photogram.Controllers.PostController.Friends (photogram)'
2024-11-28 19:15:12.667 +01:00 [INF] Route matched with {action = "Friends", controller = "Post"}. Executing controller action with signature System.Threading.Tasks.Task`1[Microsoft.AspNetCore.Mvc.IActionResult] Friends() on controller photogram.Controllers.PostController (photogram).
2024-11-28 19:15:12.713 +01:00 [INF] Executing ViewResult, running view Friends.
2024-11-28 19:15:12.716 +01:00 [ERR] The view 'Friends' was not found. Searched locations: ["/Views/Post/Friends.cshtml","/Views/Shared/Friends.cshtml"]
2024-11-28 19:15:12.719 +01:00 [INF] Executed action photogram.Controllers.PostController.Friends (photogram) in 52.3855ms
2024-11-28 19:15:12.720 +01:00 [INF] Executed endpoint 'photogram.Controllers.PostController.Friends (photogram)'
2024-11-28 19:15:12.739 +01:00 [ERR] An unhandled exception has occurred while executing the request.
System.InvalidOperationException: The view 'Friends' was not found. The following locations were searched:
/Views/Post/Friends.cshtml
/Views/Shared/Friends.cshtml
   at Microsoft.AspNetCore.Mvc.ViewEngines.ViewEngineResult.EnsureSuccessful(IEnumerable`1 originalLocations)
   at Microsoft.AspNetCore.Mvc.ViewFeatures.ViewResultExecutor.ExecuteAsync(ActionContext context, ViewResult result)
   at Microsoft.AspNetCore.Mvc.ViewResult.ExecuteResultAsync(ActionContext context)
   at Microsoft.AspNetCore.Mvc.Infrastructure.ResourceInvoker.<InvokeNextResultFilterAsync>g__Awaited|30_0[TFilter,TFilterAsync](ResourceInvoker invoker, Task lastTask, State next, Scope scope, Object state, Boolean isCompleted)
   at Microsoft.AspNetCore.Mvc.Infrastructure.ResourceInvoker.Rethrow(ResultExecutedContextSealed context)
   at Microsoft.AspNetCore.Mvc.Infrastructure.ResourceInvoker.ResultNext[TFilter,TFilterAsync](State& next, Scope& scope, Object& state, Boolean& isCompleted)
   at Microsoft.AspNetCore.Mvc.Infrastructure.ResourceInvoker.InvokeResultFilters()
--- End of stack trace from previous location ---
   at Microsoft.AspNetCore.Mvc.Infrastructure.ResourceInvoker.<InvokeNextResourceFilter>g__Awaited|25_0(ResourceInvoker invoker, Task lastTask, State next, Scope scope, Object state, Boolean isCompleted)
   at Microsoft.AspNetCore.Mvc.Infrastructure.ResourceInvoker.Rethrow(ResourceExecutedContextSealed context)
   at Microsoft.AspNetCore.Mvc.Infrastructure.ResourceInvoker.Next(State& next, Scope& scope, Object& state, Boolean& isCompleted)
   at Microsoft.AspNetCore.Mvc.Infrastructure.ResourceInvoker.InvokeFilterPipelineAsync()
--- End of stack trace from previous location ---
   at Microsoft.AspNetCore.Mvc.Infrastructure.ResourceInvoker.<InvokeAsync>g__Logged|17_1(ResourceInvoker invoker)
   at Microsoft.AspNetCore.Mvc.Infrastructure.ResourceInvoker.<InvokeAsync>g__Logged|17_1(ResourceInvoker invoker)
   at Microsoft.AspNetCore.Routing.EndpointMiddleware.<Invoke>g__AwaitRequestTask|7_0(Endpoint endpoint, Task requestTask, ILogger logger)
   at Microsoft.AspNetCore.Authorization.AuthorizationMiddleware.Invoke(HttpContext context)
   at Microsoft.AspNetCore.Session.SessionMiddleware.Invoke(HttpContext context)
   at Microsoft.AspNetCore.Session.SessionMiddleware.Invoke(HttpContext context)
   at Microsoft.AspNetCore.Diagnostics.DeveloperExceptionPageMiddlewareImpl.Invoke(HttpContext context)
2024-11-28 19:15:12.777 +01:00 [INF] Request finished HTTP/2 GET https://localhost:7162/Post/Friends - 500 null text/html; charset=utf-8 116.8723ms
2024-11-28 19:16:59.700 +01:00 [INF] Request starting HTTP/2 GET https://localhost:7162/Home/Feed - null null
2024-11-28 19:16:59.710 +01:00 [INF] Executing endpoint 'photogram.Controllers.HomeController.Feed (photogram)'
2024-11-28 19:16:59.719 +01:00 [INF] Route matched with {action = "Feed", controller = "Home"}. Executing controller action with signature Microsoft.AspNetCore.Mvc.IActionResult Feed() on controller photogram.Controllers.HomeController (photogram).
2024-11-28 19:16:59.721 +01:00 [INF] Executing RedirectResult, redirecting to /Post/Feed.
2024-11-28 19:16:59.721 +01:00 [INF] Executed action photogram.Controllers.HomeController.Feed (photogram) in 1.7657ms
2024-11-28 19:16:59.721 +01:00 [INF] Executed endpoint 'photogram.Controllers.HomeController.Feed (photogram)'
2024-11-28 19:16:59.723 +01:00 [INF] Request finished HTTP/2 GET https://localhost:7162/Home/Feed - 302 0 null 23.4856ms
2024-11-28 19:16:59.789 +01:00 [INF] Request starting HTTP/2 GET https://localhost:7162/Post/Feed - null null
2024-11-28 19:16:59.793 +01:00 [INF] Executing endpoint 'photogram.Controllers.PostController.Feed (photogram)'
2024-11-28 19:16:59.802 +01:00 [INF] Route matched with {action = "Feed", controller = "Post"}. Executing controller action with signature System.Threading.Tasks.Task`1[Microsoft.AspNetCore.Mvc.IActionResult] Feed(System.Nullable`1[System.Int32], System.Nullable`1[System.Int32]) on controller photogram.Controllers.PostController (photogram).
2024-11-28 19:16:59.904 +01:00 [INF] Executing ViewResult, running view Feed.
2024-11-28 19:16:59.982 +01:00 [INF] Executed ViewResult - view Feed executed in 78.2346ms.
2024-11-28 19:17:00.009 +01:00 [INF] Request starting HTTP/2 GET https://localhost:7162/uploads/5e421b25-4a07-447b-ab3f-e65c4fe2e3fb_image.jpg - null null
2024-11-28 19:17:00.036 +01:00 [INF] Request starting HTTP/2 GET https://localhost:7162/uploads/d06d63f4-3948-4f86-8739-d0d0177f0318_landscape.jpg - null null
2024-11-28 19:17:00.041 +01:00 [INF] Executed action photogram.Controllers.PostController.Feed (photogram) in 238.8792ms
2024-11-28 19:17:00.041 +01:00 [INF] Executed endpoint 'photogram.Controllers.PostController.Feed (photogram)'
2024-11-28 19:17:00.042 +01:00 [INF] Request finished HTTP/2 GET https://localhost:7162/Post/Feed - 200 null text/html; charset=utf-8 252.8614ms
2024-11-28 19:17:00.047 +01:00 [INF] The file /uploads/5e421b25-4a07-447b-ab3f-e65c4fe2e3fb_image.jpg was not modified
2024-11-28 19:17:00.047 +01:00 [INF] The file /uploads/d06d63f4-3948-4f86-8739-d0d0177f0318_landscape.jpg was not modified
2024-11-28 19:17:00.048 +01:00 [INF] Request finished HTTP/2 GET https://localhost:7162/uploads/5e421b25-4a07-447b-ab3f-e65c4fe2e3fb_image.jpg - 304 null image/jpeg 39.5307ms
2024-11-28 19:17:00.048 +01:00 [INF] Request finished HTTP/2 GET https://localhost:7162/uploads/d06d63f4-3948-4f86-8739-d0d0177f0318_landscape.jpg - 304 null image/jpeg 12.3249ms
2024-11-28 19:17:00.645 +01:00 [INF] Request starting HTTP/2 GET https://localhost:7162/Home/Friends - null null
2024-11-28 19:17:00.645 +01:00 [INF] Executing endpoint 'photogram.Controllers.HomeController.Friends (photogram)'
2024-11-28 19:17:00.645 +01:00 [INF] Route matched with {action = "Friends", controller = "Home"}. Executing controller action with signature Microsoft.AspNetCore.Mvc.IActionResult Friends() on controller photogram.Controllers.HomeController (photogram).
2024-11-28 19:17:00.646 +01:00 [INF] Executing RedirectResult, redirecting to /Post/Friends.
2024-11-28 19:17:00.646 +01:00 [INF] Executed action photogram.Controllers.HomeController.Friends (photogram) in 0.354ms
2024-11-28 19:17:00.646 +01:00 [INF] Executed endpoint 'photogram.Controllers.HomeController.Friends (photogram)'
2024-11-28 19:17:00.646 +01:00 [INF] Request finished HTTP/2 GET https://localhost:7162/Home/Friends - 302 0 null 1.1391ms
2024-11-28 19:17:00.653 +01:00 [INF] Request starting HTTP/2 GET https://localhost:7162/Post/Friends - null null
2024-11-28 19:17:00.653 +01:00 [INF] Executing endpoint 'photogram.Controllers.PostController.Friends (photogram)'
2024-11-28 19:17:00.654 +01:00 [INF] Route matched with {action = "Friends", controller = "Post"}. Executing controller action with signature System.Threading.Tasks.Task`1[Microsoft.AspNetCore.Mvc.IActionResult] Friends() on controller photogram.Controllers.PostController (photogram).
2024-11-28 19:17:00.657 +01:00 [INF] Executing ViewResult, running view Friends.
2024-11-28 19:17:00.658 +01:00 [ERR] The view 'Friends' was not found. Searched locations: ["/Views/Post/Friends.cshtml","/Views/Shared/Friends.cshtml"]
2024-11-28 19:17:00.662 +01:00 [INF] Executed action photogram.Controllers.PostController.Friends (photogram) in 8.1595ms
2024-11-28 19:17:00.662 +01:00 [INF] Executed endpoint 'photogram.Controllers.PostController.Friends (photogram)'
2024-11-28 19:17:00.666 +01:00 [ERR] An unhandled exception has occurred while executing the request.
System.InvalidOperationException: The view 'Friends' was not found. The following locations were searched:
/Views/Post/Friends.cshtml
/Views/Shared/Friends.cshtml
   at Microsoft.AspNetCore.Mvc.ViewEngines.ViewEngineResult.EnsureSuccessful(IEnumerable`1 originalLocations)
   at Microsoft.AspNetCore.Mvc.ViewFeatures.ViewResultExecutor.ExecuteAsync(ActionContext context, ViewResult result)
   at Microsoft.AspNetCore.Mvc.ViewResult.ExecuteResultAsync(ActionContext context)
   at Microsoft.AspNetCore.Mvc.Infrastructure.ResourceInvoker.<InvokeNextResultFilterAsync>g__Awaited|30_0[TFilter,TFilterAsync](ResourceInvoker invoker, Task lastTask, State next, Scope scope, Object state, Boolean isCompleted)
   at Microsoft.AspNetCore.Mvc.Infrastructure.ResourceInvoker.Rethrow(ResultExecutedContextSealed context)
   at Microsoft.AspNetCore.Mvc.Infrastructure.ResourceInvoker.ResultNext[TFilter,TFilterAsync](State& next, Scope& scope, Object& state, Boolean& isCompleted)
   at Microsoft.AspNetCore.Mvc.Infrastructure.ResourceInvoker.InvokeResultFilters()
--- End of stack trace from previous location ---
   at Microsoft.AspNetCore.Mvc.Infrastructure.ResourceInvoker.<InvokeNextResourceFilter>g__Awaited|25_0(ResourceInvoker invoker, Task lastTask, State next, Scope scope, Object state, Boolean isCompleted)
   at Microsoft.AspNetCore.Mvc.Infrastructure.ResourceInvoker.Rethrow(ResourceExecutedContextSealed context)
   at Microsoft.AspNetCore.Mvc.Infrastructure.ResourceInvoker.Next(State& next, Scope& scope, Object& state, Boolean& isCompleted)
   at Microsoft.AspNetCore.Mvc.Infrastructure.ResourceInvoker.InvokeFilterPipelineAsync()
--- End of stack trace from previous location ---
   at Microsoft.AspNetCore.Mvc.Infrastructure.ResourceInvoker.<InvokeAsync>g__Logged|17_1(ResourceInvoker invoker)
   at Microsoft.AspNetCore.Mvc.Infrastructure.ResourceInvoker.<InvokeAsync>g__Logged|17_1(ResourceInvoker invoker)
   at Microsoft.AspNetCore.Routing.EndpointMiddleware.<Invoke>g__AwaitRequestTask|7_0(Endpoint endpoint, Task requestTask, ILogger logger)
   at Microsoft.AspNetCore.Authorization.AuthorizationMiddleware.Invoke(HttpContext context)
   at Microsoft.AspNetCore.Session.SessionMiddleware.Invoke(HttpContext context)
   at Microsoft.AspNetCore.Session.SessionMiddleware.Invoke(HttpContext context)
   at Microsoft.AspNetCore.Diagnostics.DeveloperExceptionPageMiddlewareImpl.Invoke(HttpContext context)
2024-11-28 19:17:00.672 +01:00 [INF] Request finished HTTP/2 GET https://localhost:7162/Post/Friends - 500 null text/html; charset=utf-8 19.222ms
2024-11-28 19:17:02.411 +01:00 [INF] Request starting HTTP/2 GET https://localhost:7162/Post/Feed - null null
2024-11-28 19:17:02.412 +01:00 [INF] Executing endpoint 'photogram.Controllers.PostController.Feed (photogram)'
2024-11-28 19:17:02.412 +01:00 [INF] Route matched with {action = "Feed", controller = "Post"}. Executing controller action with signature System.Threading.Tasks.Task`1[Microsoft.AspNetCore.Mvc.IActionResult] Feed(System.Nullable`1[System.Int32], System.Nullable`1[System.Int32]) on controller photogram.Controllers.PostController (photogram).
2024-11-28 19:17:02.417 +01:00 [INF] Executing ViewResult, running view Feed.
2024-11-28 19:17:02.452 +01:00 [INF] Executed ViewResult - view Feed executed in 34.5666ms.
2024-11-28 19:17:02.453 +01:00 [INF] Executed action photogram.Controllers.PostController.Feed (photogram) in 40.2146ms
2024-11-28 19:17:02.454 +01:00 [INF] Executed endpoint 'photogram.Controllers.PostController.Feed (photogram)'
2024-11-28 19:17:02.456 +01:00 [INF] Request finished HTTP/2 GET https://localhost:7162/Post/Feed - 200 null text/html; charset=utf-8 44.3453ms
2024-11-28 19:17:03.333 +01:00 [INF] Request starting HTTP/2 GET https://localhost:7162/Post/CreatePost - null null
2024-11-28 19:17:03.333 +01:00 [INF] Executing endpoint 'photogram.Controllers.PostController.CreatePost (photogram)'
2024-11-28 19:17:03.335 +01:00 [INF] Route matched with {action = "CreatePost", controller = "Post"}. Executing controller action with signature Microsoft.AspNetCore.Mvc.IActionResult CreatePost() on controller photogram.Controllers.PostController (photogram).
2024-11-28 19:17:03.337 +01:00 [INF] Executing ViewResult, running view CreatePost.
2024-11-28 19:17:03.342 +01:00 [INF] Executed ViewResult - view CreatePost executed in 6.3392ms.
2024-11-28 19:17:03.391 +01:00 [INF] Executed action photogram.Controllers.PostController.CreatePost (photogram) in 55.2077ms
2024-11-28 19:17:03.391 +01:00 [INF] Executed endpoint 'photogram.Controllers.PostController.CreatePost (photogram)'
2024-11-28 19:17:03.391 +01:00 [INF] Request finished HTTP/2 GET https://localhost:7162/Post/CreatePost - 200 null text/html; charset=utf-8 58.8273ms
2024-11-28 19:17:04.095 +01:00 [INF] Request starting HTTP/2 GET https://localhost:7162/Post/MyPosts - null null
2024-11-28 19:17:04.096 +01:00 [INF] Executing endpoint 'photogram.Controllers.PostController.MyPosts (photogram)'
2024-11-28 19:17:04.099 +01:00 [INF] Route matched with {action = "MyPosts", controller = "Post"}. Executing controller action with signature System.Threading.Tasks.Task`1[Microsoft.AspNetCore.Mvc.IActionResult] MyPosts(System.Nullable`1[System.Int32]) on controller photogram.Controllers.PostController (photogram).
2024-11-28 19:17:04.147 +01:00 [INF] Executing ViewResult, running view MyPosts.
2024-11-28 19:17:04.287 +01:00 [INF] Executed ViewResult - view MyPosts executed in 115.1492ms.
2024-11-28 19:17:04.313 +01:00 [INF] Executed action photogram.Controllers.PostController.MyPosts (photogram) in 213.7949ms
2024-11-28 19:17:04.313 +01:00 [INF] Executed endpoint 'photogram.Controllers.PostController.MyPosts (photogram)'
2024-11-28 19:17:04.314 +01:00 [INF] Request finished HTTP/2 GET https://localhost:7162/Post/MyPosts - 200 null text/html; charset=utf-8 218.8148ms
2024-11-28 19:17:04.932 +01:00 [INF] Request starting HTTP/2 GET https://localhost:7162/Home/Friends - null null
2024-11-28 19:17:04.932 +01:00 [INF] Executing endpoint 'photogram.Controllers.HomeController.Friends (photogram)'
2024-11-28 19:17:04.932 +01:00 [INF] Route matched with {action = "Friends", controller = "Home"}. Executing controller action with signature Microsoft.AspNetCore.Mvc.IActionResult Friends() on controller photogram.Controllers.HomeController (photogram).
2024-11-28 19:17:04.933 +01:00 [INF] Executing RedirectResult, redirecting to /Post/Friends.
2024-11-28 19:17:04.933 +01:00 [INF] Executed action photogram.Controllers.HomeController.Friends (photogram) in 0.4635ms
2024-11-28 19:17:04.933 +01:00 [INF] Executed endpoint 'photogram.Controllers.HomeController.Friends (photogram)'
2024-11-28 19:17:04.933 +01:00 [INF] Request finished HTTP/2 GET https://localhost:7162/Home/Friends - 302 0 null 1.3545ms
2024-11-28 19:17:04.940 +01:00 [INF] Request starting HTTP/2 GET https://localhost:7162/Post/Friends - null null
2024-11-28 19:17:04.940 +01:00 [INF] Executing endpoint 'photogram.Controllers.PostController.Friends (photogram)'
2024-11-28 19:17:04.940 +01:00 [INF] Route matched with {action = "Friends", controller = "Post"}. Executing controller action with signature System.Threading.Tasks.Task`1[Microsoft.AspNetCore.Mvc.IActionResult] Friends() on controller photogram.Controllers.PostController (photogram).
2024-11-28 19:17:04.944 +01:00 [INF] Executing ViewResult, running view Friends.
2024-11-28 19:17:04.945 +01:00 [ERR] The view 'Friends' was not found. Searched locations: ["/Views/Post/Friends.cshtml","/Views/Shared/Friends.cshtml"]
2024-11-28 19:17:04.945 +01:00 [INF] Executed action photogram.Controllers.PostController.Friends (photogram) in 4.8438ms
2024-11-28 19:17:04.945 +01:00 [INF] Executed endpoint 'photogram.Controllers.PostController.Friends (photogram)'
2024-11-28 19:17:04.948 +01:00 [ERR] An unhandled exception has occurred while executing the request.
System.InvalidOperationException: The view 'Friends' was not found. The following locations were searched:
/Views/Post/Friends.cshtml
/Views/Shared/Friends.cshtml
   at Microsoft.AspNetCore.Mvc.ViewEngines.ViewEngineResult.EnsureSuccessful(IEnumerable`1 originalLocations)
   at Microsoft.AspNetCore.Mvc.ViewFeatures.ViewResultExecutor.ExecuteAsync(ActionContext context, ViewResult result)
   at Microsoft.AspNetCore.Mvc.ViewResult.ExecuteResultAsync(ActionContext context)
   at Microsoft.AspNetCore.Mvc.Infrastructure.ResourceInvoker.<InvokeNextResultFilterAsync>g__Awaited|30_0[TFilter,TFilterAsync](ResourceInvoker invoker, Task lastTask, State next, Scope scope, Object state, Boolean isCompleted)
   at Microsoft.AspNetCore.Mvc.Infrastructure.ResourceInvoker.Rethrow(ResultExecutedContextSealed context)
   at Microsoft.AspNetCore.Mvc.Infrastructure.ResourceInvoker.ResultNext[TFilter,TFilterAsync](State& next, Scope& scope, Object& state, Boolean& isCompleted)
   at Microsoft.AspNetCore.Mvc.Infrastructure.ResourceInvoker.InvokeResultFilters()
--- End of stack trace from previous location ---
   at Microsoft.AspNetCore.Mvc.Infrastructure.ResourceInvoker.<InvokeNextResourceFilter>g__Awaited|25_0(ResourceInvoker invoker, Task lastTask, State next, Scope scope, Object state, Boolean isCompleted)
   at Microsoft.AspNetCore.Mvc.Infrastructure.ResourceInvoker.Rethrow(ResourceExecutedContextSealed context)
   at Microsoft.AspNetCore.Mvc.Infrastructure.ResourceInvoker.Next(State& next, Scope& scope, Object& state, Boolean& isCompleted)
   at Microsoft.AspNetCore.Mvc.Infrastructure.ResourceInvoker.InvokeFilterPipelineAsync()
--- End of stack trace from previous location ---
   at Microsoft.AspNetCore.Mvc.Infrastructure.ResourceInvoker.<InvokeAsync>g__Logged|17_1(ResourceInvoker invoker)
   at Microsoft.AspNetCore.Mvc.Infrastructure.ResourceInvoker.<InvokeAsync>g__Logged|17_1(ResourceInvoker invoker)
   at Microsoft.AspNetCore.Routing.EndpointMiddleware.<Invoke>g__AwaitRequestTask|7_0(Endpoint endpoint, Task requestTask, ILogger logger)
   at Microsoft.AspNetCore.Authorization.AuthorizationMiddleware.Invoke(HttpContext context)
   at Microsoft.AspNetCore.Session.SessionMiddleware.Invoke(HttpContext context)
   at Microsoft.AspNetCore.Session.SessionMiddleware.Invoke(HttpContext context)
   at Microsoft.AspNetCore.Diagnostics.DeveloperExceptionPageMiddlewareImpl.Invoke(HttpContext context)
2024-11-28 19:17:04.976 +01:00 [INF] Request finished HTTP/2 GET https://localhost:7162/Post/Friends - 500 null text/html; charset=utf-8 36.1866ms
2024-11-28 19:18:21.448 +01:00 [INF] Request starting HTTP/2 GET https://localhost:7162/Post/MyPosts - null null
2024-11-28 19:18:21.451 +01:00 [INF] Executing endpoint 'photogram.Controllers.PostController.MyPosts (photogram)'
2024-11-28 19:18:21.452 +01:00 [INF] Route matched with {action = "MyPosts", controller = "Post"}. Executing controller action with signature System.Threading.Tasks.Task`1[Microsoft.AspNetCore.Mvc.IActionResult] MyPosts(System.Nullable`1[System.Int32]) on controller photogram.Controllers.PostController (photogram).
2024-11-28 19:18:21.472 +01:00 [INF] Executing ViewResult, running view MyPosts.
2024-11-28 19:18:21.627 +01:00 [INF] Executed ViewResult - view MyPosts executed in 129.9874ms.
2024-11-28 19:18:21.650 +01:00 [INF] Executed action photogram.Controllers.PostController.MyPosts (photogram) in 197.2988ms
2024-11-28 19:18:21.675 +01:00 [INF] Executed endpoint 'photogram.Controllers.PostController.MyPosts (photogram)'
2024-11-28 19:18:21.678 +01:00 [INF] Request finished HTTP/2 GET https://localhost:7162/Post/MyPosts - 200 null text/html; charset=utf-8 231.0823ms
2024-11-28 19:18:23.932 +01:00 [INF] Request starting HTTP/2 GET https://localhost:7162/ - null null
2024-11-28 19:18:23.932 +01:00 [INF] Executing endpoint 'photogram.Controllers.HomeController.Index (photogram)'
2024-11-28 19:18:23.933 +01:00 [INF] Route matched with {action = "Index", controller = "Home"}. Executing controller action with signature Microsoft.AspNetCore.Mvc.IActionResult Index() on controller photogram.Controllers.HomeController (photogram).
2024-11-28 19:18:23.933 +01:00 [INF] Executing ViewResult, running view Index.
2024-11-28 19:18:23.935 +01:00 [INF] Executed ViewResult - view Index executed in 1.8023ms.
2024-11-28 19:18:23.964 +01:00 [INF] Executed action photogram.Controllers.HomeController.Index (photogram) in 30.9554ms
2024-11-28 19:18:24.015 +01:00 [INF] Executed endpoint 'photogram.Controllers.HomeController.Index (photogram)'
2024-11-28 19:18:24.018 +01:00 [INF] Request finished HTTP/2 GET https://localhost:7162/ - 200 null text/html; charset=utf-8 107.5895ms
2024-11-28 19:18:33.675 +01:00 [INF] Request starting HTTP/2 GET https://localhost:7162/Post/CreatePost - null null
2024-11-28 19:18:33.680 +01:00 [INF] Executing endpoint 'photogram.Controllers.PostController.CreatePost (photogram)'
2024-11-28 19:18:33.680 +01:00 [INF] Route matched with {action = "CreatePost", controller = "Post"}. Executing controller action with signature Microsoft.AspNetCore.Mvc.IActionResult CreatePost() on controller photogram.Controllers.PostController (photogram).
2024-11-28 19:18:33.685 +01:00 [INF] Executing ViewResult, running view CreatePost.
2024-11-28 19:18:33.735 +01:00 [INF] Executed ViewResult - view CreatePost executed in 50.1795ms.
2024-11-28 19:18:33.736 +01:00 [INF] Executed action photogram.Controllers.PostController.CreatePost (photogram) in 55.0833ms
2024-11-28 19:18:33.736 +01:00 [INF] Executed endpoint 'photogram.Controllers.PostController.CreatePost (photogram)'
2024-11-28 19:18:33.737 +01:00 [INF] Request finished HTTP/2 GET https://localhost:7162/Post/CreatePost - 200 null text/html; charset=utf-8 62.1877ms
2024-11-28 19:18:36.942 +01:00 [INF] Request starting HTTP/2 GET https://localhost:7162/Home/Friends - null null
2024-11-28 19:18:36.943 +01:00 [INF] Executing endpoint 'photogram.Controllers.HomeController.Friends (photogram)'
2024-11-28 19:18:36.943 +01:00 [INF] Route matched with {action = "Friends", controller = "Home"}. Executing controller action with signature Microsoft.AspNetCore.Mvc.IActionResult Friends() on controller photogram.Controllers.HomeController (photogram).
2024-11-28 19:18:36.943 +01:00 [INF] Executing RedirectResult, redirecting to /Post/Friends.
2024-11-28 19:18:36.943 +01:00 [INF] Executed action photogram.Controllers.HomeController.Friends (photogram) in 0.429ms
2024-11-28 19:18:36.943 +01:00 [INF] Executed endpoint 'photogram.Controllers.HomeController.Friends (photogram)'
2024-11-28 19:18:36.944 +01:00 [INF] Request finished HTTP/2 GET https://localhost:7162/Home/Friends - 302 0 null 1.9513ms
2024-11-28 19:18:36.950 +01:00 [INF] Request starting HTTP/2 GET https://localhost:7162/Post/Friends - null null
2024-11-28 19:18:36.950 +01:00 [INF] Executing endpoint 'photogram.Controllers.PostController.Friends (photogram)'
2024-11-28 19:18:36.951 +01:00 [INF] Route matched with {action = "Friends", controller = "Post"}. Executing controller action with signature System.Threading.Tasks.Task`1[Microsoft.AspNetCore.Mvc.IActionResult] Friends() on controller photogram.Controllers.PostController (photogram).
2024-11-28 19:18:36.960 +01:00 [INF] Executing ViewResult, running view Friends.
2024-11-28 19:18:36.961 +01:00 [ERR] The view 'Friends' was not found. Searched locations: ["/Views/Post/Friends.cshtml","/Views/Shared/Friends.cshtml"]
2024-11-28 19:18:36.964 +01:00 [INF] Executed action photogram.Controllers.PostController.Friends (photogram) in 13.6906ms
2024-11-28 19:18:36.965 +01:00 [INF] Executed endpoint 'photogram.Controllers.PostController.Friends (photogram)'
2024-11-28 19:18:36.971 +01:00 [ERR] An unhandled exception has occurred while executing the request.
System.InvalidOperationException: The view 'Friends' was not found. The following locations were searched:
/Views/Post/Friends.cshtml
/Views/Shared/Friends.cshtml
   at Microsoft.AspNetCore.Mvc.ViewEngines.ViewEngineResult.EnsureSuccessful(IEnumerable`1 originalLocations)
   at Microsoft.AspNetCore.Mvc.ViewFeatures.ViewResultExecutor.ExecuteAsync(ActionContext context, ViewResult result)
   at Microsoft.AspNetCore.Mvc.ViewResult.ExecuteResultAsync(ActionContext context)
   at Microsoft.AspNetCore.Mvc.Infrastructure.ResourceInvoker.<InvokeNextResultFilterAsync>g__Awaited|30_0[TFilter,TFilterAsync](ResourceInvoker invoker, Task lastTask, State next, Scope scope, Object state, Boolean isCompleted)
   at Microsoft.AspNetCore.Mvc.Infrastructure.ResourceInvoker.Rethrow(ResultExecutedContextSealed context)
   at Microsoft.AspNetCore.Mvc.Infrastructure.ResourceInvoker.ResultNext[TFilter,TFilterAsync](State& next, Scope& scope, Object& state, Boolean& isCompleted)
   at Microsoft.AspNetCore.Mvc.Infrastructure.ResourceInvoker.InvokeResultFilters()
--- End of stack trace from previous location ---
   at Microsoft.AspNetCore.Mvc.Infrastructure.ResourceInvoker.<InvokeNextResourceFilter>g__Awaited|25_0(ResourceInvoker invoker, Task lastTask, State next, Scope scope, Object state, Boolean isCompleted)
   at Microsoft.AspNetCore.Mvc.Infrastructure.ResourceInvoker.Rethrow(ResourceExecutedContextSealed context)
   at Microsoft.AspNetCore.Mvc.Infrastructure.ResourceInvoker.Next(State& next, Scope& scope, Object& state, Boolean& isCompleted)
   at Microsoft.AspNetCore.Mvc.Infrastructure.ResourceInvoker.InvokeFilterPipelineAsync()
--- End of stack trace from previous location ---
   at Microsoft.AspNetCore.Mvc.Infrastructure.ResourceInvoker.<InvokeAsync>g__Logged|17_1(ResourceInvoker invoker)
   at Microsoft.AspNetCore.Mvc.Infrastructure.ResourceInvoker.<InvokeAsync>g__Logged|17_1(ResourceInvoker invoker)
   at Microsoft.AspNetCore.Routing.EndpointMiddleware.<Invoke>g__AwaitRequestTask|7_0(Endpoint endpoint, Task requestTask, ILogger logger)
   at Microsoft.AspNetCore.Authorization.AuthorizationMiddleware.Invoke(HttpContext context)
   at Microsoft.AspNetCore.Session.SessionMiddleware.Invoke(HttpContext context)
   at Microsoft.AspNetCore.Session.SessionMiddleware.Invoke(HttpContext context)
   at Microsoft.AspNetCore.Diagnostics.DeveloperExceptionPageMiddlewareImpl.Invoke(HttpContext context)
2024-11-28 19:18:37.026 +01:00 [INF] Request finished HTTP/2 GET https://localhost:7162/Post/Friends - 500 null text/html; charset=utf-8 75.8568ms
